2024-07-31 12:53:43,631 - INFO - Seed: 1
2024-07-31 12:53:43,631 - INFO - Initializing game
2024-07-31 12:53:43,632 - INFO - Game initialized
2024-07-31 12:53:43,638 - INFO - [93mStarting NMCS with level=2[0m
2024-07-31 12:53:44,742 - INFO - [32mNMCS: COMPLETED LEVEL 1 // TOTAL MOVES: 69 // TIME: 1.10s // SIGNATURE: 0012725832[0m
2024-07-31 12:53:45,748 - INFO - [32mNMCS: COMPLETED LEVEL 1 // TOTAL MOVES: 74 // TIME: 1.00s // SIGNATURE: 0013183590[0m
2024-07-31 12:53:46,838 - INFO - [32mNMCS: COMPLETED LEVEL 1 // TOTAL MOVES: 71 // TIME: 1.09s // SIGNATURE: 0012274809[0m
2024-07-31 12:53:47,897 - INFO - [32mNMCS: COMPLETED LEVEL 1 // TOTAL MOVES: 73 // TIME: 1.06s // SIGNATURE: 0013008634[0m
2024-07-31 12:53:48,946 - INFO - [32mNMCS: COMPLETED LEVEL 1 // TOTAL MOVES: 74 // TIME: 1.05s // SIGNATURE: 0012742251[0m
2024-07-31 12:53:50,173 - INFO - [32mNMCS: COMPLETED LEVEL 1 // TOTAL MOVES: 70 // TIME: 1.23s // SIGNATURE: 0011856199[0m
2024-07-31 12:53:51,360 - INFO - [32mNMCS: COMPLETED LEVEL 1 // TOTAL MOVES: 71 // TIME: 1.19s // SIGNATURE: 0012698589[0m
2024-07-31 12:53:52,456 - INFO - [32mNMCS: COMPLETED LEVEL 1 // TOTAL MOVES: 71 // TIME: 1.10s // SIGNATURE: 0012719509[0m
2024-07-31 12:53:53,536 - INFO - [32mNMCS: COMPLETED LEVEL 1 // TOTAL MOVES: 70 // TIME: 1.08s // SIGNATURE: 0012091379[0m
2024-07-31 12:53:54,672 - INFO - [32mNMCS: COMPLETED LEVEL 1 // TOTAL MOVES: 73 // TIME: 1.13s // SIGNATURE: 0012773421[0m
2024-07-31 12:53:55,833 - INFO - [32mNMCS: COMPLETED LEVEL 1 // TOTAL MOVES: 73 // TIME: 1.16s // SIGNATURE: 0012807609[0m
2024-07-31 12:53:56,876 - INFO - [32mNMCS: COMPLETED LEVEL 1 // TOTAL MOVES: 68 // TIME: 1.04s // SIGNATURE: 0011987776[0m
2024-07-31 12:53:58,086 - INFO - [32mNMCS: COMPLETED LEVEL 1 // TOTAL MOVES: 68 // TIME: 1.21s // SIGNATURE: 0012501544[0m
2024-07-31 12:53:59,277 - INFO - [32mNMCS: COMPLETED LEVEL 1 // TOTAL MOVES: 73 // TIME: 1.19s // SIGNATURE: 0012815608[0m
2024-07-31 12:54:00,454 - INFO - [32mNMCS: COMPLETED LEVEL 1 // TOTAL MOVES: 75 // TIME: 1.18s // SIGNATURE: 0012347998[0m
2024-07-31 12:54:01,734 - INFO - [32mNMCS: COMPLETED LEVEL 1 // TOTAL MOVES: 74 // TIME: 1.28s // SIGNATURE: 0013529867[0m
2024-07-31 12:54:02,828 - INFO - [32mNMCS: COMPLETED LEVEL 1 // TOTAL MOVES: 71 // TIME: 1.09s // SIGNATURE: 0012086284[0m
2024-07-31 12:54:04,045 - INFO - [32mNMCS: COMPLETED LEVEL 1 // TOTAL MOVES: 75 // TIME: 1.22s // SIGNATURE: 0012843431[0m
2024-07-31 12:54:05,190 - INFO - [32mNMCS: COMPLETED LEVEL 1 // TOTAL MOVES: 72 // TIME: 1.14s // SIGNATURE: 0012949862[0m
2024-07-31 12:54:06,210 - INFO - [32mNMCS: COMPLETED LEVEL 1 // TOTAL MOVES: 69 // TIME: 1.02s // SIGNATURE: 0011707260[0m
2024-07-31 12:54:07,236 - INFO - [32mNMCS: COMPLETED LEVEL 1 // TOTAL MOVES: 73 // TIME: 1.03s // SIGNATURE: 0013377896[0m
2024-07-31 12:54:08,390 - INFO - [32mNMCS: COMPLETED LEVEL 1 // TOTAL MOVES: 72 // TIME: 1.15s // SIGNATURE: 0012789186[0m
2024-07-31 12:54:09,497 - INFO - [32mNMCS: COMPLETED LEVEL 1 // TOTAL MOVES: 75 // TIME: 1.11s // SIGNATURE: 0013382404[0m
2024-07-31 12:54:10,610 - INFO - [32mNMCS: COMPLETED LEVEL 1 // TOTAL MOVES: 71 // TIME: 1.11s // SIGNATURE: 0012523907[0m
2024-07-31 12:54:11,755 - INFO - [32mNMCS: COMPLETED LEVEL 1 // TOTAL MOVES: 74 // TIME: 1.14s // SIGNATURE: 0013043824[0m
2024-07-31 12:54:12,835 - INFO - [32mNMCS: COMPLETED LEVEL 1 // TOTAL MOVES: 70 // TIME: 1.08s // SIGNATURE: 0012994575[0m
2024-07-31 12:54:13,835 - INFO - [32mNMCS: COMPLETED LEVEL 1 // TOTAL MOVES: 71 // TIME: 1.00s // SIGNATURE: 0013114262[0m
2024-07-31 12:54:14,878 - INFO - [32mNMCS: COMPLETED LEVEL 1 // TOTAL MOVES: 74 // TIME: 1.04s // SIGNATURE: 0012767316[0m
2024-07-31 12:54:14,879 - INFO - [32mNMCS: COMPLETED LEVEL 2 // TOTAL MOVES: 75 // TIME: 31.24s // SIGNATURE: 0012347998[0m
2024-07-31 12:54:14,879 - INFO - Displaying game
2024-07-31 12:54:14,881 - INFO - Game displayed
2024-07-31 12:54:14,882 - INFO - Results saved to ./logs/nrpa_2.csv
2024-07-31 12:54:14,885 - INFO - 
+------+-------+-------+-----------+--------------------+------------------------+--------------------+
| Seed | Level | Moves | Signature |      Time (s)      | Time per iteration (s) | Time per move (s)  |
+------+-------+-------+-----------+--------------------+------------------------+--------------------+
|  1   |   2   |   75  |  12347998 | 31.240758180618286 |          N/A           | 0.4165434424082438 |
+------+-------+-------+-----------+--------------------+------------------------+--------------------+
2024-07-31 12:59:00,859 - INFO - Seed: 1
2024-07-31 12:59:00,859 - INFO - Initializing game
2024-07-31 12:59:00,860 - INFO - Game initialized
2024-07-31 12:59:00,865 - INFO - [93mStarting NMCS with level=2[0m
2024-07-31 12:59:02,895 - INFO - Displaying game
2024-07-31 12:59:02,897 - INFO - Game displayed
2024-07-31 12:59:02,898 - INFO - Results saved to ./logs/nrpa_2.csv
2024-07-31 12:59:02,902 - INFO - 
+------+-------+-------+-----------+-------------------+------------------------+---------------------+
| Seed | Level | Moves | Signature |      Time (s)     | Time per iteration (s) |  Time per move (s)  |
+------+-------+-------+-----------+-------------------+------------------------+---------------------+
|  1   |   2   |   76  |  13300718 | 2.030259132385254 |          N/A           | 0.02671393595243755 |
+------+-------+-------+-----------+-------------------+------------------------+---------------------+
2024-07-31 12:59:22,059 - INFO - Seed: 1
2024-07-31 12:59:22,059 - INFO - Initializing game
2024-07-31 12:59:22,060 - INFO - Game initialized
2024-07-31 12:59:22,065 - INFO - [93mStarting NMCS with level=2[0m
2024-07-31 12:59:32,089 - INFO - Displaying game
2024-07-31 12:59:32,094 - INFO - Game displayed
2024-07-31 12:59:32,096 - INFO - Results saved to ./logs/nrpa_2.csv
2024-07-31 12:59:32,099 - INFO - 
+------+-------+-------+-----------+--------------------+------------------------+--------------------+
| Seed | Level | Moves | Signature |      Time (s)      | Time per iteration (s) | Time per move (s)  |
+------+-------+-------+-----------+--------------------+------------------------+--------------------+
|  1   |   2   |   81  |  14761560 | 10.024405002593994 |          N/A           | 0.1237580864517777 |
+------+-------+-------+-----------+--------------------+------------------------+--------------------+
2024-07-31 13:02:14,694 - INFO - Seed: 1
2024-07-31 13:02:14,694 - INFO - Initializing game
2024-07-31 13:02:14,695 - INFO - Game initialized
2024-07-31 13:02:14,701 - INFO - [93mStarting NMCS with level=2[0m
2024-07-31 13:02:24,747 - INFO - Displaying game
2024-07-31 13:02:24,749 - INFO - Game displayed
2024-07-31 13:02:24,750 - INFO - Results saved to ./logs/nrpa_2.csv
2024-07-31 13:02:24,755 - INFO - 
+------+-------+-------+-----------+-------------------+------------------------+---------------------+
| Seed | Level | Moves | Signature |      Time (s)     | Time per iteration (s) |  Time per move (s)  |
+------+-------+-------+-----------+-------------------+------------------------+---------------------+
|  1   |   2   |   81  |  14326385 | 10.04601788520813 |          N/A           | 0.12402491216306333 |
+------+-------+-------+-----------+-------------------+------------------------+---------------------+
2024-07-31 13:05:54,924 - INFO - Seed: 1
2024-07-31 13:05:54,924 - INFO - Initializing game
2024-07-31 13:05:54,925 - INFO - Game initialized
2024-07-31 13:05:54,930 - INFO - [93mStarting NMCS with level=2[0m
2024-07-31 13:06:04,961 - INFO - Displaying game
2024-07-31 13:06:04,963 - INFO - Game displayed
2024-07-31 13:06:04,966 - INFO - Results saved to ./logs/nrpa_2.csv
2024-07-31 13:06:04,970 - INFO - 
+------+-------+-------+-----------+-------------------+------------------------+--------------------+
| Seed | Level | Moves | Signature |      Time (s)     | Time per iteration (s) | Time per move (s)  |
+------+-------+-------+-----------+-------------------+------------------------+--------------------+
|  1   |   2   |   76  |  13073390 | 10.03075885772705 |          N/A           | 0.1319836691806191 |
+------+-------+-------+-----------+-------------------+------------------------+--------------------+
2024-07-31 13:06:36,960 - INFO - Seed: 1
2024-07-31 13:06:36,961 - INFO - Initializing game
2024-07-31 13:06:36,961 - INFO - Game initialized
2024-07-31 13:06:36,966 - INFO - [93mStarting NMCS with level=2[0m
2024-07-31 13:06:37,977 - INFO - [32mNMCS: COMPLETED LEVEL 1 // TOTAL MOVES: 70 // TIME: 1.01s // SIGNATURE: 0012005618[0m
2024-07-31 13:06:38,927 - INFO - [32mNMCS: COMPLETED LEVEL 1 // TOTAL MOVES: 71 // TIME: 0.95s // SIGNATURE: 0011929924[0m
2024-07-31 13:06:39,953 - INFO - [32mNMCS: COMPLETED LEVEL 1 // TOTAL MOVES: 72 // TIME: 1.03s // SIGNATURE: 0012927533[0m
2024-07-31 13:06:41,033 - INFO - [32mNMCS: COMPLETED LEVEL 1 // TOTAL MOVES: 71 // TIME: 1.08s // SIGNATURE: 0012750698[0m
2024-07-31 13:06:42,119 - INFO - [32mNMCS: COMPLETED LEVEL 1 // TOTAL MOVES: 75 // TIME: 1.09s // SIGNATURE: 0013727582[0m
2024-07-31 13:06:43,533 - INFO - [32mNMCS: COMPLETED LEVEL 1 // TOTAL MOVES: 73 // TIME: 1.41s // SIGNATURE: 0012751487[0m
2024-07-31 13:06:44,637 - INFO - [32mNMCS: COMPLETED LEVEL 1 // TOTAL MOVES: 67 // TIME: 1.10s // SIGNATURE: 0011528565[0m
2024-07-31 13:06:45,801 - INFO - [32mNMCS: COMPLETED LEVEL 1 // TOTAL MOVES: 75 // TIME: 1.16s // SIGNATURE: 0013449830[0m
2024-07-31 13:06:46,913 - INFO - [32mNMCS: COMPLETED LEVEL 1 // TOTAL MOVES: 70 // TIME: 1.11s // SIGNATURE: 0012485398[0m
2024-07-31 13:06:48,234 - INFO - [32mNMCS: COMPLETED LEVEL 1 // TOTAL MOVES: 72 // TIME: 1.32s // SIGNATURE: 0012417174[0m
2024-07-31 13:06:49,450 - INFO - [32mNMCS: COMPLETED LEVEL 1 // TOTAL MOVES: 77 // TIME: 1.22s // SIGNATURE: 0013261450[0m
2024-07-31 13:06:50,530 - INFO - [32mNMCS: COMPLETED LEVEL 1 // TOTAL MOVES: 68 // TIME: 1.08s // SIGNATURE: 0012181993[0m
2024-07-31 13:06:51,692 - INFO - [32mNMCS: COMPLETED LEVEL 1 // TOTAL MOVES: 71 // TIME: 1.16s // SIGNATURE: 0012422796[0m
2024-07-31 13:06:52,935 - INFO - [32mNMCS: COMPLETED LEVEL 1 // TOTAL MOVES: 83 // TIME: 1.24s // SIGNATURE: 0014749144[0m
2024-07-31 13:06:54,148 - INFO - [32mNMCS: COMPLETED LEVEL 1 // TOTAL MOVES: 73 // TIME: 1.21s // SIGNATURE: 0012472902[0m
2024-07-31 13:06:55,303 - INFO - [32mNMCS: COMPLETED LEVEL 1 // TOTAL MOVES: 84 // TIME: 1.15s // SIGNATURE: 0014466173[0m
2024-07-31 13:06:56,451 - INFO - [32mNMCS: COMPLETED LEVEL 1 // TOTAL MOVES: 74 // TIME: 1.15s // SIGNATURE: 0013510860[0m
2024-07-31 13:06:57,458 - INFO - [32mNMCS: COMPLETED LEVEL 1 // TOTAL MOVES: 71 // TIME: 1.01s // SIGNATURE: 0012552421[0m
2024-07-31 13:06:58,668 - INFO - [32mNMCS: COMPLETED LEVEL 1 // TOTAL MOVES: 76 // TIME: 1.21s // SIGNATURE: 0012942990[0m
2024-07-31 13:06:59,624 - INFO - [32mNMCS: COMPLETED LEVEL 1 // TOTAL MOVES: 70 // TIME: 0.96s // SIGNATURE: 0012096549[0m
2024-07-31 13:07:00,607 - INFO - [32mNMCS: COMPLETED LEVEL 1 // TOTAL MOVES: 71 // TIME: 0.98s // SIGNATURE: 0012557297[0m
2024-07-31 13:07:01,689 - INFO - [32mNMCS: COMPLETED LEVEL 1 // TOTAL MOVES: 70 // TIME: 1.08s // SIGNATURE: 0012581191[0m
2024-07-31 13:07:02,746 - INFO - [32mNMCS: COMPLETED LEVEL 1 // TOTAL MOVES: 70 // TIME: 1.06s // SIGNATURE: 0012646691[0m
2024-07-31 13:07:03,850 - INFO - [32mNMCS: COMPLETED LEVEL 1 // TOTAL MOVES: 71 // TIME: 1.10s // SIGNATURE: 0012887816[0m
2024-07-31 13:07:04,926 - INFO - [32mNMCS: COMPLETED LEVEL 1 // TOTAL MOVES: 68 // TIME: 1.07s // SIGNATURE: 0012109869[0m
2024-07-31 13:07:06,082 - INFO - [32mNMCS: COMPLETED LEVEL 1 // TOTAL MOVES: 70 // TIME: 1.16s // SIGNATURE: 0012221199[0m
2024-07-31 13:07:07,080 - INFO - [32mNMCS: COMPLETED LEVEL 1 // TOTAL MOVES: 68 // TIME: 1.00s // SIGNATURE: 0012257008[0m
2024-07-31 13:07:08,202 - INFO - [32mNMCS: COMPLETED LEVEL 1 // TOTAL MOVES: 77 // TIME: 1.12s // SIGNATURE: 0012852655[0m
2024-07-31 13:07:08,203 - INFO - [32mNMCS: COMPLETED LEVEL 2 // TOTAL MOVES: 84 // TIME: 31.24s // SIGNATURE: 0014466173[0m
2024-07-31 13:07:08,203 - INFO - Displaying game
2024-07-31 13:07:08,205 - INFO - Game displayed
2024-07-31 13:07:08,207 - INFO - Results saved to ./logs/nrpa_2.csv
2024-07-31 13:07:08,211 - INFO - 
+------+-------+-------+-----------+--------------------+------------------------+---------------------+
| Seed | Level | Moves | Signature |      Time (s)      | Time per iteration (s) |  Time per move (s)  |
+------+-------+-------+-----------+--------------------+------------------------+---------------------+
|  1   |   2   |   84  |  14466173 | 31.236332178115845 |          N/A           | 0.37186109735852196 |
+------+-------+-------+-----------+--------------------+------------------------+---------------------+
2024-07-31 13:14:53,810 - INFO - Seed: 1
2024-07-31 13:14:53,811 - INFO - Initializing game
2024-07-31 13:14:53,811 - INFO - Game initialized
2024-07-31 13:14:53,817 - INFO - [93mStarting NMCS with level=2[0m
2024-07-31 13:14:54,963 - INFO - [32mNMCS: COMPLETED LEVEL 1 // TOTAL MOVES: 71 // TIME: 1.14s // CURRENT BEST MOVE: 21 // SIGNATURE: 0012168417[0m
2024-07-31 13:16:48,817 - INFO - Seed: 1
2024-07-31 13:16:48,818 - INFO - Initializing game
2024-07-31 13:16:48,818 - INFO - Game initialized
2024-07-31 13:16:48,823 - INFO - [93mStarting NMCS with level=2[0m
2024-07-31 13:16:49,812 - INFO - [32mNMCS: COMPLETED LEVEL 1 // TOTAL MOVES: 70 // TIME: 0.98s // CURRENT BEST MOVE: 25 // SIGNATURE: 0012456836[0m
2024-07-31 13:16:50,767 - INFO - [32mNMCS: COMPLETED LEVEL 1 // TOTAL MOVES: 72 // TIME: 1.94s // CURRENT BEST MOVE: 13 // SIGNATURE: 0012644333[0m
2024-07-31 13:16:51,664 - INFO - [32mNMCS: COMPLETED LEVEL 1 // TOTAL MOVES: 69 // TIME: 2.83s // CURRENT BEST MOVE: 13 // SIGNATURE: 0011895271[0m
2024-07-31 13:16:52,486 - INFO - [32mNMCS: COMPLETED LEVEL 1 // TOTAL MOVES: 70 // TIME: 3.66s // CURRENT BEST MOVE: 12 // SIGNATURE: 0012280008[0m
2024-07-31 13:16:53,360 - INFO - [32mNMCS: COMPLETED LEVEL 1 // TOTAL MOVES: 71 // TIME: 4.53s // CURRENT BEST MOVE: 17 // SIGNATURE: 0013613240[0m
2024-07-31 13:16:54,190 - INFO - [32mNMCS: COMPLETED LEVEL 1 // TOTAL MOVES: 70 // TIME: 5.36s // CURRENT BEST MOVE: 17 // SIGNATURE: 0012648558[0m
2024-07-31 13:16:54,937 - INFO - [32mNMCS: COMPLETED LEVEL 1 // TOTAL MOVES: 76 // TIME: 6.11s // CURRENT BEST MOVE: 7 // SIGNATURE: 0011331251[0m
2024-07-31 13:16:55,699 - INFO - [32mNMCS: COMPLETED LEVEL 1 // TOTAL MOVES: 68 // TIME: 6.87s // CURRENT BEST MOVE: 7 // SIGNATURE: 0011688802[0m
2024-07-31 13:16:56,356 - INFO - [32mNMCS: COMPLETED LEVEL 1 // TOTAL MOVES: 69 // TIME: 7.53s // CURRENT BEST MOVE: 10 // SIGNATURE: 0011893018[0m
2024-07-31 13:16:56,892 - INFO - [32mNMCS: COMPLETED LEVEL 1 // TOTAL MOVES: 68 // TIME: 8.06s // CURRENT BEST MOVE: 10 // SIGNATURE: 0011753885[0m
2024-07-31 13:16:57,369 - INFO - [32mNMCS: COMPLETED LEVEL 1 // TOTAL MOVES: 67 // TIME: 8.54s // CURRENT BEST MOVE: 10 // SIGNATURE: 0011621443[0m
2024-07-31 13:16:57,796 - INFO - [32mNMCS: COMPLETED LEVEL 1 // TOTAL MOVES: 66 // TIME: 8.97s // CURRENT BEST MOVE: 10 // SIGNATURE: 0010864683[0m
2024-07-31 13:16:58,199 - INFO - [32mNMCS: COMPLETED LEVEL 1 // TOTAL MOVES: 67 // TIME: 9.37s // CURRENT BEST MOVE: 9 // SIGNATURE: 0011914025[0m
2024-07-31 13:16:58,520 - INFO - [32mNMCS: COMPLETED LEVEL 1 // TOTAL MOVES: 67 // TIME: 9.69s // CURRENT BEST MOVE: 7 // SIGNATURE: 0011702410[0m
2024-07-31 13:16:58,824 - INFO - [32mNMCS: COMPLETED LEVEL 1 // TOTAL MOVES: 70 // TIME: 9.99s // CURRENT BEST MOVE: 7 // SIGNATURE: 0012319945[0m
2024-07-31 13:16:59,207 - INFO - [32mNMCS: COMPLETED LEVEL 1 // TOTAL MOVES: 72 // TIME: 10.38s // CURRENT BEST MOVE: 7 // SIGNATURE: 0011959428[0m
2024-07-31 13:16:59,640 - INFO - [32mNMCS: COMPLETED LEVEL 1 // TOTAL MOVES: 77 // TIME: 10.81s // CURRENT BEST MOVE: 1 // SIGNATURE: 0011874010[0m
2024-07-31 13:16:59,977 - INFO - [32mNMCS: COMPLETED LEVEL 1 // TOTAL MOVES: 67 // TIME: 11.15s // CURRENT BEST MOVE: 1 // SIGNATURE: 0011245462[0m
2024-07-31 13:17:00,308 - INFO - [32mNMCS: COMPLETED LEVEL 1 // TOTAL MOVES: 72 // TIME: 11.48s // CURRENT BEST MOVE: 0 // SIGNATURE: 0012177228[0m
2024-07-31 13:17:00,603 - INFO - [32mNMCS: COMPLETED LEVEL 1 // TOTAL MOVES: 74 // TIME: 11.77s // CURRENT BEST MOVE: 1 // SIGNATURE: 0013375561[0m
2024-07-31 13:17:00,790 - INFO - [32mNMCS: COMPLETED LEVEL 1 // TOTAL MOVES: 74 // TIME: 11.96s // CURRENT BEST MOVE: 0 // SIGNATURE: 0012801326[0m
2024-07-31 13:17:00,938 - INFO - [32mNMCS: COMPLETED LEVEL 1 // TOTAL MOVES: 67 // TIME: 12.11s // CURRENT BEST MOVE: 0 // SIGNATURE: 0012198761[0m
2024-07-31 13:17:01,052 - INFO - [32mNMCS: COMPLETED LEVEL 1 // TOTAL MOVES: 69 // TIME: 12.22s // CURRENT BEST MOVE: 0 // SIGNATURE: 0012167064[0m
2024-07-31 13:17:01,400 - INFO - [32mNMCS: COMPLETED LEVEL 1 // TOTAL MOVES: 71 // TIME: 12.57s // CURRENT BEST MOVE: 10 // SIGNATURE: 0012395885[0m
2024-07-31 13:17:01,699 - INFO - [32mNMCS: COMPLETED LEVEL 1 // TOTAL MOVES: 69 // TIME: 12.87s // CURRENT BEST MOVE: 10 // SIGNATURE: 0011811070[0m
2024-07-31 13:17:02,003 - INFO - [32mNMCS: COMPLETED LEVEL 1 // TOTAL MOVES: 69 // TIME: 13.17s // CURRENT BEST MOVE: 6 // SIGNATURE: 0012923988[0m
2024-07-31 13:17:02,293 - INFO - [32mNMCS: COMPLETED LEVEL 1 // TOTAL MOVES: 70 // TIME: 13.46s // CURRENT BEST MOVE: 4 // SIGNATURE: 0011953169[0m
2024-07-31 13:17:02,548 - INFO - [32mNMCS: COMPLETED LEVEL 1 // TOTAL MOVES: 72 // TIME: 13.72s // CURRENT BEST MOVE: 6 // SIGNATURE: 0012536801[0m
2024-07-31 13:17:02,800 - INFO - [32mNMCS: COMPLETED LEVEL 1 // TOTAL MOVES: 73 // TIME: 13.97s // CURRENT BEST MOVE: 3 // SIGNATURE: 0012819647[0m
2024-07-31 13:17:03,008 - INFO - [32mNMCS: COMPLETED LEVEL 1 // TOTAL MOVES: 71 // TIME: 14.18s // CURRENT BEST MOVE: 3 // SIGNATURE: 0012806779[0m
2024-07-31 13:17:03,184 - INFO - [32mNMCS: COMPLETED LEVEL 1 // TOTAL MOVES: 72 // TIME: 14.36s // CURRENT BEST MOVE: 7 // SIGNATURE: 0012543605[0m
2024-07-31 13:17:03,319 - INFO - [32mNMCS: COMPLETED LEVEL 1 // TOTAL MOVES: 69 // TIME: 14.49s // CURRENT BEST MOVE: 7 // SIGNATURE: 0012103337[0m
2024-07-31 13:19:00,420 - INFO - Seed: 1
2024-07-31 13:19:00,420 - INFO - Initializing game
2024-07-31 13:19:00,421 - INFO - Game initialized
2024-07-31 13:19:00,426 - INFO - [93mStarting NMCS with level=2[0m
2024-07-31 13:20:41,730 - INFO - Seed: 1
2024-07-31 13:20:41,730 - INFO - Initializing game
2024-07-31 13:20:41,731 - INFO - Game initialized
2024-07-31 13:20:41,736 - INFO - [93mStarting NMCS with level=2[0m
2024-07-31 13:20:42,911 - INFO - [32mNMCS: COMPLETED LEVEL 1 // TOTAL MOVES: 68 // TIME: 1.17s // SIGNATURE: 0011046792[0m
2024-07-31 13:20:43,754 - INFO - [32mNMCS: COMPLETED LEVEL 1 // TOTAL MOVES: 77 // TIME: 2.02s // SIGNATURE: 0012279406[0m
2024-07-31 13:20:43,755 - INFO - [32mNMCS: COMPLETED LEVEL 2 // TOTAL MOVES: 77 // TIME: 2.02s // SIGNATURE: 0012279406[0m
2024-07-31 13:20:43,755 - INFO - Displaying game
2024-07-31 13:20:43,757 - INFO - Game displayed
2024-07-31 13:20:43,758 - INFO - Results saved to ./logs/nrpa_2.csv
2024-07-31 13:20:43,762 - INFO - 
+------+-------+-------+-----------+--------------------+------------------------+----------------------+
| Seed | Level | Moves | Signature |      Time (s)      | Time per iteration (s) |  Time per move (s)   |
+------+-------+-------+-----------+--------------------+------------------------+----------------------+
|  1   |   2   |   77  |  12279406 | 2.0190069675445557 |          N/A           | 0.026220869708370852 |
+------+-------+-------+-----------+--------------------+------------------------+----------------------+
2024-07-31 13:21:07,221 - INFO - Seed: 1
2024-07-31 13:21:07,221 - INFO - Initializing game
2024-07-31 13:21:07,222 - INFO - Game initialized
2024-07-31 13:21:07,227 - INFO - [93mStarting NMCS with level=2[0m
2024-07-31 13:21:08,321 - INFO - [32mNMCS: COMPLETED LEVEL 1 // TOTAL MOVES: 71 // TIME: 1.09s // SIGNATURE: 0012727251[0m
2024-07-31 13:21:09,383 - INFO - [32mNMCS: COMPLETED LEVEL 1 // TOTAL MOVES: 68 // TIME: 2.16s // SIGNATURE: 0011759562[0m
2024-07-31 13:21:10,424 - INFO - [32mNMCS: COMPLETED LEVEL 1 // TOTAL MOVES: 69 // TIME: 3.20s // SIGNATURE: 0011830880[0m
2024-07-31 13:21:11,371 - INFO - [32mNMCS: COMPLETED LEVEL 1 // TOTAL MOVES: 68 // TIME: 4.14s // SIGNATURE: 0012232254[0m
2024-07-31 13:21:12,491 - INFO - [32mNMCS: COMPLETED LEVEL 1 // TOTAL MOVES: 74 // TIME: 5.26s // SIGNATURE: 0013882246[0m
2024-07-31 13:21:13,636 - INFO - [32mNMCS: COMPLETED LEVEL 1 // TOTAL MOVES: 68 // TIME: 6.41s // SIGNATURE: 0012652372[0m
2024-07-31 13:21:14,725 - INFO - [32mNMCS: COMPLETED LEVEL 1 // TOTAL MOVES: 77 // TIME: 7.50s // SIGNATURE: 0014184596[0m
2024-07-31 13:21:15,821 - INFO - [32mNMCS: COMPLETED LEVEL 1 // TOTAL MOVES: 75 // TIME: 8.59s // SIGNATURE: 0013053992[0m
2024-07-31 13:21:16,804 - INFO - [32mNMCS: COMPLETED LEVEL 1 // TOTAL MOVES: 70 // TIME: 9.58s // SIGNATURE: 0012405735[0m
2024-07-31 13:21:17,989 - INFO - [32mNMCS: COMPLETED LEVEL 1 // TOTAL MOVES: 70 // TIME: 10.76s // SIGNATURE: 0012635279[0m
2024-07-31 13:21:19,206 - INFO - [32mNMCS: COMPLETED LEVEL 1 // TOTAL MOVES: 71 // TIME: 11.98s // SIGNATURE: 0012315794[0m
2024-07-31 13:21:20,261 - INFO - [32mNMCS: COMPLETED LEVEL 1 // TOTAL MOVES: 70 // TIME: 13.03s // SIGNATURE: 0011990847[0m
2024-07-31 13:21:21,471 - INFO - [32mNMCS: COMPLETED LEVEL 1 // TOTAL MOVES: 72 // TIME: 14.24s // SIGNATURE: 0011967390[0m
2024-07-31 13:21:22,697 - INFO - [32mNMCS: COMPLETED LEVEL 1 // TOTAL MOVES: 70 // TIME: 15.47s // SIGNATURE: 0012111136[0m
2024-07-31 13:21:23,923 - INFO - [32mNMCS: COMPLETED LEVEL 1 // TOTAL MOVES: 71 // TIME: 16.70s // SIGNATURE: 0012390106[0m
2024-07-31 13:21:25,101 - INFO - [32mNMCS: COMPLETED LEVEL 1 // TOTAL MOVES: 69 // TIME: 17.87s // SIGNATURE: 0012147887[0m
2024-07-31 13:21:26,166 - INFO - [32mNMCS: COMPLETED LEVEL 1 // TOTAL MOVES: 70 // TIME: 18.94s // SIGNATURE: 0012201607[0m
2024-07-31 13:21:27,418 - INFO - [32mNMCS: COMPLETED LEVEL 1 // TOTAL MOVES: 69 // TIME: 20.19s // SIGNATURE: 0012362636[0m
2024-07-31 13:21:28,669 - INFO - [32mNMCS: COMPLETED LEVEL 1 // TOTAL MOVES: 72 // TIME: 21.44s // SIGNATURE: 0012721253[0m
2024-07-31 13:21:29,707 - INFO - [32mNMCS: COMPLETED LEVEL 1 // TOTAL MOVES: 74 // TIME: 22.48s // SIGNATURE: 0013379641[0m
2024-07-31 13:21:30,882 - INFO - [32mNMCS: COMPLETED LEVEL 1 // TOTAL MOVES: 70 // TIME: 23.65s // SIGNATURE: 0012272065[0m
2024-07-31 13:21:32,047 - INFO - [32mNMCS: COMPLETED LEVEL 1 // TOTAL MOVES: 74 // TIME: 24.82s // SIGNATURE: 0013343756[0m
2024-07-31 13:21:33,193 - INFO - [32mNMCS: COMPLETED LEVEL 1 // TOTAL MOVES: 77 // TIME: 25.97s // SIGNATURE: 0012670925[0m
2024-07-31 13:21:34,267 - INFO - [32mNMCS: COMPLETED LEVEL 1 // TOTAL MOVES: 75 // TIME: 27.04s // SIGNATURE: 0013053308[0m
2024-07-31 13:21:35,359 - INFO - [32mNMCS: COMPLETED LEVEL 1 // TOTAL MOVES: 80 // TIME: 28.13s // SIGNATURE: 0015083644[0m
2024-07-31 13:21:36,523 - INFO - [32mNMCS: COMPLETED LEVEL 1 // TOTAL MOVES: 78 // TIME: 29.30s // SIGNATURE: 0012856265[0m
2024-07-31 13:21:37,263 - INFO - [32mNMCS: COMPLETED LEVEL 1 // TOTAL MOVES: 71 // TIME: 30.04s // SIGNATURE: 0012639953[0m
2024-07-31 13:21:37,264 - INFO - [32mNMCS: COMPLETED LEVEL 2 // TOTAL MOVES: 80 // TIME: 30.04s // SIGNATURE: 0015083644[0m
2024-07-31 13:21:37,264 - INFO - Displaying game
2024-07-31 13:21:37,267 - INFO - Game displayed
2024-07-31 13:21:37,268 - INFO - Results saved to ./logs/nrpa_2.csv
2024-07-31 13:21:37,271 - INFO - 
+------+-------+-------+-----------+--------------------+------------------------+--------------------+
| Seed | Level | Moves | Signature |      Time (s)      | Time per iteration (s) | Time per move (s)  |
+------+-------+-------+-----------+--------------------+------------------------+--------------------+
|  1   |   2   |   80  |  15083644 | 30.037500143051147 |          N/A           | 0.3754687517881393 |
+------+-------+-------+-----------+--------------------+------------------------+--------------------+
2024-07-31 13:25:05,992 - INFO - Seed: 1
2024-07-31 13:25:05,992 - INFO - Initializing game
2024-07-31 13:25:05,993 - INFO - Game initialized
2024-07-31 13:25:05,998 - INFO - [93mStarting NMCS with level=2[0m
2024-07-31 13:25:07,021 - INFO - [32mNMCS: COMPLETED LEVEL 1 // TOTAL MOVES: 73 // TIME: 1.01s // SIGNATURE: 0012602905[0m
2024-07-31 13:25:07,022 - INFO - [32mNMCS: COMPLETED LEVEL 2 // TOTAL MOVES: 73 // TIME: 1.02s // SIGNATURE: 0012602905[0m
2024-07-31 13:25:07,022 - INFO - Displaying game
2024-07-31 13:25:07,024 - INFO - Game displayed
2024-07-31 13:25:07,025 - INFO - Results saved to ./logs/nrpa_2.csv
2024-07-31 13:25:07,028 - INFO - 
+------+-------+-------+-----------+--------------------+------------------------+----------------------+
| Seed | Level | Moves | Signature |      Time (s)      | Time per iteration (s) |  Time per move (s)   |
+------+-------+-------+-----------+--------------------+------------------------+----------------------+
|  1   |   2   |   73  |  12602905 | 1.0235402584075928 |          N/A           | 0.014021099430240998 |
+------+-------+-------+-----------+--------------------+------------------------+----------------------+
2024-07-31 13:25:14,393 - INFO - Seed: 1
2024-07-31 13:25:14,393 - INFO - Initializing game
2024-07-31 13:25:14,394 - INFO - Game initialized
2024-07-31 13:25:14,399 - INFO - [93mStarting NMCS with level=2[0m
2024-07-31 13:25:15,456 - INFO - [32mNMCS: COMPLETED LEVEL 1 // TOTAL MOVES: 66 // TIME: 1.05s // SIGNATURE: 0011844520[0m
2024-07-31 13:25:15,457 - INFO - [32mNMCS: COMPLETED LEVEL 2 // TOTAL MOVES: 66 // TIME: 1.05s // SIGNATURE: 0011844520[0m
2024-07-31 13:25:15,457 - INFO - Displaying game
2024-07-31 13:25:15,459 - INFO - Game displayed
2024-07-31 13:25:15,460 - INFO - Results saved to ./logs/nrpa_2.csv
2024-07-31 13:25:15,462 - INFO - 
+------+-------+-------+-----------+--------------------+------------------------+----------------------+
| Seed | Level | Moves | Signature |      Time (s)      | Time per iteration (s) |  Time per move (s)   |
+------+-------+-------+-----------+--------------------+------------------------+----------------------+
|  1   |   2   |   66  |  11844520 | 1.0585989952087402 |          N/A           | 0.016039378715283943 |
+------+-------+-------+-----------+--------------------+------------------------+----------------------+
2024-07-31 13:25:27,460 - INFO - Seed: 1
2024-07-31 13:25:27,460 - INFO - Initializing game
2024-07-31 13:25:27,461 - INFO - Game initialized
2024-07-31 13:25:27,466 - INFO - [93mStarting NMCS with level=2[0m
2024-07-31 13:25:28,514 - INFO - [32mNMCS: COMPLETED LEVEL 1 // TOTAL MOVES: 76 // TIME: 1.04s // SIGNATURE: 0013499060[0m
2024-07-31 13:25:29,702 - INFO - [32mNMCS: COMPLETED LEVEL 1 // TOTAL MOVES: 78 // TIME: 1.18s // SIGNATURE: 0014052071[0m
2024-07-31 13:25:30,753 - INFO - [32mNMCS: COMPLETED LEVEL 1 // TOTAL MOVES: 72 // TIME: 1.04s // SIGNATURE: 0012376259[0m
2024-07-31 13:25:31,883 - INFO - [32mNMCS: COMPLETED LEVEL 1 // TOTAL MOVES: 70 // TIME: 1.12s // SIGNATURE: 0012038452[0m
2024-07-31 13:25:33,019 - INFO - [32mNMCS: COMPLETED LEVEL 1 // TOTAL MOVES: 70 // TIME: 1.13s // SIGNATURE: 0012682749[0m
2024-07-31 13:25:34,062 - INFO - [32mNMCS: COMPLETED LEVEL 1 // TOTAL MOVES: 73 // TIME: 1.04s // SIGNATURE: 0011848367[0m
2024-07-31 13:25:35,077 - INFO - [32mNMCS: COMPLETED LEVEL 1 // TOTAL MOVES: 69 // TIME: 1.01s // SIGNATURE: 0012309489[0m
2024-07-31 13:25:36,187 - INFO - [32mNMCS: COMPLETED LEVEL 1 // TOTAL MOVES: 76 // TIME: 1.10s // SIGNATURE: 0013704199[0m
2024-07-31 13:25:37,205 - INFO - [32mNMCS: COMPLETED LEVEL 1 // TOTAL MOVES: 70 // TIME: 1.01s // SIGNATURE: 0012311816[0m
2024-07-31 13:25:38,368 - INFO - [32mNMCS: COMPLETED LEVEL 1 // TOTAL MOVES: 68 // TIME: 1.16s // SIGNATURE: 0011887648[0m
2024-07-31 13:25:38,369 - INFO - [32mNMCS: COMPLETED LEVEL 2 // TOTAL MOVES: 78 // TIME: 10.90s // SIGNATURE: 0014052071[0m
2024-07-31 13:25:38,369 - INFO - Displaying game
2024-07-31 13:25:38,371 - INFO - Game displayed
2024-07-31 13:25:38,373 - INFO - Results saved to ./logs/nrpa_2.csv
2024-07-31 13:25:38,376 - INFO - 
+------+-------+-------+-----------+-------------------+------------------------+---------------------+
| Seed | Level | Moves | Signature |      Time (s)     | Time per iteration (s) |  Time per move (s)  |
+------+-------+-------+-----------+-------------------+------------------------+---------------------+
|  1   |   2   |   78  |  14052071 | 10.90284013748169 |          N/A           | 0.13978000176258576 |
+------+-------+-------+-----------+-------------------+------------------------+---------------------+
2024-07-31 13:28:37,626 - INFO - Seed: 1
2024-07-31 13:28:37,627 - INFO - Initializing game
2024-07-31 13:28:37,627 - INFO - Game initialized
2024-07-31 13:28:37,632 - INFO - [93mStarting NMCS with level=2[0m
2024-07-31 13:29:09,105 - INFO - Displaying game
2024-07-31 13:29:09,108 - INFO - Game displayed
2024-07-31 13:29:09,109 - INFO - Results saved to ./logs/nrpa_2.csv
2024-07-31 13:29:09,113 - INFO - 
+------+-------+-------+-----------+------------------+------------------------+--------------------+
| Seed | Level | Moves | Signature |     Time (s)     | Time per iteration (s) | Time per move (s)  |
+------+-------+-------+-----------+------------------+------------------------+--------------------+
|  1   |   2   |   82  |  15277869 | 1722425349.10884 |          N/A           | 21005187.184254147 |
+------+-------+-------+-----------+------------------+------------------------+--------------------+
2024-07-31 13:30:17,684 - INFO - Seed: 1
2024-07-31 13:30:17,684 - INFO - Initializing game
2024-07-31 13:30:17,685 - INFO - Game initialized
2024-07-31 13:30:17,690 - INFO - [93mStarting NMCS with level=2[0m
2024-07-31 13:30:18,822 - INFO - [32mNMCS: COMPLETED LEVEL 1 // TOTAL MOVES: 76 // TIME: 0.02s // SIGNATURE: 0014142606[0m
2024-07-31 13:30:19,933 - INFO - [32mNMCS: COMPLETED LEVEL 1 // TOTAL MOVES: 82 // TIME: 0.04s // SIGNATURE: 0014607139[0m
2024-07-31 13:30:20,946 - INFO - [32mNMCS: COMPLETED LEVEL 1 // TOTAL MOVES: 73 // TIME: 0.03s // SIGNATURE: 0011524221[0m
2024-07-31 13:30:22,004 - INFO - [32mNMCS: COMPLETED LEVEL 1 // TOTAL MOVES: 73 // TIME: 0.02s // SIGNATURE: 0012754378[0m
2024-07-31 13:30:23,109 - INFO - [32mNMCS: COMPLETED LEVEL 1 // TOTAL MOVES: 78 // TIME: 0.02s // SIGNATURE: 0014676731[0m
2024-07-31 13:30:24,099 - INFO - [32mNMCS: COMPLETED LEVEL 1 // TOTAL MOVES: 69 // TIME: 0.03s // SIGNATURE: 0011589190[0m
2024-07-31 13:30:25,241 - INFO - [32mNMCS: COMPLETED LEVEL 1 // TOTAL MOVES: 71 // TIME: 0.05s // SIGNATURE: 0012256040[0m
2024-07-31 13:30:26,397 - INFO - [32mNMCS: COMPLETED LEVEL 1 // TOTAL MOVES: 70 // TIME: 0.04s // SIGNATURE: 0011819857[0m
2024-07-31 13:30:27,482 - INFO - [32mNMCS: COMPLETED LEVEL 1 // TOTAL MOVES: 73 // TIME: 0.05s // SIGNATURE: 0012682910[0m
2024-07-31 13:30:28,680 - INFO - [32mNMCS: COMPLETED LEVEL 1 // TOTAL MOVES: 78 // TIME: 0.05s // SIGNATURE: 0012969284[0m
2024-07-31 13:30:29,836 - INFO - [32mNMCS: COMPLETED LEVEL 1 // TOTAL MOVES: 70 // TIME: 0.05s // SIGNATURE: 0012831946[0m
2024-07-31 13:30:30,936 - INFO - [32mNMCS: COMPLETED LEVEL 1 // TOTAL MOVES: 69 // TIME: 0.05s // SIGNATURE: 0012774019[0m
2024-07-31 13:30:32,247 - INFO - [32mNMCS: COMPLETED LEVEL 1 // TOTAL MOVES: 72 // TIME: 0.04s // SIGNATURE: 0012439851[0m
2024-07-31 13:30:33,403 - INFO - [32mNMCS: COMPLETED LEVEL 1 // TOTAL MOVES: 72 // TIME: 0.05s // SIGNATURE: 0012889746[0m
2024-07-31 13:30:34,525 - INFO - [32mNMCS: COMPLETED LEVEL 1 // TOTAL MOVES: 70 // TIME: 0.02s // SIGNATURE: 0012456349[0m
2024-07-31 13:30:35,659 - INFO - [32mNMCS: COMPLETED LEVEL 1 // TOTAL MOVES: 72 // TIME: 0.03s // SIGNATURE: 0013237593[0m
2024-07-31 13:30:36,637 - INFO - [32mNMCS: COMPLETED LEVEL 1 // TOTAL MOVES: 70 // TIME: 0.03s // SIGNATURE: 0011914596[0m
2024-07-31 13:30:37,868 - INFO - [32mNMCS: COMPLETED LEVEL 1 // TOTAL MOVES: 74 // TIME: 0.03s // SIGNATURE: 0012441898[0m
2024-07-31 13:30:39,095 - INFO - [32mNMCS: COMPLETED LEVEL 1 // TOTAL MOVES: 68 // TIME: 0.05s // SIGNATURE: 0012227660[0m
2024-07-31 13:30:40,110 - INFO - [32mNMCS: COMPLETED LEVEL 1 // TOTAL MOVES: 70 // TIME: 0.02s // SIGNATURE: 0012204691[0m
2024-07-31 13:30:41,244 - INFO - [32mNMCS: COMPLETED LEVEL 1 // TOTAL MOVES: 73 // TIME: 0.05s // SIGNATURE: 0013282718[0m
2024-07-31 13:30:42,394 - INFO - [32mNMCS: COMPLETED LEVEL 1 // TOTAL MOVES: 70 // TIME: 0.03s // SIGNATURE: 0012099605[0m
2024-07-31 13:30:43,440 - INFO - [32mNMCS: COMPLETED LEVEL 1 // TOTAL MOVES: 71 // TIME: 0.02s // SIGNATURE: 0012138954[0m
2024-07-31 13:30:44,504 - INFO - [32mNMCS: COMPLETED LEVEL 1 // TOTAL MOVES: 69 // TIME: 0.05s // SIGNATURE: 0011442158[0m
2024-07-31 13:30:45,549 - INFO - [32mNMCS: COMPLETED LEVEL 1 // TOTAL MOVES: 68 // TIME: 0.02s // SIGNATURE: 0011195750[0m
2024-07-31 13:30:46,704 - INFO - [32mNMCS: COMPLETED LEVEL 1 // TOTAL MOVES: 71 // TIME: 0.02s // SIGNATURE: 0012165284[0m
2024-07-31 13:30:47,725 - INFO - [32mNMCS: COMPLETED LEVEL 1 // TOTAL MOVES: 73 // TIME: 0.05s // SIGNATURE: 0013212100[0m
2024-07-31 13:30:48,836 - INFO - [32mNMCS: COMPLETED LEVEL 1 // TOTAL MOVES: 72 // TIME: 0.05s // SIGNATURE: 0012428468[0m
2024-07-31 13:30:48,837 - INFO - [32mNMCS: COMPLETED LEVEL 2 // TOTAL MOVES: 82 // TIME: 1.11s // SIGNATURE: 0014607139[0m
2024-07-31 13:30:48,837 - INFO - Displaying game
2024-07-31 13:30:48,840 - INFO - Game displayed
2024-07-31 13:30:48,843 - INFO - Results saved to ./logs/nrpa_2.csv
2024-07-31 13:30:48,847 - INFO - 
+------+-------+-------+-----------+-------------------+------------------------+--------------------+
| Seed | Level | Moves | Signature |      Time (s)     | Time per iteration (s) | Time per move (s)  |
+------+-------+-------+-----------+-------------------+------------------------+--------------------+
|  1   |   2   |   82  |  14607139 | 1722425448.840841 |          N/A           | 21005188.400498062 |
+------+-------+-------+-----------+-------------------+------------------------+--------------------+
