2024-07-31 12:51:10,423 - INFO - Seed: 1
2024-07-31 12:51:10,423 - INFO - Initializing game
2024-07-31 12:51:10,424 - INFO - Game initialized
2024-07-31 12:51:10,429 - INFO - [93mStarting NMCS with level=2[0m
2024-07-31 12:51:11,441 - INFO - [32mNMCS: COMPLETED LEVEL 1 // TOTAL MOVES: 72 // TIME: 1.01s // SIGNATURE: 0012384169[0m
2024-07-31 12:51:12,498 - INFO - [32mNMCS: COMPLETED LEVEL 1 // TOTAL MOVES: 79 // TIME: 1.06s // SIGNATURE: 0014382474[0m
2024-07-31 12:51:13,591 - INFO - [32mNMCS: COMPLETED LEVEL 1 // TOTAL MOVES: 73 // TIME: 1.09s // SIGNATURE: 0013176205[0m
2024-07-31 12:51:14,583 - INFO - [32mNMCS: COMPLETED LEVEL 1 // TOTAL MOVES: 71 // TIME: 0.99s // SIGNATURE: 0012619209[0m
2024-07-31 12:51:15,709 - INFO - [32mNMCS: COMPLETED LEVEL 1 // TOTAL MOVES: 71 // TIME: 1.13s // SIGNATURE: 0012833789[0m
2024-07-31 12:51:16,822 - INFO - [32mNMCS: COMPLETED LEVEL 1 // TOTAL MOVES: 72 // TIME: 1.11s // SIGNATURE: 0012367326[0m
2024-07-31 12:51:17,975 - INFO - [32mNMCS: COMPLETED LEVEL 1 // TOTAL MOVES: 70 // TIME: 1.15s // SIGNATURE: 0012053029[0m
2024-07-31 12:51:19,110 - INFO - [32mNMCS: COMPLETED LEVEL 1 // TOTAL MOVES: 72 // TIME: 1.13s // SIGNATURE: 0012720805[0m
2024-07-31 12:51:20,155 - INFO - [32mNMCS: COMPLETED LEVEL 1 // TOTAL MOVES: 69 // TIME: 1.04s // SIGNATURE: 0012285103[0m
2024-07-31 12:51:21,333 - INFO - [32mNMCS: COMPLETED LEVEL 1 // TOTAL MOVES: 69 // TIME: 1.18s // SIGNATURE: 0011902904[0m
2024-07-31 12:51:22,633 - INFO - [32mNMCS: COMPLETED LEVEL 1 // TOTAL MOVES: 70 // TIME: 1.30s // SIGNATURE: 0012148336[0m
2024-07-31 12:51:23,660 - INFO - [32mNMCS: COMPLETED LEVEL 1 // TOTAL MOVES: 70 // TIME: 1.03s // SIGNATURE: 0011914720[0m
2024-07-31 12:51:24,867 - INFO - [32mNMCS: COMPLETED LEVEL 1 // TOTAL MOVES: 71 // TIME: 1.21s // SIGNATURE: 0011838027[0m
2024-07-31 12:51:26,074 - INFO - [32mNMCS: COMPLETED LEVEL 1 // TOTAL MOVES: 73 // TIME: 1.21s // SIGNATURE: 0012106668[0m
2024-07-31 12:51:27,118 - INFO - [32mNMCS: COMPLETED LEVEL 1 // TOTAL MOVES: 67 // TIME: 1.04s // SIGNATURE: 0012276122[0m
2024-07-31 12:51:28,372 - INFO - [32mNMCS: COMPLETED LEVEL 1 // TOTAL MOVES: 70 // TIME: 1.25s // SIGNATURE: 0012357310[0m
2024-07-31 12:51:29,394 - INFO - [32mNMCS: COMPLETED LEVEL 1 // TOTAL MOVES: 66 // TIME: 1.02s // SIGNATURE: 0011576855[0m
2024-07-31 12:51:30,610 - INFO - [32mNMCS: COMPLETED LEVEL 1 // TOTAL MOVES: 73 // TIME: 1.22s // SIGNATURE: 0013593947[0m
2024-07-31 12:51:31,745 - INFO - [32mNMCS: COMPLETED LEVEL 1 // TOTAL MOVES: 70 // TIME: 1.13s // SIGNATURE: 0012354708[0m
2024-07-31 12:51:32,807 - INFO - [32mNMCS: COMPLETED LEVEL 1 // TOTAL MOVES: 72 // TIME: 1.06s // SIGNATURE: 0012531346[0m
2024-07-31 12:51:33,892 - INFO - [32mNMCS: COMPLETED LEVEL 1 // TOTAL MOVES: 72 // TIME: 1.08s // SIGNATURE: 0012899905[0m
2024-07-31 12:51:35,055 - INFO - [32mNMCS: COMPLETED LEVEL 1 // TOTAL MOVES: 72 // TIME: 1.16s // SIGNATURE: 0012185358[0m
2024-07-31 12:51:36,195 - INFO - [32mNMCS: COMPLETED LEVEL 1 // TOTAL MOVES: 75 // TIME: 1.14s // SIGNATURE: 0012686832[0m
2024-07-31 12:51:37,254 - INFO - [32mNMCS: COMPLETED LEVEL 1 // TOTAL MOVES: 79 // TIME: 1.06s // SIGNATURE: 0012902366[0m
2024-07-31 12:51:38,279 - INFO - [32mNMCS: COMPLETED LEVEL 1 // TOTAL MOVES: 73 // TIME: 1.02s // SIGNATURE: 0012824880[0m
2024-07-31 12:51:39,290 - INFO - [32mNMCS: COMPLETED LEVEL 1 // TOTAL MOVES: 67 // TIME: 1.01s // SIGNATURE: 0011900639[0m
2024-07-31 12:51:40,364 - INFO - [32mNMCS: COMPLETED LEVEL 1 // TOTAL MOVES: 77 // TIME: 1.07s // SIGNATURE: 0013507428[0m
2024-07-31 12:51:41,432 - INFO - [32mNMCS: COMPLETED LEVEL 1 // TOTAL MOVES: 68 // TIME: 1.07s // SIGNATURE: 0011963461[0m
2024-07-31 12:51:41,433 - INFO - [32mNMCS: COMPLETED LEVEL 2 // TOTAL MOVES: 79 // TIME: 31.00s // SIGNATURE: 0014382474[0m
2024-07-31 12:51:41,433 - INFO - Displaying game
2024-07-31 12:51:41,436 - INFO - Game displayed
2024-07-31 12:51:41,437 - INFO - Results saved to ./logs/nrpa_100_2.csv
2024-07-31 12:51:41,440 - INFO - 
+------+-------+-------+-----------+-------------------+------------------------+---------------------+
| Seed | Level | Moves | Signature |      Time (s)     | Time per iteration (s) |  Time per move (s)  |
+------+-------+-------+-----------+-------------------+------------------------+---------------------+
|  1   |   2   |   79  |  14382474 | 31.00391983985901 |          N/A           | 0.39245468151720264 |
+------+-------+-------+-----------+-------------------+------------------------+---------------------+
