2024-07-31 13:08:43,296 - INFO - Seed: 1
2024-07-31 13:08:43,297 - INFO - Initializing game
2024-07-31 13:08:43,297 - INFO - Game initialized
2024-07-31 13:08:43,302 - INFO - [93mStarting NMCS with level=3[0m
2024-07-31 13:08:44,228 - INFO - [32mNMCS: COMPLETED LEVEL 1 // TOTAL MOVES: 69 // TIME: 0.91s // SIGNATURE: 0012413706[0m
2024-07-31 13:08:45,117 - INFO - [32mNMCS: COMPLETED LEVEL 1 // TOTAL MOVES: 70 // TIME: 0.89s // SIGNATURE: 0012648734[0m
2024-07-31 13:08:46,068 - INFO - [32mNMCS: COMPLETED LEVEL 1 // TOTAL MOVES: 79 // TIME: 0.95s // SIGNATURE: 0013909300[0m
2024-07-31 13:08:47,048 - INFO - [32mNMCS: COMPLETED LEVEL 1 // TOTAL MOVES: 73 // TIME: 0.98s // SIGNATURE: 0012098877[0m
2024-07-31 13:08:47,930 - INFO - [32mNMCS: COMPLETED LEVEL 1 // TOTAL MOVES: 68 // TIME: 0.88s // SIGNATURE: 0011820890[0m
2024-07-31 13:08:48,993 - INFO - [32mNMCS: COMPLETED LEVEL 1 // TOTAL MOVES: 70 // TIME: 1.06s // SIGNATURE: 0011968060[0m
2024-07-31 13:08:49,960 - INFO - [32mNMCS: COMPLETED LEVEL 1 // TOTAL MOVES: 72 // TIME: 0.97s // SIGNATURE: 0012075753[0m
2024-07-31 13:08:50,836 - INFO - [32mNMCS: COMPLETED LEVEL 1 // TOTAL MOVES: 70 // TIME: 0.88s // SIGNATURE: 0012216750[0m
2024-07-31 13:08:51,779 - INFO - [32mNMCS: COMPLETED LEVEL 1 // TOTAL MOVES: 68 // TIME: 0.94s // SIGNATURE: 0012060063[0m
2024-07-31 13:08:52,906 - INFO - [32mNMCS: COMPLETED LEVEL 1 // TOTAL MOVES: 73 // TIME: 1.13s // SIGNATURE: 0012413055[0m
2024-07-31 13:08:54,015 - INFO - [32mNMCS: COMPLETED LEVEL 1 // TOTAL MOVES: 77 // TIME: 1.11s // SIGNATURE: 0013537760[0m
2024-07-31 13:08:54,821 - INFO - [32mNMCS: COMPLETED LEVEL 1 // TOTAL MOVES: 69 // TIME: 0.81s // SIGNATURE: 0012955018[0m
2024-07-31 13:08:55,806 - INFO - [32mNMCS: COMPLETED LEVEL 1 // TOTAL MOVES: 68 // TIME: 0.98s // SIGNATURE: 0011399665[0m
2024-07-31 13:08:57,115 - INFO - [32mNMCS: COMPLETED LEVEL 1 // TOTAL MOVES: 72 // TIME: 1.31s // SIGNATURE: 0012849373[0m
2024-07-31 13:08:58,075 - INFO - [32mNMCS: COMPLETED LEVEL 1 // TOTAL MOVES: 69 // TIME: 0.96s // SIGNATURE: 0011725015[0m
2024-07-31 13:08:58,979 - INFO - [32mNMCS: COMPLETED LEVEL 1 // TOTAL MOVES: 74 // TIME: 0.90s // SIGNATURE: 0012393836[0m
2024-07-31 13:09:00,119 - INFO - [32mNMCS: COMPLETED LEVEL 1 // TOTAL MOVES: 70 // TIME: 1.14s // SIGNATURE: 0011649918[0m
2024-07-31 13:09:01,185 - INFO - [32mNMCS: COMPLETED LEVEL 1 // TOTAL MOVES: 69 // TIME: 1.07s // SIGNATURE: 0012113734[0m
2024-07-31 13:09:02,100 - INFO - [32mNMCS: COMPLETED LEVEL 1 // TOTAL MOVES: 72 // TIME: 0.91s // SIGNATURE: 0012659674[0m
2024-07-31 13:09:03,110 - INFO - [32mNMCS: COMPLETED LEVEL 1 // TOTAL MOVES: 83 // TIME: 1.01s // SIGNATURE: 0014846267[0m
2024-07-31 13:09:04,418 - INFO - [32mNMCS: COMPLETED LEVEL 1 // TOTAL MOVES: 71 // TIME: 1.31s // SIGNATURE: 0011928996[0m
2024-07-31 13:09:05,467 - INFO - [32mNMCS: COMPLETED LEVEL 1 // TOTAL MOVES: 71 // TIME: 1.05s // SIGNATURE: 0012178808[0m
2024-07-31 13:09:06,568 - INFO - [32mNMCS: COMPLETED LEVEL 1 // TOTAL MOVES: 72 // TIME: 1.10s // SIGNATURE: 0012528853[0m
2024-07-31 13:09:07,491 - INFO - [32mNMCS: COMPLETED LEVEL 1 // TOTAL MOVES: 72 // TIME: 0.92s // SIGNATURE: 0012030693[0m
2024-07-31 13:09:08,464 - INFO - [32mNMCS: COMPLETED LEVEL 1 // TOTAL MOVES: 75 // TIME: 0.97s // SIGNATURE: 0012598624[0m
2024-07-31 13:09:09,495 - INFO - [32mNMCS: COMPLETED LEVEL 1 // TOTAL MOVES: 74 // TIME: 1.03s // SIGNATURE: 0012888610[0m
2024-07-31 13:09:10,422 - INFO - [32mNMCS: COMPLETED LEVEL 1 // TOTAL MOVES: 69 // TIME: 0.93s // SIGNATURE: 0011365969[0m
2024-07-31 13:09:10,423 - INFO - [32mNMCS: COMPLETED LEVEL 2 // TOTAL MOVES: 83 // TIME: 27.11s // SIGNATURE: 0014846267[0m
2024-07-31 13:09:11,340 - INFO - [32mNMCS: COMPLETED LEVEL 1 // TOTAL MOVES: 69 // TIME: 0.91s // SIGNATURE: 0012108568[0m
2024-07-31 13:09:12,331 - INFO - [32mNMCS: COMPLETED LEVEL 1 // TOTAL MOVES: 72 // TIME: 0.99s // SIGNATURE: 0012805957[0m
2024-07-31 13:09:13,272 - INFO - [32mNMCS: COMPLETED LEVEL 1 // TOTAL MOVES: 72 // TIME: 0.94s // SIGNATURE: 0013464468[0m
2024-07-31 13:09:14,145 - INFO - [32mNMCS: COMPLETED LEVEL 1 // TOTAL MOVES: 72 // TIME: 0.87s // SIGNATURE: 0013055392[0m
2024-07-31 13:09:15,070 - INFO - [32mNMCS: COMPLETED LEVEL 1 // TOTAL MOVES: 78 // TIME: 0.92s // SIGNATURE: 0013620928[0m
2024-07-31 13:09:15,993 - INFO - [32mNMCS: COMPLETED LEVEL 1 // TOTAL MOVES: 67 // TIME: 0.92s // SIGNATURE: 0012251373[0m
2024-07-31 13:09:16,963 - INFO - [32mNMCS: COMPLETED LEVEL 1 // TOTAL MOVES: 68 // TIME: 0.97s // SIGNATURE: 0011992978[0m
2024-07-31 13:09:17,919 - INFO - [32mNMCS: COMPLETED LEVEL 1 // TOTAL MOVES: 69 // TIME: 0.95s // SIGNATURE: 0011948153[0m
2024-07-31 13:09:18,839 - INFO - [32mNMCS: COMPLETED LEVEL 1 // TOTAL MOVES: 69 // TIME: 0.92s // SIGNATURE: 0012346882[0m
2024-07-31 13:09:19,938 - INFO - [32mNMCS: COMPLETED LEVEL 1 // TOTAL MOVES: 70 // TIME: 1.10s // SIGNATURE: 0011871371[0m
2024-07-31 13:09:20,989 - INFO - [32mNMCS: COMPLETED LEVEL 1 // TOTAL MOVES: 73 // TIME: 1.05s // SIGNATURE: 0012740951[0m
2024-07-31 13:09:21,881 - INFO - [32mNMCS: COMPLETED LEVEL 1 // TOTAL MOVES: 68 // TIME: 0.89s // SIGNATURE: 0011452022[0m
2024-07-31 13:09:22,996 - INFO - [32mNMCS: COMPLETED LEVEL 1 // TOTAL MOVES: 72 // TIME: 1.11s // SIGNATURE: 0013747184[0m
2024-07-31 13:09:24,141 - INFO - [32mNMCS: COMPLETED LEVEL 1 // TOTAL MOVES: 88 // TIME: 1.14s // SIGNATURE: 0016005700[0m
2024-07-31 13:09:25,052 - INFO - [32mNMCS: COMPLETED LEVEL 1 // TOTAL MOVES: 71 // TIME: 0.91s // SIGNATURE: 0012485557[0m
2024-07-31 13:09:26,008 - INFO - [32mNMCS: COMPLETED LEVEL 1 // TOTAL MOVES: 68 // TIME: 0.95s // SIGNATURE: 0012389667[0m
2024-07-31 13:09:27,045 - INFO - [32mNMCS: COMPLETED LEVEL 1 // TOTAL MOVES: 71 // TIME: 1.04s // SIGNATURE: 0012417869[0m
2024-07-31 13:09:28,082 - INFO - [32mNMCS: COMPLETED LEVEL 1 // TOTAL MOVES: 72 // TIME: 1.04s // SIGNATURE: 0012572270[0m
2024-07-31 13:09:29,179 - INFO - [32mNMCS: COMPLETED LEVEL 1 // TOTAL MOVES: 75 // TIME: 1.10s // SIGNATURE: 0013947328[0m
2024-07-31 13:09:30,389 - INFO - [32mNMCS: COMPLETED LEVEL 1 // TOTAL MOVES: 69 // TIME: 1.21s // SIGNATURE: 0011465436[0m
2024-07-31 13:09:31,414 - INFO - [32mNMCS: COMPLETED LEVEL 1 // TOTAL MOVES: 68 // TIME: 1.02s // SIGNATURE: 0011229059[0m
2024-07-31 13:09:32,517 - INFO - [32mNMCS: COMPLETED LEVEL 1 // TOTAL MOVES: 73 // TIME: 1.10s // SIGNATURE: 0012419204[0m
2024-07-31 13:09:33,462 - INFO - [32mNMCS: COMPLETED LEVEL 1 // TOTAL MOVES: 70 // TIME: 0.94s // SIGNATURE: 0011546672[0m
2024-07-31 13:09:34,450 - INFO - [32mNMCS: COMPLETED LEVEL 1 // TOTAL MOVES: 73 // TIME: 0.99s // SIGNATURE: 0012706179[0m
2024-07-31 13:09:35,339 - INFO - [32mNMCS: COMPLETED LEVEL 1 // TOTAL MOVES: 73 // TIME: 0.89s // SIGNATURE: 0012540882[0m
2024-07-31 13:09:36,246 - INFO - [32mNMCS: COMPLETED LEVEL 1 // TOTAL MOVES: 72 // TIME: 0.91s // SIGNATURE: 0012681131[0m
2024-07-31 13:09:37,174 - INFO - [32mNMCS: COMPLETED LEVEL 1 // TOTAL MOVES: 74 // TIME: 0.93s // SIGNATURE: 0012516652[0m
2024-07-31 13:09:37,174 - INFO - [32mNMCS: COMPLETED LEVEL 2 // TOTAL MOVES: 88 // TIME: 26.75s // SIGNATURE: 0016005700[0m
2024-07-31 13:09:38,193 - INFO - [32mNMCS: COMPLETED LEVEL 1 // TOTAL MOVES: 69 // TIME: 1.01s // SIGNATURE: 0012027468[0m
2024-07-31 13:09:39,119 - INFO - [32mNMCS: COMPLETED LEVEL 1 // TOTAL MOVES: 69 // TIME: 0.92s // SIGNATURE: 0012512343[0m
2024-07-31 13:09:40,159 - INFO - [32mNMCS: COMPLETED LEVEL 1 // TOTAL MOVES: 72 // TIME: 1.04s // SIGNATURE: 0012836008[0m
2024-07-31 13:09:41,172 - INFO - [32mNMCS: COMPLETED LEVEL 1 // TOTAL MOVES: 72 // TIME: 1.01s // SIGNATURE: 0012544269[0m
2024-07-31 13:09:42,181 - INFO - [32mNMCS: COMPLETED LEVEL 1 // TOTAL MOVES: 80 // TIME: 1.01s // SIGNATURE: 0012812651[0m
2024-07-31 13:09:43,120 - INFO - [32mNMCS: COMPLETED LEVEL 1 // TOTAL MOVES: 74 // TIME: 0.94s // SIGNATURE: 0013133847[0m
2024-07-31 13:09:43,973 - INFO - [32mNMCS: COMPLETED LEVEL 1 // TOTAL MOVES: 73 // TIME: 0.85s // SIGNATURE: 0012354483[0m
2024-07-31 13:09:45,107 - INFO - [32mNMCS: COMPLETED LEVEL 1 // TOTAL MOVES: 73 // TIME: 1.13s // SIGNATURE: 0012823302[0m
2024-07-31 13:09:46,188 - INFO - [32mNMCS: COMPLETED LEVEL 1 // TOTAL MOVES: 71 // TIME: 1.08s // SIGNATURE: 0012214155[0m
2024-07-31 13:09:47,111 - INFO - [32mNMCS: COMPLETED LEVEL 1 // TOTAL MOVES: 74 // TIME: 0.92s // SIGNATURE: 0013115364[0m
2024-07-31 13:09:48,229 - INFO - [32mNMCS: COMPLETED LEVEL 1 // TOTAL MOVES: 70 // TIME: 1.12s // SIGNATURE: 0012565542[0m
2024-07-31 13:09:49,296 - INFO - [32mNMCS: COMPLETED LEVEL 1 // TOTAL MOVES: 76 // TIME: 1.07s // SIGNATURE: 0013778016[0m
2024-07-31 13:09:50,415 - INFO - [32mNMCS: COMPLETED LEVEL 1 // TOTAL MOVES: 72 // TIME: 1.12s // SIGNATURE: 0011842385[0m
2024-07-31 13:09:51,508 - INFO - [32mNMCS: COMPLETED LEVEL 1 // TOTAL MOVES: 70 // TIME: 1.09s // SIGNATURE: 0012116920[0m
2024-07-31 13:09:52,465 - INFO - [32mNMCS: COMPLETED LEVEL 1 // TOTAL MOVES: 68 // TIME: 0.96s // SIGNATURE: 0012384379[0m
2024-07-31 13:09:53,497 - INFO - [32mNMCS: COMPLETED LEVEL 1 // TOTAL MOVES: 74 // TIME: 1.03s // SIGNATURE: 0013231785[0m
2024-07-31 13:09:54,595 - INFO - [32mNMCS: COMPLETED LEVEL 1 // TOTAL MOVES: 69 // TIME: 1.10s // SIGNATURE: 0011551936[0m
2024-07-31 13:09:55,557 - INFO - [32mNMCS: COMPLETED LEVEL 1 // TOTAL MOVES: 72 // TIME: 0.96s // SIGNATURE: 0012407513[0m
2024-07-31 13:09:56,615 - INFO - [32mNMCS: COMPLETED LEVEL 1 // TOTAL MOVES: 69 // TIME: 1.06s // SIGNATURE: 0011955184[0m
2024-07-31 13:09:57,648 - INFO - [32mNMCS: COMPLETED LEVEL 1 // TOTAL MOVES: 74 // TIME: 1.03s // SIGNATURE: 0012053250[0m
2024-07-31 13:09:58,685 - INFO - [32mNMCS: COMPLETED LEVEL 1 // TOTAL MOVES: 72 // TIME: 1.04s // SIGNATURE: 0012221976[0m
2024-07-31 13:09:59,645 - INFO - [32mNMCS: COMPLETED LEVEL 1 // TOTAL MOVES: 68 // TIME: 0.96s // SIGNATURE: 0011477255[0m
2024-07-31 13:10:00,674 - INFO - [32mNMCS: COMPLETED LEVEL 1 // TOTAL MOVES: 70 // TIME: 1.03s // SIGNATURE: 0011991961[0m
2024-07-31 13:10:01,651 - INFO - [32mNMCS: COMPLETED LEVEL 1 // TOTAL MOVES: 71 // TIME: 0.98s // SIGNATURE: 0012760512[0m
2024-07-31 13:10:02,684 - INFO - [32mNMCS: COMPLETED LEVEL 1 // TOTAL MOVES: 71 // TIME: 1.03s // SIGNATURE: 0012698060[0m
2024-07-31 13:10:03,802 - INFO - [32mNMCS: COMPLETED LEVEL 1 // TOTAL MOVES: 73 // TIME: 1.12s // SIGNATURE: 0011989427[0m
2024-07-31 13:10:03,803 - INFO - [32mNMCS: COMPLETED LEVEL 2 // TOTAL MOVES: 80 // TIME: 26.63s // SIGNATURE: 0012812651[0m
2024-07-31 13:10:04,785 - INFO - [32mNMCS: COMPLETED LEVEL 1 // TOTAL MOVES: 70 // TIME: 0.98s // SIGNATURE: 0011717812[0m
2024-07-31 13:10:05,804 - INFO - [32mNMCS: COMPLETED LEVEL 1 // TOTAL MOVES: 75 // TIME: 1.02s // SIGNATURE: 0012535081[0m
2024-07-31 13:10:06,741 - INFO - [32mNMCS: COMPLETED LEVEL 1 // TOTAL MOVES: 71 // TIME: 0.94s // SIGNATURE: 0012186815[0m
2024-07-31 13:10:07,739 - INFO - [32mNMCS: COMPLETED LEVEL 1 // TOTAL MOVES: 70 // TIME: 1.00s // SIGNATURE: 0013187266[0m
2024-07-31 13:10:08,790 - INFO - [32mNMCS: COMPLETED LEVEL 1 // TOTAL MOVES: 70 // TIME: 1.05s // SIGNATURE: 0011566933[0m
2024-07-31 13:10:09,767 - INFO - [32mNMCS: COMPLETED LEVEL 1 // TOTAL MOVES: 69 // TIME: 0.98s // SIGNATURE: 0012653146[0m
2024-07-31 13:10:10,733 - INFO - [32mNMCS: COMPLETED LEVEL 1 // TOTAL MOVES: 77 // TIME: 0.97s // SIGNATURE: 0012955852[0m
2024-07-31 13:10:11,775 - INFO - [32mNMCS: COMPLETED LEVEL 1 // TOTAL MOVES: 72 // TIME: 1.04s // SIGNATURE: 0013677082[0m
2024-07-31 13:10:12,990 - INFO - [32mNMCS: COMPLETED LEVEL 1 // TOTAL MOVES: 76 // TIME: 1.21s // SIGNATURE: 0013524812[0m
2024-07-31 13:10:14,038 - INFO - [32mNMCS: COMPLETED LEVEL 1 // TOTAL MOVES: 80 // TIME: 1.05s // SIGNATURE: 0014470407[0m
2024-07-31 13:10:15,090 - INFO - [32mNMCS: COMPLETED LEVEL 1 // TOTAL MOVES: 75 // TIME: 1.05s // SIGNATURE: 0013320257[0m
2024-07-31 13:10:16,244 - INFO - [32mNMCS: COMPLETED LEVEL 1 // TOTAL MOVES: 71 // TIME: 1.15s // SIGNATURE: 0012543224[0m
2024-07-31 13:10:17,389 - INFO - [32mNMCS: COMPLETED LEVEL 1 // TOTAL MOVES: 72 // TIME: 1.14s // SIGNATURE: 0013187129[0m
2024-07-31 13:10:18,452 - INFO - [32mNMCS: COMPLETED LEVEL 1 // TOTAL MOVES: 71 // TIME: 1.06s // SIGNATURE: 0012227908[0m
2024-07-31 13:10:19,436 - INFO - [32mNMCS: COMPLETED LEVEL 1 // TOTAL MOVES: 71 // TIME: 0.98s // SIGNATURE: 0012830217[0m
2024-07-31 13:10:20,578 - INFO - [32mNMCS: COMPLETED LEVEL 1 // TOTAL MOVES: 69 // TIME: 1.14s // SIGNATURE: 0011857500[0m
2024-07-31 13:10:21,620 - INFO - [32mNMCS: COMPLETED LEVEL 1 // TOTAL MOVES: 72 // TIME: 1.04s // SIGNATURE: 0012190418[0m
2024-07-31 13:10:22,544 - INFO - [32mNMCS: COMPLETED LEVEL 1 // TOTAL MOVES: 67 // TIME: 0.92s // SIGNATURE: 0011370893[0m
2024-07-31 13:10:23,625 - INFO - [32mNMCS: COMPLETED LEVEL 1 // TOTAL MOVES: 69 // TIME: 1.08s // SIGNATURE: 0012910390[0m
2024-07-31 13:10:24,637 - INFO - [32mNMCS: COMPLETED LEVEL 1 // TOTAL MOVES: 71 // TIME: 1.01s // SIGNATURE: 0012629821[0m
2024-07-31 13:10:25,610 - INFO - [32mNMCS: COMPLETED LEVEL 1 // TOTAL MOVES: 73 // TIME: 0.97s // SIGNATURE: 0012944075[0m
2024-07-31 13:10:26,636 - INFO - [32mNMCS: COMPLETED LEVEL 1 // TOTAL MOVES: 71 // TIME: 1.03s // SIGNATURE: 0012848473[0m
2024-07-31 13:10:27,494 - INFO - [32mNMCS: COMPLETED LEVEL 1 // TOTAL MOVES: 73 // TIME: 0.86s // SIGNATURE: 0012803674[0m
2024-07-31 13:10:28,580 - INFO - [32mNMCS: COMPLETED LEVEL 1 // TOTAL MOVES: 68 // TIME: 1.09s // SIGNATURE: 0012641429[0m
2024-07-31 13:10:29,502 - INFO - [32mNMCS: COMPLETED LEVEL 1 // TOTAL MOVES: 70 // TIME: 0.92s // SIGNATURE: 0012506169[0m
2024-07-31 13:10:30,363 - INFO - [32mNMCS: COMPLETED LEVEL 1 // TOTAL MOVES: 69 // TIME: 0.86s // SIGNATURE: 0011631153[0m
2024-07-31 13:10:30,364 - INFO - [32mNMCS: COMPLETED LEVEL 2 // TOTAL MOVES: 80 // TIME: 26.56s // SIGNATURE: 0014470407[0m
2024-07-31 13:10:31,338 - INFO - [32mNMCS: COMPLETED LEVEL 1 // TOTAL MOVES: 70 // TIME: 0.97s // SIGNATURE: 0012045220[0m
2024-07-31 13:10:32,246 - INFO - [32mNMCS: COMPLETED LEVEL 1 // TOTAL MOVES: 72 // TIME: 0.91s // SIGNATURE: 0012346268[0m
2024-07-31 13:10:33,276 - INFO - [32mNMCS: COMPLETED LEVEL 1 // TOTAL MOVES: 74 // TIME: 1.03s // SIGNATURE: 0012920665[0m
2024-07-31 13:10:34,290 - INFO - [32mNMCS: COMPLETED LEVEL 1 // TOTAL MOVES: 71 // TIME: 1.01s // SIGNATURE: 0011960791[0m
2024-07-31 13:10:35,326 - INFO - [32mNMCS: COMPLETED LEVEL 1 // TOTAL MOVES: 71 // TIME: 1.03s // SIGNATURE: 0012616899[0m
2024-07-31 13:10:36,368 - INFO - [32mNMCS: COMPLETED LEVEL 1 // TOTAL MOVES: 71 // TIME: 1.04s // SIGNATURE: 0011742881[0m
2024-07-31 13:10:37,274 - INFO - [32mNMCS: COMPLETED LEVEL 1 // TOTAL MOVES: 68 // TIME: 0.90s // SIGNATURE: 0011716085[0m
2024-07-31 13:10:38,245 - INFO - [32mNMCS: COMPLETED LEVEL 1 // TOTAL MOVES: 72 // TIME: 0.97s // SIGNATURE: 0011699754[0m
2024-07-31 13:10:39,345 - INFO - [32mNMCS: COMPLETED LEVEL 1 // TOTAL MOVES: 68 // TIME: 1.10s // SIGNATURE: 0011745735[0m
2024-07-31 13:10:40,406 - INFO - [32mNMCS: COMPLETED LEVEL 1 // TOTAL MOVES: 72 // TIME: 1.06s // SIGNATURE: 0012295038[0m
2024-07-31 13:10:41,396 - INFO - [32mNMCS: COMPLETED LEVEL 1 // TOTAL MOVES: 86 // TIME: 0.99s // SIGNATURE: 0014634759[0m
2024-07-31 13:10:42,429 - INFO - [32mNMCS: COMPLETED LEVEL 1 // TOTAL MOVES: 74 // TIME: 1.03s // SIGNATURE: 0013204760[0m
2024-07-31 13:10:43,508 - INFO - [32mNMCS: COMPLETED LEVEL 1 // TOTAL MOVES: 69 // TIME: 1.08s // SIGNATURE: 0011840156[0m
2024-07-31 13:10:44,550 - INFO - [32mNMCS: COMPLETED LEVEL 1 // TOTAL MOVES: 70 // TIME: 1.04s // SIGNATURE: 0012507876[0m
2024-07-31 13:10:45,644 - INFO - [32mNMCS: COMPLETED LEVEL 1 // TOTAL MOVES: 69 // TIME: 1.09s // SIGNATURE: 0012656070[0m
2024-07-31 13:10:46,577 - INFO - [32mNMCS: COMPLETED LEVEL 1 // TOTAL MOVES: 71 // TIME: 0.93s // SIGNATURE: 0012735416[0m
2024-07-31 13:10:47,607 - INFO - [32mNMCS: COMPLETED LEVEL 1 // TOTAL MOVES: 71 // TIME: 1.03s // SIGNATURE: 0011617716[0m
2024-07-31 13:10:48,657 - INFO - [32mNMCS: COMPLETED LEVEL 1 // TOTAL MOVES: 71 // TIME: 1.05s // SIGNATURE: 0012008462[0m
2024-07-31 13:10:49,614 - INFO - [32mNMCS: COMPLETED LEVEL 1 // TOTAL MOVES: 70 // TIME: 0.96s // SIGNATURE: 0012683027[0m
2024-07-31 13:10:50,741 - INFO - [32mNMCS: COMPLETED LEVEL 1 // TOTAL MOVES: 72 // TIME: 1.13s // SIGNATURE: 0012558813[0m
2024-07-31 13:10:51,809 - INFO - [32mNMCS: COMPLETED LEVEL 1 // TOTAL MOVES: 69 // TIME: 1.07s // SIGNATURE: 0012805584[0m
2024-07-31 13:10:52,804 - INFO - [32mNMCS: COMPLETED LEVEL 1 // TOTAL MOVES: 73 // TIME: 1.00s // SIGNATURE: 0012024905[0m
2024-07-31 13:10:53,825 - INFO - [32mNMCS: COMPLETED LEVEL 1 // TOTAL MOVES: 68 // TIME: 1.02s // SIGNATURE: 0012241242[0m
2024-07-31 13:10:54,855 - INFO - [32mNMCS: COMPLETED LEVEL 1 // TOTAL MOVES: 69 // TIME: 1.03s // SIGNATURE: 0012269273[0m
2024-07-31 13:10:55,753 - INFO - [32mNMCS: COMPLETED LEVEL 1 // TOTAL MOVES: 71 // TIME: 0.90s // SIGNATURE: 0012553999[0m
2024-07-31 13:10:56,673 - INFO - [32mNMCS: COMPLETED LEVEL 1 // TOTAL MOVES: 68 // TIME: 0.92s // SIGNATURE: 0011414501[0m
2024-07-31 13:10:56,674 - INFO - [32mNMCS: COMPLETED LEVEL 2 // TOTAL MOVES: 86 // TIME: 26.31s // SIGNATURE: 0014634759[0m
2024-07-31 13:10:57,539 - INFO - [32mNMCS: COMPLETED LEVEL 1 // TOTAL MOVES: 79 // TIME: 0.86s // SIGNATURE: 0012913403[0m
2024-07-31 13:10:58,514 - INFO - [32mNMCS: COMPLETED LEVEL 1 // TOTAL MOVES: 68 // TIME: 0.97s // SIGNATURE: 0011444956[0m
2024-07-31 13:10:59,522 - INFO - [32mNMCS: COMPLETED LEVEL 1 // TOTAL MOVES: 71 // TIME: 1.01s // SIGNATURE: 0012123845[0m
2024-07-31 13:11:00,515 - INFO - [32mNMCS: COMPLETED LEVEL 1 // TOTAL MOVES: 71 // TIME: 0.99s // SIGNATURE: 0012435578[0m
2024-07-31 13:11:01,473 - INFO - [32mNMCS: COMPLETED LEVEL 1 // TOTAL MOVES: 74 // TIME: 0.96s // SIGNATURE: 0013371446[0m
2024-07-31 13:11:02,414 - INFO - [32mNMCS: COMPLETED LEVEL 1 // TOTAL MOVES: 68 // TIME: 0.94s // SIGNATURE: 0011365555[0m
2024-07-31 13:11:03,403 - INFO - [32mNMCS: COMPLETED LEVEL 1 // TOTAL MOVES: 73 // TIME: 0.99s // SIGNATURE: 0013491431[0m
2024-07-31 13:11:04,444 - INFO - [32mNMCS: COMPLETED LEVEL 1 // TOTAL MOVES: 74 // TIME: 1.04s // SIGNATURE: 0012958221[0m
2024-07-31 13:11:05,602 - INFO - [32mNMCS: COMPLETED LEVEL 1 // TOTAL MOVES: 80 // TIME: 1.16s // SIGNATURE: 0014521613[0m
2024-07-31 13:11:06,734 - INFO - [32mNMCS: COMPLETED LEVEL 1 // TOTAL MOVES: 74 // TIME: 1.13s // SIGNATURE: 0013131353[0m
2024-07-31 13:11:07,690 - INFO - [32mNMCS: COMPLETED LEVEL 1 // TOTAL MOVES: 70 // TIME: 0.95s // SIGNATURE: 0012232176[0m
2024-07-31 13:11:08,721 - INFO - [32mNMCS: COMPLETED LEVEL 1 // TOTAL MOVES: 71 // TIME: 1.03s // SIGNATURE: 0012079727[0m
2024-07-31 13:11:09,839 - INFO - [32mNMCS: COMPLETED LEVEL 1 // TOTAL MOVES: 68 // TIME: 1.12s // SIGNATURE: 0012015773[0m
2024-07-31 13:11:10,990 - INFO - [32mNMCS: COMPLETED LEVEL 1 // TOTAL MOVES: 72 // TIME: 1.15s // SIGNATURE: 0013265935[0m
2024-07-31 13:11:12,172 - INFO - [32mNMCS: COMPLETED LEVEL 1 // TOTAL MOVES: 71 // TIME: 1.18s // SIGNATURE: 0012187817[0m
2024-07-31 13:11:13,300 - INFO - [32mNMCS: COMPLETED LEVEL 1 // TOTAL MOVES: 73 // TIME: 1.13s // SIGNATURE: 0012450813[0m
2024-07-31 13:11:14,458 - INFO - [32mNMCS: COMPLETED LEVEL 1 // TOTAL MOVES: 75 // TIME: 1.16s // SIGNATURE: 0013842628[0m
2024-07-31 13:11:15,544 - INFO - [32mNMCS: COMPLETED LEVEL 1 // TOTAL MOVES: 69 // TIME: 1.09s // SIGNATURE: 0012588181[0m
2024-07-31 13:11:16,578 - INFO - [32mNMCS: COMPLETED LEVEL 1 // TOTAL MOVES: 70 // TIME: 1.03s // SIGNATURE: 0012179751[0m
2024-07-31 13:11:17,612 - INFO - [32mNMCS: COMPLETED LEVEL 1 // TOTAL MOVES: 76 // TIME: 1.03s // SIGNATURE: 0013468176[0m
2024-07-31 13:11:18,745 - INFO - [32mNMCS: COMPLETED LEVEL 1 // TOTAL MOVES: 77 // TIME: 1.13s // SIGNATURE: 0012064119[0m
2024-07-31 13:11:19,821 - INFO - [32mNMCS: COMPLETED LEVEL 1 // TOTAL MOVES: 73 // TIME: 1.08s // SIGNATURE: 0012437875[0m
2024-07-31 13:11:20,789 - INFO - [32mNMCS: COMPLETED LEVEL 1 // TOTAL MOVES: 75 // TIME: 0.97s // SIGNATURE: 0012777591[0m
2024-07-31 13:11:21,839 - INFO - [32mNMCS: COMPLETED LEVEL 1 // TOTAL MOVES: 72 // TIME: 1.05s // SIGNATURE: 0013063751[0m
2024-07-31 13:11:22,909 - INFO - [32mNMCS: COMPLETED LEVEL 1 // TOTAL MOVES: 80 // TIME: 1.07s // SIGNATURE: 0014733691[0m
2024-07-31 13:11:23,914 - INFO - [32mNMCS: COMPLETED LEVEL 1 // TOTAL MOVES: 75 // TIME: 1.00s // SIGNATURE: 0012746910[0m
2024-07-31 13:11:25,001 - INFO - [32mNMCS: COMPLETED LEVEL 1 // TOTAL MOVES: 77 // TIME: 1.09s // SIGNATURE: 0013196506[0m
2024-07-31 13:11:25,002 - INFO - [32mNMCS: COMPLETED LEVEL 2 // TOTAL MOVES: 80 // TIME: 28.33s // SIGNATURE: 0014521613[0m
2024-07-31 13:11:26,003 - INFO - [32mNMCS: COMPLETED LEVEL 1 // TOTAL MOVES: 69 // TIME: 1.00s // SIGNATURE: 0011511193[0m
2024-07-31 13:11:27,046 - INFO - [32mNMCS: COMPLETED LEVEL 1 // TOTAL MOVES: 72 // TIME: 1.04s // SIGNATURE: 0012893489[0m
2024-07-31 13:11:28,076 - INFO - [32mNMCS: COMPLETED LEVEL 1 // TOTAL MOVES: 75 // TIME: 1.03s // SIGNATURE: 0013804474[0m
2024-07-31 13:11:29,143 - INFO - [32mNMCS: COMPLETED LEVEL 1 // TOTAL MOVES: 73 // TIME: 1.07s // SIGNATURE: 0013363167[0m
2024-07-31 13:11:30,104 - INFO - [32mNMCS: COMPLETED LEVEL 1 // TOTAL MOVES: 71 // TIME: 0.96s // SIGNATURE: 0012015116[0m
2024-07-31 13:11:31,173 - INFO - [32mNMCS: COMPLETED LEVEL 1 // TOTAL MOVES: 77 // TIME: 1.07s // SIGNATURE: 0013130634[0m
2024-07-31 13:11:32,123 - INFO - [32mNMCS: COMPLETED LEVEL 1 // TOTAL MOVES: 73 // TIME: 0.95s // SIGNATURE: 0012719422[0m
2024-07-31 13:11:33,057 - INFO - [32mNMCS: COMPLETED LEVEL 1 // TOTAL MOVES: 70 // TIME: 0.93s // SIGNATURE: 0012600350[0m
2024-07-31 13:11:34,273 - INFO - [32mNMCS: COMPLETED LEVEL 1 // TOTAL MOVES: 73 // TIME: 1.21s // SIGNATURE: 0012534472[0m
2024-07-31 13:11:35,424 - INFO - [32mNMCS: COMPLETED LEVEL 1 // TOTAL MOVES: 77 // TIME: 1.15s // SIGNATURE: 0013653687[0m
2024-07-31 13:11:36,370 - INFO - [32mNMCS: COMPLETED LEVEL 1 // TOTAL MOVES: 75 // TIME: 0.95s // SIGNATURE: 0013073767[0m
2024-07-31 13:11:37,514 - INFO - [32mNMCS: COMPLETED LEVEL 1 // TOTAL MOVES: 74 // TIME: 1.14s // SIGNATURE: 0012761426[0m
2024-07-31 13:11:38,671 - INFO - [32mNMCS: COMPLETED LEVEL 1 // TOTAL MOVES: 71 // TIME: 1.16s // SIGNATURE: 0011614889[0m
2024-07-31 13:11:39,784 - INFO - [32mNMCS: COMPLETED LEVEL 1 // TOTAL MOVES: 69 // TIME: 1.11s // SIGNATURE: 0011937272[0m
2024-07-31 13:11:40,920 - INFO - [32mNMCS: COMPLETED LEVEL 1 // TOTAL MOVES: 70 // TIME: 1.13s // SIGNATURE: 0012243181[0m
2024-07-31 13:11:42,016 - INFO - [32mNMCS: COMPLETED LEVEL 1 // TOTAL MOVES: 74 // TIME: 1.10s // SIGNATURE: 0013029886[0m
2024-07-31 13:11:43,122 - INFO - [32mNMCS: COMPLETED LEVEL 1 // TOTAL MOVES: 73 // TIME: 1.10s // SIGNATURE: 0013500875[0m
2024-07-31 13:11:44,251 - INFO - [32mNMCS: COMPLETED LEVEL 1 // TOTAL MOVES: 74 // TIME: 1.13s // SIGNATURE: 0012099241[0m
2024-07-31 13:11:45,171 - INFO - [32mNMCS: COMPLETED LEVEL 1 // TOTAL MOVES: 71 // TIME: 0.92s // SIGNATURE: 0012750004[0m
2024-07-31 13:11:46,178 - INFO - [32mNMCS: COMPLETED LEVEL 1 // TOTAL MOVES: 75 // TIME: 1.01s // SIGNATURE: 0013372349[0m
2024-07-31 13:11:47,294 - INFO - [32mNMCS: COMPLETED LEVEL 1 // TOTAL MOVES: 72 // TIME: 1.11s // SIGNATURE: 0012297541[0m
2024-07-31 13:11:48,403 - INFO - [32mNMCS: COMPLETED LEVEL 1 // TOTAL MOVES: 76 // TIME: 1.11s // SIGNATURE: 0012677641[0m
2024-07-31 13:11:49,400 - INFO - [32mNMCS: COMPLETED LEVEL 1 // TOTAL MOVES: 69 // TIME: 1.00s // SIGNATURE: 0011522984[0m
2024-07-31 13:11:50,307 - INFO - [32mNMCS: COMPLETED LEVEL 1 // TOTAL MOVES: 74 // TIME: 0.91s // SIGNATURE: 0013075358[0m
2024-07-31 13:11:51,334 - INFO - [32mNMCS: COMPLETED LEVEL 1 // TOTAL MOVES: 67 // TIME: 1.03s // SIGNATURE: 0011976428[0m
2024-07-31 13:11:52,346 - INFO - [32mNMCS: COMPLETED LEVEL 1 // TOTAL MOVES: 70 // TIME: 1.01s // SIGNATURE: 0012178400[0m
2024-07-31 13:11:53,405 - INFO - [32mNMCS: COMPLETED LEVEL 1 // TOTAL MOVES: 67 // TIME: 1.06s // SIGNATURE: 0011603463[0m
2024-07-31 13:11:53,405 - INFO - [32mNMCS: COMPLETED LEVEL 2 // TOTAL MOVES: 77 // TIME: 28.40s // SIGNATURE: 0013130634[0m
2024-07-31 13:11:54,388 - INFO - [32mNMCS: COMPLETED LEVEL 1 // TOTAL MOVES: 68 // TIME: 0.98s // SIGNATURE: 0011635983[0m
2024-07-31 13:11:55,296 - INFO - [32mNMCS: COMPLETED LEVEL 1 // TOTAL MOVES: 73 // TIME: 0.91s // SIGNATURE: 0013427477[0m
2024-07-31 13:11:56,297 - INFO - [32mNMCS: COMPLETED LEVEL 1 // TOTAL MOVES: 72 // TIME: 1.00s // SIGNATURE: 0012845927[0m
2024-07-31 13:11:57,287 - INFO - [32mNMCS: COMPLETED LEVEL 1 // TOTAL MOVES: 69 // TIME: 0.99s // SIGNATURE: 0011367818[0m
2024-07-31 13:11:58,277 - INFO - [32mNMCS: COMPLETED LEVEL 1 // TOTAL MOVES: 69 // TIME: 0.99s // SIGNATURE: 0011436611[0m
2024-07-31 13:11:59,303 - INFO - [32mNMCS: COMPLETED LEVEL 1 // TOTAL MOVES: 69 // TIME: 1.03s // SIGNATURE: 0011925687[0m
2024-07-31 13:12:00,380 - INFO - [32mNMCS: COMPLETED LEVEL 1 // TOTAL MOVES: 71 // TIME: 1.08s // SIGNATURE: 0012586245[0m
2024-07-31 13:12:01,373 - INFO - [32mNMCS: COMPLETED LEVEL 1 // TOTAL MOVES: 75 // TIME: 0.99s // SIGNATURE: 0013627523[0m
2024-07-31 13:12:02,504 - INFO - [32mNMCS: COMPLETED LEVEL 1 // TOTAL MOVES: 70 // TIME: 1.13s // SIGNATURE: 0012784430[0m
2024-07-31 13:12:03,592 - INFO - [32mNMCS: COMPLETED LEVEL 1 // TOTAL MOVES: 71 // TIME: 1.09s // SIGNATURE: 0011924702[0m
2024-07-31 13:12:04,510 - INFO - [32mNMCS: COMPLETED LEVEL 1 // TOTAL MOVES: 78 // TIME: 0.92s // SIGNATURE: 0013546784[0m
2024-07-31 13:12:05,582 - INFO - [32mNMCS: COMPLETED LEVEL 1 // TOTAL MOVES: 72 // TIME: 1.07s // SIGNATURE: 0012942979[0m
2024-07-31 13:12:06,609 - INFO - [32mNMCS: COMPLETED LEVEL 1 // TOTAL MOVES: 71 // TIME: 1.03s // SIGNATURE: 0012411789[0m
2024-07-31 13:12:07,813 - INFO - [32mNMCS: COMPLETED LEVEL 1 // TOTAL MOVES: 72 // TIME: 1.20s // SIGNATURE: 0012652079[0m
2024-07-31 13:12:08,867 - INFO - [32mNMCS: COMPLETED LEVEL 1 // TOTAL MOVES: 69 // TIME: 1.05s // SIGNATURE: 0012216191[0m
2024-07-31 13:12:09,857 - INFO - [32mNMCS: COMPLETED LEVEL 1 // TOTAL MOVES: 75 // TIME: 0.99s // SIGNATURE: 0013319269[0m
2024-07-31 13:12:10,912 - INFO - [32mNMCS: COMPLETED LEVEL 1 // TOTAL MOVES: 68 // TIME: 1.05s // SIGNATURE: 0011896306[0m
2024-07-31 13:12:11,940 - INFO - [32mNMCS: COMPLETED LEVEL 1 // TOTAL MOVES: 78 // TIME: 1.03s // SIGNATURE: 0013814062[0m
2024-07-31 13:12:12,906 - INFO - [32mNMCS: COMPLETED LEVEL 1 // TOTAL MOVES: 69 // TIME: 0.96s // SIGNATURE: 0012450654[0m
2024-07-31 13:12:13,947 - INFO - [32mNMCS: COMPLETED LEVEL 1 // TOTAL MOVES: 67 // TIME: 1.04s // SIGNATURE: 0011779724[0m
2024-07-31 13:12:15,000 - INFO - [32mNMCS: COMPLETED LEVEL 1 // TOTAL MOVES: 71 // TIME: 1.05s // SIGNATURE: 0012618361[0m
2024-07-31 13:12:15,962 - INFO - [32mNMCS: COMPLETED LEVEL 1 // TOTAL MOVES: 69 // TIME: 0.96s // SIGNATURE: 0011982477[0m
2024-07-31 13:12:17,050 - INFO - [32mNMCS: COMPLETED LEVEL 1 // TOTAL MOVES: 70 // TIME: 1.09s // SIGNATURE: 0012337608[0m
2024-07-31 13:12:18,054 - INFO - [32mNMCS: COMPLETED LEVEL 1 // TOTAL MOVES: 69 // TIME: 1.00s // SIGNATURE: 0011437944[0m
2024-07-31 13:12:18,987 - INFO - [32mNMCS: COMPLETED LEVEL 1 // TOTAL MOVES: 71 // TIME: 0.93s // SIGNATURE: 0012691383[0m
2024-07-31 13:12:19,972 - INFO - [32mNMCS: COMPLETED LEVEL 1 // TOTAL MOVES: 77 // TIME: 0.98s // SIGNATURE: 0013781519[0m
2024-07-31 13:12:19,973 - INFO - [32mNMCS: COMPLETED LEVEL 2 // TOTAL MOVES: 78 // TIME: 26.57s // SIGNATURE: 0013546784[0m
2024-07-31 13:12:20,952 - INFO - [32mNMCS: COMPLETED LEVEL 1 // TOTAL MOVES: 71 // TIME: 0.97s // SIGNATURE: 0011574179[0m
2024-07-31 13:12:21,828 - INFO - [32mNMCS: COMPLETED LEVEL 1 // TOTAL MOVES: 77 // TIME: 0.88s // SIGNATURE: 0014162297[0m
2024-07-31 13:12:22,703 - INFO - [32mNMCS: COMPLETED LEVEL 1 // TOTAL MOVES: 72 // TIME: 0.87s // SIGNATURE: 0012251555[0m
2024-07-31 13:12:23,768 - INFO - [32mNMCS: COMPLETED LEVEL 1 // TOTAL MOVES: 68 // TIME: 1.06s // SIGNATURE: 0011924771[0m
2024-07-31 13:12:24,663 - INFO - [32mNMCS: COMPLETED LEVEL 1 // TOTAL MOVES: 70 // TIME: 0.89s // SIGNATURE: 0013431768[0m
2024-07-31 13:12:25,664 - INFO - [32mNMCS: COMPLETED LEVEL 1 // TOTAL MOVES: 68 // TIME: 1.00s // SIGNATURE: 0012276868[0m
2024-07-31 13:12:26,558 - INFO - [32mNMCS: COMPLETED LEVEL 1 // TOTAL MOVES: 68 // TIME: 0.89s // SIGNATURE: 0011736694[0m
2024-07-31 13:12:27,596 - INFO - [32mNMCS: COMPLETED LEVEL 1 // TOTAL MOVES: 69 // TIME: 1.04s // SIGNATURE: 0012004645[0m
2024-07-31 13:12:28,688 - INFO - [32mNMCS: COMPLETED LEVEL 1 // TOTAL MOVES: 84 // TIME: 1.09s // SIGNATURE: 0015352999[0m
2024-07-31 13:12:29,609 - INFO - [32mNMCS: COMPLETED LEVEL 1 // TOTAL MOVES: 69 // TIME: 0.92s // SIGNATURE: 0012361766[0m
2024-07-31 13:12:30,718 - INFO - [32mNMCS: COMPLETED LEVEL 1 // TOTAL MOVES: 72 // TIME: 1.11s // SIGNATURE: 0012925304[0m
2024-07-31 13:12:31,839 - INFO - [32mNMCS: COMPLETED LEVEL 1 // TOTAL MOVES: 72 // TIME: 1.12s // SIGNATURE: 0013213903[0m
2024-07-31 13:12:32,858 - INFO - [32mNMCS: COMPLETED LEVEL 1 // TOTAL MOVES: 72 // TIME: 1.02s // SIGNATURE: 0012104511[0m
2024-07-31 13:12:33,948 - INFO - [32mNMCS: COMPLETED LEVEL 1 // TOTAL MOVES: 71 // TIME: 1.09s // SIGNATURE: 0012909615[0m
2024-07-31 13:12:34,901 - INFO - [32mNMCS: COMPLETED LEVEL 1 // TOTAL MOVES: 68 // TIME: 0.95s // SIGNATURE: 0012251305[0m
2024-07-31 13:12:35,926 - INFO - [32mNMCS: COMPLETED LEVEL 1 // TOTAL MOVES: 73 // TIME: 1.02s // SIGNATURE: 0013168346[0m
2024-07-31 13:12:37,003 - INFO - [32mNMCS: COMPLETED LEVEL 1 // TOTAL MOVES: 75 // TIME: 1.08s // SIGNATURE: 0011872128[0m
2024-07-31 13:12:38,125 - INFO - [32mNMCS: COMPLETED LEVEL 1 // TOTAL MOVES: 75 // TIME: 1.12s // SIGNATURE: 0012789332[0m
2024-07-31 13:12:39,111 - INFO - [32mNMCS: COMPLETED LEVEL 1 // TOTAL MOVES: 72 // TIME: 0.99s // SIGNATURE: 0012233374[0m
2024-07-31 13:12:40,012 - INFO - [32mNMCS: COMPLETED LEVEL 1 // TOTAL MOVES: 72 // TIME: 0.90s // SIGNATURE: 0012601293[0m
2024-07-31 13:12:41,041 - INFO - [32mNMCS: COMPLETED LEVEL 1 // TOTAL MOVES: 72 // TIME: 1.03s // SIGNATURE: 0012051163[0m
2024-07-31 13:12:42,112 - INFO - [32mNMCS: COMPLETED LEVEL 1 // TOTAL MOVES: 69 // TIME: 1.07s // SIGNATURE: 0011770133[0m
2024-07-31 13:12:42,990 - INFO - [32mNMCS: COMPLETED LEVEL 1 // TOTAL MOVES: 72 // TIME: 0.88s // SIGNATURE: 0013155890[0m
2024-07-31 13:12:43,985 - INFO - [32mNMCS: COMPLETED LEVEL 1 // TOTAL MOVES: 68 // TIME: 0.99s // SIGNATURE: 0012160131[0m
2024-07-31 13:12:44,996 - INFO - [32mNMCS: COMPLETED LEVEL 1 // TOTAL MOVES: 70 // TIME: 1.01s // SIGNATURE: 0011851389[0m
2024-07-31 13:12:45,944 - INFO - [32mNMCS: COMPLETED LEVEL 1 // TOTAL MOVES: 74 // TIME: 0.95s // SIGNATURE: 0013047342[0m
2024-07-31 13:12:46,855 - INFO - [32mNMCS: COMPLETED LEVEL 1 // TOTAL MOVES: 67 // TIME: 0.91s // SIGNATURE: 0011545682[0m
2024-07-31 13:12:46,855 - INFO - [32mNMCS: COMPLETED LEVEL 2 // TOTAL MOVES: 84 // TIME: 26.88s // SIGNATURE: 0015352999[0m
2024-07-31 13:12:47,976 - INFO - [32mNMCS: COMPLETED LEVEL 1 // TOTAL MOVES: 71 // TIME: 1.12s // SIGNATURE: 0012462685[0m
2024-07-31 13:12:49,086 - INFO - [32mNMCS: COMPLETED LEVEL 1 // TOTAL MOVES: 73 // TIME: 1.11s // SIGNATURE: 0012580763[0m
2024-07-31 13:12:50,280 - INFO - [32mNMCS: COMPLETED LEVEL 1 // TOTAL MOVES: 73 // TIME: 1.19s // SIGNATURE: 0013048767[0m
2024-07-31 13:12:51,420 - INFO - [32mNMCS: COMPLETED LEVEL 1 // TOTAL MOVES: 72 // TIME: 1.14s // SIGNATURE: 0013202678[0m
2024-07-31 13:12:52,520 - INFO - [32mNMCS: COMPLETED LEVEL 1 // TOTAL MOVES: 72 // TIME: 1.10s // SIGNATURE: 0013353127[0m
2024-07-31 13:12:53,680 - INFO - [32mNMCS: COMPLETED LEVEL 1 // TOTAL MOVES: 69 // TIME: 1.16s // SIGNATURE: 0011856092[0m
2024-07-31 13:12:54,818 - INFO - [32mNMCS: COMPLETED LEVEL 1 // TOTAL MOVES: 69 // TIME: 1.14s // SIGNATURE: 0011743018[0m
2024-07-31 13:12:55,920 - INFO - [32mNMCS: COMPLETED LEVEL 1 // TOTAL MOVES: 76 // TIME: 1.10s // SIGNATURE: 0013263760[0m
2024-07-31 13:12:57,056 - INFO - [32mNMCS: COMPLETED LEVEL 1 // TOTAL MOVES: 79 // TIME: 1.14s // SIGNATURE: 0012579711[0m
2024-07-31 13:12:58,169 - INFO - [32mNMCS: COMPLETED LEVEL 1 // TOTAL MOVES: 77 // TIME: 1.11s // SIGNATURE: 0012911654[0m
2024-07-31 13:12:59,114 - INFO - [32mNMCS: COMPLETED LEVEL 1 // TOTAL MOVES: 67 // TIME: 0.94s // SIGNATURE: 0011809086[0m
2024-07-31 13:13:00,321 - INFO - [32mNMCS: COMPLETED LEVEL 1 // TOTAL MOVES: 70 // TIME: 1.21s // SIGNATURE: 0011453030[0m
2024-07-31 13:13:01,485 - INFO - [32mNMCS: COMPLETED LEVEL 1 // TOTAL MOVES: 71 // TIME: 1.16s // SIGNATURE: 0012383926[0m
2024-07-31 13:32:04,447 - INFO - Seed: 1
2024-07-31 13:32:04,448 - INFO - Initializing game
2024-07-31 13:32:04,448 - INFO - Game initialized
2024-07-31 13:32:04,454 - INFO - [93mStarting NMCS with level=3[0m
2024-07-31 13:32:05,439 - INFO - [32mNMCS: COMPLETED LEVEL 1 // TOTAL MOVES: 71 // TIME: 0.02s // SIGNATURE: 0011995703[0m
2024-07-31 13:32:06,457 - INFO - [32mNMCS: COMPLETED LEVEL 1 // TOTAL MOVES: 73 // TIME: 0.05s // SIGNATURE: 0013016076[0m
2024-07-31 13:32:07,361 - INFO - [32mNMCS: COMPLETED LEVEL 1 // TOTAL MOVES: 68 // TIME: 0.05s // SIGNATURE: 0012625173[0m
2024-07-31 13:32:08,409 - INFO - [32mNMCS: COMPLETED LEVEL 1 // TOTAL MOVES: 70 // TIME: 0.03s // SIGNATURE: 0012358681[0m
2024-07-31 13:32:09,361 - INFO - [32mNMCS: COMPLETED LEVEL 1 // TOTAL MOVES: 71 // TIME: 0.05s // SIGNATURE: 0011965594[0m
2024-07-31 13:32:10,413 - INFO - [32mNMCS: COMPLETED LEVEL 1 // TOTAL MOVES: 73 // TIME: 0.02s // SIGNATURE: 0013184388[0m
2024-07-31 13:32:11,388 - INFO - [32mNMCS: COMPLETED LEVEL 1 // TOTAL MOVES: 75 // TIME: 0.05s // SIGNATURE: 0013430095[0m
2024-07-31 13:32:12,375 - INFO - [32mNMCS: COMPLETED LEVEL 1 // TOTAL MOVES: 73 // TIME: 0.02s // SIGNATURE: 0012614703[0m
2024-07-31 13:32:13,345 - INFO - [32mNMCS: COMPLETED LEVEL 1 // TOTAL MOVES: 71 // TIME: 0.05s // SIGNATURE: 0012146558[0m
2024-07-31 13:32:14,443 - INFO - [32mNMCS: COMPLETED LEVEL 1 // TOTAL MOVES: 79 // TIME: 0.05s // SIGNATURE: 0013840555[0m
2024-07-31 13:32:15,506 - INFO - [32mNMCS: COMPLETED LEVEL 1 // TOTAL MOVES: 71 // TIME: 0.05s // SIGNATURE: 0011887828[0m
2024-07-31 13:32:16,421 - INFO - [32mNMCS: COMPLETED LEVEL 1 // TOTAL MOVES: 68 // TIME: 0.04s // SIGNATURE: 0011630445[0m
2024-07-31 13:32:17,519 - INFO - [32mNMCS: COMPLETED LEVEL 1 // TOTAL MOVES: 71 // TIME: 0.05s // SIGNATURE: 0012515104[0m
2024-07-31 13:32:18,554 - INFO - [32mNMCS: COMPLETED LEVEL 1 // TOTAL MOVES: 69 // TIME: 0.04s // SIGNATURE: 0012216574[0m
2024-07-31 13:32:19,727 - INFO - [32mNMCS: COMPLETED LEVEL 1 // TOTAL MOVES: 72 // TIME: 0.05s // SIGNATURE: 0012453733[0m
2024-07-31 13:32:20,600 - INFO - [32mNMCS: COMPLETED LEVEL 1 // TOTAL MOVES: 71 // TIME: 0.03s // SIGNATURE: 0011934496[0m
2024-07-31 13:32:21,643 - INFO - [32mNMCS: COMPLETED LEVEL 1 // TOTAL MOVES: 69 // TIME: 0.02s // SIGNATURE: 0011980518[0m
2024-07-31 13:32:22,712 - INFO - [32mNMCS: COMPLETED LEVEL 1 // TOTAL MOVES: 78 // TIME: 0.06s // SIGNATURE: 0013735793[0m
2024-07-31 13:32:23,614 - INFO - [32mNMCS: COMPLETED LEVEL 1 // TOTAL MOVES: 69 // TIME: 0.05s // SIGNATURE: 0011630049[0m
2024-07-31 13:32:24,615 - INFO - [32mNMCS: COMPLETED LEVEL 1 // TOTAL MOVES: 76 // TIME: 0.05s // SIGNATURE: 0013180389[0m
2024-07-31 13:32:25,652 - INFO - [32mNMCS: COMPLETED LEVEL 1 // TOTAL MOVES: 72 // TIME: 0.05s // SIGNATURE: 0012479643[0m
2024-07-31 13:32:26,620 - INFO - [32mNMCS: COMPLETED LEVEL 1 // TOTAL MOVES: 70 // TIME: 0.02s // SIGNATURE: 0011748306[0m
2024-07-31 13:32:27,566 - INFO - [32mNMCS: COMPLETED LEVEL 1 // TOTAL MOVES: 72 // TIME: 0.04s // SIGNATURE: 0012117941[0m
2024-07-31 13:32:28,568 - INFO - [32mNMCS: COMPLETED LEVEL 1 // TOTAL MOVES: 69 // TIME: 0.03s // SIGNATURE: 0011558641[0m
2024-07-31 13:32:29,548 - INFO - [32mNMCS: COMPLETED LEVEL 1 // TOTAL MOVES: 69 // TIME: 0.05s // SIGNATURE: 0012240018[0m
2024-07-31 13:32:30,437 - INFO - [32mNMCS: COMPLETED LEVEL 1 // TOTAL MOVES: 66 // TIME: 0.03s // SIGNATURE: 0011569840[0m
2024-07-31 13:32:31,409 - INFO - [32mNMCS: COMPLETED LEVEL 1 // TOTAL MOVES: 70 // TIME: 0.05s // SIGNATURE: 0012386187[0m
2024-07-31 13:32:31,410 - INFO - [32mNMCS: COMPLETED LEVEL 2 // TOTAL MOVES: 79 // TIME: 0.97s // SIGNATURE: 0013840555[0m
2024-07-31 13:32:32,356 - INFO - [32mNMCS: COMPLETED LEVEL 1 // TOTAL MOVES: 77 // TIME: 0.02s // SIGNATURE: 0013076633[0m
2024-07-31 13:32:33,353 - INFO - [32mNMCS: COMPLETED LEVEL 1 // TOTAL MOVES: 70 // TIME: 0.05s // SIGNATURE: 0011858815[0m
2024-07-31 13:32:34,382 - INFO - [32mNMCS: COMPLETED LEVEL 1 // TOTAL MOVES: 73 // TIME: 0.05s // SIGNATURE: 0012704767[0m
2024-07-31 13:32:35,384 - INFO - [32mNMCS: COMPLETED LEVEL 1 // TOTAL MOVES: 75 // TIME: 0.05s // SIGNATURE: 0013287369[0m
2024-07-31 13:32:36,308 - INFO - [32mNMCS: COMPLETED LEVEL 1 // TOTAL MOVES: 72 // TIME: 0.02s // SIGNATURE: 0012568950[0m
2024-07-31 13:32:37,241 - INFO - [32mNMCS: COMPLETED LEVEL 1 // TOTAL MOVES: 71 // TIME: 0.02s // SIGNATURE: 0011687552[0m
2024-07-31 13:32:38,106 - INFO - [32mNMCS: COMPLETED LEVEL 1 // TOTAL MOVES: 70 // TIME: 0.05s // SIGNATURE: 0012450201[0m
2024-07-31 13:32:39,065 - INFO - [32mNMCS: COMPLETED LEVEL 1 // TOTAL MOVES: 72 // TIME: 0.05s // SIGNATURE: 0013152413[0m
2024-07-31 13:32:39,921 - INFO - [32mNMCS: COMPLETED LEVEL 1 // TOTAL MOVES: 69 // TIME: 0.02s // SIGNATURE: 0012554843[0m
2024-07-31 13:32:41,019 - INFO - [32mNMCS: COMPLETED LEVEL 1 // TOTAL MOVES: 79 // TIME: 0.04s // SIGNATURE: 0013800237[0m
2024-07-31 13:32:42,132 - INFO - [32mNMCS: COMPLETED LEVEL 1 // TOTAL MOVES: 74 // TIME: 0.04s // SIGNATURE: 0012919838[0m
2024-07-31 13:32:43,083 - INFO - [32mNMCS: COMPLETED LEVEL 1 // TOTAL MOVES: 81 // TIME: 0.02s // SIGNATURE: 0014465131[0m
2024-07-31 13:32:44,180 - INFO - [32mNMCS: COMPLETED LEVEL 1 // TOTAL MOVES: 72 // TIME: 0.05s // SIGNATURE: 0012669923[0m
2024-07-31 13:32:45,244 - INFO - [32mNMCS: COMPLETED LEVEL 1 // TOTAL MOVES: 73 // TIME: 0.05s // SIGNATURE: 0013111319[0m
2024-07-31 13:32:46,194 - INFO - [32mNMCS: COMPLETED LEVEL 1 // TOTAL MOVES: 72 // TIME: 0.04s // SIGNATURE: 0013184256[0m
2024-07-31 13:32:47,102 - INFO - [32mNMCS: COMPLETED LEVEL 1 // TOTAL MOVES: 75 // TIME: 0.02s // SIGNATURE: 0013377488[0m
2024-07-31 13:32:48,071 - INFO - [32mNMCS: COMPLETED LEVEL 1 // TOTAL MOVES: 73 // TIME: 0.03s // SIGNATURE: 0012659908[0m
2024-07-31 13:32:49,193 - INFO - [32mNMCS: COMPLETED LEVEL 1 // TOTAL MOVES: 73 // TIME: 0.02s // SIGNATURE: 0013161376[0m
2024-07-31 13:32:50,104 - INFO - [32mNMCS: COMPLETED LEVEL 1 // TOTAL MOVES: 71 // TIME: 0.05s // SIGNATURE: 0012326251[0m
2024-07-31 13:32:51,104 - INFO - [32mNMCS: COMPLETED LEVEL 1 // TOTAL MOVES: 71 // TIME: 0.05s // SIGNATURE: 0013160935[0m
2024-07-31 13:32:52,079 - INFO - [32mNMCS: COMPLETED LEVEL 1 // TOTAL MOVES: 76 // TIME: 0.05s // SIGNATURE: 0013617567[0m
2024-07-31 13:32:53,053 - INFO - [32mNMCS: COMPLETED LEVEL 1 // TOTAL MOVES: 72 // TIME: 0.03s // SIGNATURE: 0012549735[0m
2024-07-31 13:32:54,049 - INFO - [32mNMCS: COMPLETED LEVEL 1 // TOTAL MOVES: 71 // TIME: 0.05s // SIGNATURE: 0012758657[0m
2024-07-31 13:32:55,023 - INFO - [32mNMCS: COMPLETED LEVEL 1 // TOTAL MOVES: 79 // TIME: 0.05s // SIGNATURE: 0014272316[0m
2024-07-31 13:32:55,910 - INFO - [32mNMCS: COMPLETED LEVEL 1 // TOTAL MOVES: 77 // TIME: 0.05s // SIGNATURE: 0014550326[0m
2024-07-31 13:32:56,859 - INFO - [32mNMCS: COMPLETED LEVEL 1 // TOTAL MOVES: 69 // TIME: 0.03s // SIGNATURE: 0012702868[0m
2024-07-31 13:32:57,761 - INFO - [32mNMCS: COMPLETED LEVEL 1 // TOTAL MOVES: 69 // TIME: 0.02s // SIGNATURE: 0012283836[0m
2024-07-31 13:32:57,761 - INFO - [32mNMCS: COMPLETED LEVEL 2 // TOTAL MOVES: 81 // TIME: 0.90s // SIGNATURE: 0014465131[0m
2024-07-31 13:32:58,705 - INFO - [32mNMCS: COMPLETED LEVEL 1 // TOTAL MOVES: 76 // TIME: 0.05s // SIGNATURE: 0013366109[0m
2024-07-31 13:32:59,634 - INFO - [32mNMCS: COMPLETED LEVEL 1 // TOTAL MOVES: 69 // TIME: 0.03s // SIGNATURE: 0012004110[0m
2024-07-31 13:33:00,634 - INFO - [32mNMCS: COMPLETED LEVEL 1 // TOTAL MOVES: 74 // TIME: 0.04s // SIGNATURE: 0012992807[0m
2024-07-31 13:33:01,619 - INFO - [32mNMCS: COMPLETED LEVEL 1 // TOTAL MOVES: 70 // TIME: 0.02s // SIGNATURE: 0011431014[0m
2024-07-31 13:33:02,617 - INFO - [32mNMCS: COMPLETED LEVEL 1 // TOTAL MOVES: 72 // TIME: 0.02s // SIGNATURE: 0011999156[0m
2024-07-31 13:33:03,577 - INFO - [32mNMCS: COMPLETED LEVEL 1 // TOTAL MOVES: 70 // TIME: 0.03s // SIGNATURE: 0011875319[0m
2024-07-31 13:33:04,409 - INFO - [32mNMCS: COMPLETED LEVEL 1 // TOTAL MOVES: 71 // TIME: 0.02s // SIGNATURE: 0012609108[0m
2024-07-31 13:33:05,455 - INFO - [32mNMCS: COMPLETED LEVEL 1 // TOTAL MOVES: 74 // TIME: 0.05s // SIGNATURE: 0012441170[0m
2024-07-31 13:33:06,584 - INFO - [32mNMCS: COMPLETED LEVEL 1 // TOTAL MOVES: 71 // TIME: 0.04s // SIGNATURE: 0012912679[0m
2024-07-31 13:33:07,544 - INFO - [32mNMCS: COMPLETED LEVEL 1 // TOTAL MOVES: 73 // TIME: 0.03s // SIGNATURE: 0012420370[0m
2024-07-31 13:33:08,646 - INFO - [32mNMCS: COMPLETED LEVEL 1 // TOTAL MOVES: 72 // TIME: 0.05s // SIGNATURE: 0012703280[0m
2024-07-31 13:33:09,769 - INFO - [32mNMCS: COMPLETED LEVEL 1 // TOTAL MOVES: 73 // TIME: 0.02s // SIGNATURE: 0012981216[0m
2024-07-31 13:33:10,781 - INFO - [32mNMCS: COMPLETED LEVEL 1 // TOTAL MOVES: 73 // TIME: 0.02s // SIGNATURE: 0011987169[0m
2024-07-31 13:33:11,859 - INFO - [32mNMCS: COMPLETED LEVEL 1 // TOTAL MOVES: 71 // TIME: 0.03s // SIGNATURE: 0012592359[0m
2024-07-31 13:33:12,805 - INFO - [32mNMCS: COMPLETED LEVEL 1 // TOTAL MOVES: 70 // TIME: 0.05s // SIGNATURE: 0012420401[0m
2024-07-31 13:33:13,862 - INFO - [32mNMCS: COMPLETED LEVEL 1 // TOTAL MOVES: 70 // TIME: 0.05s // SIGNATURE: 0012299360[0m
2024-07-31 13:33:14,999 - INFO - [32mNMCS: COMPLETED LEVEL 1 // TOTAL MOVES: 77 // TIME: 0.04s // SIGNATURE: 0013100259[0m
2024-07-31 13:33:15,987 - INFO - [32mNMCS: COMPLETED LEVEL 1 // TOTAL MOVES: 70 // TIME: 0.05s // SIGNATURE: 0011701281[0m
2024-07-31 13:33:16,959 - INFO - [32mNMCS: COMPLETED LEVEL 1 // TOTAL MOVES: 75 // TIME: 0.02s // SIGNATURE: 0013408040[0m
2024-07-31 13:33:17,970 - INFO - [32mNMCS: COMPLETED LEVEL 1 // TOTAL MOVES: 72 // TIME: 0.05s // SIGNATURE: 0012930659[0m
2024-07-31 13:33:19,005 - INFO - [32mNMCS: COMPLETED LEVEL 1 // TOTAL MOVES: 71 // TIME: 0.02s // SIGNATURE: 0012446644[0m
2024-07-31 13:33:19,998 - INFO - [32mNMCS: COMPLETED LEVEL 1 // TOTAL MOVES: 71 // TIME: 0.02s // SIGNATURE: 0011140800[0m
2024-07-31 13:33:20,951 - INFO - [32mNMCS: COMPLETED LEVEL 1 // TOTAL MOVES: 77 // TIME: 0.04s // SIGNATURE: 0013864747[0m
2024-07-31 13:33:21,960 - INFO - [32mNMCS: COMPLETED LEVEL 1 // TOTAL MOVES: 74 // TIME: 0.02s // SIGNATURE: 0013640203[0m
2024-07-31 13:33:22,891 - INFO - [32mNMCS: COMPLETED LEVEL 1 // TOTAL MOVES: 72 // TIME: 0.05s // SIGNATURE: 0011940715[0m
2024-07-31 13:33:23,852 - INFO - [32mNMCS: COMPLETED LEVEL 1 // TOTAL MOVES: 70 // TIME: 0.05s // SIGNATURE: 0012381456[0m
2024-07-31 13:33:23,852 - INFO - [32mNMCS: COMPLETED LEVEL 2 // TOTAL MOVES: 77 // TIME: 0.96s // SIGNATURE: 0013100259[0m
2024-07-31 13:33:24,766 - INFO - [32mNMCS: COMPLETED LEVEL 1 // TOTAL MOVES: 70 // TIME: 0.05s // SIGNATURE: 0012631988[0m
2024-07-31 13:33:25,686 - INFO - [32mNMCS: COMPLETED LEVEL 1 // TOTAL MOVES: 75 // TIME: 0.05s // SIGNATURE: 0014314890[0m
2024-07-31 13:33:26,586 - INFO - [32mNMCS: COMPLETED LEVEL 1 // TOTAL MOVES: 74 // TIME: 0.04s // SIGNATURE: 0013780638[0m
2024-07-31 13:33:27,618 - INFO - [32mNMCS: COMPLETED LEVEL 1 // TOTAL MOVES: 72 // TIME: 0.05s // SIGNATURE: 0012626416[0m
2024-07-31 13:33:28,633 - INFO - [32mNMCS: COMPLETED LEVEL 1 // TOTAL MOVES: 69 // TIME: 0.02s // SIGNATURE: 0012297454[0m
2024-07-31 13:33:29,493 - INFO - [32mNMCS: COMPLETED LEVEL 1 // TOTAL MOVES: 79 // TIME: 0.02s // SIGNATURE: 0013820220[0m
2024-07-31 13:33:30,477 - INFO - [32mNMCS: COMPLETED LEVEL 1 // TOTAL MOVES: 69 // TIME: 0.05s // SIGNATURE: 0012322418[0m
2024-07-31 13:33:31,567 - INFO - [32mNMCS: COMPLETED LEVEL 1 // TOTAL MOVES: 73 // TIME: 0.02s // SIGNATURE: 0012001746[0m
2024-07-31 13:33:32,697 - INFO - [32mNMCS: COMPLETED LEVEL 1 // TOTAL MOVES: 72 // TIME: 0.05s // SIGNATURE: 0012277568[0m
2024-07-31 13:33:33,612 - INFO - [32mNMCS: COMPLETED LEVEL 1 // TOTAL MOVES: 64 // TIME: 0.04s // SIGNATURE: 0010761260[0m
2024-07-31 13:33:34,704 - INFO - [32mNMCS: COMPLETED LEVEL 1 // TOTAL MOVES: 71 // TIME: 0.02s // SIGNATURE: 0012408890[0m
2024-07-31 13:33:35,803 - INFO - [32mNMCS: COMPLETED LEVEL 1 // TOTAL MOVES: 70 // TIME: 0.05s // SIGNATURE: 0012097707[0m
2024-07-31 13:33:36,837 - INFO - [32mNMCS: COMPLETED LEVEL 1 // TOTAL MOVES: 69 // TIME: 0.05s // SIGNATURE: 0012572369[0m
2024-07-31 13:33:37,805 - INFO - [32mNMCS: COMPLETED LEVEL 1 // TOTAL MOVES: 72 // TIME: 0.03s // SIGNATURE: 0012485433[0m
2024-07-31 13:33:38,785 - INFO - [32mNMCS: COMPLETED LEVEL 1 // TOTAL MOVES: 71 // TIME: 0.05s // SIGNATURE: 0012220359[0m
2024-07-31 13:33:39,871 - INFO - [32mNMCS: COMPLETED LEVEL 1 // TOTAL MOVES: 68 // TIME: 0.02s // SIGNATURE: 0011995147[0m
2024-07-31 13:33:40,887 - INFO - [32mNMCS: COMPLETED LEVEL 1 // TOTAL MOVES: 72 // TIME: 0.05s // SIGNATURE: 0012288239[0m
2024-07-31 13:33:41,886 - INFO - [32mNMCS: COMPLETED LEVEL 1 // TOTAL MOVES: 75 // TIME: 0.02s // SIGNATURE: 0013180263[0m
2024-07-31 13:33:42,914 - INFO - [32mNMCS: COMPLETED LEVEL 1 // TOTAL MOVES: 78 // TIME: 0.05s // SIGNATURE: 0013865227[0m
2024-07-31 13:33:43,930 - INFO - [32mNMCS: COMPLETED LEVEL 1 // TOTAL MOVES: 74 // TIME: 0.04s // SIGNATURE: 0011118183[0m
2024-07-31 13:33:44,938 - INFO - [32mNMCS: COMPLETED LEVEL 1 // TOTAL MOVES: 69 // TIME: 0.04s // SIGNATURE: 0012441562[0m
2024-07-31 13:33:45,976 - INFO - [32mNMCS: COMPLETED LEVEL 1 // TOTAL MOVES: 76 // TIME: 0.02s // SIGNATURE: 0012173027[0m
2024-07-31 13:33:46,896 - INFO - [32mNMCS: COMPLETED LEVEL 1 // TOTAL MOVES: 72 // TIME: 0.05s // SIGNATURE: 0012642879[0m
2024-07-31 13:33:47,850 - INFO - [32mNMCS: COMPLETED LEVEL 1 // TOTAL MOVES: 69 // TIME: 0.04s // SIGNATURE: 0012289894[0m
2024-07-31 13:33:48,868 - INFO - [32mNMCS: COMPLETED LEVEL 1 // TOTAL MOVES: 71 // TIME: 0.02s // SIGNATURE: 0013174818[0m
2024-07-31 13:33:49,884 - INFO - [32mNMCS: COMPLETED LEVEL 1 // TOTAL MOVES: 76 // TIME: 0.05s // SIGNATURE: 0014145936[0m
2024-07-31 13:33:49,885 - INFO - [32mNMCS: COMPLETED LEVEL 2 // TOTAL MOVES: 79 // TIME: 1.02s // SIGNATURE: 0013820220[0m
2024-07-31 13:33:50,892 - INFO - [32mNMCS: COMPLETED LEVEL 1 // TOTAL MOVES: 71 // TIME: 0.02s // SIGNATURE: 0012569828[0m
2024-07-31 13:33:51,898 - INFO - [32mNMCS: COMPLETED LEVEL 1 // TOTAL MOVES: 74 // TIME: 0.02s // SIGNATURE: 0012743540[0m
2024-07-31 13:33:52,850 - INFO - [32mNMCS: COMPLETED LEVEL 1 // TOTAL MOVES: 74 // TIME: 0.04s // SIGNATURE: 0012825611[0m
2024-07-31 13:33:53,769 - INFO - [32mNMCS: COMPLETED LEVEL 1 // TOTAL MOVES: 69 // TIME: 0.05s // SIGNATURE: 0011291831[0m
2024-07-31 13:33:54,715 - INFO - [32mNMCS: COMPLETED LEVEL 1 // TOTAL MOVES: 69 // TIME: 0.04s // SIGNATURE: 0011949781[0m
2024-07-31 13:33:55,737 - INFO - [32mNMCS: COMPLETED LEVEL 1 // TOTAL MOVES: 72 // TIME: 0.02s // SIGNATURE: 0011907013[0m
2024-07-31 13:33:56,746 - INFO - [32mNMCS: COMPLETED LEVEL 1 // TOTAL MOVES: 72 // TIME: 0.05s // SIGNATURE: 0012421052[0m
2024-07-31 13:33:57,658 - INFO - [32mNMCS: COMPLETED LEVEL 1 // TOTAL MOVES: 70 // TIME: 0.03s // SIGNATURE: 0012163877[0m
2024-07-31 13:33:58,767 - INFO - [32mNMCS: COMPLETED LEVEL 1 // TOTAL MOVES: 74 // TIME: 0.05s // SIGNATURE: 0012630668[0m
2024-07-31 13:33:59,857 - INFO - [32mNMCS: COMPLETED LEVEL 1 // TOTAL MOVES: 71 // TIME: 0.04s // SIGNATURE: 0011587518[0m
2024-07-31 13:34:00,921 - INFO - [32mNMCS: COMPLETED LEVEL 1 // TOTAL MOVES: 71 // TIME: 0.05s // SIGNATURE: 0012740723[0m
2024-07-31 13:34:01,912 - INFO - [32mNMCS: COMPLETED LEVEL 1 // TOTAL MOVES: 67 // TIME: 0.02s // SIGNATURE: 0011551087[0m
2024-07-31 13:34:02,822 - INFO - [32mNMCS: COMPLETED LEVEL 1 // TOTAL MOVES: 71 // TIME: 0.02s // SIGNATURE: 0012488185[0m
2024-07-31 13:34:03,939 - INFO - [32mNMCS: COMPLETED LEVEL 1 // TOTAL MOVES: 68 // TIME: 0.05s // SIGNATURE: 0011945212[0m
2024-07-31 13:34:05,014 - INFO - [32mNMCS: COMPLETED LEVEL 1 // TOTAL MOVES: 72 // TIME: 0.02s // SIGNATURE: 0012132991[0m
2024-07-31 13:34:05,998 - INFO - [32mNMCS: COMPLETED LEVEL 1 // TOTAL MOVES: 75 // TIME: 0.05s // SIGNATURE: 0012810515[0m
2024-07-31 13:34:07,086 - INFO - [32mNMCS: COMPLETED LEVEL 1 // TOTAL MOVES: 78 // TIME: 0.05s // SIGNATURE: 0013731643[0m
2024-07-31 13:34:08,164 - INFO - [32mNMCS: COMPLETED LEVEL 1 // TOTAL MOVES: 78 // TIME: 0.02s // SIGNATURE: 0013780592[0m
2024-07-31 13:34:09,065 - INFO - [32mNMCS: COMPLETED LEVEL 1 // TOTAL MOVES: 71 // TIME: 0.02s // SIGNATURE: 0011614680[0m
2024-07-31 13:34:10,059 - INFO - [32mNMCS: COMPLETED LEVEL 1 // TOTAL MOVES: 71 // TIME: 0.04s // SIGNATURE: 0012303861[0m
2024-07-31 13:34:10,992 - INFO - [32mNMCS: COMPLETED LEVEL 1 // TOTAL MOVES: 71 // TIME: 0.05s // SIGNATURE: 0012641757[0m
2024-07-31 13:34:11,981 - INFO - [32mNMCS: COMPLETED LEVEL 1 // TOTAL MOVES: 72 // TIME: 0.05s // SIGNATURE: 0012134883[0m
2024-07-31 13:34:12,954 - INFO - [32mNMCS: COMPLETED LEVEL 1 // TOTAL MOVES: 70 // TIME: 0.02s // SIGNATURE: 0012870894[0m
2024-07-31 13:34:13,918 - INFO - [32mNMCS: COMPLETED LEVEL 1 // TOTAL MOVES: 71 // TIME: 0.04s // SIGNATURE: 0012945754[0m
2024-07-31 13:34:14,812 - INFO - [32mNMCS: COMPLETED LEVEL 1 // TOTAL MOVES: 69 // TIME: 0.05s // SIGNATURE: 0012145079[0m
2024-07-31 13:34:15,729 - INFO - [32mNMCS: COMPLETED LEVEL 1 // TOTAL MOVES: 80 // TIME: 0.04s // SIGNATURE: 0013016362[0m
2024-07-31 13:34:15,729 - INFO - [32mNMCS: COMPLETED LEVEL 2 // TOTAL MOVES: 80 // TIME: 0.92s // SIGNATURE: 0013016362[0m
2024-07-31 13:34:16,731 - INFO - [32mNMCS: COMPLETED LEVEL 1 // TOTAL MOVES: 69 // TIME: 0.04s // SIGNATURE: 0012101124[0m
2024-07-31 13:34:17,709 - INFO - [32mNMCS: COMPLETED LEVEL 1 // TOTAL MOVES: 70 // TIME: 0.05s // SIGNATURE: 0011399591[0m
2024-07-31 13:34:18,692 - INFO - [32mNMCS: COMPLETED LEVEL 1 // TOTAL MOVES: 80 // TIME: 0.02s // SIGNATURE: 0015107446[0m
2024-07-31 13:34:19,710 - INFO - [32mNMCS: COMPLETED LEVEL 1 // TOTAL MOVES: 67 // TIME: 0.05s // SIGNATURE: 0011345356[0m
2024-07-31 13:34:20,771 - INFO - [32mNMCS: COMPLETED LEVEL 1 // TOTAL MOVES: 73 // TIME: 0.04s // SIGNATURE: 0012382690[0m
2024-07-31 13:34:21,801 - INFO - [32mNMCS: COMPLETED LEVEL 1 // TOTAL MOVES: 74 // TIME: 0.04s // SIGNATURE: 0013235225[0m
2024-07-31 13:34:22,799 - INFO - [32mNMCS: COMPLETED LEVEL 1 // TOTAL MOVES: 72 // TIME: 0.05s // SIGNATURE: 0012829832[0m
2024-07-31 13:34:23,774 - INFO - [32mNMCS: COMPLETED LEVEL 1 // TOTAL MOVES: 75 // TIME: 0.05s // SIGNATURE: 0013131853[0m
2024-07-31 13:34:24,988 - INFO - [32mNMCS: COMPLETED LEVEL 1 // TOTAL MOVES: 77 // TIME: 0.05s // SIGNATURE: 0014074027[0m
2024-07-31 13:34:26,116 - INFO - [32mNMCS: COMPLETED LEVEL 1 // TOTAL MOVES: 70 // TIME: 0.05s // SIGNATURE: 0012189132[0m
2024-07-31 13:34:27,188 - INFO - [32mNMCS: COMPLETED LEVEL 1 // TOTAL MOVES: 73 // TIME: 0.05s // SIGNATURE: 0013182968[0m
2024-07-31 13:34:28,304 - INFO - [32mNMCS: COMPLETED LEVEL 1 // TOTAL MOVES: 83 // TIME: 0.03s // SIGNATURE: 0015366270[0m
2024-07-31 13:34:29,436 - INFO - [32mNMCS: COMPLETED LEVEL 1 // TOTAL MOVES: 77 // TIME: 0.05s // SIGNATURE: 0014113769[0m
2024-07-31 13:34:30,464 - INFO - [32mNMCS: COMPLETED LEVEL 1 // TOTAL MOVES: 77 // TIME: 0.05s // SIGNATURE: 0014486244[0m
2024-07-31 13:34:31,526 - INFO - [32mNMCS: COMPLETED LEVEL 1 // TOTAL MOVES: 74 // TIME: 0.03s // SIGNATURE: 0013193381[0m
2024-07-31 13:34:32,536 - INFO - [32mNMCS: COMPLETED LEVEL 1 // TOTAL MOVES: 69 // TIME: 0.02s // SIGNATURE: 0012446484[0m
2024-07-31 13:34:33,704 - INFO - [32mNMCS: COMPLETED LEVEL 1 // TOTAL MOVES: 73 // TIME: 0.05s // SIGNATURE: 0013168853[0m
2024-07-31 13:34:34,821 - INFO - [32mNMCS: COMPLETED LEVEL 1 // TOTAL MOVES: 74 // TIME: 0.02s // SIGNATURE: 0013387744[0m
2024-07-31 13:34:35,702 - INFO - [32mNMCS: COMPLETED LEVEL 1 // TOTAL MOVES: 72 // TIME: 0.02s // SIGNATURE: 0012875282[0m
2024-07-31 13:34:36,691 - INFO - [32mNMCS: COMPLETED LEVEL 1 // TOTAL MOVES: 68 // TIME: 0.05s // SIGNATURE: 0012536225[0m
2024-07-31 13:34:37,667 - INFO - [32mNMCS: COMPLETED LEVEL 1 // TOTAL MOVES: 73 // TIME: 0.03s // SIGNATURE: 0012487545[0m
2024-07-31 13:34:38,722 - INFO - [32mNMCS: COMPLETED LEVEL 1 // TOTAL MOVES: 70 // TIME: 0.05s // SIGNATURE: 0012618713[0m
2024-07-31 13:34:39,762 - INFO - [32mNMCS: COMPLETED LEVEL 1 // TOTAL MOVES: 70 // TIME: 0.02s // SIGNATURE: 0012301442[0m
2024-07-31 13:34:40,662 - INFO - [32mNMCS: COMPLETED LEVEL 1 // TOTAL MOVES: 67 // TIME: 0.02s // SIGNATURE: 0012150102[0m
2024-07-31 13:34:41,736 - INFO - [32mNMCS: COMPLETED LEVEL 1 // TOTAL MOVES: 74 // TIME: 0.02s // SIGNATURE: 0013648466[0m
2024-07-31 13:34:42,799 - INFO - [32mNMCS: COMPLETED LEVEL 1 // TOTAL MOVES: 71 // TIME: 0.05s // SIGNATURE: 0012174761[0m
2024-07-31 13:34:43,723 - INFO - [32mNMCS: COMPLETED LEVEL 1 // TOTAL MOVES: 68 // TIME: 0.05s // SIGNATURE: 0011706893[0m
2024-07-31 13:34:43,723 - INFO - [32mNMCS: COMPLETED LEVEL 2 // TOTAL MOVES: 83 // TIME: 0.92s // SIGNATURE: 0015366270[0m
2024-07-31 13:34:44,669 - INFO - [32mNMCS: COMPLETED LEVEL 1 // TOTAL MOVES: 67 // TIME: 0.04s // SIGNATURE: 0011680363[0m
2024-07-31 13:34:45,648 - INFO - [32mNMCS: COMPLETED LEVEL 1 // TOTAL MOVES: 73 // TIME: 0.05s // SIGNATURE: 0012631721[0m
2024-07-31 13:34:46,619 - INFO - [32mNMCS: COMPLETED LEVEL 1 // TOTAL MOVES: 69 // TIME: 0.04s // SIGNATURE: 0011926820[0m
2024-07-31 13:34:47,563 - INFO - [32mNMCS: COMPLETED LEVEL 1 // TOTAL MOVES: 73 // TIME: 0.05s // SIGNATURE: 0013371896[0m
2024-07-31 13:34:48,557 - INFO - [32mNMCS: COMPLETED LEVEL 1 // TOTAL MOVES: 71 // TIME: 0.05s // SIGNATURE: 0013078599[0m
2024-07-31 13:34:49,629 - INFO - [32mNMCS: COMPLETED LEVEL 1 // TOTAL MOVES: 69 // TIME: 0.02s // SIGNATURE: 0011318346[0m
2024-07-31 13:34:50,675 - INFO - [32mNMCS: COMPLETED LEVEL 1 // TOTAL MOVES: 74 // TIME: 0.05s // SIGNATURE: 0012326687[0m
2024-07-31 13:34:51,604 - INFO - [32mNMCS: COMPLETED LEVEL 1 // TOTAL MOVES: 71 // TIME: 0.02s // SIGNATURE: 0012124474[0m
2024-07-31 13:34:52,727 - INFO - [32mNMCS: COMPLETED LEVEL 1 // TOTAL MOVES: 73 // TIME: 0.05s // SIGNATURE: 0012858169[0m
2024-07-31 13:34:53,742 - INFO - [32mNMCS: COMPLETED LEVEL 1 // TOTAL MOVES: 75 // TIME: 0.02s // SIGNATURE: 0012813882[0m
2024-07-31 13:34:54,705 - INFO - [32mNMCS: COMPLETED LEVEL 1 // TOTAL MOVES: 70 // TIME: 0.04s // SIGNATURE: 0012515034[0m
2024-07-31 13:34:55,850 - INFO - [32mNMCS: COMPLETED LEVEL 1 // TOTAL MOVES: 78 // TIME: 0.05s // SIGNATURE: 0013969763[0m
2024-07-31 13:34:56,973 - INFO - [32mNMCS: COMPLETED LEVEL 1 // TOTAL MOVES: 74 // TIME: 0.04s // SIGNATURE: 0013277913[0m
2024-07-31 13:34:58,092 - INFO - [32mNMCS: COMPLETED LEVEL 1 // TOTAL MOVES: 73 // TIME: 0.03s // SIGNATURE: 0013109248[0m
2024-07-31 13:34:59,185 - INFO - [32mNMCS: COMPLETED LEVEL 1 // TOTAL MOVES: 71 // TIME: 0.05s // SIGNATURE: 0011617659[0m
2024-07-31 13:35:00,145 - INFO - [32mNMCS: COMPLETED LEVEL 1 // TOTAL MOVES: 68 // TIME: 0.05s // SIGNATURE: 0011930056[0m
2024-07-31 13:35:01,213 - INFO - [32mNMCS: COMPLETED LEVEL 1 // TOTAL MOVES: 80 // TIME: 0.02s // SIGNATURE: 0013866305[0m
2024-07-31 13:35:02,343 - INFO - [32mNMCS: COMPLETED LEVEL 1 // TOTAL MOVES: 73 // TIME: 0.05s // SIGNATURE: 0012369754[0m
2024-07-31 13:35:03,390 - INFO - [32mNMCS: COMPLETED LEVEL 1 // TOTAL MOVES: 79 // TIME: 0.05s // SIGNATURE: 0013180361[0m
2024-07-31 13:35:04,507 - INFO - [32mNMCS: COMPLETED LEVEL 1 // TOTAL MOVES: 69 // TIME: 0.05s // SIGNATURE: 0012542875[0m
2024-07-31 13:35:05,617 - INFO - [32mNMCS: COMPLETED LEVEL 1 // TOTAL MOVES: 72 // TIME: 0.02s // SIGNATURE: 0012709401[0m
2024-07-31 13:35:06,677 - INFO - [32mNMCS: COMPLETED LEVEL 1 // TOTAL MOVES: 74 // TIME: 0.05s // SIGNATURE: 0012785829[0m
2024-07-31 13:35:07,684 - INFO - [32mNMCS: COMPLETED LEVEL 1 // TOTAL MOVES: 69 // TIME: 0.04s // SIGNATURE: 0012070768[0m
2024-07-31 13:35:08,629 - INFO - [32mNMCS: COMPLETED LEVEL 1 // TOTAL MOVES: 72 // TIME: 0.05s // SIGNATURE: 0013553355[0m
2024-07-31 13:35:09,617 - INFO - [32mNMCS: COMPLETED LEVEL 1 // TOTAL MOVES: 76 // TIME: 0.04s // SIGNATURE: 0013768305[0m
2024-07-31 13:35:10,610 - INFO - [32mNMCS: COMPLETED LEVEL 1 // TOTAL MOVES: 71 // TIME: 0.02s // SIGNATURE: 0012688225[0m
2024-07-31 13:35:11,547 - INFO - [32mNMCS: COMPLETED LEVEL 1 // TOTAL MOVES: 69 // TIME: 0.02s // SIGNATURE: 0012255264[0m
2024-07-31 13:35:11,548 - INFO - [32mNMCS: COMPLETED LEVEL 2 // TOTAL MOVES: 80 // TIME: 0.94s // SIGNATURE: 0013866305[0m
2024-07-31 13:35:12,576 - INFO - [32mNMCS: COMPLETED LEVEL 1 // TOTAL MOVES: 71 // TIME: 0.04s // SIGNATURE: 0012539140[0m
2024-07-31 13:35:13,563 - INFO - [32mNMCS: COMPLETED LEVEL 1 // TOTAL MOVES: 71 // TIME: 0.04s // SIGNATURE: 0013062446[0m
2024-07-31 13:35:14,624 - INFO - [32mNMCS: COMPLETED LEVEL 1 // TOTAL MOVES: 71 // TIME: 0.04s // SIGNATURE: 0012437989[0m
2024-07-31 13:35:15,649 - INFO - [32mNMCS: COMPLETED LEVEL 1 // TOTAL MOVES: 76 // TIME: 0.02s // SIGNATURE: 0013900274[0m
2024-07-31 13:35:16,573 - INFO - [32mNMCS: COMPLETED LEVEL 1 // TOTAL MOVES: 74 // TIME: 0.05s // SIGNATURE: 0013266589[0m
2024-07-31 13:35:17,610 - INFO - [32mNMCS: COMPLETED LEVEL 1 // TOTAL MOVES: 73 // TIME: 0.04s // SIGNATURE: 0012565656[0m
2024-07-31 13:35:18,678 - INFO - [32mNMCS: COMPLETED LEVEL 1 // TOTAL MOVES: 72 // TIME: 0.05s // SIGNATURE: 0012689054[0m
2024-07-31 13:35:19,510 - INFO - [32mNMCS: COMPLETED LEVEL 1 // TOTAL MOVES: 69 // TIME: 0.02s // SIGNATURE: 0012193338[0m
2024-07-31 13:35:20,604 - INFO - [32mNMCS: COMPLETED LEVEL 1 // TOTAL MOVES: 67 // TIME: 0.03s // SIGNATURE: 0012030315[0m
2024-07-31 13:35:21,582 - INFO - [32mNMCS: COMPLETED LEVEL 1 // TOTAL MOVES: 69 // TIME: 0.05s // SIGNATURE: 0012132608[0m
2024-07-31 13:35:22,547 - INFO - [32mNMCS: COMPLETED LEVEL 1 // TOTAL MOVES: 67 // TIME: 0.04s // SIGNATURE: 0012452131[0m
2024-07-31 13:35:23,607 - INFO - [32mNMCS: COMPLETED LEVEL 1 // TOTAL MOVES: 70 // TIME: 0.02s // SIGNATURE: 0011807506[0m
2024-07-31 13:35:24,704 - INFO - [32mNMCS: COMPLETED LEVEL 1 // TOTAL MOVES: 71 // TIME: 0.05s // SIGNATURE: 0012977311[0m
2024-07-31 13:35:25,783 - INFO - [32mNMCS: COMPLETED LEVEL 1 // TOTAL MOVES: 73 // TIME: 0.05s // SIGNATURE: 0012878590[0m
2024-07-31 13:35:26,935 - INFO - [32mNMCS: COMPLETED LEVEL 1 // TOTAL MOVES: 78 // TIME: 0.04s // SIGNATURE: 0013780246[0m
2024-07-31 13:35:27,900 - INFO - [32mNMCS: COMPLETED LEVEL 1 // TOTAL MOVES: 68 // TIME: 0.05s // SIGNATURE: 0011916938[0m
2024-07-31 13:35:28,986 - INFO - [32mNMCS: COMPLETED LEVEL 1 // TOTAL MOVES: 70 // TIME: 0.05s // SIGNATURE: 0013073102[0m
2024-07-31 13:35:30,083 - INFO - [32mNMCS: COMPLETED LEVEL 1 // TOTAL MOVES: 73 // TIME: 0.05s // SIGNATURE: 0013200171[0m
2024-07-31 13:35:30,949 - INFO - [32mNMCS: COMPLETED LEVEL 1 // TOTAL MOVES: 71 // TIME: 0.05s // SIGNATURE: 0012498722[0m
2024-07-31 13:35:31,935 - INFO - [32mNMCS: COMPLETED LEVEL 1 // TOTAL MOVES: 67 // TIME: 0.05s // SIGNATURE: 0011493977[0m
2024-07-31 13:35:32,872 - INFO - [32mNMCS: COMPLETED LEVEL 1 // TOTAL MOVES: 69 // TIME: 0.05s // SIGNATURE: 0011263321[0m
2024-07-31 13:35:33,892 - INFO - [32mNMCS: COMPLETED LEVEL 1 // TOTAL MOVES: 70 // TIME: 0.05s // SIGNATURE: 0012242570[0m
2024-07-31 13:35:34,891 - INFO - [32mNMCS: COMPLETED LEVEL 1 // TOTAL MOVES: 75 // TIME: 0.04s // SIGNATURE: 0013218148[0m
2024-07-31 13:35:35,886 - INFO - [32mNMCS: COMPLETED LEVEL 1 // TOTAL MOVES: 69 // TIME: 0.05s // SIGNATURE: 0012068759[0m
2024-07-31 13:35:36,876 - INFO - [32mNMCS: COMPLETED LEVEL 1 // TOTAL MOVES: 73 // TIME: 0.05s // SIGNATURE: 0012549228[0m
2024-07-31 13:35:37,817 - INFO - [32mNMCS: COMPLETED LEVEL 1 // TOTAL MOVES: 67 // TIME: 0.05s // SIGNATURE: 0011714050[0m
2024-07-31 13:35:37,818 - INFO - [32mNMCS: COMPLETED LEVEL 2 // TOTAL MOVES: 78 // TIME: 0.94s // SIGNATURE: 0013780246[0m
2024-07-31 13:35:38,709 - INFO - [32mNMCS: COMPLETED LEVEL 1 // TOTAL MOVES: 70 // TIME: 0.03s // SIGNATURE: 0012009209[0m
2024-07-31 13:35:39,662 - INFO - [32mNMCS: COMPLETED LEVEL 1 // TOTAL MOVES: 79 // TIME: 0.05s // SIGNATURE: 0013406167[0m
2024-07-31 13:35:40,602 - INFO - [32mNMCS: COMPLETED LEVEL 1 // TOTAL MOVES: 83 // TIME: 0.04s // SIGNATURE: 0015637728[0m
2024-07-31 13:35:41,473 - INFO - [32mNMCS: COMPLETED LEVEL 1 // TOTAL MOVES: 67 // TIME: 0.02s // SIGNATURE: 0011658722[0m
2024-07-31 13:35:42,264 - INFO - [32mNMCS: COMPLETED LEVEL 1 // TOTAL MOVES: 66 // TIME: 0.02s // SIGNATURE: 0012035902[0m
2024-07-31 13:35:43,260 - INFO - [32mNMCS: COMPLETED LEVEL 1 // TOTAL MOVES: 83 // TIME: 0.02s // SIGNATURE: 0013863410[0m
2024-07-31 13:35:44,255 - INFO - [32mNMCS: COMPLETED LEVEL 1 // TOTAL MOVES: 75 // TIME: 0.02s // SIGNATURE: 0012865056[0m
2024-07-31 13:35:45,167 - INFO - [32mNMCS: COMPLETED LEVEL 1 // TOTAL MOVES: 77 // TIME: 0.02s // SIGNATURE: 0013380057[0m
2024-07-31 13:35:46,220 - INFO - [32mNMCS: COMPLETED LEVEL 1 // TOTAL MOVES: 75 // TIME: 0.05s // SIGNATURE: 0012527776[0m
2024-07-31 13:35:47,070 - INFO - [32mNMCS: COMPLETED LEVEL 1 // TOTAL MOVES: 70 // TIME: 0.02s // SIGNATURE: 0012107560[0m
2024-07-31 13:35:48,055 - INFO - [32mNMCS: COMPLETED LEVEL 1 // TOTAL MOVES: 71 // TIME: 0.03s // SIGNATURE: 0013107298[0m
2024-07-31 13:35:49,124 - INFO - [32mNMCS: COMPLETED LEVEL 1 // TOTAL MOVES: 72 // TIME: 0.02s // SIGNATURE: 0012915135[0m
2024-07-31 13:35:50,119 - INFO - [32mNMCS: COMPLETED LEVEL 1 // TOTAL MOVES: 67 // TIME: 0.03s // SIGNATURE: 0010874616[0m
2024-07-31 13:35:51,273 - INFO - [32mNMCS: COMPLETED LEVEL 1 // TOTAL MOVES: 77 // TIME: 0.05s // SIGNATURE: 0012346156[0m
2024-07-31 13:35:52,214 - INFO - [32mNMCS: COMPLETED LEVEL 1 // TOTAL MOVES: 69 // TIME: 0.05s // SIGNATURE: 0011875278[0m
2024-07-31 13:35:53,036 - INFO - [32mNMCS: COMPLETED LEVEL 1 // TOTAL MOVES: 67 // TIME: 0.02s // SIGNATURE: 0011537423[0m
2024-07-31 13:35:54,058 - INFO - [32mNMCS: COMPLETED LEVEL 1 // TOTAL MOVES: 67 // TIME: 0.05s // SIGNATURE: 0011241849[0m
2024-07-31 13:35:55,064 - INFO - [32mNMCS: COMPLETED LEVEL 1 // TOTAL MOVES: 72 // TIME: 0.05s // SIGNATURE: 0012673095[0m
2024-07-31 13:35:55,942 - INFO - [32mNMCS: COMPLETED LEVEL 1 // TOTAL MOVES: 69 // TIME: 0.02s // SIGNATURE: 0012272664[0m
2024-07-31 13:35:56,891 - INFO - [32mNMCS: COMPLETED LEVEL 1 // TOTAL MOVES: 72 // TIME: 0.02s // SIGNATURE: 0012855152[0m
2024-07-31 13:35:57,914 - INFO - [32mNMCS: COMPLETED LEVEL 1 // TOTAL MOVES: 74 // TIME: 0.05s // SIGNATURE: 0012874925[0m
2024-07-31 13:35:58,852 - INFO - [32mNMCS: COMPLETED LEVEL 1 // TOTAL MOVES: 69 // TIME: 0.02s // SIGNATURE: 0011943479[0m
2024-07-31 13:35:59,780 - INFO - [32mNMCS: COMPLETED LEVEL 1 // TOTAL MOVES: 70 // TIME: 0.05s // SIGNATURE: 0012006429[0m
2024-07-31 13:36:00,694 - INFO - [32mNMCS: COMPLETED LEVEL 1 // TOTAL MOVES: 71 // TIME: 0.04s // SIGNATURE: 0013289015[0m
2024-07-31 13:36:01,613 - INFO - [32mNMCS: COMPLETED LEVEL 1 // TOTAL MOVES: 71 // TIME: 0.05s // SIGNATURE: 0011726518[0m
2024-07-31 13:36:02,627 - INFO - [32mNMCS: COMPLETED LEVEL 1 // TOTAL MOVES: 80 // TIME: 0.04s // SIGNATURE: 0014355119[0m
2024-07-31 13:36:03,487 - INFO - [32mNMCS: COMPLETED LEVEL 1 // TOTAL MOVES: 70 // TIME: 0.03s // SIGNATURE: 0012502387[0m
2024-07-31 13:36:03,488 - INFO - [32mNMCS: COMPLETED LEVEL 2 // TOTAL MOVES: 83 // TIME: 0.86s // SIGNATURE: 0015637728[0m
2024-07-31 13:36:04,596 - INFO - [32mNMCS: COMPLETED LEVEL 1 // TOTAL MOVES: 69 // TIME: 0.05s // SIGNATURE: 0011302290[0m
2024-07-31 13:36:05,706 - INFO - [32mNMCS: COMPLETED LEVEL 1 // TOTAL MOVES: 71 // TIME: 0.05s // SIGNATURE: 0011798340[0m
2024-07-31 13:36:06,733 - INFO - [32mNMCS: COMPLETED LEVEL 1 // TOTAL MOVES: 71 // TIME: 0.02s // SIGNATURE: 0012628643[0m
2024-07-31 13:36:07,736 - INFO - [32mNMCS: COMPLETED LEVEL 1 // TOTAL MOVES: 75 // TIME: 0.03s // SIGNATURE: 0013696608[0m
2024-07-31 13:36:08,802 - INFO - [32mNMCS: COMPLETED LEVEL 1 // TOTAL MOVES: 74 // TIME: 0.05s // SIGNATURE: 0013018154[0m
2024-07-31 13:36:09,864 - INFO - [32mNMCS: COMPLETED LEVEL 1 // TOTAL MOVES: 78 // TIME: 0.05s // SIGNATURE: 0014326027[0m
2024-07-31 13:36:10,958 - INFO - [32mNMCS: COMPLETED LEVEL 1 // TOTAL MOVES: 72 // TIME: 0.05s // SIGNATURE: 0012685818[0m
2024-07-31 13:36:12,009 - INFO - [32mNMCS: COMPLETED LEVEL 1 // TOTAL MOVES: 70 // TIME: 0.05s // SIGNATURE: 0012937805[0m
2024-07-31 13:36:12,975 - INFO - [32mNMCS: COMPLETED LEVEL 1 // TOTAL MOVES: 73 // TIME: 0.05s // SIGNATURE: 0012462949[0m
2024-07-31 13:36:14,046 - INFO - [32mNMCS: COMPLETED LEVEL 1 // TOTAL MOVES: 74 // TIME: 0.04s // SIGNATURE: 0013127932[0m
2024-07-31 13:36:15,041 - INFO - [32mNMCS: COMPLETED LEVEL 1 // TOTAL MOVES: 78 // TIME: 0.05s // SIGNATURE: 0013876517[0m
2024-07-31 13:36:16,186 - INFO - [32mNMCS: COMPLETED LEVEL 1 // TOTAL MOVES: 72 // TIME: 0.05s // SIGNATURE: 0013461466[0m
2024-07-31 13:36:17,287 - INFO - [32mNMCS: COMPLETED LEVEL 1 // TOTAL MOVES: 68 // TIME: 0.03s // SIGNATURE: 0012094701[0m
2024-07-31 13:36:18,453 - INFO - [32mNMCS: COMPLETED LEVEL 1 // TOTAL MOVES: 76 // TIME: 0.05s // SIGNATURE: 0014018008[0m
2024-07-31 13:36:19,689 - INFO - [32mNMCS: COMPLETED LEVEL 1 // TOTAL MOVES: 74 // TIME: 0.05s // SIGNATURE: 0013324043[0m
2024-07-31 13:36:20,715 - INFO - [32mNMCS: COMPLETED LEVEL 1 // TOTAL MOVES: 71 // TIME: 0.02s // SIGNATURE: 0011941433[0m
2024-07-31 13:36:21,915 - INFO - [32mNMCS: COMPLETED LEVEL 1 // TOTAL MOVES: 73 // TIME: 0.05s // SIGNATURE: 0013683237[0m
2024-07-31 13:36:23,095 - INFO - [32mNMCS: COMPLETED LEVEL 1 // TOTAL MOVES: 77 // TIME: 0.02s // SIGNATURE: 0014186050[0m
2024-07-31 13:36:24,217 - INFO - [32mNMCS: COMPLETED LEVEL 1 // TOTAL MOVES: 73 // TIME: 0.02s // SIGNATURE: 0012741219[0m
2024-07-31 13:36:25,264 - INFO - [32mNMCS: COMPLETED LEVEL 1 // TOTAL MOVES: 68 // TIME: 0.04s // SIGNATURE: 0011554727[0m
2024-07-31 13:36:26,410 - INFO - [32mNMCS: COMPLETED LEVEL 1 // TOTAL MOVES: 74 // TIME: 0.05s // SIGNATURE: 0012762114[0m
2024-07-31 13:36:27,476 - INFO - [32mNMCS: COMPLETED LEVEL 1 // TOTAL MOVES: 69 // TIME: 0.03s // SIGNATURE: 0012430458[0m
2024-07-31 13:36:28,557 - INFO - [32mNMCS: COMPLETED LEVEL 1 // TOTAL MOVES: 75 // TIME: 0.05s // SIGNATURE: 0012477575[0m
2024-07-31 13:36:29,609 - INFO - [32mNMCS: COMPLETED LEVEL 1 // TOTAL MOVES: 71 // TIME: 0.02s // SIGNATURE: 0011883968[0m
2024-07-31 13:36:30,745 - INFO - [32mNMCS: COMPLETED LEVEL 1 // TOTAL MOVES: 81 // TIME: 0.05s // SIGNATURE: 0014770765[0m
2024-07-31 13:36:31,791 - INFO - [32mNMCS: COMPLETED LEVEL 1 // TOTAL MOVES: 71 // TIME: 0.03s // SIGNATURE: 0012278996[0m
2024-07-31 13:36:32,907 - INFO - [32mNMCS: COMPLETED LEVEL 1 // TOTAL MOVES: 81 // TIME: 0.03s // SIGNATURE: 0013767238[0m
2024-07-31 13:36:32,908 - INFO - [32mNMCS: COMPLETED LEVEL 2 // TOTAL MOVES: 81 // TIME: 1.12s // SIGNATURE: 0014770765[0m
2024-07-31 13:36:33,923 - INFO - [32mNMCS: COMPLETED LEVEL 1 // TOTAL MOVES: 71 // TIME: 0.02s // SIGNATURE: 0012865749[0m
2024-07-31 13:36:35,070 - INFO - [32mNMCS: COMPLETED LEVEL 1 // TOTAL MOVES: 71 // TIME: 0.05s // SIGNATURE: 0012989097[0m
2024-07-31 13:36:36,126 - INFO - [32mNMCS: COMPLETED LEVEL 1 // TOTAL MOVES: 70 // TIME: 0.02s // SIGNATURE: 0012583422[0m
2024-07-31 13:36:37,244 - INFO - [32mNMCS: COMPLETED LEVEL 1 // TOTAL MOVES: 75 // TIME: 0.02s // SIGNATURE: 0012969447[0m
2024-07-31 13:36:38,383 - INFO - [32mNMCS: COMPLETED LEVEL 1 // TOTAL MOVES: 76 // TIME: 0.05s // SIGNATURE: 0014262968[0m
2024-07-31 13:36:39,518 - INFO - [32mNMCS: COMPLETED LEVEL 1 // TOTAL MOVES: 69 // TIME: 0.02s // SIGNATURE: 0012583634[0m
2024-07-31 13:36:40,697 - INFO - [32mNMCS: COMPLETED LEVEL 1 // TOTAL MOVES: 74 // TIME: 0.04s // SIGNATURE: 0012646175[0m
2024-07-31 13:36:41,779 - INFO - [32mNMCS: COMPLETED LEVEL 1 // TOTAL MOVES: 71 // TIME: 0.03s // SIGNATURE: 0012909334[0m
2024-07-31 13:36:42,852 - INFO - [32mNMCS: COMPLETED LEVEL 1 // TOTAL MOVES: 76 // TIME: 0.05s // SIGNATURE: 0013871042[0m
2024-07-31 13:36:43,863 - INFO - [32mNMCS: COMPLETED LEVEL 1 // TOTAL MOVES: 77 // TIME: 0.05s // SIGNATURE: 0012242901[0m
2024-07-31 13:36:44,911 - INFO - [32mNMCS: COMPLETED LEVEL 1 // TOTAL MOVES: 70 // TIME: 0.05s // SIGNATURE: 0012573907[0m
2024-07-31 13:36:46,076 - INFO - [32mNMCS: COMPLETED LEVEL 1 // TOTAL MOVES: 71 // TIME: 0.05s // SIGNATURE: 0011615555[0m
2024-07-31 13:36:47,285 - INFO - [32mNMCS: COMPLETED LEVEL 1 // TOTAL MOVES: 78 // TIME: 0.05s // SIGNATURE: 0014170468[0m
2024-07-31 13:36:48,454 - INFO - [32mNMCS: COMPLETED LEVEL 1 // TOTAL MOVES: 70 // TIME: 0.02s // SIGNATURE: 0012743478[0m
2024-07-31 13:36:49,620 - INFO - [32mNMCS: COMPLETED LEVEL 1 // TOTAL MOVES: 73 // TIME: 0.05s // SIGNATURE: 0012534579[0m
2024-07-31 13:36:50,700 - INFO - [32mNMCS: COMPLETED LEVEL 1 // TOTAL MOVES: 69 // TIME: 0.05s // SIGNATURE: 0012221105[0m
2024-07-31 13:36:51,866 - INFO - [32mNMCS: COMPLETED LEVEL 1 // TOTAL MOVES: 70 // TIME: 0.04s // SIGNATURE: 0012505052[0m
2024-07-31 13:36:53,038 - INFO - [32mNMCS: COMPLETED LEVEL 1 // TOTAL MOVES: 74 // TIME: 0.05s // SIGNATURE: 0012565163[0m
2024-07-31 13:36:54,138 - INFO - [32mNMCS: COMPLETED LEVEL 1 // TOTAL MOVES: 69 // TIME: 0.02s // SIGNATURE: 0012102210[0m
2024-07-31 13:36:55,207 - INFO - [32mNMCS: COMPLETED LEVEL 1 // TOTAL MOVES: 67 // TIME: 0.04s // SIGNATURE: 0011533526[0m
2024-07-31 13:36:56,334 - INFO - [32mNMCS: COMPLETED LEVEL 1 // TOTAL MOVES: 68 // TIME: 0.04s // SIGNATURE: 0011688979[0m
2024-07-31 13:36:57,503 - INFO - [32mNMCS: COMPLETED LEVEL 1 // TOTAL MOVES: 70 // TIME: 0.05s // SIGNATURE: 0011947824[0m
2024-07-31 13:36:58,566 - INFO - [32mNMCS: COMPLETED LEVEL 1 // TOTAL MOVES: 70 // TIME: 0.05s // SIGNATURE: 0012290754[0m
2024-07-31 13:36:59,717 - INFO - [32mNMCS: COMPLETED LEVEL 1 // TOTAL MOVES: 70 // TIME: 0.05s // SIGNATURE: 0012100575[0m
2024-07-31 13:37:00,864 - INFO - [32mNMCS: COMPLETED LEVEL 1 // TOTAL MOVES: 81 // TIME: 0.04s // SIGNATURE: 0015058965[0m
2024-07-31 13:37:01,955 - INFO - [32mNMCS: COMPLETED LEVEL 1 // TOTAL MOVES: 74 // TIME: 0.05s // SIGNATURE: 0013194444[0m
2024-07-31 13:37:03,015 - INFO - [32mNMCS: COMPLETED LEVEL 1 // TOTAL MOVES: 73 // TIME: 0.05s // SIGNATURE: 0013093000[0m
2024-07-31 13:37:03,016 - INFO - [32mNMCS: COMPLETED LEVEL 2 // TOTAL MOVES: 81 // TIME: 1.06s // SIGNATURE: 0015058965[0m
2024-07-31 13:37:03,769 - INFO - [32mNMCS: COMPLETED LEVEL 1 // TOTAL MOVES: 66 // TIME: 0.02s // SIGNATURE: 0011534699[0m
2024-07-31 13:37:04,736 - INFO - [32mNMCS: COMPLETED LEVEL 1 // TOTAL MOVES: 73 // TIME: 0.05s // SIGNATURE: 0012993760[0m
2024-07-31 13:37:05,622 - INFO - [32mNMCS: COMPLETED LEVEL 1 // TOTAL MOVES: 69 // TIME: 0.03s // SIGNATURE: 0012112851[0m
2024-07-31 13:37:06,546 - INFO - [32mNMCS: COMPLETED LEVEL 1 // TOTAL MOVES: 71 // TIME: 0.02s // SIGNATURE: 0012782337[0m
2024-07-31 13:37:07,401 - INFO - [32mNMCS: COMPLETED LEVEL 1 // TOTAL MOVES: 68 // TIME: 0.03s // SIGNATURE: 0011869211[0m
2024-07-31 13:37:08,288 - INFO - [32mNMCS: COMPLETED LEVEL 1 // TOTAL MOVES: 70 // TIME: 0.02s // SIGNATURE: 0012589971[0m
2024-07-31 13:37:09,249 - INFO - [32mNMCS: COMPLETED LEVEL 1 // TOTAL MOVES: 80 // TIME: 0.02s // SIGNATURE: 0013279791[0m
2024-07-31 13:37:10,157 - INFO - [32mNMCS: COMPLETED LEVEL 1 // TOTAL MOVES: 73 // TIME: 0.04s // SIGNATURE: 0013131767[0m
2024-07-31 13:37:11,083 - INFO - [32mNMCS: COMPLETED LEVEL 1 // TOTAL MOVES: 68 // TIME: 0.02s // SIGNATURE: 0011691419[0m
2024-07-31 13:37:12,035 - INFO - [32mNMCS: COMPLETED LEVEL 1 // TOTAL MOVES: 84 // TIME: 0.03s // SIGNATURE: 0015487255[0m
2024-07-31 13:37:13,101 - INFO - [32mNMCS: COMPLETED LEVEL 1 // TOTAL MOVES: 68 // TIME: 0.05s // SIGNATURE: 0011430958[0m
2024-07-31 13:37:14,290 - INFO - [32mNMCS: COMPLETED LEVEL 1 // TOTAL MOVES: 68 // TIME: 0.05s // SIGNATURE: 0011850719[0m
2024-07-31 13:37:15,443 - INFO - [32mNMCS: COMPLETED LEVEL 1 // TOTAL MOVES: 71 // TIME: 0.05s // SIGNATURE: 0013058551[0m
2024-07-31 13:37:16,492 - INFO - [32mNMCS: COMPLETED LEVEL 1 // TOTAL MOVES: 71 // TIME: 0.04s // SIGNATURE: 0013010343[0m
