2024-07-31 12:48:34,856 - INFO - Seed: 1
2024-07-31 12:48:34,856 - INFO - Initializing game
2024-07-31 12:48:34,856 - INFO - Game initialized
2024-07-31 12:48:34,862 - INFO - [93mStarting NMCS with level=2[0m
2024-07-31 12:48:36,057 - INFO - [32mCOMPLETED LEVEL 1 // TOTAL MOVES: 72 // TIME: 1.19s // SIGNATURE: 0012771226 
[0m
2024-07-31 12:48:37,069 - INFO - [32mCOMPLETED LEVEL 1 // TOTAL MOVES: 68 // TIME: 1.01s // SIGNATURE: 0011842948 
[0m
2024-07-31 12:48:38,151 - INFO - [32mCOMPLETED LEVEL 1 // TOTAL MOVES: 70 // TIME: 1.08s // SIGNATURE: 0011983686 
[0m
2024-07-31 12:48:39,230 - INFO - [32mCOMPLETED LEVEL 1 // TOTAL MOVES: 72 // TIME: 1.08s // SIGNATURE: 0012882109 
[0m
2024-07-31 12:48:40,452 - INFO - [32mCOMPLETED LEVEL 1 // TOTAL MOVES: 72 // TIME: 1.22s // SIGNATURE: 0012214328 
[0m
2024-07-31 12:48:41,592 - INFO - [32mCOMPLETED LEVEL 1 // TOTAL MOVES: 72 // TIME: 1.14s // SIGNATURE: 0012693983 
[0m
2024-07-31 12:48:42,602 - INFO - [32mCOMPLETED LEVEL 1 // TOTAL MOVES: 68 // TIME: 1.01s // SIGNATURE: 0012179698 
[0m
2024-07-31 12:48:43,757 - INFO - [32mCOMPLETED LEVEL 1 // TOTAL MOVES: 75 // TIME: 1.15s // SIGNATURE: 0012205708 
[0m
2024-07-31 12:48:44,738 - INFO - [32mCOMPLETED LEVEL 1 // TOTAL MOVES: 73 // TIME: 0.98s // SIGNATURE: 0012455081 
[0m
2024-07-31 12:48:45,909 - INFO - [32mCOMPLETED LEVEL 1 // TOTAL MOVES: 72 // TIME: 1.17s // SIGNATURE: 0011868752 
[0m
2024-07-31 12:48:47,155 - INFO - [32mCOMPLETED LEVEL 1 // TOTAL MOVES: 71 // TIME: 1.25s // SIGNATURE: 0012343568 
[0m
2024-07-31 12:48:48,321 - INFO - [32mCOMPLETED LEVEL 1 // TOTAL MOVES: 75 // TIME: 1.17s // SIGNATURE: 0012770392 
[0m
2024-07-31 12:48:49,560 - INFO - [32mCOMPLETED LEVEL 1 // TOTAL MOVES: 74 // TIME: 1.24s // SIGNATURE: 0013095112 
[0m
2024-07-31 12:48:50,803 - INFO - [32mCOMPLETED LEVEL 1 // TOTAL MOVES: 74 // TIME: 1.24s // SIGNATURE: 0012403702 
[0m
2024-07-31 12:48:52,039 - INFO - [32mCOMPLETED LEVEL 1 // TOTAL MOVES: 71 // TIME: 1.24s // SIGNATURE: 0012685675 
[0m
2024-07-31 12:48:53,297 - INFO - [32mCOMPLETED LEVEL 1 // TOTAL MOVES: 73 // TIME: 1.26s // SIGNATURE: 0012878816 
[0m
2024-07-31 12:48:54,374 - INFO - [32mCOMPLETED LEVEL 1 // TOTAL MOVES: 69 // TIME: 1.08s // SIGNATURE: 0011744295 
[0m
2024-07-31 12:48:55,571 - INFO - [32mCOMPLETED LEVEL 1 // TOTAL MOVES: 72 // TIME: 1.20s // SIGNATURE: 0012075436 
[0m
2024-07-31 12:48:56,773 - INFO - [32mCOMPLETED LEVEL 1 // TOTAL MOVES: 73 // TIME: 1.20s // SIGNATURE: 0012844621 
[0m
2024-07-31 12:48:57,824 - INFO - [32mCOMPLETED LEVEL 1 // TOTAL MOVES: 74 // TIME: 1.05s // SIGNATURE: 0013080123 
[0m
2024-07-31 12:48:58,815 - INFO - [32mCOMPLETED LEVEL 1 // TOTAL MOVES: 71 // TIME: 0.99s // SIGNATURE: 0012918865 
[0m
2024-07-31 12:48:59,964 - INFO - [32mCOMPLETED LEVEL 1 // TOTAL MOVES: 70 // TIME: 1.15s // SIGNATURE: 0011873147 
[0m
2024-07-31 12:49:01,176 - INFO - [32mCOMPLETED LEVEL 1 // TOTAL MOVES: 71 // TIME: 1.21s // SIGNATURE: 0012728176 
[0m
2024-07-31 12:49:02,313 - INFO - [32mCOMPLETED LEVEL 1 // TOTAL MOVES: 76 // TIME: 1.14s // SIGNATURE: 0013572634 
[0m
2024-07-31 12:49:03,437 - INFO - [32mCOMPLETED LEVEL 1 // TOTAL MOVES: 75 // TIME: 1.12s // SIGNATURE: 0013475661 
[0m
2024-07-31 12:49:04,543 - INFO - [32mCOMPLETED LEVEL 1 // TOTAL MOVES: 74 // TIME: 1.11s // SIGNATURE: 0012674645 
[0m
2024-07-31 12:49:05,642 - INFO - [32mCOMPLETED LEVEL 1 // TOTAL MOVES: 69 // TIME: 1.10s // SIGNATURE: 0011403099 
[0m
2024-07-31 12:49:06,756 - INFO - [32mCOMPLETED LEVEL 1 // TOTAL MOVES: 76 // TIME: 1.11s // SIGNATURE: 0014126876 
[0m
2024-07-31 12:49:06,756 - INFO - [32mCOMPLETED LEVEL 2 // TOTAL MOVES: 76 // TIME: 31.89s // SIGNATURE: 0013572634 
[0m
2024-07-31 12:49:06,756 - INFO - Displaying game
2024-07-31 12:49:06,758 - INFO - Game displayed
2024-07-31 12:49:06,760 - INFO - Results saved to ./logs/nrpa_10_2.csv
2024-07-31 12:49:06,763 - INFO - 
+------+-------+-------+-----------+--------------------+------------------------+--------------------+
| Seed | Level | Moves | Signature |      Time (s)      | Time per iteration (s) | Time per move (s)  |
+------+-------+-------+-----------+--------------------+------------------------+--------------------+
|  1   |   2   |   76  |  13572634 | 31.894391775131226 |          N/A           | 0.4196630496727793 |
+------+-------+-------+-----------+--------------------+------------------------+--------------------+
2024-07-31 12:49:55,487 - INFO - Seed: 42
2024-07-31 12:49:55,487 - INFO - Initializing game
2024-07-31 12:49:55,488 - INFO - Game initialized
2024-07-31 12:49:55,493 - INFO - [93mStarting NMCS with level=2[0m
2024-07-31 12:49:56,601 - INFO - [32mNMCS: COMPLETED LEVEL 1 // TOTAL MOVES: 72 // TIME: 1.10s // SIGNATURE: 0012282762[0m
2024-07-31 12:49:57,557 - INFO - [32mNMCS: COMPLETED LEVEL 1 // TOTAL MOVES: 70 // TIME: 0.96s // SIGNATURE: 0012507063[0m
2024-07-31 12:49:58,723 - INFO - [32mNMCS: COMPLETED LEVEL 1 // TOTAL MOVES: 72 // TIME: 1.17s // SIGNATURE: 0012621092[0m
2024-07-31 12:49:59,830 - INFO - [32mNMCS: COMPLETED LEVEL 1 // TOTAL MOVES: 76 // TIME: 1.11s // SIGNATURE: 0013444911[0m
2024-07-31 12:50:00,947 - INFO - [32mNMCS: COMPLETED LEVEL 1 // TOTAL MOVES: 71 // TIME: 1.12s // SIGNATURE: 0012946318[0m
2024-07-31 12:50:01,906 - INFO - [32mNMCS: COMPLETED LEVEL 1 // TOTAL MOVES: 68 // TIME: 0.96s // SIGNATURE: 0011710989[0m
2024-07-31 12:50:03,085 - INFO - [32mNMCS: COMPLETED LEVEL 1 // TOTAL MOVES: 76 // TIME: 1.18s // SIGNATURE: 0013920645[0m
2024-07-31 12:50:04,218 - INFO - [32mNMCS: COMPLETED LEVEL 1 // TOTAL MOVES: 66 // TIME: 1.13s // SIGNATURE: 0011575356[0m
2024-07-31 12:50:05,359 - INFO - [32mNMCS: COMPLETED LEVEL 1 // TOTAL MOVES: 70 // TIME: 1.14s // SIGNATURE: 0012644445[0m
2024-07-31 12:50:06,619 - INFO - [32mNMCS: COMPLETED LEVEL 1 // TOTAL MOVES: 76 // TIME: 1.26s // SIGNATURE: 0012223296[0m
2024-07-31 12:50:07,752 - INFO - [32mNMCS: COMPLETED LEVEL 1 // TOTAL MOVES: 66 // TIME: 1.13s // SIGNATURE: 0011993316[0m
2024-07-31 12:50:08,945 - INFO - [32mNMCS: COMPLETED LEVEL 1 // TOTAL MOVES: 70 // TIME: 1.19s // SIGNATURE: 0011830657[0m
2024-07-31 12:50:10,196 - INFO - [32mNMCS: COMPLETED LEVEL 1 // TOTAL MOVES: 72 // TIME: 1.25s // SIGNATURE: 0013239069[0m
2024-07-31 12:50:11,422 - INFO - [32mNMCS: COMPLETED LEVEL 1 // TOTAL MOVES: 68 // TIME: 1.23s // SIGNATURE: 0012752835[0m
2024-07-31 12:50:12,666 - INFO - [32mNMCS: COMPLETED LEVEL 1 // TOTAL MOVES: 72 // TIME: 1.24s // SIGNATURE: 0013053291[0m
2024-07-31 12:50:13,845 - INFO - [32mNMCS: COMPLETED LEVEL 1 // TOTAL MOVES: 72 // TIME: 1.18s // SIGNATURE: 0011777096[0m
2024-07-31 12:50:14,974 - INFO - [32mNMCS: COMPLETED LEVEL 1 // TOTAL MOVES: 71 // TIME: 1.13s // SIGNATURE: 0012192470[0m
2024-07-31 12:50:16,215 - INFO - [32mNMCS: COMPLETED LEVEL 1 // TOTAL MOVES: 76 // TIME: 1.24s // SIGNATURE: 0013217047[0m
2024-07-31 12:50:17,456 - INFO - [32mNMCS: COMPLETED LEVEL 1 // TOTAL MOVES: 70 // TIME: 1.24s // SIGNATURE: 0011876028[0m
2024-07-31 12:50:18,534 - INFO - [32mNMCS: COMPLETED LEVEL 1 // TOTAL MOVES: 69 // TIME: 1.08s // SIGNATURE: 0011556885[0m
2024-07-31 12:50:19,532 - INFO - [32mNMCS: COMPLETED LEVEL 1 // TOTAL MOVES: 67 // TIME: 1.00s // SIGNATURE: 0011977931[0m
2024-07-31 12:50:20,693 - INFO - [32mNMCS: COMPLETED LEVEL 1 // TOTAL MOVES: 70 // TIME: 1.16s // SIGNATURE: 0011938813[0m
2024-07-31 12:50:21,847 - INFO - [32mNMCS: COMPLETED LEVEL 1 // TOTAL MOVES: 69 // TIME: 1.15s // SIGNATURE: 0012062496[0m
2024-07-31 12:50:22,960 - INFO - [32mNMCS: COMPLETED LEVEL 1 // TOTAL MOVES: 72 // TIME: 1.11s // SIGNATURE: 0012726995[0m
2024-07-31 12:50:24,046 - INFO - [32mNMCS: COMPLETED LEVEL 1 // TOTAL MOVES: 76 // TIME: 1.08s // SIGNATURE: 0013565287[0m
2024-07-31 12:50:25,189 - INFO - [32mNMCS: COMPLETED LEVEL 1 // TOTAL MOVES: 76 // TIME: 1.14s // SIGNATURE: 0013513657[0m
2024-07-31 12:50:26,257 - INFO - [32mNMCS: COMPLETED LEVEL 1 // TOTAL MOVES: 71 // TIME: 1.07s // SIGNATURE: 0012827205[0m
2024-07-31 12:50:27,377 - INFO - [32mNMCS: COMPLETED LEVEL 1 // TOTAL MOVES: 86 // TIME: 1.12s // SIGNATURE: 0013999762[0m
2024-07-31 12:50:27,378 - INFO - [32mNMCS: COMPLETED LEVEL 2 // TOTAL MOVES: 86 // TIME: 31.88s // SIGNATURE: 0013999762[0m
2024-07-31 12:50:27,378 - INFO - Displaying game
2024-07-31 12:50:27,381 - INFO - Game displayed
2024-07-31 12:50:27,382 - INFO - Results saved to ./logs/nrpa_10_2.csv
2024-07-31 12:50:27,386 - INFO - 
+------+-------+-------+-----------+--------------------+------------------------+--------------------+
| Seed | Level | Moves | Signature |      Time (s)      | Time per iteration (s) | Time per move (s)  |
+------+-------+-------+-----------+--------------------+------------------------+--------------------+
|  42  |   2   |   86  |  13999762 | 31.883851766586304 |          N/A           | 0.3707424624021663 |
+------+-------+-------+-----------+--------------------+------------------------+--------------------+
