2024-07-31 18:23:43,763 - INFO - Seed: 1
2024-07-31 18:23:43,763 - INFO - Initializing game
2024-07-31 18:23:43,764 - INFO - Game initialized
2024-07-31 18:23:43,769 - INFO - [93mStarting NRPA with level=2, iterations=100, alpha=0.8[0m
2024-07-31 18:23:43,926 - INFO - ADAPTED STRATEGY # ALPHA: 0.8 # ADAPTED MOVES: 22 # PREV.SIG: 0000012321 # NEW.SIG: 0003417329 # TIME: 0.12s
2024-07-31 18:23:44,094 - INFO - ADAPTED STRATEGY # ALPHA: 0.8 # ADAPTED MOVES: 26 # PREV.SIG: 0000012321 # NEW.SIG: 0004976573 # TIME: 0.14s
2024-07-31 18:23:44,482 - INFO - ADAPTED STRATEGY # ALPHA: 0.8 # ADAPTED MOVES: 67 # PREV.SIG: 0000012321 # NEW.SIG: 0012215064 # TIME: 0.33s
2024-07-31 18:23:45,047 - INFO - ADAPTED STRATEGY # ALPHA: 0.8 # ADAPTED MOVES: 69 # PREV.SIG: 0000012321 # NEW.SIG: 0012365215 # TIME: 0.35s
2024-07-31 18:23:45,511 - INFO - ADAPTED STRATEGY # ALPHA: 0.8 # ADAPTED MOVES: 71 # PREV.SIG: 0000012321 # NEW.SIG: 0013014871 # TIME: 0.36s
2024-07-31 18:23:46,489 - INFO - ADAPTED STRATEGY # ALPHA: 0.8 # ADAPTED MOVES: 81 # PREV.SIG: 0000012321 # NEW.SIG: 0014354161 # TIME: 0.40s
2024-07-31 18:23:47,698 - INFO - ADAPTED STRATEGY # ALPHA: 0.8 # ADAPTED MOVES: 82 # PREV.SIG: 0000012321 # NEW.SIG: 0014191061 # TIME: 0.40s
2024-07-31 18:23:51,000 - INFO - [32mNRPA: COMPLETED LEVEL 1 // TOTAL MOVES: 82 // TIME: 7.23s // SIGNATURE: 0014191061 
[0m
2024-07-31 18:23:51,401 - INFO - ADAPTED STRATEGY # ALPHA: 0.8 # ADAPTED MOVES: 82 # PREV.SIG: 0000012321 # NEW.SIG: 0014191061 # TIME: 0.40s
2024-07-31 18:23:51,733 - INFO - ADAPTED STRATEGY # ALPHA: 0.8 # ADAPTED MOVES: 56 # PREV.SIG: 0000012321 # NEW.SIG: 0010297842 # TIME: 0.28s
2024-07-31 18:23:52,127 - INFO - ADAPTED STRATEGY # ALPHA: 0.8 # ADAPTED MOVES: 69 # PREV.SIG: 0000012321 # NEW.SIG: 0012349393 # TIME: 0.34s
2024-07-31 18:23:52,549 - INFO - ADAPTED STRATEGY # ALPHA: 0.8 # ADAPTED MOVES: 69 # PREV.SIG: 0000012321 # NEW.SIG: 0012580313 # TIME: 0.34s
2024-07-31 18:23:52,946 - INFO - ADAPTED STRATEGY # ALPHA: 0.8 # ADAPTED MOVES: 69 # PREV.SIG: 0000012321 # NEW.SIG: 0011470494 # TIME: 0.34s
2024-07-31 18:23:53,570 - INFO - ADAPTED STRATEGY # ALPHA: 0.8 # ADAPTED MOVES: 70 # PREV.SIG: 0000012321 # NEW.SIG: 0012712797 # TIME: 0.35s
2024-07-31 18:23:54,030 - INFO - ADAPTED STRATEGY # ALPHA: 0.8 # ADAPTED MOVES: 71 # PREV.SIG: 0000012321 # NEW.SIG: 0012605241 # TIME: 0.35s
2024-07-31 18:23:54,447 - INFO - ADAPTED STRATEGY # ALPHA: 0.8 # ADAPTED MOVES: 74 # PREV.SIG: 0000012321 # NEW.SIG: 0013376804 # TIME: 0.35s
2024-07-31 18:23:56,320 - INFO - ADAPTED STRATEGY # ALPHA: 0.8 # ADAPTED MOVES: 76 # PREV.SIG: 0000012321 # NEW.SIG: 0013735291 # TIME: 0.36s
2024-07-31 18:23:58,120 - INFO - ADAPTED STRATEGY # ALPHA: 0.8 # ADAPTED MOVES: 84 # PREV.SIG: 0000012321 # NEW.SIG: 0014606976 # TIME: 0.39s
2024-07-31 18:23:59,854 - INFO - [32mNRPA: COMPLETED LEVEL 1 // TOTAL MOVES: 84 // TIME: 8.45s // SIGNATURE: 0014606976 
[0m
2024-07-31 18:24:00,246 - INFO - ADAPTED STRATEGY # ALPHA: 0.8 # ADAPTED MOVES: 84 # PREV.SIG: 0000012321 # NEW.SIG: 0014606976 # TIME: 0.39s
2024-07-31 18:24:00,643 - INFO - ADAPTED STRATEGY # ALPHA: 0.8 # ADAPTED MOVES: 72 # PREV.SIG: 0000012321 # NEW.SIG: 0012993845 # TIME: 0.34s
2024-07-31 18:24:01,226 - INFO - ADAPTED STRATEGY # ALPHA: 0.8 # ADAPTED MOVES: 76 # PREV.SIG: 0000012321 # NEW.SIG: 0014064315 # TIME: 0.36s
2024-07-31 18:24:02,792 - INFO - ADAPTED STRATEGY # ALPHA: 0.8 # ADAPTED MOVES: 77 # PREV.SIG: 0000012321 # NEW.SIG: 0014070892 # TIME: 0.37s
2024-07-31 18:24:03,422 - INFO - ADAPTED STRATEGY # ALPHA: 0.8 # ADAPTED MOVES: 78 # PREV.SIG: 0000012321 # NEW.SIG: 0013717935 # TIME: 0.37s
2024-07-31 18:24:06,976 - INFO - [32mNRPA: COMPLETED LEVEL 1 // TOTAL MOVES: 78 // TIME: 6.73s // SIGNATURE: 0013717935 
[0m
2024-07-31 18:24:07,347 - INFO - ADAPTED STRATEGY # ALPHA: 0.8 # ADAPTED MOVES: 66 # PREV.SIG: 0000012321 # NEW.SIG: 0011323246 # TIME: 0.32s
2024-07-31 18:24:07,756 - INFO - ADAPTED STRATEGY # ALPHA: 0.8 # ADAPTED MOVES: 74 # PREV.SIG: 0000012321 # NEW.SIG: 0013439960 # TIME: 0.35s
2024-07-31 18:24:08,696 - INFO - ADAPTED STRATEGY # ALPHA: 0.8 # ADAPTED MOVES: 74 # PREV.SIG: 0000012321 # NEW.SIG: 0013633504 # TIME: 0.35s
2024-07-31 18:24:09,392 - INFO - ADAPTED STRATEGY # ALPHA: 0.8 # ADAPTED MOVES: 74 # PREV.SIG: 0000012321 # NEW.SIG: 0013301134 # TIME: 0.36s
2024-07-31 18:24:10,826 - INFO - ADAPTED STRATEGY # ALPHA: 0.8 # ADAPTED MOVES: 74 # PREV.SIG: 0000012321 # NEW.SIG: 0013007736 # TIME: 0.35s
2024-07-31 18:24:12,511 - INFO - ADAPTED STRATEGY # ALPHA: 0.8 # ADAPTED MOVES: 76 # PREV.SIG: 0000012321 # NEW.SIG: 0012779653 # TIME: 0.36s
2024-07-31 18:24:14,263 - INFO - [32mNRPA: COMPLETED LEVEL 1 // TOTAL MOVES: 76 // TIME: 7.29s // SIGNATURE: 0012779653 
[0m
2024-07-31 18:24:14,680 - INFO - ADAPTED STRATEGY # ALPHA: 0.8 # ADAPTED MOVES: 76 # PREV.SIG: 0000012321 # NEW.SIG: 0013604112 # TIME: 0.36s
2024-07-31 18:24:17,208 - INFO - ADAPTED STRATEGY # ALPHA: 0.8 # ADAPTED MOVES: 77 # PREV.SIG: 0000012321 # NEW.SIG: 0013524987 # TIME: 0.36s
2024-07-31 18:24:19,153 - INFO - ADAPTED STRATEGY # ALPHA: 0.8 # ADAPTED MOVES: 77 # PREV.SIG: 0000012321 # NEW.SIG: 0014157023 # TIME: 0.37s
2024-07-31 18:24:20,466 - INFO - [32mNRPA: COMPLETED LEVEL 1 // TOTAL MOVES: 77 // TIME: 6.20s // SIGNATURE: 0014157023 
[0m
2024-07-31 18:24:20,836 - INFO - ADAPTED STRATEGY # ALPHA: 0.8 # ADAPTED MOVES: 65 # PREV.SIG: 0000012321 # NEW.SIG: 0012087143 # TIME: 0.32s
2024-07-31 18:24:21,299 - INFO - ADAPTED STRATEGY # ALPHA: 0.8 # ADAPTED MOVES: 75 # PREV.SIG: 0000012321 # NEW.SIG: 0013342196 # TIME: 0.36s
2024-07-31 18:24:23,477 - INFO - ADAPTED STRATEGY # ALPHA: 0.8 # ADAPTED MOVES: 76 # PREV.SIG: 0000012321 # NEW.SIG: 0013605888 # TIME: 0.36s
2024-07-31 18:24:24,577 - INFO - ADAPTED STRATEGY # ALPHA: 0.8 # ADAPTED MOVES: 76 # PREV.SIG: 0000012321 # NEW.SIG: 0014117166 # TIME: 0.36s
2024-07-31 18:24:25,274 - INFO - ADAPTED STRATEGY # ALPHA: 0.8 # ADAPTED MOVES: 78 # PREV.SIG: 0000012321 # NEW.SIG: 0013811759 # TIME: 0.37s
2024-07-31 18:24:26,049 - INFO - ADAPTED STRATEGY # ALPHA: 0.8 # ADAPTED MOVES: 81 # PREV.SIG: 0000012321 # NEW.SIG: 0014791702 # TIME: 0.39s
2024-07-31 18:24:27,605 - INFO - [32mNRPA: COMPLETED LEVEL 1 // TOTAL MOVES: 81 // TIME: 7.14s // SIGNATURE: 0014791702 
[0m
2024-07-31 18:24:27,978 - INFO - ADAPTED STRATEGY # ALPHA: 0.8 # ADAPTED MOVES: 67 # PREV.SIG: 0000012321 # NEW.SIG: 0011291312 # TIME: 0.32s
2024-07-31 18:24:28,400 - INFO - ADAPTED STRATEGY # ALPHA: 0.8 # ADAPTED MOVES: 67 # PREV.SIG: 0000012321 # NEW.SIG: 0011633080 # TIME: 0.32s
2024-07-31 18:24:28,970 - INFO - ADAPTED STRATEGY # ALPHA: 0.8 # ADAPTED MOVES: 73 # PREV.SIG: 0000012321 # NEW.SIG: 0013005648 # TIME: 0.35s
2024-07-31 18:24:30,396 - INFO - ADAPTED STRATEGY # ALPHA: 0.8 # ADAPTED MOVES: 77 # PREV.SIG: 0000012321 # NEW.SIG: 0014461230 # TIME: 0.37s
2024-07-31 18:24:33,902 - INFO - [32mNRPA: COMPLETED LEVEL 1 // TOTAL MOVES: 77 // TIME: 6.30s // SIGNATURE: 0014461230 
[0m
2024-07-31 18:24:34,258 - INFO - ADAPTED STRATEGY # ALPHA: 0.8 # ADAPTED MOVES: 63 # PREV.SIG: 0000012321 # NEW.SIG: 0011685210 # TIME: 0.30s
2024-07-31 18:24:34,641 - INFO - ADAPTED STRATEGY # ALPHA: 0.8 # ADAPTED MOVES: 68 # PREV.SIG: 0000012321 # NEW.SIG: 0012094156 # TIME: 0.33s
2024-07-31 18:24:35,189 - INFO - ADAPTED STRATEGY # ALPHA: 0.8 # ADAPTED MOVES: 70 # PREV.SIG: 0000012321 # NEW.SIG: 0012316588 # TIME: 0.34s
2024-07-31 18:24:35,796 - INFO - ADAPTED STRATEGY # ALPHA: 0.8 # ADAPTED MOVES: 77 # PREV.SIG: 0000012321 # NEW.SIG: 0013944779 # TIME: 0.37s
2024-07-31 18:24:36,337 - INFO - ADAPTED STRATEGY # ALPHA: 0.8 # ADAPTED MOVES: 81 # PREV.SIG: 0000012321 # NEW.SIG: 0014657370 # TIME: 0.38s
2024-07-31 18:24:40,264 - INFO - ADAPTED STRATEGY # ALPHA: 0.8 # ADAPTED MOVES: 81 # PREV.SIG: 0000012321 # NEW.SIG: 0015030549 # TIME: 0.38s
2024-07-31 18:24:41,295 - INFO - [32mNRPA: COMPLETED LEVEL 1 // TOTAL MOVES: 81 // TIME: 7.39s // SIGNATURE: 0015030549 
[0m
2024-07-31 18:24:41,458 - INFO - ADAPTED STRATEGY # ALPHA: 0.8 # ADAPTED MOVES: 26 # PREV.SIG: 0000012321 # NEW.SIG: 0004178636 # TIME: 0.14s
2024-07-31 18:24:41,846 - INFO - ADAPTED STRATEGY # ALPHA: 0.8 # ADAPTED MOVES: 69 # PREV.SIG: 0000012321 # NEW.SIG: 0012674027 # TIME: 0.34s
2024-07-31 18:24:42,324 - INFO - ADAPTED STRATEGY # ALPHA: 0.8 # ADAPTED MOVES: 69 # PREV.SIG: 0000012321 # NEW.SIG: 0012460339 # TIME: 0.33s
2024-07-31 18:24:42,819 - INFO - ADAPTED STRATEGY # ALPHA: 0.8 # ADAPTED MOVES: 71 # PREV.SIG: 0000012321 # NEW.SIG: 0012405770 # TIME: 0.34s
2024-07-31 18:24:43,340 - INFO - ADAPTED STRATEGY # ALPHA: 0.8 # ADAPTED MOVES: 71 # PREV.SIG: 0000012321 # NEW.SIG: 0012404270 # TIME: 0.34s
2024-07-31 18:24:43,940 - INFO - ADAPTED STRATEGY # ALPHA: 0.8 # ADAPTED MOVES: 71 # PREV.SIG: 0000012321 # NEW.SIG: 0012999107 # TIME: 0.33s
2024-07-31 18:24:44,873 - INFO - ADAPTED STRATEGY # ALPHA: 0.8 # ADAPTED MOVES: 71 # PREV.SIG: 0000012321 # NEW.SIG: 0012634361 # TIME: 0.33s
2024-07-31 18:24:45,468 - INFO - ADAPTED STRATEGY # ALPHA: 0.8 # ADAPTED MOVES: 73 # PREV.SIG: 0000012321 # NEW.SIG: 0013689549 # TIME: 0.34s
2024-07-31 18:24:45,947 - INFO - ADAPTED STRATEGY # ALPHA: 0.8 # ADAPTED MOVES: 78 # PREV.SIG: 0000012321 # NEW.SIG: 0014103151 # TIME: 0.37s
2024-07-31 18:24:47,418 - INFO - ADAPTED STRATEGY # ALPHA: 0.8 # ADAPTED MOVES: 79 # PREV.SIG: 0000012321 # NEW.SIG: 0014165356 # TIME: 0.37s
2024-07-31 18:24:48,477 - INFO - ADAPTED STRATEGY # ALPHA: 0.8 # ADAPTED MOVES: 79 # PREV.SIG: 0000012321 # NEW.SIG: 0013728686 # TIME: 0.37s
2024-07-31 18:24:49,880 - INFO - [32mNRPA: COMPLETED LEVEL 1 // TOTAL MOVES: 79 // TIME: 8.58s // SIGNATURE: 0013728686 
[0m
2024-07-31 18:24:50,224 - INFO - ADAPTED STRATEGY # ALPHA: 0.8 # ADAPTED MOVES: 61 # PREV.SIG: 0000012321 # NEW.SIG: 0010611207 # TIME: 0.29s
2024-07-31 18:24:50,614 - INFO - ADAPTED STRATEGY # ALPHA: 0.8 # ADAPTED MOVES: 73 # PREV.SIG: 0000012321 # NEW.SIG: 0012211678 # TIME: 0.34s
2024-07-31 18:24:51,164 - INFO - ADAPTED STRATEGY # ALPHA: 0.8 # ADAPTED MOVES: 73 # PREV.SIG: 0000012321 # NEW.SIG: 0012864932 # TIME: 0.34s
2024-07-31 18:24:51,609 - INFO - ADAPTED STRATEGY # ALPHA: 0.8 # ADAPTED MOVES: 74 # PREV.SIG: 0000012321 # NEW.SIG: 0012741235 # TIME: 0.34s
2024-07-31 18:24:52,067 - INFO - ADAPTED STRATEGY # ALPHA: 0.8 # ADAPTED MOVES: 74 # PREV.SIG: 0000012321 # NEW.SIG: 0013368710 # TIME: 0.35s
2024-07-31 18:24:52,561 - INFO - ADAPTED STRATEGY # ALPHA: 0.8 # ADAPTED MOVES: 74 # PREV.SIG: 0000012321 # NEW.SIG: 0013130565 # TIME: 0.34s
2024-07-31 18:24:53,429 - INFO - ADAPTED STRATEGY # ALPHA: 0.8 # ADAPTED MOVES: 75 # PREV.SIG: 0000012321 # NEW.SIG: 0013350333 # TIME: 0.35s
2024-07-31 18:24:56,070 - INFO - ADAPTED STRATEGY # ALPHA: 0.8 # ADAPTED MOVES: 81 # PREV.SIG: 0000012321 # NEW.SIG: 0012928783 # TIME: 0.38s
2024-07-31 18:24:57,713 - INFO - [32mNRPA: COMPLETED LEVEL 1 // TOTAL MOVES: 81 // TIME: 7.83s // SIGNATURE: 0012928783 
[0m
2024-07-31 18:24:58,076 - INFO - ADAPTED STRATEGY # ALPHA: 0.8 # ADAPTED MOVES: 66 # PREV.SIG: 0000012321 # NEW.SIG: 0010820569 # TIME: 0.31s
2024-07-31 18:24:58,511 - INFO - ADAPTED STRATEGY # ALPHA: 0.8 # ADAPTED MOVES: 67 # PREV.SIG: 0000012321 # NEW.SIG: 0011516060 # TIME: 0.32s
2024-07-31 18:24:59,324 - INFO - ADAPTED STRATEGY # ALPHA: 0.8 # ADAPTED MOVES: 69 # PREV.SIG: 0000012321 # NEW.SIG: 0012518820 # TIME: 0.33s
2024-07-31 18:25:00,043 - INFO - ADAPTED STRATEGY # ALPHA: 0.8 # ADAPTED MOVES: 72 # PREV.SIG: 0000012321 # NEW.SIG: 0012124268 # TIME: 0.34s
2024-07-31 18:25:00,689 - INFO - ADAPTED STRATEGY # ALPHA: 0.8 # ADAPTED MOVES: 77 # PREV.SIG: 0000012321 # NEW.SIG: 0013877491 # TIME: 0.38s
2024-07-31 18:25:01,730 - INFO - ADAPTED STRATEGY # ALPHA: 0.8 # ADAPTED MOVES: 83 # PREV.SIG: 0000012321 # NEW.SIG: 0015799207 # TIME: 0.39s
2024-07-31 18:25:04,879 - INFO - [32mNRPA: COMPLETED LEVEL 1 // TOTAL MOVES: 83 // TIME: 7.17s // SIGNATURE: 0015799207 
[0m
2024-07-31 18:25:05,251 - INFO - ADAPTED STRATEGY # ALPHA: 0.8 # ADAPTED MOVES: 66 # PREV.SIG: 0000012321 # NEW.SIG: 0011943313 # TIME: 0.32s
2024-07-31 18:25:05,631 - INFO - ADAPTED STRATEGY # ALPHA: 0.8 # ADAPTED MOVES: 68 # PREV.SIG: 0000012321 # NEW.SIG: 0012280030 # TIME: 0.32s
2024-07-31 18:25:06,238 - INFO - ADAPTED STRATEGY # ALPHA: 0.8 # ADAPTED MOVES: 68 # PREV.SIG: 0000012321 # NEW.SIG: 0012407535 # TIME: 0.32s
2024-07-31 18:25:06,681 - INFO - ADAPTED STRATEGY # ALPHA: 0.8 # ADAPTED MOVES: 69 # PREV.SIG: 0000012321 # NEW.SIG: 0012552283 # TIME: 0.33s
2024-07-31 18:25:07,108 - INFO - ADAPTED STRATEGY # ALPHA: 0.8 # ADAPTED MOVES: 78 # PREV.SIG: 0000012321 # NEW.SIG: 0014208558 # TIME: 0.37s
2024-07-31 18:25:11,832 - INFO - [32mNRPA: COMPLETED LEVEL 1 // TOTAL MOVES: 78 // TIME: 6.95s // SIGNATURE: 0014208558 
[0m
2024-07-31 18:25:12,201 - INFO - ADAPTED STRATEGY # ALPHA: 0.8 # ADAPTED MOVES: 66 # PREV.SIG: 0000012321 # NEW.SIG: 0011138060 # TIME: 0.31s
2024-07-31 18:25:12,640 - INFO - ADAPTED STRATEGY # ALPHA: 0.8 # ADAPTED MOVES: 71 # PREV.SIG: 0000012321 # NEW.SIG: 0013140698 # TIME: 0.33s
2024-07-31 18:25:13,291 - INFO - ADAPTED STRATEGY # ALPHA: 0.8 # ADAPTED MOVES: 76 # PREV.SIG: 0000012321 # NEW.SIG: 0013982653 # TIME: 0.36s
2024-07-31 18:25:15,315 - INFO - ADAPTED STRATEGY # ALPHA: 0.8 # ADAPTED MOVES: 85 # PREV.SIG: 0000012321 # NEW.SIG: 0015345750 # TIME: 0.39s
2024-07-31 18:25:18,501 - INFO - [32mNRPA: COMPLETED LEVEL 1 // TOTAL MOVES: 85 // TIME: 6.67s // SIGNATURE: 0015345750 
[0m
2024-07-31 18:25:18,901 - INFO - ADAPTED STRATEGY # ALPHA: 0.8 # ADAPTED MOVES: 85 # PREV.SIG: 0000012321 # NEW.SIG: 0015345750 # TIME: 0.40s
2024-07-31 18:25:19,267 - INFO - ADAPTED STRATEGY # ALPHA: 0.8 # ADAPTED MOVES: 64 # PREV.SIG: 0000012321 # NEW.SIG: 0011142634 # TIME: 0.31s
2024-07-31 18:25:19,635 - INFO - ADAPTED STRATEGY # ALPHA: 0.8 # ADAPTED MOVES: 66 # PREV.SIG: 0000012321 # NEW.SIG: 0011727939 # TIME: 0.32s
2024-07-31 18:25:20,008 - INFO - ADAPTED STRATEGY # ALPHA: 0.8 # ADAPTED MOVES: 68 # PREV.SIG: 0000012321 # NEW.SIG: 0011683239 # TIME: 0.32s
2024-07-31 18:25:20,382 - INFO - ADAPTED STRATEGY # ALPHA: 0.8 # ADAPTED MOVES: 68 # PREV.SIG: 0000012321 # NEW.SIG: 0012097778 # TIME: 0.32s
2024-07-31 18:25:20,941 - INFO - ADAPTED STRATEGY # ALPHA: 0.8 # ADAPTED MOVES: 72 # PREV.SIG: 0000012321 # NEW.SIG: 0012823019 # TIME: 0.34s
2024-07-31 18:25:22,811 - INFO - ADAPTED STRATEGY # ALPHA: 0.8 # ADAPTED MOVES: 78 # PREV.SIG: 0000012321 # NEW.SIG: 0013322964 # TIME: 0.36s
2024-07-31 18:25:25,915 - INFO - ADAPTED STRATEGY # ALPHA: 0.8 # ADAPTED MOVES: 86 # PREV.SIG: 0000012321 # NEW.SIG: 0014935220 # TIME: 0.42s
2024-07-31 18:25:26,501 - INFO - [32mNRPA: COMPLETED LEVEL 1 // TOTAL MOVES: 86 // TIME: 7.60s // SIGNATURE: 0014935220 
[0m
2024-07-31 18:25:26,914 - INFO - ADAPTED STRATEGY # ALPHA: 0.8 # ADAPTED MOVES: 86 # PREV.SIG: 0000012321 # NEW.SIG: 0014935220 # TIME: 0.41s
2024-07-31 18:25:27,270 - INFO - ADAPTED STRATEGY # ALPHA: 0.8 # ADAPTED MOVES: 63 # PREV.SIG: 0000012321 # NEW.SIG: 0011685604 # TIME: 0.30s
2024-07-31 18:25:27,639 - INFO - ADAPTED STRATEGY # ALPHA: 0.8 # ADAPTED MOVES: 66 # PREV.SIG: 0000012321 # NEW.SIG: 0011591695 # TIME: 0.31s
2024-07-31 18:25:28,130 - INFO - ADAPTED STRATEGY # ALPHA: 0.8 # ADAPTED MOVES: 68 # PREV.SIG: 0000012321 # NEW.SIG: 0011591707 # TIME: 0.33s
2024-07-31 18:25:28,718 - INFO - ADAPTED STRATEGY # ALPHA: 0.8 # ADAPTED MOVES: 69 # PREV.SIG: 0000012321 # NEW.SIG: 0012357584 # TIME: 0.33s
2024-07-31 18:25:29,607 - INFO - ADAPTED STRATEGY # ALPHA: 0.8 # ADAPTED MOVES: 69 # PREV.SIG: 0000012321 # NEW.SIG: 0012264968 # TIME: 0.33s
2024-07-31 18:25:30,059 - INFO - ADAPTED STRATEGY # ALPHA: 0.8 # ADAPTED MOVES: 72 # PREV.SIG: 0000012321 # NEW.SIG: 0013306015 # TIME: 0.34s
2024-07-31 18:25:30,726 - INFO - ADAPTED STRATEGY # ALPHA: 0.8 # ADAPTED MOVES: 75 # PREV.SIG: 0000012321 # NEW.SIG: 0013144437 # TIME: 0.35s
2024-07-31 18:25:32,941 - INFO - ADAPTED STRATEGY # ALPHA: 0.8 # ADAPTED MOVES: 76 # PREV.SIG: 0000012321 # NEW.SIG: 0012499263 # TIME: 0.36s
2024-07-31 18:25:33,860 - INFO - ADAPTED STRATEGY # ALPHA: 0.8 # ADAPTED MOVES: 77 # PREV.SIG: 0000012321 # NEW.SIG: 0013020378 # TIME: 0.37s
2024-07-31 18:25:34,887 - INFO - ADAPTED STRATEGY # ALPHA: 0.8 # ADAPTED MOVES: 85 # PREV.SIG: 0000012321 # NEW.SIG: 0013830802 # TIME: 0.40s
2024-07-31 18:25:35,554 - INFO - [32mNRPA: COMPLETED LEVEL 1 // TOTAL MOVES: 85 // TIME: 8.64s // SIGNATURE: 0013830802 
[0m
2024-07-31 18:25:35,943 - INFO - ADAPTED STRATEGY # ALPHA: 0.8 # ADAPTED MOVES: 70 # PREV.SIG: 0000012321 # NEW.SIG: 0011267332 # TIME: 0.33s
2024-07-31 18:25:36,379 - INFO - ADAPTED STRATEGY # ALPHA: 0.8 # ADAPTED MOVES: 70 # PREV.SIG: 0000012321 # NEW.SIG: 0012803925 # TIME: 0.33s
2024-07-31 18:25:37,273 - INFO - ADAPTED STRATEGY # ALPHA: 0.8 # ADAPTED MOVES: 74 # PREV.SIG: 0000012321 # NEW.SIG: 0013053852 # TIME: 0.35s
2024-07-31 18:25:38,302 - INFO - ADAPTED STRATEGY # ALPHA: 0.8 # ADAPTED MOVES: 82 # PREV.SIG: 0000012321 # NEW.SIG: 0014006455 # TIME: 0.39s
2024-07-31 18:25:42,331 - INFO - [32mNRPA: COMPLETED LEVEL 1 // TOTAL MOVES: 82 // TIME: 6.78s // SIGNATURE: 0014006455 
[0m
2024-07-31 18:25:42,619 - INFO - ADAPTED STRATEGY # ALPHA: 0.8 # ADAPTED MOVES: 50 # PREV.SIG: 0000012321 # NEW.SIG: 0009028938 # TIME: 0.25s
2024-07-31 18:25:42,961 - INFO - ADAPTED STRATEGY # ALPHA: 0.8 # ADAPTED MOVES: 61 # PREV.SIG: 0000012321 # NEW.SIG: 0010569409 # TIME: 0.29s
2024-07-31 18:25:43,412 - INFO - ADAPTED STRATEGY # ALPHA: 0.8 # ADAPTED MOVES: 82 # PREV.SIG: 0000012321 # NEW.SIG: 0014037330 # TIME: 0.40s
2024-07-31 18:25:44,092 - INFO - ADAPTED STRATEGY # ALPHA: 0.8 # ADAPTED MOVES: 84 # PREV.SIG: 0000012321 # NEW.SIG: 0015354775 # TIME: 0.40s
2024-07-31 18:25:48,775 - INFO - [32mNRPA: COMPLETED LEVEL 1 // TOTAL MOVES: 84 // TIME: 6.44s // SIGNATURE: 0015354775 
[0m
2024-07-31 18:25:49,153 - INFO - ADAPTED STRATEGY # ALPHA: 0.8 # ADAPTED MOVES: 66 # PREV.SIG: 0000012321 # NEW.SIG: 0011679490 # TIME: 0.32s
2024-07-31 18:25:49,731 - INFO - ADAPTED STRATEGY # ALPHA: 0.8 # ADAPTED MOVES: 68 # PREV.SIG: 0000012321 # NEW.SIG: 0012271923 # TIME: 0.33s
2024-07-31 18:25:50,110 - INFO - ADAPTED STRATEGY # ALPHA: 0.8 # ADAPTED MOVES: 68 # PREV.SIG: 0000012321 # NEW.SIG: 0011837317 # TIME: 0.33s
2024-07-31 18:25:51,501 - INFO - ADAPTED STRATEGY # ALPHA: 0.8 # ADAPTED MOVES: 69 # PREV.SIG: 0000012321 # NEW.SIG: 0011617838 # TIME: 0.33s
2024-07-31 18:25:52,327 - INFO - ADAPTED STRATEGY # ALPHA: 0.8 # ADAPTED MOVES: 71 # PREV.SIG: 0000012321 # NEW.SIG: 0012602877 # TIME: 0.34s
2024-07-31 18:25:53,320 - INFO - ADAPTED STRATEGY # ALPHA: 0.8 # ADAPTED MOVES: 73 # PREV.SIG: 0000012321 # NEW.SIG: 0013229100 # TIME: 0.35s
2024-07-31 18:25:54,101 - INFO - ADAPTED STRATEGY # ALPHA: 0.8 # ADAPTED MOVES: 73 # PREV.SIG: 0000012321 # NEW.SIG: 0013120535 # TIME: 0.34s
2024-07-31 18:25:55,249 - INFO - ADAPTED STRATEGY # ALPHA: 0.8 # ADAPTED MOVES: 76 # PREV.SIG: 0000012321 # NEW.SIG: 0013622804 # TIME: 0.36s
2024-07-31 18:25:56,798 - INFO - [32mNRPA: COMPLETED LEVEL 1 // TOTAL MOVES: 76 // TIME: 8.02s // SIGNATURE: 0013622804 
[0m
2024-07-31 18:25:57,185 - INFO - ADAPTED STRATEGY # ALPHA: 0.8 # ADAPTED MOVES: 69 # PREV.SIG: 0000012321 # NEW.SIG: 0012067889 # TIME: 0.33s
2024-07-31 18:25:57,580 - INFO - ADAPTED STRATEGY # ALPHA: 0.8 # ADAPTED MOVES: 70 # PREV.SIG: 0000012321 # NEW.SIG: 0012049352 # TIME: 0.34s
2024-07-31 18:25:57,968 - INFO - ADAPTED STRATEGY # ALPHA: 0.8 # ADAPTED MOVES: 70 # PREV.SIG: 0000012321 # NEW.SIG: 0012173683 # TIME: 0.33s
2024-07-31 18:25:58,602 - INFO - ADAPTED STRATEGY # ALPHA: 0.8 # ADAPTED MOVES: 77 # PREV.SIG: 0000012321 # NEW.SIG: 0013783216 # TIME: 0.36s
2024-07-31 18:26:02,421 - INFO - ADAPTED STRATEGY # ALPHA: 0.8 # ADAPTED MOVES: 84 # PREV.SIG: 0000012321 # NEW.SIG: 0016251948 # TIME: 0.40s
2024-07-31 18:26:03,938 - INFO - [32mNRPA: COMPLETED LEVEL 1 // TOTAL MOVES: 84 // TIME: 7.14s // SIGNATURE: 0016251948 
[0m
2024-07-31 18:26:04,338 - INFO - ADAPTED STRATEGY # ALPHA: 0.8 # ADAPTED MOVES: 71 # PREV.SIG: 0000012321 # NEW.SIG: 0012258935 # TIME: 0.35s
2024-07-31 18:26:05,019 - INFO - ADAPTED STRATEGY # ALPHA: 0.8 # ADAPTED MOVES: 73 # PREV.SIG: 0000012321 # NEW.SIG: 0012137424 # TIME: 0.35s
2024-07-31 18:26:06,065 - INFO - ADAPTED STRATEGY # ALPHA: 0.8 # ADAPTED MOVES: 75 # PREV.SIG: 0000012321 # NEW.SIG: 0012716739 # TIME: 0.35s
2024-07-31 18:26:07,390 - INFO - ADAPTED STRATEGY # ALPHA: 0.8 # ADAPTED MOVES: 76 # PREV.SIG: 0000012321 # NEW.SIG: 0013014509 # TIME: 0.36s
2024-07-31 18:26:08,485 - INFO - ADAPTED STRATEGY # ALPHA: 0.8 # ADAPTED MOVES: 77 # PREV.SIG: 0000012321 # NEW.SIG: 0013296007 # TIME: 0.37s
2024-07-31 18:26:10,063 - INFO - ADAPTED STRATEGY # ALPHA: 0.8 # ADAPTED MOVES: 78 # PREV.SIG: 0000012321 # NEW.SIG: 0013522926 # TIME: 0.37s
2024-07-31 18:26:11,350 - INFO - [32mNRPA: COMPLETED LEVEL 1 // TOTAL MOVES: 78 // TIME: 7.41s // SIGNATURE: 0013522926 
[0m
2024-07-31 18:26:11,492 - INFO - ADAPTED STRATEGY # ALPHA: 0.8 # ADAPTED MOVES: 22 # PREV.SIG: 0000012321 # NEW.SIG: 0003430399 # TIME: 0.11s
2024-07-31 18:26:11,903 - INFO - ADAPTED STRATEGY # ALPHA: 0.8 # ADAPTED MOVES: 74 # PREV.SIG: 0000012321 # NEW.SIG: 0012970291 # TIME: 0.35s
2024-07-31 18:26:13,771 - INFO - ADAPTED STRATEGY # ALPHA: 0.8 # ADAPTED MOVES: 75 # PREV.SIG: 0000012321 # NEW.SIG: 0012305904 # TIME: 0.35s
2024-07-31 18:26:14,637 - INFO - ADAPTED STRATEGY # ALPHA: 0.8 # ADAPTED MOVES: 75 # PREV.SIG: 0000012321 # NEW.SIG: 0013603749 # TIME: 0.36s
2024-07-31 18:26:15,708 - INFO - ADAPTED STRATEGY # ALPHA: 0.8 # ADAPTED MOVES: 77 # PREV.SIG: 0000012321 # NEW.SIG: 0012998576 # TIME: 0.37s
2024-07-31 18:26:17,080 - INFO - ADAPTED STRATEGY # ALPHA: 0.8 # ADAPTED MOVES: 84 # PREV.SIG: 0000012321 # NEW.SIG: 0013631152 # TIME: 0.40s
2024-07-31 18:26:18,411 - INFO - [32mNRPA: COMPLETED LEVEL 1 // TOTAL MOVES: 84 // TIME: 7.06s // SIGNATURE: 0013631152 
[0m
2024-07-31 18:26:18,786 - INFO - ADAPTED STRATEGY # ALPHA: 0.8 # ADAPTED MOVES: 67 # PREV.SIG: 0000012321 # NEW.SIG: 0013324984 # TIME: 0.32s
2024-07-31 18:26:19,164 - INFO - ADAPTED STRATEGY # ALPHA: 0.8 # ADAPTED MOVES: 68 # PREV.SIG: 0000012321 # NEW.SIG: 0011907719 # TIME: 0.32s
2024-07-31 18:26:19,825 - INFO - ADAPTED STRATEGY # ALPHA: 0.8 # ADAPTED MOVES: 73 # PREV.SIG: 0000012321 # NEW.SIG: 0013391489 # TIME: 0.34s
2024-07-31 18:26:21,256 - INFO - ADAPTED STRATEGY # ALPHA: 0.8 # ADAPTED MOVES: 76 # PREV.SIG: 0000012321 # NEW.SIG: 0013382560 # TIME: 0.36s
2024-07-31 18:26:21,812 - INFO - ADAPTED STRATEGY # ALPHA: 0.8 # ADAPTED MOVES: 77 # PREV.SIG: 0000012321 # NEW.SIG: 0013414137 # TIME: 0.37s
2024-07-31 18:26:24,547 - INFO - ADAPTED STRATEGY # ALPHA: 0.8 # ADAPTED MOVES: 78 # PREV.SIG: 0000012321 # NEW.SIG: 0014451171 # TIME: 0.37s
2024-07-31 18:26:25,613 - INFO - [32mNRPA: COMPLETED LEVEL 1 // TOTAL MOVES: 78 // TIME: 7.20s // SIGNATURE: 0014451171 
[0m
2024-07-31 18:26:25,996 - INFO - ADAPTED STRATEGY # ALPHA: 0.8 # ADAPTED MOVES: 69 # PREV.SIG: 0000012321 # NEW.SIG: 0011744681 # TIME: 0.33s
2024-07-31 18:26:26,426 - INFO - ADAPTED STRATEGY # ALPHA: 0.8 # ADAPTED MOVES: 72 # PREV.SIG: 0000012321 # NEW.SIG: 0012568569 # TIME: 0.35s
2024-07-31 18:26:26,867 - INFO - ADAPTED STRATEGY # ALPHA: 0.8 # ADAPTED MOVES: 80 # PREV.SIG: 0000012321 # NEW.SIG: 0012955217 # TIME: 0.38s
2024-07-31 18:26:31,763 - INFO - ADAPTED STRATEGY # ALPHA: 0.8 # ADAPTED MOVES: 85 # PREV.SIG: 0000012321 # NEW.SIG: 0015115618 # TIME: 0.40s
2024-07-31 18:26:32,003 - INFO - [32mNRPA: COMPLETED LEVEL 1 // TOTAL MOVES: 85 // TIME: 6.39s // SIGNATURE: 0015115618 
[0m
2024-07-31 18:26:32,379 - INFO - ADAPTED STRATEGY # ALPHA: 0.8 # ADAPTED MOVES: 67 # PREV.SIG: 0000012321 # NEW.SIG: 0011719932 # TIME: 0.32s
2024-07-31 18:26:32,803 - INFO - ADAPTED STRATEGY # ALPHA: 0.8 # ADAPTED MOVES: 70 # PREV.SIG: 0000012321 # NEW.SIG: 0012519600 # TIME: 0.34s
2024-07-31 18:26:33,812 - INFO - ADAPTED STRATEGY # ALPHA: 0.8 # ADAPTED MOVES: 82 # PREV.SIG: 0000012321 # NEW.SIG: 0014746528 # TIME: 0.39s
2024-07-31 18:26:34,868 - INFO - ADAPTED STRATEGY # ALPHA: 0.8 # ADAPTED MOVES: 82 # PREV.SIG: 0000012321 # NEW.SIG: 0014289417 # TIME: 0.39s
2024-07-31 18:26:38,610 - INFO - [32mNRPA: COMPLETED LEVEL 1 // TOTAL MOVES: 82 // TIME: 6.61s // SIGNATURE: 0014289417 
[0m
2024-07-31 18:26:38,980 - INFO - ADAPTED STRATEGY # ALPHA: 0.8 # ADAPTED MOVES: 65 # PREV.SIG: 0000012321 # NEW.SIG: 0011652233 # TIME: 0.32s
2024-07-31 18:26:39,349 - INFO - ADAPTED STRATEGY # ALPHA: 0.8 # ADAPTED MOVES: 65 # PREV.SIG: 0000012321 # NEW.SIG: 0011965384 # TIME: 0.31s
2024-07-31 18:26:39,718 - INFO - ADAPTED STRATEGY # ALPHA: 0.8 # ADAPTED MOVES: 65 # PREV.SIG: 0000012321 # NEW.SIG: 0011829959 # TIME: 0.32s
2024-07-31 18:26:40,201 - INFO - ADAPTED STRATEGY # ALPHA: 0.8 # ADAPTED MOVES: 72 # PREV.SIG: 0000012321 # NEW.SIG: 0012652743 # TIME: 0.35s
2024-07-31 18:26:40,694 - INFO - ADAPTED STRATEGY # ALPHA: 0.8 # ADAPTED MOVES: 79 # PREV.SIG: 0000012321 # NEW.SIG: 0013700868 # TIME: 0.38s
2024-07-31 18:26:42,441 - INFO - ADAPTED STRATEGY # ALPHA: 0.8 # ADAPTED MOVES: 79 # PREV.SIG: 0000012321 # NEW.SIG: 0014540643 # TIME: 0.37s
2024-07-31 18:26:45,581 - INFO - [32mNRPA: COMPLETED LEVEL 1 // TOTAL MOVES: 79 // TIME: 6.97s // SIGNATURE: 0014540643 
[0m
2024-07-31 18:26:45,961 - INFO - ADAPTED STRATEGY # ALPHA: 0.8 # ADAPTED MOVES: 67 # PREV.SIG: 0000012321 # NEW.SIG: 0011551586 # TIME: 0.32s
2024-07-31 18:26:46,402 - INFO - ADAPTED STRATEGY # ALPHA: 0.8 # ADAPTED MOVES: 69 # PREV.SIG: 0000012321 # NEW.SIG: 0011715204 # TIME: 0.33s
2024-07-31 18:26:46,837 - INFO - ADAPTED STRATEGY # ALPHA: 0.8 # ADAPTED MOVES: 69 # PREV.SIG: 0000012321 # NEW.SIG: 0012486788 # TIME: 0.33s
2024-07-31 18:26:48,675 - INFO - ADAPTED STRATEGY # ALPHA: 0.8 # ADAPTED MOVES: 72 # PREV.SIG: 0000012321 # NEW.SIG: 0012816413 # TIME: 0.35s
2024-07-31 18:26:49,359 - INFO - ADAPTED STRATEGY # ALPHA: 0.8 # ADAPTED MOVES: 72 # PREV.SIG: 0000012321 # NEW.SIG: 0012764018 # TIME: 0.34s
2024-07-31 18:26:50,279 - INFO - ADAPTED STRATEGY # ALPHA: 0.8 # ADAPTED MOVES: 72 # PREV.SIG: 0000012321 # NEW.SIG: 0012862600 # TIME: 0.35s
2024-07-31 18:26:50,679 - INFO - ADAPTED STRATEGY # ALPHA: 0.8 # ADAPTED MOVES: 72 # PREV.SIG: 0000012321 # NEW.SIG: 0012094483 # TIME: 0.34s
2024-07-31 18:26:51,583 - INFO - ADAPTED STRATEGY # ALPHA: 0.8 # ADAPTED MOVES: 74 # PREV.SIG: 0000012321 # NEW.SIG: 0013226330 # TIME: 0.35s
2024-07-31 18:26:52,295 - INFO - ADAPTED STRATEGY # ALPHA: 0.8 # ADAPTED MOVES: 80 # PREV.SIG: 0000012321 # NEW.SIG: 0013958587 # TIME: 0.38s
2024-07-31 18:26:53,682 - INFO - [32mNRPA: COMPLETED LEVEL 1 // TOTAL MOVES: 80 // TIME: 8.10s // SIGNATURE: 0013958587 
[0m
2024-07-31 18:26:53,985 - INFO - ADAPTED STRATEGY # ALPHA: 0.8 # ADAPTED MOVES: 53 # PREV.SIG: 0000012321 # NEW.SIG: 0009840856 # TIME: 0.26s
2024-07-31 18:26:54,373 - INFO - ADAPTED STRATEGY # ALPHA: 0.8 # ADAPTED MOVES: 70 # PREV.SIG: 0000012321 # NEW.SIG: 0012732739 # TIME: 0.33s
2024-07-31 18:26:54,933 - INFO - ADAPTED STRATEGY # ALPHA: 0.8 # ADAPTED MOVES: 72 # PREV.SIG: 0000012321 # NEW.SIG: 0012644772 # TIME: 0.34s
2024-07-31 18:26:55,356 - INFO - ADAPTED STRATEGY # ALPHA: 0.8 # ADAPTED MOVES: 77 # PREV.SIG: 0000012321 # NEW.SIG: 0013052944 # TIME: 0.36s
2024-07-31 18:26:58,679 - INFO - ADAPTED STRATEGY # ALPHA: 0.8 # ADAPTED MOVES: 77 # PREV.SIG: 0000012321 # NEW.SIG: 0013554707 # TIME: 0.37s
2024-07-31 18:27:00,493 - INFO - ADAPTED STRATEGY # ALPHA: 0.8 # ADAPTED MOVES: 79 # PREV.SIG: 0000012321 # NEW.SIG: 0013852562 # TIME: 0.38s
2024-07-31 18:27:01,078 - INFO - [32mNRPA: COMPLETED LEVEL 1 // TOTAL MOVES: 79 // TIME: 7.40s // SIGNATURE: 0013852562 
[0m
2024-07-31 18:27:01,468 - INFO - ADAPTED STRATEGY # ALPHA: 0.8 # ADAPTED MOVES: 68 # PREV.SIG: 0000012321 # NEW.SIG: 0012454925 # TIME: 0.33s
2024-07-31 18:27:01,873 - INFO - ADAPTED STRATEGY # ALPHA: 0.8 # ADAPTED MOVES: 69 # PREV.SIG: 0000012321 # NEW.SIG: 0012495878 # TIME: 0.35s
2024-07-31 18:27:02,353 - INFO - ADAPTED STRATEGY # ALPHA: 0.8 # ADAPTED MOVES: 75 # PREV.SIG: 0000012321 # NEW.SIG: 0013363913 # TIME: 0.36s
2024-07-31 18:27:03,961 - INFO - ADAPTED STRATEGY # ALPHA: 0.8 # ADAPTED MOVES: 75 # PREV.SIG: 0000012321 # NEW.SIG: 0012996026 # TIME: 0.36s
2024-07-31 18:27:04,770 - INFO - ADAPTED STRATEGY # ALPHA: 0.8 # ADAPTED MOVES: 83 # PREV.SIG: 0000012321 # NEW.SIG: 0014818822 # TIME: 0.39s
2024-07-31 18:27:08,063 - INFO - [32mNRPA: COMPLETED LEVEL 1 // TOTAL MOVES: 83 // TIME: 6.98s // SIGNATURE: 0014818822 
[0m
2024-07-31 18:27:08,433 - INFO - ADAPTED STRATEGY # ALPHA: 0.8 # ADAPTED MOVES: 66 # PREV.SIG: 0000012321 # NEW.SIG: 0011430363 # TIME: 0.32s
2024-07-31 18:27:08,833 - INFO - ADAPTED STRATEGY # ALPHA: 0.8 # ADAPTED MOVES: 71 # PREV.SIG: 0000012321 # NEW.SIG: 0012280993 # TIME: 0.34s
2024-07-31 18:27:09,348 - INFO - ADAPTED STRATEGY # ALPHA: 0.8 # ADAPTED MOVES: 73 # PREV.SIG: 0000012321 # NEW.SIG: 0012964620 # TIME: 0.35s
2024-07-31 18:27:09,762 - INFO - ADAPTED STRATEGY # ALPHA: 0.8 # ADAPTED MOVES: 74 # PREV.SIG: 0000012321 # NEW.SIG: 0013134167 # TIME: 0.36s
2024-07-31 18:27:10,458 - INFO - ADAPTED STRATEGY # ALPHA: 0.8 # ADAPTED MOVES: 74 # PREV.SIG: 0000012321 # NEW.SIG: 0012833720 # TIME: 0.35s
2024-07-31 18:27:11,663 - INFO - ADAPTED STRATEGY # ALPHA: 0.8 # ADAPTED MOVES: 75 # PREV.SIG: 0000012321 # NEW.SIG: 0013626985 # TIME: 0.36s
2024-07-31 18:27:12,316 - INFO - ADAPTED STRATEGY # ALPHA: 0.8 # ADAPTED MOVES: 75 # PREV.SIG: 0000012321 # NEW.SIG: 0013292023 # TIME: 0.35s
2024-07-31 18:27:13,784 - INFO - ADAPTED STRATEGY # ALPHA: 0.8 # ADAPTED MOVES: 78 # PREV.SIG: 0000012321 # NEW.SIG: 0014326672 # TIME: 0.38s
2024-07-31 18:27:15,801 - INFO - [32mNRPA: COMPLETED LEVEL 1 // TOTAL MOVES: 78 // TIME: 7.74s // SIGNATURE: 0014326672 
[0m
2024-07-31 18:27:16,148 - INFO - ADAPTED STRATEGY # ALPHA: 0.8 # ADAPTED MOVES: 61 # PREV.SIG: 0000012321 # NEW.SIG: 0010556958 # TIME: 0.29s
2024-07-31 18:27:16,539 - INFO - ADAPTED STRATEGY # ALPHA: 0.8 # ADAPTED MOVES: 70 # PREV.SIG: 0000012321 # NEW.SIG: 0012073610 # TIME: 0.33s
2024-07-31 18:27:17,405 - INFO - ADAPTED STRATEGY # ALPHA: 0.8 # ADAPTED MOVES: 70 # PREV.SIG: 0000012321 # NEW.SIG: 0012230027 # TIME: 0.33s
2024-07-31 18:27:18,785 - INFO - ADAPTED STRATEGY # ALPHA: 0.8 # ADAPTED MOVES: 70 # PREV.SIG: 0000012321 # NEW.SIG: 0012039339 # TIME: 0.34s
2024-07-31 18:27:19,305 - INFO - ADAPTED STRATEGY # ALPHA: 0.8 # ADAPTED MOVES: 75 # PREV.SIG: 0000012321 # NEW.SIG: 0012685337 # TIME: 0.35s
2024-07-31 18:27:19,959 - INFO - ADAPTED STRATEGY # ALPHA: 0.8 # ADAPTED MOVES: 75 # PREV.SIG: 0000012321 # NEW.SIG: 0011801183 # TIME: 0.37s
2024-07-31 18:27:23,206 - INFO - [32mNRPA: COMPLETED LEVEL 1 // TOTAL MOVES: 75 // TIME: 7.40s // SIGNATURE: 0011801183 
[0m
2024-07-31 18:27:23,573 - INFO - ADAPTED STRATEGY # ALPHA: 0.8 # ADAPTED MOVES: 66 # PREV.SIG: 0000012321 # NEW.SIG: 0011233485 # TIME: 0.31s
2024-07-31 18:27:23,962 - INFO - ADAPTED STRATEGY # ALPHA: 0.8 # ADAPTED MOVES: 71 # PREV.SIG: 0000012321 # NEW.SIG: 0012048466 # TIME: 0.33s
2024-07-31 18:27:24,368 - INFO - ADAPTED STRATEGY # ALPHA: 0.8 # ADAPTED MOVES: 73 # PREV.SIG: 0000012321 # NEW.SIG: 0012589946 # TIME: 0.35s
2024-07-31 18:27:25,206 - INFO - ADAPTED STRATEGY # ALPHA: 0.8 # ADAPTED MOVES: 73 # PREV.SIG: 0000012321 # NEW.SIG: 0012226506 # TIME: 0.35s
2024-07-31 18:27:26,247 - INFO - ADAPTED STRATEGY # ALPHA: 0.8 # ADAPTED MOVES: 81 # PREV.SIG: 0000012321 # NEW.SIG: 0013374330 # TIME: 0.38s
2024-07-31 18:27:29,069 - INFO - ADAPTED STRATEGY # ALPHA: 0.8 # ADAPTED MOVES: 82 # PREV.SIG: 0000012321 # NEW.SIG: 0014205436 # TIME: 0.39s
2024-07-31 18:27:30,034 - INFO - ADAPTED STRATEGY # ALPHA: 0.8 # ADAPTED MOVES: 85 # PREV.SIG: 0000012321 # NEW.SIG: 0014494982 # TIME: 0.41s
2024-07-31 18:27:30,753 - INFO - [32mNRPA: COMPLETED LEVEL 1 // TOTAL MOVES: 85 // TIME: 7.55s // SIGNATURE: 0014494982 
[0m
2024-07-31 18:27:31,141 - INFO - ADAPTED STRATEGY # ALPHA: 0.8 # ADAPTED MOVES: 70 # PREV.SIG: 0000012321 # NEW.SIG: 0012301652 # TIME: 0.33s
2024-07-31 18:27:31,726 - INFO - ADAPTED STRATEGY # ALPHA: 0.8 # ADAPTED MOVES: 89 # PREV.SIG: 0000012321 # NEW.SIG: 0016108017 # TIME: 0.42s
2024-07-31 18:27:36,458 - INFO - [32mNRPA: COMPLETED LEVEL 1 // TOTAL MOVES: 89 // TIME: 5.70s // SIGNATURE: 0016108017 
[0m
2024-07-31 18:27:36,884 - INFO - ADAPTED STRATEGY # ALPHA: 0.8 # ADAPTED MOVES: 89 # PREV.SIG: 0000012321 # NEW.SIG: 0016108017 # TIME: 0.42s
2024-07-31 18:27:37,269 - INFO - ADAPTED STRATEGY # ALPHA: 0.8 # ADAPTED MOVES: 69 # PREV.SIG: 0000012321 # NEW.SIG: 0012330498 # TIME: 0.33s
2024-07-31 18:27:38,334 - INFO - ADAPTED STRATEGY # ALPHA: 0.8 # ADAPTED MOVES: 69 # PREV.SIG: 0000012321 # NEW.SIG: 0011750133 # TIME: 0.33s
2024-07-31 18:27:38,855 - INFO - ADAPTED STRATEGY # ALPHA: 0.8 # ADAPTED MOVES: 69 # PREV.SIG: 0000012321 # NEW.SIG: 0012242704 # TIME: 0.33s
2024-07-31 18:27:39,457 - INFO - ADAPTED STRATEGY # ALPHA: 0.8 # ADAPTED MOVES: 72 # PREV.SIG: 0000012321 # NEW.SIG: 0012970735 # TIME: 0.35s
2024-07-31 18:27:40,515 - INFO - ADAPTED STRATEGY # ALPHA: 0.8 # ADAPTED MOVES: 72 # PREV.SIG: 0000012321 # NEW.SIG: 0012321201 # TIME: 0.34s
2024-07-31 18:27:42,231 - INFO - ADAPTED STRATEGY # ALPHA: 0.8 # ADAPTED MOVES: 82 # PREV.SIG: 0000012321 # NEW.SIG: 0014424163 # TIME: 0.39s
2024-07-31 18:27:44,060 - INFO - [32mNRPA: COMPLETED LEVEL 1 // TOTAL MOVES: 82 // TIME: 7.18s // SIGNATURE: 0014424163 
[0m
2024-07-31 18:27:44,451 - INFO - ADAPTED STRATEGY # ALPHA: 0.8 # ADAPTED MOVES: 70 # PREV.SIG: 0000012321 # NEW.SIG: 0011720769 # TIME: 0.33s
2024-07-31 18:27:44,855 - INFO - ADAPTED STRATEGY # ALPHA: 0.8 # ADAPTED MOVES: 73 # PREV.SIG: 0000012321 # NEW.SIG: 0013395489 # TIME: 0.35s
2024-07-31 18:27:45,850 - INFO - ADAPTED STRATEGY # ALPHA: 0.8 # ADAPTED MOVES: 73 # PREV.SIG: 0000012321 # NEW.SIG: 0014251670 # TIME: 0.34s
2024-07-31 18:27:47,560 - INFO - ADAPTED STRATEGY # ALPHA: 0.8 # ADAPTED MOVES: 78 # PREV.SIG: 0000012321 # NEW.SIG: 0013847063 # TIME: 0.37s
2024-07-31 18:27:47,995 - INFO - ADAPTED STRATEGY # ALPHA: 0.8 # ADAPTED MOVES: 79 # PREV.SIG: 0000012321 # NEW.SIG: 0013064625 # TIME: 0.38s
2024-07-31 18:27:51,310 - INFO - ADAPTED STRATEGY # ALPHA: 0.8 # ADAPTED MOVES: 84 # PREV.SIG: 0000012321 # NEW.SIG: 0015330213 # TIME: 0.39s
2024-07-31 18:27:51,474 - INFO - [32mNRPA: COMPLETED LEVEL 1 // TOTAL MOVES: 84 // TIME: 7.41s // SIGNATURE: 0015330213 
[0m
2024-07-31 18:27:51,849 - INFO - ADAPTED STRATEGY # ALPHA: 0.8 # ADAPTED MOVES: 67 # PREV.SIG: 0000012321 # NEW.SIG: 0012078520 # TIME: 0.32s
2024-07-31 18:27:52,304 - INFO - ADAPTED STRATEGY # ALPHA: 0.8 # ADAPTED MOVES: 67 # PREV.SIG: 0000012321 # NEW.SIG: 0011277048 # TIME: 0.32s
2024-07-31 18:27:52,919 - INFO - ADAPTED STRATEGY # ALPHA: 0.8 # ADAPTED MOVES: 69 # PREV.SIG: 0000012321 # NEW.SIG: 0012152424 # TIME: 0.33s
2024-07-31 18:27:53,465 - INFO - ADAPTED STRATEGY # ALPHA: 0.8 # ADAPTED MOVES: 70 # PREV.SIG: 0000012321 # NEW.SIG: 0012244034 # TIME: 0.33s
2024-07-31 18:27:54,000 - INFO - ADAPTED STRATEGY # ALPHA: 0.8 # ADAPTED MOVES: 77 # PREV.SIG: 0000012321 # NEW.SIG: 0013535800 # TIME: 0.37s
2024-07-31 18:27:54,659 - INFO - ADAPTED STRATEGY # ALPHA: 0.8 # ADAPTED MOVES: 81 # PREV.SIG: 0000012321 # NEW.SIG: 0014302234 # TIME: 0.38s
2024-07-31 18:27:55,806 - INFO - ADAPTED STRATEGY # ALPHA: 0.8 # ADAPTED MOVES: 81 # PREV.SIG: 0000012321 # NEW.SIG: 0014562512 # TIME: 0.39s
2024-07-31 18:27:59,170 - INFO - ADAPTED STRATEGY # ALPHA: 0.8 # ADAPTED MOVES: 84 # PREV.SIG: 0000012321 # NEW.SIG: 0014674574 # TIME: 0.40s
2024-07-31 18:27:59,433 - INFO - [32mNRPA: COMPLETED LEVEL 1 // TOTAL MOVES: 84 // TIME: 7.96s // SIGNATURE: 0014674574 
[0m
2024-07-31 18:27:59,787 - INFO - ADAPTED STRATEGY # ALPHA: 0.8 # ADAPTED MOVES: 63 # PREV.SIG: 0000012321 # NEW.SIG: 0011474907 # TIME: 0.30s
2024-07-31 18:28:00,164 - INFO - ADAPTED STRATEGY # ALPHA: 0.8 # ADAPTED MOVES: 68 # PREV.SIG: 0000012321 # NEW.SIG: 0011786119 # TIME: 0.32s
2024-07-31 18:28:00,804 - INFO - ADAPTED STRATEGY # ALPHA: 0.8 # ADAPTED MOVES: 69 # PREV.SIG: 0000012321 # NEW.SIG: 0012292602 # TIME: 0.33s
2024-07-31 18:28:01,201 - INFO - ADAPTED STRATEGY # ALPHA: 0.8 # ADAPTED MOVES: 71 # PREV.SIG: 0000012321 # NEW.SIG: 0012363223 # TIME: 0.34s
2024-07-31 18:28:01,620 - INFO - ADAPTED STRATEGY # ALPHA: 0.8 # ADAPTED MOVES: 75 # PREV.SIG: 0000012321 # NEW.SIG: 0013236339 # TIME: 0.36s
2024-07-31 18:28:05,631 - INFO - ADAPTED STRATEGY # ALPHA: 0.8 # ADAPTED MOVES: 82 # PREV.SIG: 0000012321 # NEW.SIG: 0014164395 # TIME: 0.38s
2024-07-31 18:28:06,632 - INFO - [32mNRPA: COMPLETED LEVEL 1 // TOTAL MOVES: 82 // TIME: 7.20s // SIGNATURE: 0014164395 
[0m
2024-07-31 18:28:07,001 - INFO - ADAPTED STRATEGY # ALPHA: 0.8 # ADAPTED MOVES: 66 # PREV.SIG: 0000012321 # NEW.SIG: 0012338735 # TIME: 0.32s
2024-07-31 18:28:07,448 - INFO - ADAPTED STRATEGY # ALPHA: 0.8 # ADAPTED MOVES: 70 # PREV.SIG: 0000012321 # NEW.SIG: 0012979334 # TIME: 0.34s
2024-07-31 18:28:07,919 - INFO - ADAPTED STRATEGY # ALPHA: 0.8 # ADAPTED MOVES: 72 # PREV.SIG: 0000012321 # NEW.SIG: 0012066703 # TIME: 0.34s
2024-07-31 18:28:08,982 - INFO - ADAPTED STRATEGY # ALPHA: 0.8 # ADAPTED MOVES: 74 # PREV.SIG: 0000012321 # NEW.SIG: 0012562452 # TIME: 0.35s
2024-07-31 18:28:10,041 - INFO - ADAPTED STRATEGY # ALPHA: 0.8 # ADAPTED MOVES: 74 # PREV.SIG: 0000012321 # NEW.SIG: 0012520811 # TIME: 0.35s
2024-07-31 18:28:13,639 - INFO - ADAPTED STRATEGY # ALPHA: 0.8 # ADAPTED MOVES: 74 # PREV.SIG: 0000012321 # NEW.SIG: 0012117520 # TIME: 0.35s
2024-07-31 18:28:13,903 - INFO - [32mNRPA: COMPLETED LEVEL 1 // TOTAL MOVES: 74 // TIME: 7.27s // SIGNATURE: 0012117520 
[0m
2024-07-31 18:28:14,246 - INFO - ADAPTED STRATEGY # ALPHA: 0.8 # ADAPTED MOVES: 61 # PREV.SIG: 0000012321 # NEW.SIG: 0010968687 # TIME: 0.29s
2024-07-31 18:28:14,647 - INFO - ADAPTED STRATEGY # ALPHA: 0.8 # ADAPTED MOVES: 72 # PREV.SIG: 0000012321 # NEW.SIG: 0013038150 # TIME: 0.35s
2024-07-31 18:28:15,399 - INFO - ADAPTED STRATEGY # ALPHA: 0.8 # ADAPTED MOVES: 79 # PREV.SIG: 0000012321 # NEW.SIG: 0013574469 # TIME: 0.38s
2024-07-31 18:28:20,038 - INFO - [32mNRPA: COMPLETED LEVEL 1 // TOTAL MOVES: 79 // TIME: 6.13s // SIGNATURE: 0013574469 
[0m
2024-07-31 18:28:20,409 - INFO - ADAPTED STRATEGY # ALPHA: 0.8 # ADAPTED MOVES: 66 # PREV.SIG: 0000012321 # NEW.SIG: 0011998079 # TIME: 0.32s
2024-07-31 18:28:20,791 - INFO - ADAPTED STRATEGY # ALPHA: 0.8 # ADAPTED MOVES: 70 # PREV.SIG: 0000012321 # NEW.SIG: 0011878538 # TIME: 0.32s
2024-07-31 18:28:21,288 - INFO - ADAPTED STRATEGY # ALPHA: 0.8 # ADAPTED MOVES: 71 # PREV.SIG: 0000012321 # NEW.SIG: 0012193387 # TIME: 0.34s
2024-07-31 18:28:21,747 - INFO - ADAPTED STRATEGY # ALPHA: 0.8 # ADAPTED MOVES: 73 # PREV.SIG: 0000012321 # NEW.SIG: 0012986460 # TIME: 0.35s
2024-07-31 18:28:22,270 - INFO - ADAPTED STRATEGY # ALPHA: 0.8 # ADAPTED MOVES: 75 # PREV.SIG: 0000012321 # NEW.SIG: 0012658606 # TIME: 0.36s
2024-07-31 18:28:24,106 - INFO - ADAPTED STRATEGY # ALPHA: 0.8 # ADAPTED MOVES: 79 # PREV.SIG: 0000012321 # NEW.SIG: 0013187605 # TIME: 0.38s
2024-07-31 18:28:26,354 - INFO - ADAPTED STRATEGY # ALPHA: 0.8 # ADAPTED MOVES: 83 # PREV.SIG: 0000012321 # NEW.SIG: 0015137146 # TIME: 0.39s
2024-07-31 18:28:27,669 - INFO - [32mNRPA: COMPLETED LEVEL 1 // TOTAL MOVES: 83 // TIME: 7.63s // SIGNATURE: 0015137146 
[0m
2024-07-31 18:28:28,024 - INFO - ADAPTED STRATEGY # ALPHA: 0.8 # ADAPTED MOVES: 63 # PREV.SIG: 0000012321 # NEW.SIG: 0010366645 # TIME: 0.30s
2024-07-31 18:28:28,550 - INFO - ADAPTED STRATEGY # ALPHA: 0.8 # ADAPTED MOVES: 80 # PREV.SIG: 0000012321 # NEW.SIG: 0014799014 # TIME: 0.37s
2024-07-31 18:28:29,876 - INFO - ADAPTED STRATEGY # ALPHA: 0.8 # ADAPTED MOVES: 83 # PREV.SIG: 0000012321 # NEW.SIG: 0013886756 # TIME: 0.38s
2024-07-31 18:28:33,871 - INFO - [32mNRPA: COMPLETED LEVEL 1 // TOTAL MOVES: 83 // TIME: 6.20s // SIGNATURE: 0013886756 
[0m
2024-07-31 18:28:34,230 - INFO - ADAPTED STRATEGY # ALPHA: 0.8 # ADAPTED MOVES: 63 # PREV.SIG: 0000012321 # NEW.SIG: 0011391214 # TIME: 0.31s
2024-07-31 18:28:34,621 - INFO - ADAPTED STRATEGY # ALPHA: 0.8 # ADAPTED MOVES: 70 # PREV.SIG: 0000012321 # NEW.SIG: 0012384235 # TIME: 0.34s
2024-07-31 18:28:35,021 - INFO - ADAPTED STRATEGY # ALPHA: 0.8 # ADAPTED MOVES: 72 # PREV.SIG: 0000012321 # NEW.SIG: 0013113584 # TIME: 0.35s
2024-07-31 18:28:35,427 - INFO - ADAPTED STRATEGY # ALPHA: 0.8 # ADAPTED MOVES: 73 # PREV.SIG: 0000012321 # NEW.SIG: 0012395355 # TIME: 0.35s
2024-07-31 18:28:35,899 - INFO - ADAPTED STRATEGY # ALPHA: 0.8 # ADAPTED MOVES: 76 # PREV.SIG: 0000012321 # NEW.SIG: 0013243329 # TIME: 0.36s
2024-07-31 18:28:36,534 - INFO - ADAPTED STRATEGY # ALPHA: 0.8 # ADAPTED MOVES: 81 # PREV.SIG: 0000012321 # NEW.SIG: 0014173644 # TIME: 0.38s
2024-07-31 18:28:41,187 - INFO - ADAPTED STRATEGY # ALPHA: 0.8 # ADAPTED MOVES: 84 # PREV.SIG: 0000012321 # NEW.SIG: 0014939251 # TIME: 0.40s
2024-07-31 18:28:41,575 - INFO - [32mNRPA: COMPLETED LEVEL 1 // TOTAL MOVES: 84 // TIME: 7.70s // SIGNATURE: 0014939251 
[0m
2024-07-31 18:28:42,016 - INFO - ADAPTED STRATEGY # ALPHA: 0.8 # ADAPTED MOVES: 80 # PREV.SIG: 0000012321 # NEW.SIG: 0014151350 # TIME: 0.38s
2024-07-31 18:28:44,586 - INFO - ADAPTED STRATEGY # ALPHA: 0.8 # ADAPTED MOVES: 82 # PREV.SIG: 0000012321 # NEW.SIG: 0014381860 # TIME: 0.39s
2024-07-31 18:28:47,344 - INFO - [32mNRPA: COMPLETED LEVEL 1 // TOTAL MOVES: 82 // TIME: 5.77s // SIGNATURE: 0014381860 
[0m
2024-07-31 18:28:47,697 - INFO - ADAPTED STRATEGY # ALPHA: 0.8 # ADAPTED MOVES: 65 # PREV.SIG: 0000012321 # NEW.SIG: 0012225210 # TIME: 0.30s
2024-07-31 18:28:48,091 - INFO - ADAPTED STRATEGY # ALPHA: 0.8 # ADAPTED MOVES: 67 # PREV.SIG: 0000012321 # NEW.SIG: 0012236485 # TIME: 0.31s
2024-07-31 18:28:48,498 - INFO - ADAPTED STRATEGY # ALPHA: 0.8 # ADAPTED MOVES: 74 # PREV.SIG: 0000012321 # NEW.SIG: 0013401651 # TIME: 0.35s
2024-07-31 18:28:49,540 - INFO - ADAPTED STRATEGY # ALPHA: 0.8 # ADAPTED MOVES: 74 # PREV.SIG: 0000012321 # NEW.SIG: 0013336791 # TIME: 0.36s
2024-07-31 18:28:49,977 - INFO - ADAPTED STRATEGY # ALPHA: 0.8 # ADAPTED MOVES: 81 # PREV.SIG: 0000012321 # NEW.SIG: 0013570996 # TIME: 0.38s
2024-07-31 18:28:51,869 - INFO - ADAPTED STRATEGY # ALPHA: 0.8 # ADAPTED MOVES: 82 # PREV.SIG: 0000012321 # NEW.SIG: 0014808360 # TIME: 0.38s
2024-07-31 18:28:54,555 - INFO - ADAPTED STRATEGY # ALPHA: 0.8 # ADAPTED MOVES: 83 # PREV.SIG: 0000012321 # NEW.SIG: 0014804518 # TIME: 0.39s
2024-07-31 18:28:54,601 - INFO - [32mNRPA: COMPLETED LEVEL 1 // TOTAL MOVES: 83 // TIME: 7.26s // SIGNATURE: 0014804518 
[0m
2024-07-31 18:28:55,009 - INFO - ADAPTED STRATEGY # ALPHA: 0.8 # ADAPTED MOVES: 74 # PREV.SIG: 0000012321 # NEW.SIG: 0013394105 # TIME: 0.35s
2024-07-31 18:28:59,444 - INFO - ADAPTED STRATEGY # ALPHA: 0.8 # ADAPTED MOVES: 74 # PREV.SIG: 0000012321 # NEW.SIG: 0013423467 # TIME: 0.34s
2024-07-31 18:29:00,101 - INFO - ADAPTED STRATEGY # ALPHA: 0.8 # ADAPTED MOVES: 82 # PREV.SIG: 0000012321 # NEW.SIG: 0014583978 # TIME: 0.39s
2024-07-31 18:29:00,634 - INFO - [32mNRPA: COMPLETED LEVEL 1 // TOTAL MOVES: 82 // TIME: 6.03s // SIGNATURE: 0014583978 
[0m
2024-07-31 18:29:01,013 - INFO - ADAPTED STRATEGY # ALPHA: 0.8 # ADAPTED MOVES: 68 # PREV.SIG: 0000012321 # NEW.SIG: 0012290633 # TIME: 0.32s
2024-07-31 18:29:01,558 - INFO - ADAPTED STRATEGY # ALPHA: 0.8 # ADAPTED MOVES: 68 # PREV.SIG: 0000012321 # NEW.SIG: 0011656104 # TIME: 0.33s
2024-07-31 18:29:02,254 - INFO - ADAPTED STRATEGY # ALPHA: 0.8 # ADAPTED MOVES: 74 # PREV.SIG: 0000012321 # NEW.SIG: 0013171721 # TIME: 0.35s
2024-07-31 18:29:03,773 - INFO - ADAPTED STRATEGY # ALPHA: 0.8 # ADAPTED MOVES: 75 # PREV.SIG: 0000012321 # NEW.SIG: 0012510713 # TIME: 0.36s
2024-07-31 18:29:04,296 - INFO - ADAPTED STRATEGY # ALPHA: 0.8 # ADAPTED MOVES: 75 # PREV.SIG: 0000012321 # NEW.SIG: 0013237324 # TIME: 0.36s
2024-07-31 18:29:05,462 - INFO - ADAPTED STRATEGY # ALPHA: 0.8 # ADAPTED MOVES: 76 # PREV.SIG: 0000012321 # NEW.SIG: 0013440452 # TIME: 0.36s
2024-07-31 18:29:05,899 - INFO - ADAPTED STRATEGY # ALPHA: 0.8 # ADAPTED MOVES: 80 # PREV.SIG: 0000012321 # NEW.SIG: 0014157863 # TIME: 0.38s
2024-07-31 18:29:07,251 - INFO - ADAPTED STRATEGY # ALPHA: 0.8 # ADAPTED MOVES: 84 # PREV.SIG: 0000012321 # NEW.SIG: 0015430316 # TIME: 0.39s
2024-07-31 18:29:08,706 - INFO - [32mNRPA: COMPLETED LEVEL 1 // TOTAL MOVES: 84 // TIME: 8.07s // SIGNATURE: 0015430316 
[0m
2024-07-31 18:29:09,063 - INFO - ADAPTED STRATEGY # ALPHA: 0.8 # ADAPTED MOVES: 65 # PREV.SIG: 0000012321 # NEW.SIG: 0011612044 # TIME: 0.31s
2024-07-31 18:29:09,547 - INFO - ADAPTED STRATEGY # ALPHA: 0.8 # ADAPTED MOVES: 66 # PREV.SIG: 0000012321 # NEW.SIG: 0012222371 # TIME: 0.31s
2024-07-31 18:29:10,071 - INFO - ADAPTED STRATEGY # ALPHA: 0.8 # ADAPTED MOVES: 66 # PREV.SIG: 0000012321 # NEW.SIG: 0012385770 # TIME: 0.31s
2024-07-31 18:29:10,438 - INFO - ADAPTED STRATEGY # ALPHA: 0.8 # ADAPTED MOVES: 66 # PREV.SIG: 0000012321 # NEW.SIG: 0010841592 # TIME: 0.31s
2024-07-31 18:29:11,040 - INFO - ADAPTED STRATEGY # ALPHA: 0.8 # ADAPTED MOVES: 70 # PREV.SIG: 0000012321 # NEW.SIG: 0012596592 # TIME: 0.34s
2024-07-31 18:29:11,830 - INFO - ADAPTED STRATEGY # ALPHA: 0.8 # ADAPTED MOVES: 75 # PREV.SIG: 0000012321 # NEW.SIG: 0013354496 # TIME: 0.36s
2024-07-31 18:29:13,511 - INFO - ADAPTED STRATEGY # ALPHA: 0.8 # ADAPTED MOVES: 76 # PREV.SIG: 0000012321 # NEW.SIG: 0013097593 # TIME: 0.36s
2024-07-31 18:29:14,798 - INFO - ADAPTED STRATEGY # ALPHA: 0.8 # ADAPTED MOVES: 78 # PREV.SIG: 0000012321 # NEW.SIG: 0013615296 # TIME: 0.37s
2024-07-31 18:29:16,585 - INFO - [32mNRPA: COMPLETED LEVEL 1 // TOTAL MOVES: 78 // TIME: 7.88s // SIGNATURE: 0013615296 
[0m
2024-07-31 18:29:16,914 - INFO - ADAPTED STRATEGY # ALPHA: 0.8 # ADAPTED MOVES: 58 # PREV.SIG: 0000012321 # NEW.SIG: 0009830213 # TIME: 0.28s
2024-07-31 18:29:17,284 - INFO - ADAPTED STRATEGY # ALPHA: 0.8 # ADAPTED MOVES: 67 # PREV.SIG: 0000012321 # NEW.SIG: 0011451700 # TIME: 0.32s
2024-07-31 18:29:17,802 - INFO - ADAPTED STRATEGY # ALPHA: 0.8 # ADAPTED MOVES: 69 # PREV.SIG: 0000012321 # NEW.SIG: 0012415278 # TIME: 0.33s
2024-07-31 18:29:18,409 - INFO - ADAPTED STRATEGY # ALPHA: 0.8 # ADAPTED MOVES: 71 # PREV.SIG: 0000012321 # NEW.SIG: 0012225690 # TIME: 0.34s
2024-07-31 18:29:18,804 - INFO - ADAPTED STRATEGY # ALPHA: 0.8 # ADAPTED MOVES: 71 # PREV.SIG: 0000012321 # NEW.SIG: 0011472740 # TIME: 0.34s
2024-07-31 18:29:19,266 - INFO - ADAPTED STRATEGY # ALPHA: 0.8 # ADAPTED MOVES: 73 # PREV.SIG: 0000012321 # NEW.SIG: 0012740686 # TIME: 0.35s
2024-07-31 18:29:19,776 - INFO - ADAPTED STRATEGY # ALPHA: 0.8 # ADAPTED MOVES: 73 # PREV.SIG: 0000012321 # NEW.SIG: 0012994374 # TIME: 0.35s
2024-07-31 18:29:21,806 - INFO - ADAPTED STRATEGY # ALPHA: 0.8 # ADAPTED MOVES: 77 # PREV.SIG: 0000012321 # NEW.SIG: 0013223071 # TIME: 0.37s
2024-07-31 18:29:22,444 - INFO - ADAPTED STRATEGY # ALPHA: 0.8 # ADAPTED MOVES: 77 # PREV.SIG: 0000012321 # NEW.SIG: 0013387714 # TIME: 0.36s
2024-07-31 18:29:23,629 - INFO - ADAPTED STRATEGY # ALPHA: 0.8 # ADAPTED MOVES: 77 # PREV.SIG: 0000012321 # NEW.SIG: 0013514794 # TIME: 0.36s
2024-07-31 18:29:24,343 - INFO - ADAPTED STRATEGY # ALPHA: 0.8 # ADAPTED MOVES: 79 # PREV.SIG: 0000012321 # NEW.SIG: 0013822863 # TIME: 0.38s
2024-07-31 18:29:25,549 - INFO - [32mNRPA: COMPLETED LEVEL 1 // TOTAL MOVES: 79 // TIME: 8.96s // SIGNATURE: 0013822863 
[0m
2024-07-31 18:29:25,712 - INFO - ADAPTED STRATEGY # ALPHA: 0.8 # ADAPTED MOVES: 24 # PREV.SIG: 0000012321 # NEW.SIG: 0004090900 # TIME: 0.13s
2024-07-31 18:29:26,085 - INFO - ADAPTED STRATEGY # ALPHA: 0.8 # ADAPTED MOVES: 68 # PREV.SIG: 0000012321 # NEW.SIG: 0012717470 # TIME: 0.32s
2024-07-31 18:29:26,525 - INFO - ADAPTED STRATEGY # ALPHA: 0.8 # ADAPTED MOVES: 70 # PREV.SIG: 0000012321 # NEW.SIG: 0012714729 # TIME: 0.33s
2024-07-31 18:29:27,084 - INFO - ADAPTED STRATEGY # ALPHA: 0.8 # ADAPTED MOVES: 72 # PREV.SIG: 0000012321 # NEW.SIG: 0013026645 # TIME: 0.35s
2024-07-31 18:29:27,688 - INFO - ADAPTED STRATEGY # ALPHA: 0.8 # ADAPTED MOVES: 73 # PREV.SIG: 0000012321 # NEW.SIG: 0013558067 # TIME: 0.35s
2024-07-31 18:29:28,550 - INFO - ADAPTED STRATEGY # ALPHA: 0.8 # ADAPTED MOVES: 73 # PREV.SIG: 0000012321 # NEW.SIG: 0013406237 # TIME: 0.35s
2024-07-31 18:29:29,125 - INFO - ADAPTED STRATEGY # ALPHA: 0.8 # ADAPTED MOVES: 77 # PREV.SIG: 0000012321 # NEW.SIG: 0013810005 # TIME: 0.36s
2024-07-31 18:29:31,711 - INFO - ADAPTED STRATEGY # ALPHA: 0.8 # ADAPTED MOVES: 79 # PREV.SIG: 0000012321 # NEW.SIG: 0015397784 # TIME: 0.38s
2024-07-31 18:29:33,111 - INFO - [32mNRPA: COMPLETED LEVEL 1 // TOTAL MOVES: 79 // TIME: 7.56s // SIGNATURE: 0015397784 
[0m
2024-07-31 18:29:33,492 - INFO - ADAPTED STRATEGY # ALPHA: 0.8 # ADAPTED MOVES: 68 # PREV.SIG: 0000012321 # NEW.SIG: 0011319002 # TIME: 0.33s
2024-07-31 18:29:33,883 - INFO - ADAPTED STRATEGY # ALPHA: 0.8 # ADAPTED MOVES: 70 # PREV.SIG: 0000012321 # NEW.SIG: 0011918024 # TIME: 0.34s
2024-07-31 18:29:34,831 - INFO - ADAPTED STRATEGY # ALPHA: 0.8 # ADAPTED MOVES: 79 # PREV.SIG: 0000012321 # NEW.SIG: 0013790840 # TIME: 0.38s
2024-07-31 18:29:39,364 - INFO - [32mNRPA: COMPLETED LEVEL 1 // TOTAL MOVES: 79 // TIME: 6.25s // SIGNATURE: 0013790840 
[0m
2024-07-31 18:29:39,710 - INFO - ADAPTED STRATEGY # ALPHA: 0.8 # ADAPTED MOVES: 61 # PREV.SIG: 0000012321 # NEW.SIG: 0010050915 # TIME: 0.29s
2024-07-31 18:29:40,095 - INFO - ADAPTED STRATEGY # ALPHA: 0.8 # ADAPTED MOVES: 69 # PREV.SIG: 0000012321 # NEW.SIG: 0012649402 # TIME: 0.33s
2024-07-31 18:29:40,487 - INFO - ADAPTED STRATEGY # ALPHA: 0.8 # ADAPTED MOVES: 70 # PREV.SIG: 0000012321 # NEW.SIG: 0012241346 # TIME: 0.34s
2024-07-31 18:29:41,356 - INFO - ADAPTED STRATEGY # ALPHA: 0.8 # ADAPTED MOVES: 73 # PREV.SIG: 0000012321 # NEW.SIG: 0012386528 # TIME: 0.35s
2024-07-31 18:29:41,824 - INFO - ADAPTED STRATEGY # ALPHA: 0.8 # ADAPTED MOVES: 75 # PREV.SIG: 0000012321 # NEW.SIG: 0012671134 # TIME: 0.36s
2024-07-31 18:29:43,397 - INFO - ADAPTED STRATEGY # ALPHA: 0.8 # ADAPTED MOVES: 80 # PREV.SIG: 0000012321 # NEW.SIG: 0013574080 # TIME: 0.38s
2024-07-31 18:29:45,694 - INFO - ADAPTED STRATEGY # ALPHA: 0.8 # ADAPTED MOVES: 90 # PREV.SIG: 0000012321 # NEW.SIG: 0015847348 # TIME: 0.43s
2024-07-31 18:29:47,155 - INFO - [32mNRPA: COMPLETED LEVEL 1 // TOTAL MOVES: 90 // TIME: 7.79s // SIGNATURE: 0015847348 
[0m
2024-07-31 18:29:47,581 - INFO - ADAPTED STRATEGY # ALPHA: 0.8 # ADAPTED MOVES: 90 # PREV.SIG: 0000012321 # NEW.SIG: 0015847348 # TIME: 0.43s
2024-07-31 18:29:47,723 - INFO - ADAPTED STRATEGY # ALPHA: 0.8 # ADAPTED MOVES: 22 # PREV.SIG: 0000012321 # NEW.SIG: 0003942271 # TIME: 0.12s
2024-07-31 18:29:48,098 - INFO - ADAPTED STRATEGY # ALPHA: 0.8 # ADAPTED MOVES: 67 # PREV.SIG: 0000012321 # NEW.SIG: 0012212863 # TIME: 0.32s
2024-07-31 18:29:48,493 - INFO - ADAPTED STRATEGY # ALPHA: 0.8 # ADAPTED MOVES: 70 # PREV.SIG: 0000012321 # NEW.SIG: 0012031773 # TIME: 0.34s
2024-07-31 18:29:49,178 - INFO - ADAPTED STRATEGY # ALPHA: 0.8 # ADAPTED MOVES: 76 # PREV.SIG: 0000012321 # NEW.SIG: 0013676914 # TIME: 0.36s
2024-07-31 18:29:51,080 - INFO - ADAPTED STRATEGY # ALPHA: 0.8 # ADAPTED MOVES: 78 # PREV.SIG: 0000012321 # NEW.SIG: 0013557067 # TIME: 0.36s
2024-07-31 18:29:52,439 - INFO - ADAPTED STRATEGY # ALPHA: 0.8 # ADAPTED MOVES: 80 # PREV.SIG: 0000012321 # NEW.SIG: 0014151538 # TIME: 0.38s
2024-07-31 18:29:54,230 - INFO - [32mNRPA: COMPLETED LEVEL 1 // TOTAL MOVES: 80 // TIME: 6.65s // SIGNATURE: 0014151538 
[0m
2024-07-31 18:29:54,414 - INFO - ADAPTED STRATEGY # ALPHA: 0.8 # ADAPTED MOVES: 30 # PREV.SIG: 0000012321 # NEW.SIG: 0004611265 # TIME: 0.15s
2024-07-31 18:29:54,734 - INFO - ADAPTED STRATEGY # ALPHA: 0.8 # ADAPTED MOVES: 56 # PREV.SIG: 0000012321 # NEW.SIG: 0009901565 # TIME: 0.27s
2024-07-31 18:29:55,145 - INFO - ADAPTED STRATEGY # ALPHA: 0.8 # ADAPTED MOVES: 74 # PREV.SIG: 0000012321 # NEW.SIG: 0012560623 # TIME: 0.35s
2024-07-31 18:29:56,241 - INFO - ADAPTED STRATEGY # ALPHA: 0.8 # ADAPTED MOVES: 82 # PREV.SIG: 0000012321 # NEW.SIG: 0014413696 # TIME: 0.39s
2024-07-31 18:29:56,902 - INFO - ADAPTED STRATEGY # ALPHA: 0.8 # ADAPTED MOVES: 82 # PREV.SIG: 0000012321 # NEW.SIG: 0014844278 # TIME: 0.38s
2024-07-31 18:30:00,913 - INFO - [32mNRPA: COMPLETED LEVEL 1 // TOTAL MOVES: 82 // TIME: 6.68s // SIGNATURE: 0014844278 
[0m
2024-07-31 18:30:01,289 - INFO - ADAPTED STRATEGY # ALPHA: 0.8 # ADAPTED MOVES: 67 # PREV.SIG: 0000012321 # NEW.SIG: 0010825443 # TIME: 0.32s
2024-07-31 18:30:01,712 - INFO - ADAPTED STRATEGY # ALPHA: 0.8 # ADAPTED MOVES: 67 # PREV.SIG: 0000012321 # NEW.SIG: 0011050188 # TIME: 0.32s
2024-07-31 18:30:02,148 - INFO - ADAPTED STRATEGY # ALPHA: 0.8 # ADAPTED MOVES: 78 # PREV.SIG: 0000012321 # NEW.SIG: 0013903116 # TIME: 0.37s
2024-07-31 18:30:05,839 - INFO - ADAPTED STRATEGY # ALPHA: 0.8 # ADAPTED MOVES: 79 # PREV.SIG: 0000012321 # NEW.SIG: 0014372597 # TIME: 0.38s
2024-07-31 18:30:07,023 - INFO - [32mNRPA: COMPLETED LEVEL 1 // TOTAL MOVES: 79 // TIME: 6.11s // SIGNATURE: 0014372597 
[0m
2024-07-31 18:30:07,371 - INFO - ADAPTED STRATEGY # ALPHA: 0.8 # ADAPTED MOVES: 62 # PREV.SIG: 0000012321 # NEW.SIG: 0010652365 # TIME: 0.30s
2024-07-31 18:30:07,726 - INFO - ADAPTED STRATEGY # ALPHA: 0.8 # ADAPTED MOVES: 64 # PREV.SIG: 0000012321 # NEW.SIG: 0011217410 # TIME: 0.30s
2024-07-31 18:30:08,092 - INFO - ADAPTED STRATEGY # ALPHA: 0.8 # ADAPTED MOVES: 66 # PREV.SIG: 0000012321 # NEW.SIG: 0011769770 # TIME: 0.31s
2024-07-31 18:30:08,748 - INFO - ADAPTED STRATEGY # ALPHA: 0.8 # ADAPTED MOVES: 68 # PREV.SIG: 0000012321 # NEW.SIG: 0012518288 # TIME: 0.32s
2024-07-31 18:30:09,132 - INFO - ADAPTED STRATEGY # ALPHA: 0.8 # ADAPTED MOVES: 69 # PREV.SIG: 0000012321 # NEW.SIG: 0012196660 # TIME: 0.33s
2024-07-31 18:30:09,955 - INFO - ADAPTED STRATEGY # ALPHA: 0.8 # ADAPTED MOVES: 74 # PREV.SIG: 0000012321 # NEW.SIG: 0013324406 # TIME: 0.36s
2024-07-31 18:30:10,862 - INFO - ADAPTED STRATEGY # ALPHA: 0.8 # ADAPTED MOVES: 76 # PREV.SIG: 0000012321 # NEW.SIG: 0013967287 # TIME: 0.36s
2024-07-31 18:30:11,697 - INFO - ADAPTED STRATEGY # ALPHA: 0.8 # ADAPTED MOVES: 85 # PREV.SIG: 0000012321 # NEW.SIG: 0014609010 # TIME: 0.40s
2024-07-31 18:30:15,015 - INFO - [32mNRPA: COMPLETED LEVEL 1 // TOTAL MOVES: 85 // TIME: 7.99s // SIGNATURE: 0014609010 
[0m
2024-07-31 18:30:15,373 - INFO - ADAPTED STRATEGY # ALPHA: 0.8 # ADAPTED MOVES: 64 # PREV.SIG: 0000012321 # NEW.SIG: 0011242124 # TIME: 0.31s
2024-07-31 18:30:16,006 - INFO - ADAPTED STRATEGY # ALPHA: 0.8 # ADAPTED MOVES: 64 # PREV.SIG: 0000012321 # NEW.SIG: 0010566852 # TIME: 0.30s
2024-07-31 18:30:16,433 - INFO - ADAPTED STRATEGY # ALPHA: 0.8 # ADAPTED MOVES: 77 # PREV.SIG: 0000012321 # NEW.SIG: 0013864786 # TIME: 0.37s
2024-07-31 18:30:16,999 - INFO - ADAPTED STRATEGY # ALPHA: 0.8 # ADAPTED MOVES: 77 # PREV.SIG: 0000012321 # NEW.SIG: 0013330903 # TIME: 0.37s
2024-07-31 18:30:17,438 - INFO - ADAPTED STRATEGY # ALPHA: 0.8 # ADAPTED MOVES: 79 # PREV.SIG: 0000012321 # NEW.SIG: 0013404725 # TIME: 0.38s
2024-07-31 18:30:21,274 - INFO - ADAPTED STRATEGY # ALPHA: 0.8 # ADAPTED MOVES: 85 # PREV.SIG: 0000012321 # NEW.SIG: 0014605585 # TIME: 0.40s
2024-07-31 18:30:22,383 - INFO - [32mNRPA: COMPLETED LEVEL 1 // TOTAL MOVES: 85 // TIME: 7.37s // SIGNATURE: 0014605585 
[0m
2024-07-31 18:30:22,765 - INFO - ADAPTED STRATEGY # ALPHA: 0.8 # ADAPTED MOVES: 68 # PREV.SIG: 0000012321 # NEW.SIG: 0010902944 # TIME: 0.33s
2024-07-31 18:30:23,198 - INFO - ADAPTED STRATEGY # ALPHA: 0.8 # ADAPTED MOVES: 68 # PREV.SIG: 0000012321 # NEW.SIG: 0012690416 # TIME: 0.33s
2024-07-31 18:30:23,663 - INFO - ADAPTED STRATEGY # ALPHA: 0.8 # ADAPTED MOVES: 70 # PREV.SIG: 0000012321 # NEW.SIG: 0012470863 # TIME: 0.33s
2024-07-31 18:30:24,195 - INFO - ADAPTED STRATEGY # ALPHA: 0.8 # ADAPTED MOVES: 78 # PREV.SIG: 0000012321 # NEW.SIG: 0013974532 # TIME: 0.37s
2024-07-31 18:30:27,118 - INFO - ADAPTED STRATEGY # ALPHA: 0.8 # ADAPTED MOVES: 81 # PREV.SIG: 0000012321 # NEW.SIG: 0013688440 # TIME: 0.38s
2024-07-31 18:30:28,411 - INFO - ADAPTED STRATEGY # ALPHA: 0.8 # ADAPTED MOVES: 81 # PREV.SIG: 0000012321 # NEW.SIG: 0013056257 # TIME: 0.39s
2024-07-31 18:30:29,636 - INFO - [32mNRPA: COMPLETED LEVEL 1 // TOTAL MOVES: 81 // TIME: 7.25s // SIGNATURE: 0013056257 
[0m
2024-07-31 18:30:30,015 - INFO - ADAPTED STRATEGY # ALPHA: 0.8 # ADAPTED MOVES: 67 # PREV.SIG: 0000012321 # NEW.SIG: 0011301327 # TIME: 0.32s
2024-07-31 18:30:30,644 - INFO - ADAPTED STRATEGY # ALPHA: 0.8 # ADAPTED MOVES: 76 # PREV.SIG: 0000012321 # NEW.SIG: 0013692804 # TIME: 0.37s
2024-07-31 18:30:31,352 - INFO - ADAPTED STRATEGY # ALPHA: 0.8 # ADAPTED MOVES: 76 # PREV.SIG: 0000012321 # NEW.SIG: 0013531473 # TIME: 0.36s
2024-07-31 18:30:33,488 - INFO - ADAPTED STRATEGY # ALPHA: 0.8 # ADAPTED MOVES: 77 # PREV.SIG: 0000012321 # NEW.SIG: 0013416052 # TIME: 0.37s
2024-07-31 18:30:36,278 - INFO - [32mNRPA: COMPLETED LEVEL 1 // TOTAL MOVES: 77 // TIME: 6.64s // SIGNATURE: 0013416052 
[0m
2024-07-31 18:30:36,448 - INFO - ADAPTED STRATEGY # ALPHA: 0.8 # ADAPTED MOVES: 27 # PREV.SIG: 0000012321 # NEW.SIG: 0005028132 # TIME: 0.14s
2024-07-31 18:30:36,834 - INFO - ADAPTED STRATEGY # ALPHA: 0.8 # ADAPTED MOVES: 69 # PREV.SIG: 0000012321 # NEW.SIG: 0012281248 # TIME: 0.33s
2024-07-31 18:30:37,604 - INFO - ADAPTED STRATEGY # ALPHA: 0.8 # ADAPTED MOVES: 72 # PREV.SIG: 0000012321 # NEW.SIG: 0012249034 # TIME: 0.35s
2024-07-31 18:30:38,235 - INFO - ADAPTED STRATEGY # ALPHA: 0.8 # ADAPTED MOVES: 77 # PREV.SIG: 0000012321 # NEW.SIG: 0013070111 # TIME: 0.37s
2024-07-31 18:30:39,740 - INFO - ADAPTED STRATEGY # ALPHA: 0.8 # ADAPTED MOVES: 85 # PREV.SIG: 0000012321 # NEW.SIG: 0014849062 # TIME: 0.40s
2024-07-31 18:30:42,751 - INFO - [32mNRPA: COMPLETED LEVEL 1 // TOTAL MOVES: 85 // TIME: 6.47s // SIGNATURE: 0014849062 
[0m
2024-07-31 18:30:43,087 - INFO - ADAPTED STRATEGY # ALPHA: 0.8 # ADAPTED MOVES: 59 # PREV.SIG: 0000012321 # NEW.SIG: 0010432727 # TIME: 0.29s
2024-07-31 18:30:43,429 - INFO - ADAPTED STRATEGY # ALPHA: 0.8 # ADAPTED MOVES: 61 # PREV.SIG: 0000012321 # NEW.SIG: 0010555652 # TIME: 0.29s
2024-07-31 18:30:43,778 - INFO - ADAPTED STRATEGY # ALPHA: 0.8 # ADAPTED MOVES: 62 # PREV.SIG: 0000012321 # NEW.SIG: 0010650086 # TIME: 0.30s
2024-07-31 18:30:44,136 - INFO - ADAPTED STRATEGY # ALPHA: 0.8 # ADAPTED MOVES: 63 # PREV.SIG: 0000012321 # NEW.SIG: 0011839206 # TIME: 0.31s
2024-07-31 18:30:44,539 - INFO - ADAPTED STRATEGY # ALPHA: 0.8 # ADAPTED MOVES: 73 # PREV.SIG: 0000012321 # NEW.SIG: 0013134082 # TIME: 0.35s
2024-07-31 18:30:46,281 - INFO - ADAPTED STRATEGY # ALPHA: 0.8 # ADAPTED MOVES: 84 # PREV.SIG: 0000012321 # NEW.SIG: 0015570505 # TIME: 0.40s
2024-07-31 18:30:46,749 - INFO - ADAPTED STRATEGY # ALPHA: 0.8 # ADAPTED MOVES: 85 # PREV.SIG: 0000012321 # NEW.SIG: 0015969393 # TIME: 0.41s
2024-07-31 18:30:48,476 - INFO - ADAPTED STRATEGY # ALPHA: 0.8 # ADAPTED MOVES: 92 # PREV.SIG: 0000012321 # NEW.SIG: 0015933190 # TIME: 0.44s
2024-07-31 18:30:50,709 - INFO - [32mNRPA: COMPLETED LEVEL 1 // TOTAL MOVES: 92 // TIME: 7.96s // SIGNATURE: 0015933190 
[0m
2024-07-31 18:30:51,148 - INFO - ADAPTED STRATEGY # ALPHA: 0.8 # ADAPTED MOVES: 92 # PREV.SIG: 0000012321 # NEW.SIG: 0015933190 # TIME: 0.44s
2024-07-31 18:30:51,512 - INFO - ADAPTED STRATEGY # ALPHA: 0.8 # ADAPTED MOVES: 65 # PREV.SIG: 0000012321 # NEW.SIG: 0011087731 # TIME: 0.31s
2024-07-31 18:30:51,889 - INFO - ADAPTED STRATEGY # ALPHA: 0.8 # ADAPTED MOVES: 68 # PREV.SIG: 0000012321 # NEW.SIG: 0012008817 # TIME: 0.32s
2024-07-31 18:30:52,558 - INFO - ADAPTED STRATEGY # ALPHA: 0.8 # ADAPTED MOVES: 69 # PREV.SIG: 0000012321 # NEW.SIG: 0011373116 # TIME: 0.33s
2024-07-31 18:30:53,231 - INFO - ADAPTED STRATEGY # ALPHA: 0.8 # ADAPTED MOVES: 74 # PREV.SIG: 0000012321 # NEW.SIG: 0013047739 # TIME: 0.35s
2024-07-31 18:30:53,690 - INFO - ADAPTED STRATEGY # ALPHA: 0.8 # ADAPTED MOVES: 74 # PREV.SIG: 0000012321 # NEW.SIG: 0012274498 # TIME: 0.35s
2024-07-31 18:30:56,205 - INFO - ADAPTED STRATEGY # ALPHA: 0.8 # ADAPTED MOVES: 80 # PREV.SIG: 0000012321 # NEW.SIG: 0014443455 # TIME: 0.38s
2024-07-31 18:30:58,387 - INFO - [32mNRPA: COMPLETED LEVEL 1 // TOTAL MOVES: 80 // TIME: 7.24s // SIGNATURE: 0014443455 
[0m
2024-07-31 18:30:58,752 - INFO - ADAPTED STRATEGY # ALPHA: 0.8 # ADAPTED MOVES: 65 # PREV.SIG: 0000012321 # NEW.SIG: 0010872879 # TIME: 0.31s
2024-07-31 18:30:59,747 - INFO - ADAPTED STRATEGY # ALPHA: 0.8 # ADAPTED MOVES: 65 # PREV.SIG: 0000012321 # NEW.SIG: 0011813276 # TIME: 0.32s
2024-07-31 18:31:00,204 - INFO - ADAPTED STRATEGY # ALPHA: 0.8 # ADAPTED MOVES: 71 # PREV.SIG: 0000012321 # NEW.SIG: 0012341564 # TIME: 0.35s
2024-07-31 18:31:01,069 - INFO - ADAPTED STRATEGY # ALPHA: 0.8 # ADAPTED MOVES: 71 # PREV.SIG: 0000012321 # NEW.SIG: 0013083555 # TIME: 0.34s
2024-07-31 18:31:01,746 - INFO - ADAPTED STRATEGY # ALPHA: 0.8 # ADAPTED MOVES: 76 # PREV.SIG: 0000012321 # NEW.SIG: 0013442816 # TIME: 0.36s
2024-07-31 18:31:03,420 - INFO - ADAPTED STRATEGY # ALPHA: 0.8 # ADAPTED MOVES: 88 # PREV.SIG: 0000012321 # NEW.SIG: 0015639621 # TIME: 0.42s
2024-07-31 18:31:05,643 - INFO - [32mNRPA: COMPLETED LEVEL 1 // TOTAL MOVES: 88 // TIME: 7.26s // SIGNATURE: 0015639621 
[0m
2024-07-31 18:31:06,026 - INFO - ADAPTED STRATEGY # ALPHA: 0.8 # ADAPTED MOVES: 68 # PREV.SIG: 0000012321 # NEW.SIG: 0012497479 # TIME: 0.33s
2024-07-31 18:31:06,682 - INFO - ADAPTED STRATEGY # ALPHA: 0.8 # ADAPTED MOVES: 72 # PREV.SIG: 0000012321 # NEW.SIG: 0012268663 # TIME: 0.34s
2024-07-31 18:31:08,463 - INFO - ADAPTED STRATEGY # ALPHA: 0.8 # ADAPTED MOVES: 72 # PREV.SIG: 0000012321 # NEW.SIG: 0013127388 # TIME: 0.35s
2024-07-31 18:31:09,201 - INFO - ADAPTED STRATEGY # ALPHA: 0.8 # ADAPTED MOVES: 72 # PREV.SIG: 0000012321 # NEW.SIG: 0012223455 # TIME: 0.34s
2024-07-31 18:31:10,022 - INFO - ADAPTED STRATEGY # ALPHA: 0.8 # ADAPTED MOVES: 72 # PREV.SIG: 0000012321 # NEW.SIG: 0013313319 # TIME: 0.35s
2024-07-31 18:31:10,647 - INFO - ADAPTED STRATEGY # ALPHA: 0.8 # ADAPTED MOVES: 75 # PREV.SIG: 0000012321 # NEW.SIG: 0013035485 # TIME: 0.36s
2024-07-31 18:31:11,561 - INFO - ADAPTED STRATEGY # ALPHA: 0.8 # ADAPTED MOVES: 77 # PREV.SIG: 0000012321 # NEW.SIG: 0013434545 # TIME: 0.37s
2024-07-31 18:31:12,103 - INFO - ADAPTED STRATEGY # ALPHA: 0.8 # ADAPTED MOVES: 78 # PREV.SIG: 0000012321 # NEW.SIG: 0013520149 # TIME: 0.37s
2024-07-31 18:31:12,835 - INFO - ADAPTED STRATEGY # ALPHA: 0.8 # ADAPTED MOVES: 85 # PREV.SIG: 0000012321 # NEW.SIG: 0014392138 # TIME: 0.40s
2024-07-31 18:31:14,072 - INFO - [32mNRPA: COMPLETED LEVEL 1 // TOTAL MOVES: 85 // TIME: 8.43s // SIGNATURE: 0014392138 
[0m
2024-07-31 18:31:14,418 - INFO - ADAPTED STRATEGY # ALPHA: 0.8 # ADAPTED MOVES: 61 # PREV.SIG: 0000012321 # NEW.SIG: 0011104943 # TIME: 0.29s
2024-07-31 18:31:14,837 - INFO - ADAPTED STRATEGY # ALPHA: 0.8 # ADAPTED MOVES: 67 # PREV.SIG: 0000012321 # NEW.SIG: 0011477340 # TIME: 0.32s
2024-07-31 18:31:15,241 - INFO - ADAPTED STRATEGY # ALPHA: 0.8 # ADAPTED MOVES: 72 # PREV.SIG: 0000012321 # NEW.SIG: 0012329632 # TIME: 0.34s
2024-07-31 18:31:15,983 - INFO - ADAPTED STRATEGY # ALPHA: 0.8 # ADAPTED MOVES: 76 # PREV.SIG: 0000012321 # NEW.SIG: 0013068611 # TIME: 0.36s
2024-07-31 18:31:18,684 - INFO - ADAPTED STRATEGY # ALPHA: 0.8 # ADAPTED MOVES: 76 # PREV.SIG: 0000012321 # NEW.SIG: 0012700083 # TIME: 0.36s
2024-07-31 18:31:20,163 - INFO - ADAPTED STRATEGY # ALPHA: 0.8 # ADAPTED MOVES: 81 # PREV.SIG: 0000012321 # NEW.SIG: 0013800388 # TIME: 0.39s
2024-07-31 18:31:21,088 - INFO - [32mNRPA: COMPLETED LEVEL 1 // TOTAL MOVES: 81 // TIME: 7.01s // SIGNATURE: 0013800388 
[0m
2024-07-31 18:31:21,485 - INFO - ADAPTED STRATEGY # ALPHA: 0.8 # ADAPTED MOVES: 71 # PREV.SIG: 0000012321 # NEW.SIG: 0012780194 # TIME: 0.34s
2024-07-31 18:31:22,197 - INFO - ADAPTED STRATEGY # ALPHA: 0.8 # ADAPTED MOVES: 81 # PREV.SIG: 0000012321 # NEW.SIG: 0013574305 # TIME: 0.38s
2024-07-31 18:31:25,816 - INFO - ADAPTED STRATEGY # ALPHA: 0.8 # ADAPTED MOVES: 83 # PREV.SIG: 0000012321 # NEW.SIG: 0015024238 # TIME: 0.39s
2024-07-31 18:31:26,609 - INFO - ADAPTED STRATEGY # ALPHA: 0.8 # ADAPTED MOVES: 93 # PREV.SIG: 0000012321 # NEW.SIG: 0015765889 # TIME: 0.43s
2024-07-31 18:31:27,664 - INFO - [32mNRPA: COMPLETED LEVEL 1 // TOTAL MOVES: 93 // TIME: 6.58s // SIGNATURE: 0015765889 
[0m
2024-07-31 18:31:28,096 - INFO - ADAPTED STRATEGY # ALPHA: 0.8 # ADAPTED MOVES: 93 # PREV.SIG: 0000012321 # NEW.SIG: 0015765889 # TIME: 0.43s
2024-07-31 18:31:28,433 - INFO - ADAPTED STRATEGY # ALPHA: 0.8 # ADAPTED MOVES: 60 # PREV.SIG: 0000012321 # NEW.SIG: 0010428130 # TIME: 0.29s
2024-07-31 18:31:28,792 - INFO - ADAPTED STRATEGY # ALPHA: 0.8 # ADAPTED MOVES: 65 # PREV.SIG: 0000012321 # NEW.SIG: 0011878721 # TIME: 0.31s
2024-07-31 18:31:29,222 - INFO - ADAPTED STRATEGY # ALPHA: 0.8 # ADAPTED MOVES: 68 # PREV.SIG: 0000012321 # NEW.SIG: 0010952854 # TIME: 0.32s
2024-07-31 18:31:29,665 - INFO - ADAPTED STRATEGY # ALPHA: 0.8 # ADAPTED MOVES: 70 # PREV.SIG: 0000012321 # NEW.SIG: 0012105310 # TIME: 0.34s
2024-07-31 18:31:30,218 - INFO - ADAPTED STRATEGY # ALPHA: 0.8 # ADAPTED MOVES: 80 # PREV.SIG: 0000012321 # NEW.SIG: 0014210356 # TIME: 0.38s
2024-07-31 18:31:35,053 - INFO - [32mNRPA: COMPLETED LEVEL 1 // TOTAL MOVES: 80 // TIME: 6.96s // SIGNATURE: 0014210356 
[0m
2024-07-31 18:31:35,426 - INFO - ADAPTED STRATEGY # ALPHA: 0.8 # ADAPTED MOVES: 67 # PREV.SIG: 0000012321 # NEW.SIG: 0011382123 # TIME: 0.32s
2024-07-31 18:31:35,801 - INFO - ADAPTED STRATEGY # ALPHA: 0.8 # ADAPTED MOVES: 67 # PREV.SIG: 0000012321 # NEW.SIG: 0011526579 # TIME: 0.32s
2024-07-31 18:31:36,284 - INFO - ADAPTED STRATEGY # ALPHA: 0.8 # ADAPTED MOVES: 67 # PREV.SIG: 0000012321 # NEW.SIG: 0011790400 # TIME: 0.32s
2024-07-31 18:31:36,689 - INFO - ADAPTED STRATEGY # ALPHA: 0.8 # ADAPTED MOVES: 72 # PREV.SIG: 0000012321 # NEW.SIG: 0013342361 # TIME: 0.35s
2024-07-31 18:31:37,400 - INFO - ADAPTED STRATEGY # ALPHA: 0.8 # ADAPTED MOVES: 72 # PREV.SIG: 0000012321 # NEW.SIG: 0012975678 # TIME: 0.34s
2024-07-31 18:31:38,545 - INFO - ADAPTED STRATEGY # ALPHA: 0.8 # ADAPTED MOVES: 73 # PREV.SIG: 0000012321 # NEW.SIG: 0013550970 # TIME: 0.35s
2024-07-31 18:31:39,012 - INFO - ADAPTED STRATEGY # ALPHA: 0.8 # ADAPTED MOVES: 76 # PREV.SIG: 0000012321 # NEW.SIG: 0013535154 # TIME: 0.36s
2024-07-31 18:31:40,130 - INFO - ADAPTED STRATEGY # ALPHA: 0.8 # ADAPTED MOVES: 79 # PREV.SIG: 0000012321 # NEW.SIG: 0014383640 # TIME: 0.37s
2024-07-31 18:31:41,346 - INFO - ADAPTED STRATEGY # ALPHA: 0.8 # ADAPTED MOVES: 79 # PREV.SIG: 0000012321 # NEW.SIG: 0014200678 # TIME: 0.38s
2024-07-31 18:31:43,057 - INFO - ADAPTED STRATEGY # ALPHA: 0.8 # ADAPTED MOVES: 85 # PREV.SIG: 0000012321 # NEW.SIG: 0014906133 # TIME: 0.40s
2024-07-31 18:31:43,755 - INFO - [32mNRPA: COMPLETED LEVEL 1 // TOTAL MOVES: 85 // TIME: 8.70s // SIGNATURE: 0014906133 
[0m
2024-07-31 18:31:44,124 - INFO - ADAPTED STRATEGY # ALPHA: 0.8 # ADAPTED MOVES: 66 # PREV.SIG: 0000012321 # NEW.SIG: 0011315707 # TIME: 0.32s
2024-07-31 18:31:44,606 - INFO - ADAPTED STRATEGY # ALPHA: 0.8 # ADAPTED MOVES: 67 # PREV.SIG: 0000012321 # NEW.SIG: 0012640864 # TIME: 0.32s
2024-07-31 18:31:44,995 - INFO - ADAPTED STRATEGY # ALPHA: 0.8 # ADAPTED MOVES: 70 # PREV.SIG: 0000012321 # NEW.SIG: 0012025693 # TIME: 0.33s
2024-07-31 18:31:45,559 - INFO - ADAPTED STRATEGY # ALPHA: 0.8 # ADAPTED MOVES: 73 # PREV.SIG: 0000012321 # NEW.SIG: 0012641689 # TIME: 0.35s
2024-07-31 18:31:46,327 - INFO - ADAPTED STRATEGY # ALPHA: 0.8 # ADAPTED MOVES: 73 # PREV.SIG: 0000012321 # NEW.SIG: 0013741615 # TIME: 0.35s
2024-07-31 18:31:47,158 - INFO - ADAPTED STRATEGY # ALPHA: 0.8 # ADAPTED MOVES: 75 # PREV.SIG: 0000012321 # NEW.SIG: 0013976992 # TIME: 0.35s
2024-07-31 18:31:47,968 - INFO - ADAPTED STRATEGY # ALPHA: 0.8 # ADAPTED MOVES: 90 # PREV.SIG: 0000012321 # NEW.SIG: 0015338477 # TIME: 0.42s
2024-07-31 18:31:51,806 - INFO - [32mNRPA: COMPLETED LEVEL 1 // TOTAL MOVES: 90 // TIME: 8.05s // SIGNATURE: 0015338477 
[0m
2024-07-31 18:31:52,220 - INFO - ADAPTED STRATEGY # ALPHA: 0.8 # ADAPTED MOVES: 58 # PREV.SIG: 0000012321 # NEW.SIG: 0010170456 # TIME: 0.35s
2024-07-31 18:31:52,806 - INFO - ADAPTED STRATEGY # ALPHA: 0.8 # ADAPTED MOVES: 81 # PREV.SIG: 0000012321 # NEW.SIG: 0014185750 # TIME: 0.48s
2024-07-31 18:31:53,499 - INFO - ADAPTED STRATEGY # ALPHA: 0.8 # ADAPTED MOVES: 84 # PREV.SIG: 0000012321 # NEW.SIG: 0014472296 # TIME: 0.50s
2024-07-31 18:31:57,352 - INFO - ADAPTED STRATEGY # ALPHA: 0.8 # ADAPTED MOVES: 84 # PREV.SIG: 0000012321 # NEW.SIG: 0014532375 # TIME: 0.39s
2024-07-31 18:31:59,385 - INFO - [32mNRPA: COMPLETED LEVEL 1 // TOTAL MOVES: 84 // TIME: 7.58s // SIGNATURE: 0014532375 
[0m
2024-07-31 18:31:59,758 - INFO - ADAPTED STRATEGY # ALPHA: 0.8 # ADAPTED MOVES: 67 # PREV.SIG: 0000012321 # NEW.SIG: 0012009785 # TIME: 0.32s
2024-07-31 18:32:00,160 - INFO - ADAPTED STRATEGY # ALPHA: 0.8 # ADAPTED MOVES: 73 # PREV.SIG: 0000012321 # NEW.SIG: 0013841464 # TIME: 0.35s
2024-07-31 18:32:00,575 - INFO - ADAPTED STRATEGY # ALPHA: 0.8 # ADAPTED MOVES: 75 # PREV.SIG: 0000012321 # NEW.SIG: 0013921189 # TIME: 0.36s
2024-07-31 18:32:01,697 - INFO - ADAPTED STRATEGY # ALPHA: 0.8 # ADAPTED MOVES: 78 # PREV.SIG: 0000012321 # NEW.SIG: 0014457011 # TIME: 0.37s
2024-07-31 18:32:03,593 - INFO - ADAPTED STRATEGY # ALPHA: 0.8 # ADAPTED MOVES: 78 # PREV.SIG: 0000012321 # NEW.SIG: 0014617717 # TIME: 0.37s
2024-07-31 18:32:04,062 - INFO - ADAPTED STRATEGY # ALPHA: 0.8 # ADAPTED MOVES: 86 # PREV.SIG: 0000012321 # NEW.SIG: 0014865525 # TIME: 0.41s
2024-07-31 18:32:06,065 - INFO - ADAPTED STRATEGY # ALPHA: 0.8 # ADAPTED MOVES: 89 # PREV.SIG: 0000012321 # NEW.SIG: 0016332350 # TIME: 0.42s
2024-07-31 18:32:07,278 - INFO - [32mNRPA: COMPLETED LEVEL 1 // TOTAL MOVES: 89 // TIME: 7.89s // SIGNATURE: 0016332350 
[0m
2024-07-31 18:32:07,609 - INFO - ADAPTED STRATEGY # ALPHA: 0.8 # ADAPTED MOVES: 59 # PREV.SIG: 0000012321 # NEW.SIG: 0010941280 # TIME: 0.28s
2024-07-31 18:32:07,982 - INFO - ADAPTED STRATEGY # ALPHA: 0.8 # ADAPTED MOVES: 61 # PREV.SIG: 0000012321 # NEW.SIG: 0010597889 # TIME: 0.29s
2024-07-31 18:32:08,388 - INFO - ADAPTED STRATEGY # ALPHA: 0.8 # ADAPTED MOVES: 73 # PREV.SIG: 0000012321 # NEW.SIG: 0012205647 # TIME: 0.35s
2024-07-31 18:32:09,384 - INFO - ADAPTED STRATEGY # ALPHA: 0.8 # ADAPTED MOVES: 76 # PREV.SIG: 0000012321 # NEW.SIG: 0013380500 # TIME: 0.36s
2024-07-31 18:32:11,581 - INFO - ADAPTED STRATEGY # ALPHA: 0.8 # ADAPTED MOVES: 85 # PREV.SIG: 0000012321 # NEW.SIG: 0014730181 # TIME: 0.40s
2024-07-31 18:32:14,165 - INFO - [32mNRPA: COMPLETED LEVEL 1 // TOTAL MOVES: 85 // TIME: 6.89s // SIGNATURE: 0014730181 
[0m
2024-07-31 18:32:14,522 - INFO - ADAPTED STRATEGY # ALPHA: 0.8 # ADAPTED MOVES: 63 # PREV.SIG: 0000012321 # NEW.SIG: 0011228268 # TIME: 0.30s
2024-07-31 18:32:14,905 - INFO - ADAPTED STRATEGY # ALPHA: 0.8 # ADAPTED MOVES: 69 # PREV.SIG: 0000012321 # NEW.SIG: 0011163294 # TIME: 0.33s
2024-07-31 18:32:15,378 - INFO - ADAPTED STRATEGY # ALPHA: 0.8 # ADAPTED MOVES: 76 # PREV.SIG: 0000012321 # NEW.SIG: 0013661342 # TIME: 0.36s
2024-07-31 18:32:17,647 - INFO - ADAPTED STRATEGY # ALPHA: 0.8 # ADAPTED MOVES: 84 # PREV.SIG: 0000012321 # NEW.SIG: 0014294353 # TIME: 0.40s
2024-07-31 18:32:20,490 - INFO - [32mNRPA: COMPLETED LEVEL 1 // TOTAL MOVES: 84 // TIME: 6.32s // SIGNATURE: 0014294353 
[0m
2024-07-31 18:32:20,769 - INFO - ADAPTED STRATEGY # ALPHA: 0.8 # ADAPTED MOVES: 48 # PREV.SIG: 0000012321 # NEW.SIG: 0008497785 # TIME: 0.23s
2024-07-31 18:32:21,120 - INFO - ADAPTED STRATEGY # ALPHA: 0.8 # ADAPTED MOVES: 62 # PREV.SIG: 0000012321 # NEW.SIG: 0011083006 # TIME: 0.30s
2024-07-31 18:32:21,577 - INFO - ADAPTED STRATEGY # ALPHA: 0.8 # ADAPTED MOVES: 64 # PREV.SIG: 0000012321 # NEW.SIG: 0011521129 # TIME: 0.31s
2024-07-31 18:32:22,095 - INFO - ADAPTED STRATEGY # ALPHA: 0.8 # ADAPTED MOVES: 66 # PREV.SIG: 0000012321 # NEW.SIG: 0011790373 # TIME: 0.32s
2024-07-31 18:32:22,531 - INFO - ADAPTED STRATEGY # ALPHA: 0.8 # ADAPTED MOVES: 69 # PREV.SIG: 0000012321 # NEW.SIG: 0012612598 # TIME: 0.33s
2024-07-31 18:32:23,046 - INFO - ADAPTED STRATEGY # ALPHA: 0.8 # ADAPTED MOVES: 76 # PREV.SIG: 0000012321 # NEW.SIG: 0013879133 # TIME: 0.36s
2024-07-31 18:32:25,218 - INFO - ADAPTED STRATEGY # ALPHA: 0.8 # ADAPTED MOVES: 78 # PREV.SIG: 0000012321 # NEW.SIG: 0014505380 # TIME: 0.37s
2024-07-31 18:32:26,820 - INFO - ADAPTED STRATEGY # ALPHA: 0.8 # ADAPTED MOVES: 81 # PREV.SIG: 0000012321 # NEW.SIG: 0014609042 # TIME: 0.38s
2024-07-31 18:32:28,284 - INFO - [32mNRPA: COMPLETED LEVEL 1 // TOTAL MOVES: 81 // TIME: 7.79s // SIGNATURE: 0014609042 
[0m
2024-07-31 18:32:28,605 - INFO - ADAPTED STRATEGY # ALPHA: 0.8 # ADAPTED MOVES: 56 # PREV.SIG: 0000012321 # NEW.SIG: 0010332516 # TIME: 0.27s
2024-07-31 18:32:28,977 - INFO - ADAPTED STRATEGY # ALPHA: 0.8 # ADAPTED MOVES: 67 # PREV.SIG: 0000012321 # NEW.SIG: 0011715961 # TIME: 0.32s
2024-07-31 18:32:29,368 - INFO - ADAPTED STRATEGY # ALPHA: 0.8 # ADAPTED MOVES: 67 # PREV.SIG: 0000012321 # NEW.SIG: 0011454210 # TIME: 0.34s
2024-07-31 18:32:29,907 - INFO - ADAPTED STRATEGY # ALPHA: 0.8 # ADAPTED MOVES: 78 # PREV.SIG: 0000012321 # NEW.SIG: 0014148942 # TIME: 0.37s
2024-07-31 18:32:30,738 - INFO - ADAPTED STRATEGY # ALPHA: 0.8 # ADAPTED MOVES: 80 # PREV.SIG: 0000012321 # NEW.SIG: 0013963854 # TIME: 0.38s
2024-07-31 18:32:35,228 - INFO - [32mNRPA: COMPLETED LEVEL 1 // TOTAL MOVES: 80 // TIME: 6.94s // SIGNATURE: 0013963854 
[0m
2024-07-31 18:32:35,694 - INFO - ADAPTED STRATEGY # ALPHA: 0.8 # ADAPTED MOVES: 86 # PREV.SIG: 0000012321 # NEW.SIG: 0015097356 # TIME: 0.40s
2024-07-31 18:32:37,448 - INFO - ADAPTED STRATEGY # ALPHA: 0.8 # ADAPTED MOVES: 87 # PREV.SIG: 0000012321 # NEW.SIG: 0015862259 # TIME: 0.41s
2024-07-31 18:32:39,076 - INFO - ADAPTED STRATEGY # ALPHA: 0.8 # ADAPTED MOVES: 88 # PREV.SIG: 0000012321 # NEW.SIG: 0015503825 # TIME: 0.41s
2024-07-31 18:32:41,516 - INFO - [32mNRPA: COMPLETED LEVEL 1 // TOTAL MOVES: 88 // TIME: 6.29s // SIGNATURE: 0015503825 
[0m
2024-07-31 18:32:41,897 - INFO - ADAPTED STRATEGY # ALPHA: 0.8 # ADAPTED MOVES: 68 # PREV.SIG: 0000012321 # NEW.SIG: 0012505164 # TIME: 0.33s
2024-07-31 18:32:42,294 - INFO - ADAPTED STRATEGY # ALPHA: 0.8 # ADAPTED MOVES: 72 # PREV.SIG: 0000012321 # NEW.SIG: 0012354637 # TIME: 0.34s
2024-07-31 18:32:43,029 - INFO - ADAPTED STRATEGY # ALPHA: 0.8 # ADAPTED MOVES: 79 # PREV.SIG: 0000012321 # NEW.SIG: 0013716012 # TIME: 0.37s
2024-07-31 18:32:44,338 - INFO - ADAPTED STRATEGY # ALPHA: 0.8 # ADAPTED MOVES: 80 # PREV.SIG: 0000012321 # NEW.SIG: 0013378187 # TIME: 0.38s
2024-07-31 18:32:45,133 - INFO - ADAPTED STRATEGY # ALPHA: 0.8 # ADAPTED MOVES: 89 # PREV.SIG: 0000012321 # NEW.SIG: 0014348254 # TIME: 0.42s
2024-07-31 18:32:48,436 - INFO - [32mNRPA: COMPLETED LEVEL 1 // TOTAL MOVES: 89 // TIME: 6.92s // SIGNATURE: 0014348254 
[0m
2024-07-31 18:32:48,839 - INFO - ADAPTED STRATEGY # ALPHA: 0.8 # ADAPTED MOVES: 73 # PREV.SIG: 0000012321 # NEW.SIG: 0012693489 # TIME: 0.35s
2024-07-31 18:32:49,264 - INFO - ADAPTED STRATEGY # ALPHA: 0.8 # ADAPTED MOVES: 78 # PREV.SIG: 0000012321 # NEW.SIG: 0012814468 # TIME: 0.36s
2024-07-31 18:32:50,120 - INFO - ADAPTED STRATEGY # ALPHA: 0.8 # ADAPTED MOVES: 78 # PREV.SIG: 0000012321 # NEW.SIG: 0013086034 # TIME: 0.37s
2024-07-31 18:32:51,832 - INFO - ADAPTED STRATEGY # ALPHA: 0.8 # ADAPTED MOVES: 80 # PREV.SIG: 0000012321 # NEW.SIG: 0014424999 # TIME: 0.38s
2024-07-31 18:32:55,209 - INFO - ADAPTED STRATEGY # ALPHA: 0.8 # ADAPTED MOVES: 85 # PREV.SIG: 0000012321 # NEW.SIG: 0014876407 # TIME: 0.40s
2024-07-31 18:32:55,602 - INFO - [32mNRPA: COMPLETED LEVEL 1 // TOTAL MOVES: 85 // TIME: 7.16s // SIGNATURE: 0014876407 
[0m
2024-07-31 18:32:55,956 - INFO - ADAPTED STRATEGY # ALPHA: 0.8 # ADAPTED MOVES: 63 # PREV.SIG: 0000012321 # NEW.SIG: 0010867473 # TIME: 0.30s
2024-07-31 18:32:56,319 - INFO - ADAPTED STRATEGY # ALPHA: 0.8 # ADAPTED MOVES: 65 # PREV.SIG: 0000012321 # NEW.SIG: 0011358311 # TIME: 0.31s
2024-07-31 18:32:56,763 - INFO - ADAPTED STRATEGY # ALPHA: 0.8 # ADAPTED MOVES: 70 # PREV.SIG: 0000012321 # NEW.SIG: 0012122838 # TIME: 0.33s
2024-07-31 18:32:57,160 - INFO - ADAPTED STRATEGY # ALPHA: 0.8 # ADAPTED MOVES: 71 # PREV.SIG: 0000012321 # NEW.SIG: 0012362489 # TIME: 0.34s
2024-07-31 18:32:58,143 - INFO - ADAPTED STRATEGY # ALPHA: 0.8 # ADAPTED MOVES: 71 # PREV.SIG: 0000012321 # NEW.SIG: 0013240464 # TIME: 0.34s
2024-07-31 18:32:58,925 - INFO - ADAPTED STRATEGY # ALPHA: 0.8 # ADAPTED MOVES: 75 # PREV.SIG: 0000012321 # NEW.SIG: 0013398532 # TIME: 0.36s
2024-07-31 18:33:01,908 - INFO - ADAPTED STRATEGY # ALPHA: 0.8 # ADAPTED MOVES: 80 # PREV.SIG: 0000012321 # NEW.SIG: 0013996020 # TIME: 0.39s
2024-07-31 18:33:03,161 - INFO - ADAPTED STRATEGY # ALPHA: 0.8 # ADAPTED MOVES: 83 # PREV.SIG: 0000012321 # NEW.SIG: 0014890051 # TIME: 0.39s
2024-07-31 18:33:03,633 - INFO - [32mNRPA: COMPLETED LEVEL 1 // TOTAL MOVES: 83 // TIME: 8.03s // SIGNATURE: 0014890051 
[0m
2024-07-31 18:33:04,025 - INFO - ADAPTED STRATEGY # ALPHA: 0.8 # ADAPTED MOVES: 70 # PREV.SIG: 0000012321 # NEW.SIG: 0012106737 # TIME: 0.34s
2024-07-31 18:33:04,474 - INFO - ADAPTED STRATEGY # ALPHA: 0.8 # ADAPTED MOVES: 71 # PREV.SIG: 0000012321 # NEW.SIG: 0012405491 # TIME: 0.34s
2024-07-31 18:33:05,123 - INFO - ADAPTED STRATEGY # ALPHA: 0.8 # ADAPTED MOVES: 71 # PREV.SIG: 0000012321 # NEW.SIG: 0011939083 # TIME: 0.34s
2024-07-31 18:33:05,654 - INFO - ADAPTED STRATEGY # ALPHA: 0.8 # ADAPTED MOVES: 72 # PREV.SIG: 0000012321 # NEW.SIG: 0013485612 # TIME: 0.34s
2024-07-31 18:33:06,586 - INFO - ADAPTED STRATEGY # ALPHA: 0.8 # ADAPTED MOVES: 75 # PREV.SIG: 0000012321 # NEW.SIG: 0012645194 # TIME: 0.36s
2024-07-31 18:33:07,030 - INFO - ADAPTED STRATEGY # ALPHA: 0.8 # ADAPTED MOVES: 82 # PREV.SIG: 0000012321 # NEW.SIG: 0015330536 # TIME: 0.38s
2024-07-31 18:33:10,846 - INFO - [32mNRPA: COMPLETED LEVEL 1 // TOTAL MOVES: 82 // TIME: 7.21s // SIGNATURE: 0015330536 
[0m
2024-07-31 18:33:11,219 - INFO - ADAPTED STRATEGY # ALPHA: 0.8 # ADAPTED MOVES: 67 # PREV.SIG: 0000012321 # NEW.SIG: 0012207330 # TIME: 0.32s
2024-07-31 18:33:11,824 - INFO - ADAPTED STRATEGY # ALPHA: 0.8 # ADAPTED MOVES: 70 # PREV.SIG: 0000012321 # NEW.SIG: 0012160110 # TIME: 0.34s
2024-07-31 18:33:12,427 - INFO - ADAPTED STRATEGY # ALPHA: 0.8 # ADAPTED MOVES: 73 # PREV.SIG: 0000012321 # NEW.SIG: 0012888311 # TIME: 0.33s
2024-07-31 18:33:14,300 - INFO - ADAPTED STRATEGY # ALPHA: 0.8 # ADAPTED MOVES: 84 # PREV.SIG: 0000012321 # NEW.SIG: 0014244409 # TIME: 0.40s
2024-07-31 18:33:17,546 - INFO - [32mNRPA: COMPLETED LEVEL 1 // TOTAL MOVES: 84 // TIME: 6.70s // SIGNATURE: 0014244409 
[0m
2024-07-31 18:33:17,980 - INFO - ADAPTED STRATEGY # ALPHA: 0.8 # ADAPTED MOVES: 79 # PREV.SIG: 0000012321 # NEW.SIG: 0014630958 # TIME: 0.37s
2024-07-31 18:33:19,516 - INFO - ADAPTED STRATEGY # ALPHA: 0.8 # ADAPTED MOVES: 79 # PREV.SIG: 0000012321 # NEW.SIG: 0014612708 # TIME: 0.38s
2024-07-31 18:33:20,639 - INFO - ADAPTED STRATEGY # ALPHA: 0.8 # ADAPTED MOVES: 82 # PREV.SIG: 0000012321 # NEW.SIG: 0015429288 # TIME: 0.39s
2024-07-31 18:33:23,968 - INFO - [32mNRPA: COMPLETED LEVEL 1 // TOTAL MOVES: 82 // TIME: 6.42s // SIGNATURE: 0015429288 
[0m
2024-07-31 18:33:24,394 - INFO - ADAPTED STRATEGY # ALPHA: 0.8 # ADAPTED MOVES: 80 # PREV.SIG: 0000012321 # NEW.SIG: 0014334031 # TIME: 0.37s
2024-07-31 18:33:25,082 - INFO - ADAPTED STRATEGY # ALPHA: 0.8 # ADAPTED MOVES: 91 # PREV.SIG: 0000012321 # NEW.SIG: 0014784266 # TIME: 0.42s
2024-07-31 18:33:30,077 - INFO - [32mNRPA: COMPLETED LEVEL 1 // TOTAL MOVES: 91 // TIME: 6.11s // SIGNATURE: 0014784266 
[0m
2024-07-31 18:33:30,440 - INFO - ADAPTED STRATEGY # ALPHA: 0.8 # ADAPTED MOVES: 65 # PREV.SIG: 0000012321 # NEW.SIG: 0011428614 # TIME: 0.31s
2024-07-31 18:33:30,813 - INFO - ADAPTED STRATEGY # ALPHA: 0.8 # ADAPTED MOVES: 68 # PREV.SIG: 0000012321 # NEW.SIG: 0011680091 # TIME: 0.32s
2024-07-31 18:33:31,209 - INFO - ADAPTED STRATEGY # ALPHA: 0.8 # ADAPTED MOVES: 71 # PREV.SIG: 0000012321 # NEW.SIG: 0011937323 # TIME: 0.34s
2024-07-31 18:33:31,593 - INFO - ADAPTED STRATEGY # ALPHA: 0.8 # ADAPTED MOVES: 71 # PREV.SIG: 0000012321 # NEW.SIG: 0012504639 # TIME: 0.33s
2024-07-31 18:33:32,254 - INFO - ADAPTED STRATEGY # ALPHA: 0.8 # ADAPTED MOVES: 77 # PREV.SIG: 0000012321 # NEW.SIG: 0014214502 # TIME: 0.37s
2024-07-31 18:33:32,786 - INFO - ADAPTED STRATEGY # ALPHA: 0.8 # ADAPTED MOVES: 78 # PREV.SIG: 0000012321 # NEW.SIG: 0013291721 # TIME: 0.37s
2024-07-31 18:33:34,023 - INFO - ADAPTED STRATEGY # ALPHA: 0.8 # ADAPTED MOVES: 79 # PREV.SIG: 0000012321 # NEW.SIG: 0014279940 # TIME: 0.38s
2024-07-31 18:33:35,265 - INFO - ADAPTED STRATEGY # ALPHA: 0.8 # ADAPTED MOVES: 81 # PREV.SIG: 0000012321 # NEW.SIG: 0014533118 # TIME: 0.39s
2024-07-31 18:33:36,806 - INFO - ADAPTED STRATEGY # ALPHA: 0.8 # ADAPTED MOVES: 90 # PREV.SIG: 0000012321 # NEW.SIG: 0015044512 # TIME: 0.43s
2024-07-31 18:33:38,556 - INFO - [32mNRPA: COMPLETED LEVEL 1 // TOTAL MOVES: 90 // TIME: 8.48s // SIGNATURE: 0015044512 
[0m
2024-07-31 18:33:38,933 - INFO - ADAPTED STRATEGY # ALPHA: 0.8 # ADAPTED MOVES: 67 # PREV.SIG: 0000012321 # NEW.SIG: 0012467742 # TIME: 0.32s
2024-07-31 18:33:39,357 - INFO - ADAPTED STRATEGY # ALPHA: 0.8 # ADAPTED MOVES: 76 # PREV.SIG: 0000012321 # NEW.SIG: 0013216888 # TIME: 0.37s
2024-07-31 18:33:40,912 - INFO - ADAPTED STRATEGY # ALPHA: 0.8 # ADAPTED MOVES: 81 # PREV.SIG: 0000012321 # NEW.SIG: 0014353497 # TIME: 0.38s
2024-07-31 18:33:41,471 - INFO - ADAPTED STRATEGY # ALPHA: 0.8 # ADAPTED MOVES: 83 # PREV.SIG: 0000012321 # NEW.SIG: 0015163021 # TIME: 0.39s
2024-07-31 18:33:45,212 - INFO - [32mNRPA: COMPLETED LEVEL 1 // TOTAL MOVES: 83 // TIME: 6.66s // SIGNATURE: 0015163021 
[0m
2024-07-31 18:33:45,561 - INFO - ADAPTED STRATEGY # ALPHA: 0.8 # ADAPTED MOVES: 62 # PREV.SIG: 0000012321 # NEW.SIG: 0010120680 # TIME: 0.30s
2024-07-31 18:33:45,967 - INFO - ADAPTED STRATEGY # ALPHA: 0.8 # ADAPTED MOVES: 63 # PREV.SIG: 0000012321 # NEW.SIG: 0011628402 # TIME: 0.30s
2024-07-31 18:33:46,391 - INFO - ADAPTED STRATEGY # ALPHA: 0.8 # ADAPTED MOVES: 67 # PREV.SIG: 0000012321 # NEW.SIG: 0012266309 # TIME: 0.33s
2024-07-31 18:33:46,875 - INFO - ADAPTED STRATEGY # ALPHA: 0.8 # ADAPTED MOVES: 73 # PREV.SIG: 0000012321 # NEW.SIG: 0013092623 # TIME: 0.35s
2024-07-31 18:33:47,583 - INFO - ADAPTED STRATEGY # ALPHA: 0.8 # ADAPTED MOVES: 77 # PREV.SIG: 0000012321 # NEW.SIG: 0012956256 # TIME: 0.37s
2024-07-31 18:33:48,994 - INFO - ADAPTED STRATEGY # ALPHA: 0.8 # ADAPTED MOVES: 80 # PREV.SIG: 0000012321 # NEW.SIG: 0013735499 # TIME: 0.39s
2024-07-31 18:33:50,594 - INFO - ADAPTED STRATEGY # ALPHA: 0.8 # ADAPTED MOVES: 81 # PREV.SIG: 0000012321 # NEW.SIG: 0014335502 # TIME: 0.39s
2024-07-31 18:33:52,647 - INFO - [32mNRPA: COMPLETED LEVEL 1 // TOTAL MOVES: 81 // TIME: 7.43s // SIGNATURE: 0014335502 
[0m
2024-07-31 18:33:53,034 - INFO - ADAPTED STRATEGY # ALPHA: 0.8 # ADAPTED MOVES: 69 # PREV.SIG: 0000012321 # NEW.SIG: 0011927226 # TIME: 0.33s
2024-07-31 18:33:53,541 - INFO - ADAPTED STRATEGY # ALPHA: 0.8 # ADAPTED MOVES: 73 # PREV.SIG: 0000012321 # NEW.SIG: 0012677696 # TIME: 0.35s
2024-07-31 18:33:54,010 - INFO - ADAPTED STRATEGY # ALPHA: 0.8 # ADAPTED MOVES: 76 # PREV.SIG: 0000012321 # NEW.SIG: 0013226163 # TIME: 0.37s
2024-07-31 18:33:55,089 - INFO - ADAPTED STRATEGY # ALPHA: 0.8 # ADAPTED MOVES: 77 # PREV.SIG: 0000012321 # NEW.SIG: 0013040210 # TIME: 0.37s
2024-07-31 18:33:55,689 - INFO - ADAPTED STRATEGY # ALPHA: 0.8 # ADAPTED MOVES: 80 # PREV.SIG: 0000012321 # NEW.SIG: 0013866489 # TIME: 0.38s
2024-07-31 18:33:56,899 - INFO - ADAPTED STRATEGY # ALPHA: 0.8 # ADAPTED MOVES: 82 # PREV.SIG: 0000012321 # NEW.SIG: 0013863462 # TIME: 0.39s
2024-07-31 18:33:57,553 - INFO - ADAPTED STRATEGY # ALPHA: 0.8 # ADAPTED MOVES: 87 # PREV.SIG: 0000012321 # NEW.SIG: 0014751326 # TIME: 0.42s
2024-07-31 18:34:00,452 - INFO - [32mNRPA: COMPLETED LEVEL 1 // TOTAL MOVES: 87 // TIME: 7.80s // SIGNATURE: 0014751326 
[0m
2024-07-31 18:34:00,786 - INFO - ADAPTED STRATEGY # ALPHA: 0.8 # ADAPTED MOVES: 59 # PREV.SIG: 0000012321 # NEW.SIG: 0010640198 # TIME: 0.28s
2024-07-31 18:34:01,213 - INFO - ADAPTED STRATEGY # ALPHA: 0.8 # ADAPTED MOVES: 78 # PREV.SIG: 0000012321 # NEW.SIG: 0013359081 # TIME: 0.37s
2024-07-31 18:34:03,304 - INFO - ADAPTED STRATEGY # ALPHA: 0.8 # ADAPTED MOVES: 78 # PREV.SIG: 0000012321 # NEW.SIG: 0014290203 # TIME: 0.37s
2024-07-31 18:34:06,533 - INFO - ADAPTED STRATEGY # ALPHA: 0.8 # ADAPTED MOVES: 78 # PREV.SIG: 0000012321 # NEW.SIG: 0013760954 # TIME: 0.37s
2024-07-31 18:34:07,144 - INFO - ADAPTED STRATEGY # ALPHA: 0.8 # ADAPTED MOVES: 83 # PREV.SIG: 0000012321 # NEW.SIG: 0015146771 # TIME: 0.40s
2024-07-31 18:34:07,818 - INFO - ADAPTED STRATEGY # ALPHA: 0.8 # ADAPTED MOVES: 86 # PREV.SIG: 0000012321 # NEW.SIG: 0015472618 # TIME: 0.41s
2024-07-31 18:34:07,819 - INFO - [32mNRPA: COMPLETED LEVEL 1 // TOTAL MOVES: 86 // TIME: 7.37s // SIGNATURE: 0015472618 
[0m
2024-07-31 18:34:08,030 - INFO - ADAPTED STRATEGY # ALPHA: 0.8 # ADAPTED MOVES: 35 # PREV.SIG: 0000012321 # NEW.SIG: 0006457510 # TIME: 0.18s
2024-07-31 18:34:08,451 - INFO - ADAPTED STRATEGY # ALPHA: 0.8 # ADAPTED MOVES: 76 # PREV.SIG: 0000012321 # NEW.SIG: 0012243665 # TIME: 0.36s
2024-07-31 18:34:08,962 - INFO - ADAPTED STRATEGY # ALPHA: 0.8 # ADAPTED MOVES: 85 # PREV.SIG: 0000012321 # NEW.SIG: 0014732659 # TIME: 0.40s
2024-07-31 18:34:11,752 - INFO - ADAPTED STRATEGY # ALPHA: 0.8 # ADAPTED MOVES: 85 # PREV.SIG: 0000012321 # NEW.SIG: 0015220412 # TIME: 0.40s
2024-07-31 18:34:13,963 - INFO - [32mNRPA: COMPLETED LEVEL 1 // TOTAL MOVES: 85 // TIME: 6.14s // SIGNATURE: 0015220412 
[0m
2024-07-31 18:34:14,341 - INFO - ADAPTED STRATEGY # ALPHA: 0.8 # ADAPTED MOVES: 67 # PREV.SIG: 0000012321 # NEW.SIG: 0011855642 # TIME: 0.33s
2024-07-31 18:34:14,829 - INFO - ADAPTED STRATEGY # ALPHA: 0.8 # ADAPTED MOVES: 78 # PREV.SIG: 0000012321 # NEW.SIG: 0014146299 # TIME: 0.38s
2024-07-31 18:34:16,607 - INFO - ADAPTED STRATEGY # ALPHA: 0.8 # ADAPTED MOVES: 83 # PREV.SIG: 0000012321 # NEW.SIG: 0014266050 # TIME: 0.39s
2024-07-31 18:34:20,096 - INFO - [32mNRPA: COMPLETED LEVEL 1 // TOTAL MOVES: 83 // TIME: 6.13s // SIGNATURE: 0014266050 
[0m
2024-07-31 18:34:20,426 - INFO - ADAPTED STRATEGY # ALPHA: 0.8 # ADAPTED MOVES: 58 # PREV.SIG: 0000012321 # NEW.SIG: 0010616583 # TIME: 0.28s
2024-07-31 18:34:20,785 - INFO - ADAPTED STRATEGY # ALPHA: 0.8 # ADAPTED MOVES: 64 # PREV.SIG: 0000012321 # NEW.SIG: 0011613222 # TIME: 0.31s
2024-07-31 18:34:21,175 - INFO - ADAPTED STRATEGY # ALPHA: 0.8 # ADAPTED MOVES: 70 # PREV.SIG: 0000012321 # NEW.SIG: 0011777539 # TIME: 0.33s
2024-07-31 18:34:21,678 - INFO - ADAPTED STRATEGY # ALPHA: 0.8 # ADAPTED MOVES: 86 # PREV.SIG: 0000012321 # NEW.SIG: 0015226841 # TIME: 0.41s
2024-07-31 18:34:26,743 - INFO - [32mNRPA: COMPLETED LEVEL 1 // TOTAL MOVES: 86 // TIME: 6.65s // SIGNATURE: 0015226841 
[0m
2024-07-31 18:34:27,114 - INFO - ADAPTED STRATEGY # ALPHA: 0.8 # ADAPTED MOVES: 67 # PREV.SIG: 0000012321 # NEW.SIG: 0013058746 # TIME: 0.32s
2024-07-31 18:34:27,488 - INFO - ADAPTED STRATEGY # ALPHA: 0.8 # ADAPTED MOVES: 67 # PREV.SIG: 0000012321 # NEW.SIG: 0012007700 # TIME: 0.32s
2024-07-31 18:34:27,888 - INFO - ADAPTED STRATEGY # ALPHA: 0.8 # ADAPTED MOVES: 72 # PREV.SIG: 0000012321 # NEW.SIG: 0012688945 # TIME: 0.34s
2024-07-31 18:34:28,438 - INFO - ADAPTED STRATEGY # ALPHA: 0.8 # ADAPTED MOVES: 80 # PREV.SIG: 0000012321 # NEW.SIG: 0014188525 # TIME: 0.38s
2024-07-31 18:34:30,317 - INFO - ADAPTED STRATEGY # ALPHA: 0.8 # ADAPTED MOVES: 92 # PREV.SIG: 0000012321 # NEW.SIG: 0015704381 # TIME: 0.43s
2024-07-31 18:34:34,013 - INFO - [32mNRPA: COMPLETED LEVEL 1 // TOTAL MOVES: 92 // TIME: 7.27s // SIGNATURE: 0015704381 
[0m
2024-07-31 18:34:34,402 - INFO - ADAPTED STRATEGY # ALPHA: 0.8 # ADAPTED MOVES: 70 # PREV.SIG: 0000012321 # NEW.SIG: 0011974869 # TIME: 0.33s
2024-07-31 18:34:34,870 - INFO - ADAPTED STRATEGY # ALPHA: 0.8 # ADAPTED MOVES: 74 # PREV.SIG: 0000012321 # NEW.SIG: 0013128932 # TIME: 0.35s
2024-07-31 18:34:35,597 - INFO - ADAPTED STRATEGY # ALPHA: 0.8 # ADAPTED MOVES: 84 # PREV.SIG: 0000012321 # NEW.SIG: 0014777946 # TIME: 0.40s
2024-07-31 18:34:40,281 - INFO - [32mNRPA: COMPLETED LEVEL 1 // TOTAL MOVES: 84 // TIME: 6.27s // SIGNATURE: 0014777946 
[0m
2024-07-31 18:34:40,695 - INFO - ADAPTED STRATEGY # ALPHA: 0.8 # ADAPTED MOVES: 75 # PREV.SIG: 0000012321 # NEW.SIG: 0013828262 # TIME: 0.36s
2024-07-31 18:34:41,596 - INFO - ADAPTED STRATEGY # ALPHA: 0.8 # ADAPTED MOVES: 78 # PREV.SIG: 0000012321 # NEW.SIG: 0014248931 # TIME: 0.37s
2024-07-31 18:34:42,871 - INFO - ADAPTED STRATEGY # ALPHA: 0.8 # ADAPTED MOVES: 78 # PREV.SIG: 0000012321 # NEW.SIG: 0013882072 # TIME: 0.37s
2024-07-31 18:34:43,796 - INFO - ADAPTED STRATEGY # ALPHA: 0.8 # ADAPTED MOVES: 80 # PREV.SIG: 0000012321 # NEW.SIG: 0014908319 # TIME: 0.38s
2024-07-31 18:34:44,811 - INFO - ADAPTED STRATEGY # ALPHA: 0.8 # ADAPTED MOVES: 87 # PREV.SIG: 0000012321 # NEW.SIG: 0015608819 # TIME: 0.42s
2024-07-31 18:34:47,278 - INFO - [32mNRPA: COMPLETED LEVEL 1 // TOTAL MOVES: 87 // TIME: 7.00s // SIGNATURE: 0015608819 
[0m
2024-07-31 18:34:47,678 - INFO - ADAPTED STRATEGY # ALPHA: 0.8 # ADAPTED MOVES: 72 # PREV.SIG: 0000012321 # NEW.SIG: 0013205876 # TIME: 0.34s
2024-07-31 18:34:48,367 - INFO - ADAPTED STRATEGY # ALPHA: 0.8 # ADAPTED MOVES: 72 # PREV.SIG: 0000012321 # NEW.SIG: 0012913749 # TIME: 0.35s
2024-07-31 18:34:49,122 - INFO - ADAPTED STRATEGY # ALPHA: 0.8 # ADAPTED MOVES: 78 # PREV.SIG: 0000012321 # NEW.SIG: 0013933895 # TIME: 0.37s
2024-07-31 18:34:50,911 - INFO - ADAPTED STRATEGY # ALPHA: 0.8 # ADAPTED MOVES: 78 # PREV.SIG: 0000012321 # NEW.SIG: 0014842254 # TIME: 0.37s
2024-07-31 18:34:51,609 - INFO - ADAPTED STRATEGY # ALPHA: 0.8 # ADAPTED MOVES: 85 # PREV.SIG: 0000012321 # NEW.SIG: 0015065348 # TIME: 0.40s
2024-07-31 18:34:54,365 - INFO - [32mNRPA: COMPLETED LEVEL 1 // TOTAL MOVES: 85 // TIME: 7.09s // SIGNATURE: 0015065348 
[0m
2024-07-31 18:34:54,699 - INFO - ADAPTED STRATEGY # ALPHA: 0.8 # ADAPTED MOVES: 59 # PREV.SIG: 0000012321 # NEW.SIG: 0010364794 # TIME: 0.29s
2024-07-31 18:34:55,059 - INFO - ADAPTED STRATEGY # ALPHA: 0.8 # ADAPTED MOVES: 64 # PREV.SIG: 0000012321 # NEW.SIG: 0011096475 # TIME: 0.31s
2024-07-31 18:34:55,452 - INFO - ADAPTED STRATEGY # ALPHA: 0.8 # ADAPTED MOVES: 71 # PREV.SIG: 0000012321 # NEW.SIG: 0012769409 # TIME: 0.34s
2024-07-31 18:34:56,178 - INFO - ADAPTED STRATEGY # ALPHA: 0.8 # ADAPTED MOVES: 73 # PREV.SIG: 0000012321 # NEW.SIG: 0012870883 # TIME: 0.35s
2024-07-31 18:34:56,586 - INFO - ADAPTED STRATEGY # ALPHA: 0.8 # ADAPTED MOVES: 73 # PREV.SIG: 0000012321 # NEW.SIG: 0013067795 # TIME: 0.35s
2024-07-31 18:34:57,591 - INFO - ADAPTED STRATEGY # ALPHA: 0.8 # ADAPTED MOVES: 87 # PREV.SIG: 0000012321 # NEW.SIG: 0014492433 # TIME: 0.41s
2024-07-31 18:35:01,710 - INFO - [32mNRPA: COMPLETED LEVEL 1 // TOTAL MOVES: 87 // TIME: 7.34s // SIGNATURE: 0014492433 
[0m
2024-07-31 18:35:02,067 - INFO - ADAPTED STRATEGY # ALPHA: 0.8 # ADAPTED MOVES: 64 # PREV.SIG: 0000012321 # NEW.SIG: 0010884007 # TIME: 0.30s
2024-07-31 18:35:02,459 - INFO - ADAPTED STRATEGY # ALPHA: 0.8 # ADAPTED MOVES: 69 # PREV.SIG: 0000012321 # NEW.SIG: 0012066307 # TIME: 0.34s
2024-07-31 18:35:02,990 - INFO - ADAPTED STRATEGY # ALPHA: 0.8 # ADAPTED MOVES: 77 # PREV.SIG: 0000012321 # NEW.SIG: 0013603030 # TIME: 0.37s
2024-07-31 18:35:08,154 - INFO - ADAPTED STRATEGY # ALPHA: 0.8 # ADAPTED MOVES: 77 # PREV.SIG: 0000012321 # NEW.SIG: 0013971114 # TIME: 0.37s
2024-07-31 18:35:08,309 - INFO - [32mNRPA: COMPLETED LEVEL 1 // TOTAL MOVES: 77 // TIME: 6.60s // SIGNATURE: 0013971114 
[0m
2024-07-31 18:35:08,656 - INFO - ADAPTED STRATEGY # ALPHA: 0.8 # ADAPTED MOVES: 62 # PREV.SIG: 0000012321 # NEW.SIG: 0011030849 # TIME: 0.30s
2024-07-31 18:35:09,074 - INFO - ADAPTED STRATEGY # ALPHA: 0.8 # ADAPTED MOVES: 65 # PREV.SIG: 0000012321 # NEW.SIG: 0011611903 # TIME: 0.31s
2024-07-31 18:35:09,445 - INFO - ADAPTED STRATEGY # ALPHA: 0.8 # ADAPTED MOVES: 66 # PREV.SIG: 0000012321 # NEW.SIG: 0011632765 # TIME: 0.32s
2024-07-31 18:35:09,819 - INFO - ADAPTED STRATEGY # ALPHA: 0.8 # ADAPTED MOVES: 67 # PREV.SIG: 0000012321 # NEW.SIG: 0011745843 # TIME: 0.32s
2024-07-31 18:35:10,202 - INFO - ADAPTED STRATEGY # ALPHA: 0.8 # ADAPTED MOVES: 68 # PREV.SIG: 0000012321 # NEW.SIG: 0011503946 # TIME: 0.33s
2024-07-31 18:35:10,866 - INFO - ADAPTED STRATEGY # ALPHA: 0.8 # ADAPTED MOVES: 74 # PREV.SIG: 0000012321 # NEW.SIG: 0013616187 # TIME: 0.35s
2024-07-31 18:35:11,281 - INFO - ADAPTED STRATEGY # ALPHA: 0.8 # ADAPTED MOVES: 75 # PREV.SIG: 0000012321 # NEW.SIG: 0013722999 # TIME: 0.36s
2024-07-31 18:35:11,712 - INFO - ADAPTED STRATEGY # ALPHA: 0.8 # ADAPTED MOVES: 78 # PREV.SIG: 0000012321 # NEW.SIG: 0013900790 # TIME: 0.37s
2024-07-31 18:35:12,470 - INFO - ADAPTED STRATEGY # ALPHA: 0.8 # ADAPTED MOVES: 79 # PREV.SIG: 0000012321 # NEW.SIG: 0014864975 # TIME: 0.38s
2024-07-31 18:35:13,479 - INFO - ADAPTED STRATEGY # ALPHA: 0.8 # ADAPTED MOVES: 80 # PREV.SIG: 0000012321 # NEW.SIG: 0014285828 # TIME: 0.38s
2024-07-31 18:35:13,992 - INFO - ADAPTED STRATEGY # ALPHA: 0.8 # ADAPTED MOVES: 83 # PREV.SIG: 0000012321 # NEW.SIG: 0014594084 # TIME: 0.40s
2024-07-31 18:35:15,994 - INFO - ADAPTED STRATEGY # ALPHA: 0.8 # ADAPTED MOVES: 89 # PREV.SIG: 0000012321 # NEW.SIG: 0015825229 # TIME: 0.43s
2024-07-31 18:35:17,939 - INFO - [32mNRPA: COMPLETED LEVEL 1 // TOTAL MOVES: 89 // TIME: 9.63s // SIGNATURE: 0015825229 
[0m
2024-07-31 18:35:18,279 - INFO - ADAPTED STRATEGY # ALPHA: 0.8 # ADAPTED MOVES: 60 # PREV.SIG: 0000012321 # NEW.SIG: 0010166139 # TIME: 0.29s
2024-07-31 18:35:18,662 - INFO - ADAPTED STRATEGY # ALPHA: 0.8 # ADAPTED MOVES: 69 # PREV.SIG: 0000012321 # NEW.SIG: 0011578613 # TIME: 0.33s
2024-07-31 18:35:19,144 - INFO - ADAPTED STRATEGY # ALPHA: 0.8 # ADAPTED MOVES: 70 # PREV.SIG: 0000012321 # NEW.SIG: 0011174705 # TIME: 0.33s
2024-07-31 18:35:19,633 - INFO - ADAPTED STRATEGY # ALPHA: 0.8 # ADAPTED MOVES: 79 # PREV.SIG: 0000012321 # NEW.SIG: 0013601620 # TIME: 0.38s
2024-07-31 18:35:22,375 - INFO - ADAPTED STRATEGY # ALPHA: 0.8 # ADAPTED MOVES: 83 # PREV.SIG: 0000012321 # NEW.SIG: 0013840138 # TIME: 0.39s
2024-07-31 18:35:24,043 - INFO - ADAPTED STRATEGY # ALPHA: 0.8 # ADAPTED MOVES: 87 # PREV.SIG: 0000012321 # NEW.SIG: 0014658264 # TIME: 0.41s
2024-07-31 18:35:25,313 - INFO - [32mNRPA: COMPLETED LEVEL 1 // TOTAL MOVES: 87 // TIME: 7.37s // SIGNATURE: 0014658264 
[0m
2024-07-31 18:35:25,659 - INFO - ADAPTED STRATEGY # ALPHA: 0.8 # ADAPTED MOVES: 61 # PREV.SIG: 0000012321 # NEW.SIG: 0011120832 # TIME: 0.29s
2024-07-31 18:35:26,061 - INFO - ADAPTED STRATEGY # ALPHA: 0.8 # ADAPTED MOVES: 73 # PREV.SIG: 0000012321 # NEW.SIG: 0012607850 # TIME: 0.34s
2024-07-31 18:35:26,764 - INFO - ADAPTED STRATEGY # ALPHA: 0.8 # ADAPTED MOVES: 80 # PREV.SIG: 0000012321 # NEW.SIG: 0013618609 # TIME: 0.38s
2024-07-31 18:35:27,279 - INFO - ADAPTED STRATEGY # ALPHA: 0.8 # ADAPTED MOVES: 85 # PREV.SIG: 0000012321 # NEW.SIG: 0015139069 # TIME: 0.40s
2024-07-31 18:35:29,024 - INFO - ADAPTED STRATEGY # ALPHA: 0.8 # ADAPTED MOVES: 102 # PREV.SIG: 0000012321 # NEW.SIG: 0017250520 # TIME: 0.48s
2024-07-31 18:35:32,577 - INFO - [32mNRPA: COMPLETED LEVEL 1 // TOTAL MOVES: 102 // TIME: 7.26s // SIGNATURE: 0017250520 
[0m
2024-07-31 18:35:33,060 - INFO - ADAPTED STRATEGY # ALPHA: 0.8 # ADAPTED MOVES: 102 # PREV.SIG: 0000012321 # NEW.SIG: 0017250520 # TIME: 0.48s
2024-07-31 18:35:33,431 - INFO - ADAPTED STRATEGY # ALPHA: 0.8 # ADAPTED MOVES: 66 # PREV.SIG: 0000012321 # NEW.SIG: 0011518020 # TIME: 0.32s
2024-07-31 18:35:33,803 - INFO - ADAPTED STRATEGY # ALPHA: 0.8 # ADAPTED MOVES: 66 # PREV.SIG: 0000012321 # NEW.SIG: 0011218923 # TIME: 0.32s
2024-07-31 18:35:34,280 - INFO - ADAPTED STRATEGY # ALPHA: 0.8 # ADAPTED MOVES: 67 # PREV.SIG: 0000012321 # NEW.SIG: 0011506806 # TIME: 0.32s
2024-07-31 18:35:34,713 - INFO - ADAPTED STRATEGY # ALPHA: 0.8 # ADAPTED MOVES: 79 # PREV.SIG: 0000012321 # NEW.SIG: 0012566026 # TIME: 0.37s
2024-07-31 18:35:37,193 - INFO - ADAPTED STRATEGY # ALPHA: 0.8 # ADAPTED MOVES: 84 # PREV.SIG: 0000012321 # NEW.SIG: 0014241708 # TIME: 0.39s
2024-07-31 18:35:39,703 - INFO - ADAPTED STRATEGY # ALPHA: 0.8 # ADAPTED MOVES: 86 # PREV.SIG: 0000012321 # NEW.SIG: 0014546076 # TIME: 0.40s
2024-07-31 18:35:40,466 - INFO - [32mNRPA: COMPLETED LEVEL 1 // TOTAL MOVES: 86 // TIME: 7.41s // SIGNATURE: 0014546076 
[0m
2024-07-31 18:35:40,860 - INFO - ADAPTED STRATEGY # ALPHA: 0.8 # ADAPTED MOVES: 71 # PREV.SIG: 0000012321 # NEW.SIG: 0012507361 # TIME: 0.34s
2024-07-31 18:35:41,572 - INFO - ADAPTED STRATEGY # ALPHA: 0.8 # ADAPTED MOVES: 72 # PREV.SIG: 0000012321 # NEW.SIG: 0012294352 # TIME: 0.35s
2024-07-31 18:35:41,981 - INFO - ADAPTED STRATEGY # ALPHA: 0.8 # ADAPTED MOVES: 74 # PREV.SIG: 0000012321 # NEW.SIG: 0013138463 # TIME: 0.36s
2024-07-31 18:35:42,773 - INFO - ADAPTED STRATEGY # ALPHA: 0.8 # ADAPTED MOVES: 78 # PREV.SIG: 0000012321 # NEW.SIG: 0014087463 # TIME: 0.37s
2024-07-31 18:35:43,682 - INFO - ADAPTED STRATEGY # ALPHA: 0.8 # ADAPTED MOVES: 82 # PREV.SIG: 0000012321 # NEW.SIG: 0014972901 # TIME: 0.39s
2024-07-31 18:35:45,375 - INFO - ADAPTED STRATEGY # ALPHA: 0.8 # ADAPTED MOVES: 88 # PREV.SIG: 0000012321 # NEW.SIG: 0016008013 # TIME: 0.42s
2024-07-31 18:35:47,921 - INFO - [32mNRPA: COMPLETED LEVEL 1 // TOTAL MOVES: 88 // TIME: 7.45s // SIGNATURE: 0016008013 
[0m
2024-07-31 18:35:47,922 - INFO - [32mNRPA: COMPLETED LEVEL 2 // TOTAL MOVES: 102 // TIME: 724.15s // SIGNATURE: 0017250520 
[0m
2024-07-31 18:35:48,399 - INFO - Move 1 completed ## Total moves: 102 ## Time elapsed: 724.63s
2024-07-31 18:35:48,399 - INFO - Displaying game
2024-07-31 18:35:48,403 - INFO - Game displayed
2024-07-31 18:35:48,404 - INFO - Displaying game
2024-07-31 18:35:48,407 - INFO - Game displayed
2024-07-31 18:35:48,409 - INFO - Results saved to ./logs/nrpa_100_2_08.csv
2024-07-31 18:35:48,413 - INFO - 
+------+-------+-------+-----------+-------------------+------------------------+-------------------+
| Seed | Level | Moves | Signature |      Time (s)     | Time per iteration (s) | Time per move (s) |
+------+-------+-------+-----------+-------------------+------------------------+-------------------+
|  1   |   2   |  102  |  17250520 | 724.6345109939575 |   7.2463451099395755   | 7.104259911705466 |
+------+-------+-------+-----------+-------------------+------------------------+-------------------+
