2024-07-31 12:42:17,561 - INFO - Seed: 1
2024-07-31 12:42:17,561 - INFO - Initializing game
2024-07-31 12:42:17,562 - INFO - Game initialized
2024-07-31 12:42:17,567 - INFO - [93mStarting NRPA with level=2, iterations=10, alpha=1.0[0m
2024-07-31 12:42:17,936 - INFO - ADAPTED STRATEGY # ALPHA: 1.0 # ADAPTED MOVES: 60 # PREV.SIG: 0000012321 # NEW.SIG: 0010380360 # TIME: 0.30s
2024-07-31 12:42:18,336 - INFO - ADAPTED STRATEGY # ALPHA: 1.0 # ADAPTED MOVES: 70 # PREV.SIG: 0000012321 # NEW.SIG: 0012746155 # TIME: 0.34s
2024-07-31 12:42:19,069 - INFO - ADAPTED STRATEGY # ALPHA: 1.0 # ADAPTED MOVES: 71 # PREV.SIG: 0000012321 # NEW.SIG: 0012687989 # TIME: 0.35s
2024-07-31 12:42:19,125 - INFO - [32mCOMPLETED LEVEL 1 // TOTAL MOVES: 71 // TIME: 1.56s // SIGNATURE: 0012687989 
[0m
2024-07-31 12:42:19,481 - INFO - ADAPTED STRATEGY # ALPHA: 1.0 # ADAPTED MOVES: 71 # PREV.SIG: 0000012321 # NEW.SIG: 0012687989 # TIME: 0.36s
2024-07-31 12:42:19,923 - INFO - ADAPTED STRATEGY # ALPHA: 1.0 # ADAPTED MOVES: 67 # PREV.SIG: 0000012321 # NEW.SIG: 0011147265 # TIME: 0.38s
2024-07-31 12:42:20,563 - INFO - ADAPTED STRATEGY # ALPHA: 1.0 # ADAPTED MOVES: 67 # PREV.SIG: 0000012321 # NEW.SIG: 0011495618 # TIME: 0.44s
2024-07-31 12:42:21,055 - INFO - ADAPTED STRATEGY # ALPHA: 1.0 # ADAPTED MOVES: 73 # PREV.SIG: 0000012321 # NEW.SIG: 0012942036 # TIME: 0.36s
2024-07-31 12:42:21,169 - INFO - [32mCOMPLETED LEVEL 1 // TOTAL MOVES: 73 // TIME: 1.69s // SIGNATURE: 0012942036 
[0m
2024-07-31 12:42:21,530 - INFO - ADAPTED STRATEGY # ALPHA: 1.0 # ADAPTED MOVES: 73 # PREV.SIG: 0000012321 # NEW.SIG: 0012942036 # TIME: 0.36s
2024-07-31 12:42:21,879 - INFO - ADAPTED STRATEGY # ALPHA: 1.0 # ADAPTED MOVES: 60 # PREV.SIG: 0000012321 # NEW.SIG: 0010384991 # TIME: 0.30s
2024-07-31 12:42:22,272 - INFO - ADAPTED STRATEGY # ALPHA: 1.0 # ADAPTED MOVES: 68 # PREV.SIG: 0000012321 # NEW.SIG: 0011927679 # TIME: 0.34s
2024-07-31 12:42:22,780 - INFO - ADAPTED STRATEGY # ALPHA: 1.0 # ADAPTED MOVES: 69 # PREV.SIG: 0000012321 # NEW.SIG: 0011588891 # TIME: 0.35s
2024-07-31 12:42:23,053 - INFO - [32mCOMPLETED LEVEL 1 // TOTAL MOVES: 69 // TIME: 1.52s // SIGNATURE: 0011588891 
[0m
2024-07-31 12:42:23,407 - INFO - ADAPTED STRATEGY # ALPHA: 1.0 # ADAPTED MOVES: 61 # PREV.SIG: 0000012321 # NEW.SIG: 0010524297 # TIME: 0.30s
2024-07-31 12:42:23,821 - INFO - ADAPTED STRATEGY # ALPHA: 1.0 # ADAPTED MOVES: 64 # PREV.SIG: 0000012321 # NEW.SIG: 0010603173 # TIME: 0.32s
2024-07-31 12:42:24,214 - INFO - ADAPTED STRATEGY # ALPHA: 1.0 # ADAPTED MOVES: 67 # PREV.SIG: 0000012321 # NEW.SIG: 0011223110 # TIME: 0.34s
2024-07-31 12:42:24,722 - INFO - ADAPTED STRATEGY # ALPHA: 1.0 # ADAPTED MOVES: 71 # PREV.SIG: 0000012321 # NEW.SIG: 0012629589 # TIME: 0.34s
2024-07-31 12:42:24,889 - INFO - [32mCOMPLETED LEVEL 1 // TOTAL MOVES: 71 // TIME: 1.84s // SIGNATURE: 0012629589 
[0m
2024-07-31 12:42:25,280 - INFO - ADAPTED STRATEGY # ALPHA: 1.0 # ADAPTED MOVES: 70 # PREV.SIG: 0000012321 # NEW.SIG: 0012569626 # TIME: 0.33s
2024-07-31 12:42:25,675 - INFO - ADAPTED STRATEGY # ALPHA: 1.0 # ADAPTED MOVES: 70 # PREV.SIG: 0000012321 # NEW.SIG: 0012223055 # TIME: 0.34s
2024-07-31 12:42:26,167 - INFO - ADAPTED STRATEGY # ALPHA: 1.0 # ADAPTED MOVES: 72 # PREV.SIG: 0000012321 # NEW.SIG: 0011419645 # TIME: 0.33s
2024-07-31 12:42:26,606 - INFO - ADAPTED STRATEGY # ALPHA: 1.0 # ADAPTED MOVES: 80 # PREV.SIG: 0000012321 # NEW.SIG: 0013798558 # TIME: 0.38s
2024-07-31 12:42:26,830 - INFO - [32mCOMPLETED LEVEL 1 // TOTAL MOVES: 80 // TIME: 1.94s // SIGNATURE: 0013798558 
[0m
2024-07-31 12:42:27,210 - INFO - ADAPTED STRATEGY # ALPHA: 1.0 # ADAPTED MOVES: 80 # PREV.SIG: 0000012321 # NEW.SIG: 0013798558 # TIME: 0.38s
2024-07-31 12:42:27,621 - INFO - ADAPTED STRATEGY # ALPHA: 1.0 # ADAPTED MOVES: 74 # PREV.SIG: 0000012321 # NEW.SIG: 0013472709 # TIME: 0.35s
2024-07-31 12:42:28,069 - INFO - [32mCOMPLETED LEVEL 1 // TOTAL MOVES: 74 // TIME: 0.86s // SIGNATURE: 0013472709 
[0m
2024-07-31 12:42:28,454 - INFO - ADAPTED STRATEGY # ALPHA: 1.0 # ADAPTED MOVES: 68 # PREV.SIG: 0000012321 # NEW.SIG: 0011847061 # TIME: 0.33s
2024-07-31 12:42:28,841 - INFO - ADAPTED STRATEGY # ALPHA: 1.0 # ADAPTED MOVES: 69 # PREV.SIG: 0000012321 # NEW.SIG: 0011720269 # TIME: 0.33s
2024-07-31 12:42:29,539 - INFO - ADAPTED STRATEGY # ALPHA: 1.0 # ADAPTED MOVES: 69 # PREV.SIG: 0000012321 # NEW.SIG: 0012484362 # TIME: 0.33s
2024-07-31 12:42:29,958 - INFO - ADAPTED STRATEGY # ALPHA: 1.0 # ADAPTED MOVES: 76 # PREV.SIG: 0000012321 # NEW.SIG: 0012843983 # TIME: 0.36s
2024-07-31 12:42:29,959 - INFO - [32mCOMPLETED LEVEL 1 // TOTAL MOVES: 76 // TIME: 1.89s // SIGNATURE: 0012843983 
[0m
2024-07-31 12:42:30,326 - INFO - ADAPTED STRATEGY # ALPHA: 1.0 # ADAPTED MOVES: 65 # PREV.SIG: 0000012321 # NEW.SIG: 0011391374 # TIME: 0.32s
2024-07-31 12:42:30,755 - INFO - ADAPTED STRATEGY # ALPHA: 1.0 # ADAPTED MOVES: 68 # PREV.SIG: 0000012321 # NEW.SIG: 0011246639 # TIME: 0.32s
2024-07-31 12:42:31,155 - INFO - ADAPTED STRATEGY # ALPHA: 1.0 # ADAPTED MOVES: 73 # PREV.SIG: 0000012321 # NEW.SIG: 0012824539 # TIME: 0.34s
2024-07-31 12:42:31,467 - INFO - [32mCOMPLETED LEVEL 1 // TOTAL MOVES: 73 // TIME: 1.51s // SIGNATURE: 0012824539 
[0m
2024-07-31 12:42:31,832 - INFO - ADAPTED STRATEGY # ALPHA: 1.0 # ADAPTED MOVES: 63 # PREV.SIG: 0000012321 # NEW.SIG: 0011340748 # TIME: 0.31s
2024-07-31 12:42:32,217 - INFO - ADAPTED STRATEGY # ALPHA: 1.0 # ADAPTED MOVES: 69 # PREV.SIG: 0000012321 # NEW.SIG: 0012172382 # TIME: 0.33s
2024-07-31 12:42:32,921 - INFO - ADAPTED STRATEGY # ALPHA: 1.0 # ADAPTED MOVES: 78 # PREV.SIG: 0000012321 # NEW.SIG: 0013529160 # TIME: 0.38s
2024-07-31 12:42:33,028 - INFO - [32mCOMPLETED LEVEL 1 // TOTAL MOVES: 78 // TIME: 1.56s // SIGNATURE: 0013529160 
[0m
2024-07-31 12:42:33,389 - INFO - ADAPTED STRATEGY # ALPHA: 1.0 # ADAPTED MOVES: 64 # PREV.SIG: 0000012321 # NEW.SIG: 0010952372 # TIME: 0.31s
2024-07-31 12:42:33,851 - INFO - ADAPTED STRATEGY # ALPHA: 1.0 # ADAPTED MOVES: 84 # PREV.SIG: 0000012321 # NEW.SIG: 0014718757 # TIME: 0.40s
2024-07-31 12:42:34,291 - INFO - [32mCOMPLETED LEVEL 1 // TOTAL MOVES: 84 // TIME: 1.26s // SIGNATURE: 0014718757 
[0m
2024-07-31 12:42:34,692 - INFO - ADAPTED STRATEGY # ALPHA: 1.0 # ADAPTED MOVES: 84 # PREV.SIG: 0000012321 # NEW.SIG: 0014718757 # TIME: 0.40s
2024-07-31 12:42:34,692 - INFO - [32mCOMPLETED LEVEL 2 // TOTAL MOVES: 84 // TIME: 17.12s // SIGNATURE: 0014718757 
[0m
2024-07-31 12:42:35,091 - INFO - Move 1 completed ## Total moves: 84 ## Time elapsed: 17.52s
2024-07-31 12:42:35,091 - INFO - Displaying game
2024-07-31 12:42:35,094 - INFO - Game displayed
2024-07-31 12:42:35,095 - INFO - Displaying game
2024-07-31 12:42:35,097 - INFO - Game displayed
2024-07-31 12:42:35,099 - INFO - Results saved to ./logs/nrpa_10_2_1.csv
2024-07-31 12:42:35,103 - INFO - 
+------+-------+-------+-----------+--------------------+------------------------+--------------------+
| Seed | Level | Moves | Signature |      Time (s)      | Time per iteration (s) | Time per move (s)  |
+------+-------+-------+-----------+--------------------+------------------------+--------------------+
|  1   |   2   |   84  |  14718757 | 17.527740001678467 |   1.7527740001678467   | 0.2086635714485532 |
+------+-------+-------+-----------+--------------------+------------------------+--------------------+
