2024-07-31 19:13:06,141 - INFO - Seed: 1
2024-07-31 19:13:06,141 - INFO - Initializing game
2024-07-31 19:13:06,142 - INFO - Game initialized
2024-07-31 19:13:06,147 - INFO - [93mStarting NRPA with level=2, iterations=100, alpha=0.0[0m
2024-07-31 19:13:06,527 - INFO - ADAPTED STRATEGY # ALPHA: 0.0 # ADAPTED MOVES: 64 # PREV.SIG: 0000012321 # NEW.SIG: 0011962964 # TIME: 0.32s
2024-07-31 19:13:06,904 - INFO - ADAPTED STRATEGY # ALPHA: 0.0 # ADAPTED MOVES: 65 # PREV.SIG: 0000012321 # NEW.SIG: 0010915739 # TIME: 0.32s
2024-07-31 19:13:07,280 - INFO - ADAPTED STRATEGY # ALPHA: 0.0 # ADAPTED MOVES: 65 # PREV.SIG: 0000012321 # NEW.SIG: 0011230698 # TIME: 0.32s
2024-07-31 19:13:07,671 - INFO - ADAPTED STRATEGY # ALPHA: 0.0 # ADAPTED MOVES: 67 # PREV.SIG: 0000012321 # NEW.SIG: 0011081711 # TIME: 0.33s
2024-07-31 19:13:08,222 - INFO - ADAPTED STRATEGY # ALPHA: 0.0 # ADAPTED MOVES: 68 # PREV.SIG: 0000012321 # NEW.SIG: 0011513765 # TIME: 0.33s
2024-07-31 19:13:08,672 - INFO - ADAPTED STRATEGY # ALPHA: 0.0 # ADAPTED MOVES: 69 # PREV.SIG: 0000012321 # NEW.SIG: 0012182453 # TIME: 0.34s
2024-07-31 19:13:09,077 - INFO - ADAPTED STRATEGY # ALPHA: 0.0 # ADAPTED MOVES: 70 # PREV.SIG: 0000012321 # NEW.SIG: 0011908555 # TIME: 0.35s
2024-07-31 19:13:09,492 - INFO - ADAPTED STRATEGY # ALPHA: 0.0 # ADAPTED MOVES: 72 # PREV.SIG: 0000012321 # NEW.SIG: 0012250114 # TIME: 0.36s
2024-07-31 19:13:10,570 - INFO - ADAPTED STRATEGY # ALPHA: 0.0 # ADAPTED MOVES: 78 # PREV.SIG: 0000012321 # NEW.SIG: 0013455268 # TIME: 0.40s
2024-07-31 19:13:14,215 - INFO - [32mNRPA: COMPLETED LEVEL 1 // TOTAL MOVES: 78 // TIME: 8.07s // SIGNATURE: 0013455268 
[0m
2024-07-31 19:13:14,602 - INFO - ADAPTED STRATEGY # ALPHA: 0.0 # ADAPTED MOVES: 78 # PREV.SIG: 0000012321 # NEW.SIG: 0013455268 # TIME: 0.39s
2024-07-31 19:13:14,958 - INFO - ADAPTED STRATEGY # ALPHA: 0.0 # ADAPTED MOVES: 61 # PREV.SIG: 0000012321 # NEW.SIG: 0010513864 # TIME: 0.31s
2024-07-31 19:13:15,402 - INFO - ADAPTED STRATEGY # ALPHA: 0.0 # ADAPTED MOVES: 64 # PREV.SIG: 0000012321 # NEW.SIG: 0010901820 # TIME: 0.31s
2024-07-31 19:13:15,781 - INFO - ADAPTED STRATEGY # ALPHA: 0.0 # ADAPTED MOVES: 66 # PREV.SIG: 0000012321 # NEW.SIG: 0012030567 # TIME: 0.33s
2024-07-31 19:13:16,168 - INFO - ADAPTED STRATEGY # ALPHA: 0.0 # ADAPTED MOVES: 69 # PREV.SIG: 0000012321 # NEW.SIG: 0012247300 # TIME: 0.33s
2024-07-31 19:13:16,610 - INFO - ADAPTED STRATEGY # ALPHA: 0.0 # ADAPTED MOVES: 71 # PREV.SIG: 0000012321 # NEW.SIG: 0011890929 # TIME: 0.34s
2024-07-31 19:13:17,128 - INFO - ADAPTED STRATEGY # ALPHA: 0.0 # ADAPTED MOVES: 72 # PREV.SIG: 0000012321 # NEW.SIG: 0012442581 # TIME: 0.34s
2024-07-31 19:13:19,191 - INFO - ADAPTED STRATEGY # ALPHA: 0.0 # ADAPTED MOVES: 75 # PREV.SIG: 0000012321 # NEW.SIG: 0013676196 # TIME: 0.35s
2024-07-31 19:13:21,799 - INFO - [32mNRPA: COMPLETED LEVEL 1 // TOTAL MOVES: 75 // TIME: 7.20s // SIGNATURE: 0013676196 
[0m
2024-07-31 19:13:22,180 - INFO - ADAPTED STRATEGY # ALPHA: 0.0 # ADAPTED MOVES: 68 # PREV.SIG: 0000012321 # NEW.SIG: 0011112820 # TIME: 0.33s
2024-07-31 19:13:22,719 - INFO - ADAPTED STRATEGY # ALPHA: 0.0 # ADAPTED MOVES: 68 # PREV.SIG: 0000012321 # NEW.SIG: 0011672495 # TIME: 0.33s
2024-07-31 19:13:23,097 - INFO - ADAPTED STRATEGY # ALPHA: 0.0 # ADAPTED MOVES: 68 # PREV.SIG: 0000012321 # NEW.SIG: 0012445117 # TIME: 0.32s
2024-07-31 19:13:23,733 - INFO - ADAPTED STRATEGY # ALPHA: 0.0 # ADAPTED MOVES: 69 # PREV.SIG: 0000012321 # NEW.SIG: 0011881118 # TIME: 0.33s
2024-07-31 19:13:24,455 - INFO - ADAPTED STRATEGY # ALPHA: 0.0 # ADAPTED MOVES: 71 # PREV.SIG: 0000012321 # NEW.SIG: 0012061504 # TIME: 0.34s
2024-07-31 19:13:25,571 - INFO - ADAPTED STRATEGY # ALPHA: 0.0 # ADAPTED MOVES: 72 # PREV.SIG: 0000012321 # NEW.SIG: 0012595335 # TIME: 0.34s
2024-07-31 19:13:26,633 - INFO - ADAPTED STRATEGY # ALPHA: 0.0 # ADAPTED MOVES: 72 # PREV.SIG: 0000012321 # NEW.SIG: 0011511047 # TIME: 0.34s
2024-07-31 19:13:27,809 - INFO - ADAPTED STRATEGY # ALPHA: 0.0 # ADAPTED MOVES: 72 # PREV.SIG: 0000012321 # NEW.SIG: 0012241880 # TIME: 0.35s
2024-07-31 19:13:29,558 - INFO - ADAPTED STRATEGY # ALPHA: 0.0 # ADAPTED MOVES: 74 # PREV.SIG: 0000012321 # NEW.SIG: 0014027704 # TIME: 0.36s
2024-07-31 19:13:29,669 - INFO - [32mNRPA: COMPLETED LEVEL 1 // TOTAL MOVES: 74 // TIME: 7.87s // SIGNATURE: 0014027704 
[0m
2024-07-31 19:13:30,020 - INFO - ADAPTED STRATEGY # ALPHA: 0.0 # ADAPTED MOVES: 63 # PREV.SIG: 0000012321 # NEW.SIG: 0010861285 # TIME: 0.30s
2024-07-31 19:13:30,399 - INFO - ADAPTED STRATEGY # ALPHA: 0.0 # ADAPTED MOVES: 67 # PREV.SIG: 0000012321 # NEW.SIG: 0011864498 # TIME: 0.32s
2024-07-31 19:13:30,840 - INFO - ADAPTED STRATEGY # ALPHA: 0.0 # ADAPTED MOVES: 70 # PREV.SIG: 0000012321 # NEW.SIG: 0012412890 # TIME: 0.33s
2024-07-31 19:13:31,408 - INFO - ADAPTED STRATEGY # ALPHA: 0.0 # ADAPTED MOVES: 79 # PREV.SIG: 0000012321 # NEW.SIG: 0014414315 # TIME: 0.38s
2024-07-31 19:13:35,753 - INFO - [32mNRPA: COMPLETED LEVEL 1 // TOTAL MOVES: 79 // TIME: 6.08s // SIGNATURE: 0014414315 
[0m
2024-07-31 19:13:36,127 - INFO - ADAPTED STRATEGY # ALPHA: 0.0 # ADAPTED MOVES: 79 # PREV.SIG: 0000012321 # NEW.SIG: 0014414315 # TIME: 0.37s
2024-07-31 19:13:36,471 - INFO - ADAPTED STRATEGY # ALPHA: 0.0 # ADAPTED MOVES: 61 # PREV.SIG: 0000012321 # NEW.SIG: 0010798557 # TIME: 0.29s
2024-07-31 19:13:36,878 - INFO - ADAPTED STRATEGY # ALPHA: 0.0 # ADAPTED MOVES: 73 # PREV.SIG: 0000012321 # NEW.SIG: 0013134236 # TIME: 0.35s
2024-07-31 19:13:37,302 - INFO - ADAPTED STRATEGY # ALPHA: 0.0 # ADAPTED MOVES: 78 # PREV.SIG: 0000012321 # NEW.SIG: 0012921967 # TIME: 0.37s
2024-07-31 19:13:42,117 - INFO - [32mNRPA: COMPLETED LEVEL 1 // TOTAL MOVES: 78 // TIME: 5.99s // SIGNATURE: 0012921967 
[0m
2024-07-31 19:13:42,460 - INFO - ADAPTED STRATEGY # ALPHA: 0.0 # ADAPTED MOVES: 61 # PREV.SIG: 0000012321 # NEW.SIG: 0010431952 # TIME: 0.29s
2024-07-31 19:13:42,851 - INFO - ADAPTED STRATEGY # ALPHA: 0.0 # ADAPTED MOVES: 70 # PREV.SIG: 0000012321 # NEW.SIG: 0011919536 # TIME: 0.34s
2024-07-31 19:13:43,453 - INFO - ADAPTED STRATEGY # ALPHA: 0.0 # ADAPTED MOVES: 70 # PREV.SIG: 0000012321 # NEW.SIG: 0012441553 # TIME: 0.33s
2024-07-31 19:13:44,362 - INFO - ADAPTED STRATEGY # ALPHA: 0.0 # ADAPTED MOVES: 70 # PREV.SIG: 0000012321 # NEW.SIG: 0011523599 # TIME: 0.34s
2024-07-31 19:13:44,793 - INFO - ADAPTED STRATEGY # ALPHA: 0.0 # ADAPTED MOVES: 79 # PREV.SIG: 0000012321 # NEW.SIG: 0012784288 # TIME: 0.37s
2024-07-31 19:13:48,765 - INFO - [32mNRPA: COMPLETED LEVEL 1 // TOTAL MOVES: 79 // TIME: 6.65s // SIGNATURE: 0012784288 
[0m
2024-07-31 19:13:49,136 - INFO - ADAPTED STRATEGY # ALPHA: 0.0 # ADAPTED MOVES: 79 # PREV.SIG: 0000012321 # NEW.SIG: 0012784288 # TIME: 0.37s
2024-07-31 19:13:49,343 - INFO - ADAPTED STRATEGY # ALPHA: 0.0 # ADAPTED MOVES: 34 # PREV.SIG: 0000012321 # NEW.SIG: 0005956712 # TIME: 0.17s
2024-07-31 19:13:49,699 - INFO - ADAPTED STRATEGY # ALPHA: 0.0 # ADAPTED MOVES: 63 # PREV.SIG: 0000012321 # NEW.SIG: 0011164503 # TIME: 0.30s
2024-07-31 19:13:50,188 - INFO - ADAPTED STRATEGY # ALPHA: 0.0 # ADAPTED MOVES: 74 # PREV.SIG: 0000012321 # NEW.SIG: 0012979523 # TIME: 0.35s
2024-07-31 19:13:50,800 - INFO - ADAPTED STRATEGY # ALPHA: 0.0 # ADAPTED MOVES: 75 # PREV.SIG: 0000012321 # NEW.SIG: 0012967376 # TIME: 0.36s
2024-07-31 19:13:51,482 - INFO - ADAPTED STRATEGY # ALPHA: 0.0 # ADAPTED MOVES: 75 # PREV.SIG: 0000012321 # NEW.SIG: 0011805660 # TIME: 0.36s
2024-07-31 19:13:55,223 - INFO - ADAPTED STRATEGY # ALPHA: 0.0 # ADAPTED MOVES: 76 # PREV.SIG: 0000012321 # NEW.SIG: 0013148850 # TIME: 0.36s
2024-07-31 19:13:55,969 - INFO - [32mNRPA: COMPLETED LEVEL 1 // TOTAL MOVES: 76 // TIME: 6.83s // SIGNATURE: 0013148850 
[0m
2024-07-31 19:13:56,273 - INFO - ADAPTED STRATEGY # ALPHA: 0.0 # ADAPTED MOVES: 53 # PREV.SIG: 0000012321 # NEW.SIG: 0010453348 # TIME: 0.26s
2024-07-31 19:13:56,641 - INFO - ADAPTED STRATEGY # ALPHA: 0.0 # ADAPTED MOVES: 66 # PREV.SIG: 0000012321 # NEW.SIG: 0011564454 # TIME: 0.31s
2024-07-31 19:13:57,215 - INFO - ADAPTED STRATEGY # ALPHA: 0.0 # ADAPTED MOVES: 71 # PREV.SIG: 0000012321 # NEW.SIG: 0012373165 # TIME: 0.34s
2024-07-31 19:13:57,901 - INFO - ADAPTED STRATEGY # ALPHA: 0.0 # ADAPTED MOVES: 77 # PREV.SIG: 0000012321 # NEW.SIG: 0013083623 # TIME: 0.37s
2024-07-31 19:14:01,668 - INFO - ADAPTED STRATEGY # ALPHA: 0.0 # ADAPTED MOVES: 79 # PREV.SIG: 0000012321 # NEW.SIG: 0014082750 # TIME: 0.37s
2024-07-31 19:14:02,546 - INFO - [32mNRPA: COMPLETED LEVEL 1 // TOTAL MOVES: 79 // TIME: 6.58s // SIGNATURE: 0014082750 
[0m
2024-07-31 19:14:02,919 - INFO - ADAPTED STRATEGY # ALPHA: 0.0 # ADAPTED MOVES: 79 # PREV.SIG: 0000012321 # NEW.SIG: 0014082750 # TIME: 0.37s
2024-07-31 19:14:03,320 - INFO - ADAPTED STRATEGY # ALPHA: 0.0 # ADAPTED MOVES: 72 # PREV.SIG: 0000012321 # NEW.SIG: 0012720925 # TIME: 0.35s
2024-07-31 19:14:03,953 - INFO - ADAPTED STRATEGY # ALPHA: 0.0 # ADAPTED MOVES: 72 # PREV.SIG: 0000012321 # NEW.SIG: 0012569431 # TIME: 0.34s
2024-07-31 19:14:05,490 - INFO - ADAPTED STRATEGY # ALPHA: 0.0 # ADAPTED MOVES: 76 # PREV.SIG: 0000012321 # NEW.SIG: 0012699476 # TIME: 0.36s
2024-07-31 19:14:08,878 - INFO - [32mNRPA: COMPLETED LEVEL 1 // TOTAL MOVES: 76 // TIME: 5.96s // SIGNATURE: 0012699476 
[0m
2024-07-31 19:14:09,258 - INFO - ADAPTED STRATEGY # ALPHA: 0.0 # ADAPTED MOVES: 69 # PREV.SIG: 0000012321 # NEW.SIG: 0012044373 # TIME: 0.33s
2024-07-31 19:14:09,700 - INFO - ADAPTED STRATEGY # ALPHA: 0.0 # ADAPTED MOVES: 70 # PREV.SIG: 0000012321 # NEW.SIG: 0011887798 # TIME: 0.33s
2024-07-31 19:14:11,063 - INFO - ADAPTED STRATEGY # ALPHA: 0.0 # ADAPTED MOVES: 72 # PREV.SIG: 0000012321 # NEW.SIG: 0012733359 # TIME: 0.34s
2024-07-31 19:14:12,322 - INFO - ADAPTED STRATEGY # ALPHA: 0.0 # ADAPTED MOVES: 75 # PREV.SIG: 0000012321 # NEW.SIG: 0013674098 # TIME: 0.36s
2024-07-31 19:14:14,572 - INFO - ADAPTED STRATEGY # ALPHA: 0.0 # ADAPTED MOVES: 75 # PREV.SIG: 0000012321 # NEW.SIG: 0013154060 # TIME: 0.36s
2024-07-31 19:14:15,353 - INFO - [32mNRPA: COMPLETED LEVEL 1 // TOTAL MOVES: 75 // TIME: 6.47s // SIGNATURE: 0013154060 
[0m
2024-07-31 19:14:15,730 - INFO - ADAPTED STRATEGY # ALPHA: 0.0 # ADAPTED MOVES: 67 # PREV.SIG: 0000012321 # NEW.SIG: 0010557985 # TIME: 0.32s
2024-07-31 19:14:16,407 - INFO - ADAPTED STRATEGY # ALPHA: 0.0 # ADAPTED MOVES: 74 # PREV.SIG: 0000012321 # NEW.SIG: 0013914616 # TIME: 0.35s
2024-07-31 19:14:18,477 - INFO - ADAPTED STRATEGY # ALPHA: 0.0 # ADAPTED MOVES: 81 # PREV.SIG: 0000012321 # NEW.SIG: 0014744960 # TIME: 0.39s
2024-07-31 19:14:21,257 - INFO - [32mNRPA: COMPLETED LEVEL 1 // TOTAL MOVES: 81 // TIME: 5.90s // SIGNATURE: 0014744960 
[0m
2024-07-31 19:14:21,646 - INFO - ADAPTED STRATEGY # ALPHA: 0.0 # ADAPTED MOVES: 81 # PREV.SIG: 0000012321 # NEW.SIG: 0014744960 # TIME: 0.39s
2024-07-31 19:14:21,983 - INFO - ADAPTED STRATEGY # ALPHA: 0.0 # ADAPTED MOVES: 60 # PREV.SIG: 0000012321 # NEW.SIG: 0011294309 # TIME: 0.29s
2024-07-31 19:14:22,394 - INFO - ADAPTED STRATEGY # ALPHA: 0.0 # ADAPTED MOVES: 69 # PREV.SIG: 0000012321 # NEW.SIG: 0011880854 # TIME: 0.33s
2024-07-31 19:14:23,183 - INFO - ADAPTED STRATEGY # ALPHA: 0.0 # ADAPTED MOVES: 69 # PREV.SIG: 0000012321 # NEW.SIG: 0011432032 # TIME: 0.33s
2024-07-31 19:14:23,844 - INFO - ADAPTED STRATEGY # ALPHA: 0.0 # ADAPTED MOVES: 70 # PREV.SIG: 0000012321 # NEW.SIG: 0012343342 # TIME: 0.33s
2024-07-31 19:14:24,328 - INFO - ADAPTED STRATEGY # ALPHA: 0.0 # ADAPTED MOVES: 77 # PREV.SIG: 0000012321 # NEW.SIG: 0013225604 # TIME: 0.37s
2024-07-31 19:14:28,186 - INFO - [32mNRPA: COMPLETED LEVEL 1 // TOTAL MOVES: 77 // TIME: 6.54s // SIGNATURE: 0013225604 
[0m
2024-07-31 19:14:28,535 - INFO - ADAPTED STRATEGY # ALPHA: 0.0 # ADAPTED MOVES: 62 # PREV.SIG: 0000012321 # NEW.SIG: 0010597650 # TIME: 0.30s
2024-07-31 19:14:29,013 - INFO - ADAPTED STRATEGY # ALPHA: 0.0 # ADAPTED MOVES: 83 # PREV.SIG: 0000012321 # NEW.SIG: 0013416587 # TIME: 0.39s
2024-07-31 19:14:33,757 - INFO - [32mNRPA: COMPLETED LEVEL 1 // TOTAL MOVES: 83 // TIME: 5.57s // SIGNATURE: 0013416587 
[0m
2024-07-31 19:14:34,148 - INFO - ADAPTED STRATEGY # ALPHA: 0.0 # ADAPTED MOVES: 83 # PREV.SIG: 0000012321 # NEW.SIG: 0013416587 # TIME: 0.39s
2024-07-31 19:14:34,521 - INFO - ADAPTED STRATEGY # ALPHA: 0.0 # ADAPTED MOVES: 66 # PREV.SIG: 0000012321 # NEW.SIG: 0012115753 # TIME: 0.32s
2024-07-31 19:14:35,079 - INFO - ADAPTED STRATEGY # ALPHA: 0.0 # ADAPTED MOVES: 67 # PREV.SIG: 0000012321 # NEW.SIG: 0012310093 # TIME: 0.32s
2024-07-31 19:14:35,936 - INFO - ADAPTED STRATEGY # ALPHA: 0.0 # ADAPTED MOVES: 67 # PREV.SIG: 0000012321 # NEW.SIG: 0011835078 # TIME: 0.32s
2024-07-31 19:14:36,352 - INFO - ADAPTED STRATEGY # ALPHA: 0.0 # ADAPTED MOVES: 74 # PREV.SIG: 0000012321 # NEW.SIG: 0011744595 # TIME: 0.36s
2024-07-31 19:14:37,552 - INFO - ADAPTED STRATEGY # ALPHA: 0.0 # ADAPTED MOVES: 74 # PREV.SIG: 0000012321 # NEW.SIG: 0012357403 # TIME: 0.35s
2024-07-31 19:14:37,998 - INFO - ADAPTED STRATEGY # ALPHA: 0.0 # ADAPTED MOVES: 75 # PREV.SIG: 0000012321 # NEW.SIG: 0011953191 # TIME: 0.36s
2024-07-31 19:14:39,957 - INFO - ADAPTED STRATEGY # ALPHA: 0.0 # ADAPTED MOVES: 77 # PREV.SIG: 0000012321 # NEW.SIG: 0013348013 # TIME: 0.37s
2024-07-31 19:14:41,195 - INFO - [32mNRPA: COMPLETED LEVEL 1 // TOTAL MOVES: 77 // TIME: 7.05s // SIGNATURE: 0013348013 
[0m
2024-07-31 19:14:41,565 - INFO - ADAPTED STRATEGY # ALPHA: 0.0 # ADAPTED MOVES: 66 # PREV.SIG: 0000012321 # NEW.SIG: 0011154844 # TIME: 0.32s
2024-07-31 19:14:41,997 - INFO - ADAPTED STRATEGY # ALPHA: 0.0 # ADAPTED MOVES: 68 # PREV.SIG: 0000012321 # NEW.SIG: 0011785785 # TIME: 0.32s
2024-07-31 19:14:42,532 - INFO - ADAPTED STRATEGY # ALPHA: 0.0 # ADAPTED MOVES: 69 # PREV.SIG: 0000012321 # NEW.SIG: 0012173159 # TIME: 0.32s
2024-07-31 19:14:43,208 - INFO - ADAPTED STRATEGY # ALPHA: 0.0 # ADAPTED MOVES: 84 # PREV.SIG: 0000012321 # NEW.SIG: 0013226703 # TIME: 0.40s
2024-07-31 19:14:47,487 - INFO - [32mNRPA: COMPLETED LEVEL 1 // TOTAL MOVES: 84 // TIME: 6.29s // SIGNATURE: 0013226703 
[0m
2024-07-31 19:14:47,888 - INFO - ADAPTED STRATEGY # ALPHA: 0.0 # ADAPTED MOVES: 84 # PREV.SIG: 0000012321 # NEW.SIG: 0013226703 # TIME: 0.40s
2024-07-31 19:14:48,261 - INFO - ADAPTED STRATEGY # ALPHA: 0.0 # ADAPTED MOVES: 66 # PREV.SIG: 0000012321 # NEW.SIG: 0011935573 # TIME: 0.32s
2024-07-31 19:14:48,633 - INFO - ADAPTED STRATEGY # ALPHA: 0.0 # ADAPTED MOVES: 66 # PREV.SIG: 0000012321 # NEW.SIG: 0011619324 # TIME: 0.32s
2024-07-31 19:14:49,024 - INFO - ADAPTED STRATEGY # ALPHA: 0.0 # ADAPTED MOVES: 69 # PREV.SIG: 0000012321 # NEW.SIG: 0012490182 # TIME: 0.33s
2024-07-31 19:14:49,878 - INFO - ADAPTED STRATEGY # ALPHA: 0.0 # ADAPTED MOVES: 73 # PREV.SIG: 0000012321 # NEW.SIG: 0012310506 # TIME: 0.35s
2024-07-31 19:14:50,960 - INFO - ADAPTED STRATEGY # ALPHA: 0.0 # ADAPTED MOVES: 73 # PREV.SIG: 0000012321 # NEW.SIG: 0012309566 # TIME: 0.35s
2024-07-31 19:14:51,714 - INFO - ADAPTED STRATEGY # ALPHA: 0.0 # ADAPTED MOVES: 79 # PREV.SIG: 0000012321 # NEW.SIG: 0013770663 # TIME: 0.37s
2024-07-31 19:14:54,289 - INFO - ADAPTED STRATEGY # ALPHA: 0.0 # ADAPTED MOVES: 80 # PREV.SIG: 0000012321 # NEW.SIG: 0014717732 # TIME: 0.38s
2024-07-31 19:14:55,232 - INFO - [32mNRPA: COMPLETED LEVEL 1 // TOTAL MOVES: 80 // TIME: 7.34s // SIGNATURE: 0014717732 
[0m
2024-07-31 19:14:55,395 - INFO - ADAPTED STRATEGY # ALPHA: 0.0 # ADAPTED MOVES: 26 # PREV.SIG: 0000012321 # NEW.SIG: 0003963054 # TIME: 0.14s
2024-07-31 19:14:55,567 - INFO - ADAPTED STRATEGY # ALPHA: 0.0 # ADAPTED MOVES: 28 # PREV.SIG: 0000012321 # NEW.SIG: 0004557130 # TIME: 0.14s
2024-07-31 19:14:55,900 - INFO - ADAPTED STRATEGY # ALPHA: 0.0 # ADAPTED MOVES: 59 # PREV.SIG: 0000012321 # NEW.SIG: 0010447981 # TIME: 0.28s
2024-07-31 19:14:56,364 - INFO - ADAPTED STRATEGY # ALPHA: 0.0 # ADAPTED MOVES: 74 # PREV.SIG: 0000012321 # NEW.SIG: 0013010768 # TIME: 0.35s
2024-07-31 19:14:56,792 - INFO - ADAPTED STRATEGY # ALPHA: 0.0 # ADAPTED MOVES: 76 # PREV.SIG: 0000012321 # NEW.SIG: 0012893348 # TIME: 0.37s
2024-07-31 19:15:01,437 - INFO - [32mNRPA: COMPLETED LEVEL 1 // TOTAL MOVES: 76 // TIME: 6.20s // SIGNATURE: 0012893348 
[0m
2024-07-31 19:15:01,609 - INFO - ADAPTED STRATEGY # ALPHA: 0.0 # ADAPTED MOVES: 28 # PREV.SIG: 0000012321 # NEW.SIG: 0004437250 # TIME: 0.14s
2024-07-31 19:15:01,981 - INFO - ADAPTED STRATEGY # ALPHA: 0.0 # ADAPTED MOVES: 66 # PREV.SIG: 0000012321 # NEW.SIG: 0011399023 # TIME: 0.32s
2024-07-31 19:15:02,385 - INFO - ADAPTED STRATEGY # ALPHA: 0.0 # ADAPTED MOVES: 73 # PREV.SIG: 0000012321 # NEW.SIG: 0013231983 # TIME: 0.35s
2024-07-31 19:15:03,452 - INFO - ADAPTED STRATEGY # ALPHA: 0.0 # ADAPTED MOVES: 74 # PREV.SIG: 0000012321 # NEW.SIG: 0013107945 # TIME: 0.36s
2024-07-31 19:15:07,325 - INFO - [32mNRPA: COMPLETED LEVEL 1 // TOTAL MOVES: 74 // TIME: 5.89s // SIGNATURE: 0013107945 
[0m
2024-07-31 19:15:07,707 - INFO - ADAPTED STRATEGY # ALPHA: 0.0 # ADAPTED MOVES: 67 # PREV.SIG: 0000012321 # NEW.SIG: 0011820570 # TIME: 0.32s
2024-07-31 19:15:08,172 - INFO - ADAPTED STRATEGY # ALPHA: 0.0 # ADAPTED MOVES: 70 # PREV.SIG: 0000012321 # NEW.SIG: 0012347899 # TIME: 0.33s
2024-07-31 19:15:09,478 - INFO - ADAPTED STRATEGY # ALPHA: 0.0 # ADAPTED MOVES: 75 # PREV.SIG: 0000012321 # NEW.SIG: 0012751106 # TIME: 0.36s
2024-07-31 19:15:10,359 - INFO - ADAPTED STRATEGY # ALPHA: 0.0 # ADAPTED MOVES: 76 # PREV.SIG: 0000012321 # NEW.SIG: 0012508197 # TIME: 0.36s
2024-07-31 19:15:12,724 - INFO - ADAPTED STRATEGY # ALPHA: 0.0 # ADAPTED MOVES: 76 # PREV.SIG: 0000012321 # NEW.SIG: 0013278466 # TIME: 0.37s
2024-07-31 19:15:14,150 - INFO - ADAPTED STRATEGY # ALPHA: 0.0 # ADAPTED MOVES: 84 # PREV.SIG: 0000012321 # NEW.SIG: 0014050092 # TIME: 0.40s
2024-07-31 19:15:14,150 - INFO - [32mNRPA: COMPLETED LEVEL 1 // TOTAL MOVES: 84 // TIME: 6.82s // SIGNATURE: 0014050092 
[0m
2024-07-31 19:15:14,549 - INFO - ADAPTED STRATEGY # ALPHA: 0.0 # ADAPTED MOVES: 84 # PREV.SIG: 0000012321 # NEW.SIG: 0014050092 # TIME: 0.40s
2024-07-31 19:15:14,723 - INFO - ADAPTED STRATEGY # ALPHA: 0.0 # ADAPTED MOVES: 28 # PREV.SIG: 0000012321 # NEW.SIG: 0004655948 # TIME: 0.15s
2024-07-31 19:15:15,086 - INFO - ADAPTED STRATEGY # ALPHA: 0.0 # ADAPTED MOVES: 65 # PREV.SIG: 0000012321 # NEW.SIG: 0011247231 # TIME: 0.31s
2024-07-31 19:15:15,463 - INFO - ADAPTED STRATEGY # ALPHA: 0.0 # ADAPTED MOVES: 67 # PREV.SIG: 0000012321 # NEW.SIG: 0011945374 # TIME: 0.32s
2024-07-31 19:15:15,955 - INFO - ADAPTED STRATEGY # ALPHA: 0.0 # ADAPTED MOVES: 68 # PREV.SIG: 0000012321 # NEW.SIG: 0012150047 # TIME: 0.32s
2024-07-31 19:15:16,512 - INFO - ADAPTED STRATEGY # ALPHA: 0.0 # ADAPTED MOVES: 69 # PREV.SIG: 0000012321 # NEW.SIG: 0012399874 # TIME: 0.33s
2024-07-31 19:15:16,924 - INFO - ADAPTED STRATEGY # ALPHA: 0.0 # ADAPTED MOVES: 69 # PREV.SIG: 0000012321 # NEW.SIG: 0012118888 # TIME: 0.33s
2024-07-31 19:15:17,740 - INFO - ADAPTED STRATEGY # ALPHA: 0.0 # ADAPTED MOVES: 75 # PREV.SIG: 0000012321 # NEW.SIG: 0013670489 # TIME: 0.36s
2024-07-31 19:15:19,331 - INFO - ADAPTED STRATEGY # ALPHA: 0.0 # ADAPTED MOVES: 75 # PREV.SIG: 0000012321 # NEW.SIG: 0012936234 # TIME: 0.36s
2024-07-31 19:15:21,752 - INFO - [32mNRPA: COMPLETED LEVEL 1 // TOTAL MOVES: 75 // TIME: 7.20s // SIGNATURE: 0012936234 
[0m
2024-07-31 19:15:22,100 - INFO - ADAPTED STRATEGY # ALPHA: 0.0 # ADAPTED MOVES: 62 # PREV.SIG: 0000012321 # NEW.SIG: 0010666344 # TIME: 0.29s
2024-07-31 19:15:22,525 - INFO - ADAPTED STRATEGY # ALPHA: 0.0 # ADAPTED MOVES: 67 # PREV.SIG: 0000012321 # NEW.SIG: 0011379008 # TIME: 0.32s
2024-07-31 19:15:22,913 - INFO - ADAPTED STRATEGY # ALPHA: 0.0 # ADAPTED MOVES: 69 # PREV.SIG: 0000012321 # NEW.SIG: 0011979955 # TIME: 0.33s
2024-07-31 19:15:23,383 - INFO - ADAPTED STRATEGY # ALPHA: 0.0 # ADAPTED MOVES: 71 # PREV.SIG: 0000012321 # NEW.SIG: 0012240812 # TIME: 0.34s
2024-07-31 19:15:25,067 - INFO - ADAPTED STRATEGY # ALPHA: 0.0 # ADAPTED MOVES: 71 # PREV.SIG: 0000012321 # NEW.SIG: 0012659808 # TIME: 0.34s
2024-07-31 19:15:26,509 - INFO - ADAPTED STRATEGY # ALPHA: 0.0 # ADAPTED MOVES: 72 # PREV.SIG: 0000012321 # NEW.SIG: 0011197578 # TIME: 0.35s
2024-07-31 19:15:28,365 - INFO - ADAPTED STRATEGY # ALPHA: 0.0 # ADAPTED MOVES: 77 # PREV.SIG: 0000012321 # NEW.SIG: 0012394260 # TIME: 0.36s
2024-07-31 19:15:28,915 - INFO - [32mNRPA: COMPLETED LEVEL 1 // TOTAL MOVES: 77 // TIME: 7.16s // SIGNATURE: 0012394260 
[0m
2024-07-31 19:15:29,274 - INFO - ADAPTED STRATEGY # ALPHA: 0.0 # ADAPTED MOVES: 64 # PREV.SIG: 0000012321 # NEW.SIG: 0010473880 # TIME: 0.31s
2024-07-31 19:15:29,630 - INFO - ADAPTED STRATEGY # ALPHA: 0.0 # ADAPTED MOVES: 65 # PREV.SIG: 0000012321 # NEW.SIG: 0010793225 # TIME: 0.31s
2024-07-31 19:15:30,017 - INFO - ADAPTED STRATEGY # ALPHA: 0.0 # ADAPTED MOVES: 71 # PREV.SIG: 0000012321 # NEW.SIG: 0012771679 # TIME: 0.33s
2024-07-31 19:15:31,201 - INFO - ADAPTED STRATEGY # ALPHA: 0.0 # ADAPTED MOVES: 74 # PREV.SIG: 0000012321 # NEW.SIG: 0012068308 # TIME: 0.35s
2024-07-31 19:15:31,669 - INFO - ADAPTED STRATEGY # ALPHA: 0.0 # ADAPTED MOVES: 76 # PREV.SIG: 0000012321 # NEW.SIG: 0013413485 # TIME: 0.36s
2024-07-31 19:15:32,735 - INFO - ADAPTED STRATEGY # ALPHA: 0.0 # ADAPTED MOVES: 78 # PREV.SIG: 0000012321 # NEW.SIG: 0014275237 # TIME: 0.37s
2024-07-31 19:15:33,533 - INFO - ADAPTED STRATEGY # ALPHA: 0.0 # ADAPTED MOVES: 83 # PREV.SIG: 0000012321 # NEW.SIG: 0013064418 # TIME: 0.39s
2024-07-31 19:15:36,080 - INFO - [32mNRPA: COMPLETED LEVEL 1 // TOTAL MOVES: 83 // TIME: 7.16s // SIGNATURE: 0013064418 
[0m
2024-07-31 19:15:36,480 - INFO - ADAPTED STRATEGY # ALPHA: 0.0 # ADAPTED MOVES: 72 # PREV.SIG: 0000012321 # NEW.SIG: 0012321713 # TIME: 0.34s
2024-07-31 19:15:37,101 - INFO - ADAPTED STRATEGY # ALPHA: 0.0 # ADAPTED MOVES: 72 # PREV.SIG: 0000012321 # NEW.SIG: 0012894650 # TIME: 0.34s
2024-07-31 19:15:37,932 - INFO - ADAPTED STRATEGY # ALPHA: 0.0 # ADAPTED MOVES: 72 # PREV.SIG: 0000012321 # NEW.SIG: 0011946031 # TIME: 0.35s
2024-07-31 19:15:38,370 - INFO - ADAPTED STRATEGY # ALPHA: 0.0 # ADAPTED MOVES: 75 # PREV.SIG: 0000012321 # NEW.SIG: 0013394989 # TIME: 0.35s
2024-07-31 19:15:42,320 - INFO - ADAPTED STRATEGY # ALPHA: 0.0 # ADAPTED MOVES: 76 # PREV.SIG: 0000012321 # NEW.SIG: 0013683299 # TIME: 0.35s
2024-07-31 19:15:42,812 - INFO - ADAPTED STRATEGY # ALPHA: 0.0 # ADAPTED MOVES: 77 # PREV.SIG: 0000012321 # NEW.SIG: 0013858395 # TIME: 0.36s
2024-07-31 19:15:43,023 - INFO - [32mNRPA: COMPLETED LEVEL 1 // TOTAL MOVES: 77 // TIME: 6.94s // SIGNATURE: 0013858395 
[0m
2024-07-31 19:15:43,430 - INFO - ADAPTED STRATEGY # ALPHA: 0.0 # ADAPTED MOVES: 73 # PREV.SIG: 0000012321 # NEW.SIG: 0013109394 # TIME: 0.35s
2024-07-31 19:15:45,020 - INFO - ADAPTED STRATEGY # ALPHA: 0.0 # ADAPTED MOVES: 74 # PREV.SIG: 0000012321 # NEW.SIG: 0012848837 # TIME: 0.35s
2024-07-31 19:15:46,041 - INFO - ADAPTED STRATEGY # ALPHA: 0.0 # ADAPTED MOVES: 75 # PREV.SIG: 0000012321 # NEW.SIG: 0013000068 # TIME: 0.36s
2024-07-31 19:15:46,798 - INFO - ADAPTED STRATEGY # ALPHA: 0.0 # ADAPTED MOVES: 75 # PREV.SIG: 0000012321 # NEW.SIG: 0013231008 # TIME: 0.36s
2024-07-31 19:15:47,328 - INFO - ADAPTED STRATEGY # ALPHA: 0.0 # ADAPTED MOVES: 75 # PREV.SIG: 0000012321 # NEW.SIG: 0013066850 # TIME: 0.36s
2024-07-31 19:15:48,946 - INFO - ADAPTED STRATEGY # ALPHA: 0.0 # ADAPTED MOVES: 77 # PREV.SIG: 0000012321 # NEW.SIG: 0013235910 # TIME: 0.37s
2024-07-31 19:15:49,983 - INFO - [32mNRPA: COMPLETED LEVEL 1 // TOTAL MOVES: 77 // TIME: 6.96s // SIGNATURE: 0013235910 
[0m
2024-07-31 19:15:50,347 - INFO - ADAPTED STRATEGY # ALPHA: 0.0 # ADAPTED MOVES: 65 # PREV.SIG: 0000012321 # NEW.SIG: 0011644137 # TIME: 0.31s
2024-07-31 19:15:50,778 - INFO - ADAPTED STRATEGY # ALPHA: 0.0 # ADAPTED MOVES: 70 # PREV.SIG: 0000012321 # NEW.SIG: 0012657771 # TIME: 0.33s
2024-07-31 19:15:51,415 - INFO - ADAPTED STRATEGY # ALPHA: 0.0 # ADAPTED MOVES: 76 # PREV.SIG: 0000012321 # NEW.SIG: 0012807041 # TIME: 0.36s
2024-07-31 19:15:52,442 - INFO - ADAPTED STRATEGY # ALPHA: 0.0 # ADAPTED MOVES: 77 # PREV.SIG: 0000012321 # NEW.SIG: 0013932822 # TIME: 0.37s
2024-07-31 19:15:55,324 - INFO - ADAPTED STRATEGY # ALPHA: 0.0 # ADAPTED MOVES: 77 # PREV.SIG: 0000012321 # NEW.SIG: 0013049330 # TIME: 0.36s
2024-07-31 19:15:56,485 - INFO - [32mNRPA: COMPLETED LEVEL 1 // TOTAL MOVES: 77 // TIME: 6.50s // SIGNATURE: 0013049330 
[0m
2024-07-31 19:15:56,845 - INFO - ADAPTED STRATEGY # ALPHA: 0.0 # ADAPTED MOVES: 64 # PREV.SIG: 0000012321 # NEW.SIG: 0011058269 # TIME: 0.30s
2024-07-31 19:15:57,261 - INFO - ADAPTED STRATEGY # ALPHA: 0.0 # ADAPTED MOVES: 64 # PREV.SIG: 0000012321 # NEW.SIG: 0010925134 # TIME: 0.31s
2024-07-31 19:15:57,708 - INFO - ADAPTED STRATEGY # ALPHA: 0.0 # ADAPTED MOVES: 65 # PREV.SIG: 0000012321 # NEW.SIG: 0010896331 # TIME: 0.31s
2024-07-31 19:15:58,107 - INFO - ADAPTED STRATEGY # ALPHA: 0.0 # ADAPTED MOVES: 71 # PREV.SIG: 0000012321 # NEW.SIG: 0011880158 # TIME: 0.34s
2024-07-31 19:15:59,132 - INFO - ADAPTED STRATEGY # ALPHA: 0.0 # ADAPTED MOVES: 72 # PREV.SIG: 0000012321 # NEW.SIG: 0013094888 # TIME: 0.34s
2024-07-31 19:15:59,650 - INFO - ADAPTED STRATEGY # ALPHA: 0.0 # ADAPTED MOVES: 74 # PREV.SIG: 0000012321 # NEW.SIG: 0012632256 # TIME: 0.35s
2024-07-31 19:16:00,673 - INFO - ADAPTED STRATEGY # ALPHA: 0.0 # ADAPTED MOVES: 79 # PREV.SIG: 0000012321 # NEW.SIG: 0013808040 # TIME: 0.39s
2024-07-31 19:16:03,848 - INFO - [32mNRPA: COMPLETED LEVEL 1 // TOTAL MOVES: 79 // TIME: 7.36s // SIGNATURE: 0013808040 
[0m
2024-07-31 19:16:04,265 - INFO - ADAPTED STRATEGY # ALPHA: 0.0 # ADAPTED MOVES: 73 # PREV.SIG: 0000012321 # NEW.SIG: 0012698653 # TIME: 0.35s
2024-07-31 19:16:05,632 - INFO - ADAPTED STRATEGY # ALPHA: 0.0 # ADAPTED MOVES: 73 # PREV.SIG: 0000012321 # NEW.SIG: 0012824384 # TIME: 0.41s
2024-07-31 19:16:07,215 - INFO - ADAPTED STRATEGY # ALPHA: 0.0 # ADAPTED MOVES: 80 # PREV.SIG: 0000012321 # NEW.SIG: 0014336523 # TIME: 0.38s
2024-07-31 19:16:10,356 - INFO - [32mNRPA: COMPLETED LEVEL 1 // TOTAL MOVES: 80 // TIME: 6.51s // SIGNATURE: 0014336523 
[0m
2024-07-31 19:16:10,740 - INFO - ADAPTED STRATEGY # ALPHA: 0.0 # ADAPTED MOVES: 66 # PREV.SIG: 0000012321 # NEW.SIG: 0011635632 # TIME: 0.33s
2024-07-31 19:16:11,454 - INFO - ADAPTED STRATEGY # ALPHA: 0.0 # ADAPTED MOVES: 66 # PREV.SIG: 0000012321 # NEW.SIG: 0011182963 # TIME: 0.36s
2024-07-31 19:16:11,965 - INFO - ADAPTED STRATEGY # ALPHA: 0.0 # ADAPTED MOVES: 68 # PREV.SIG: 0000012321 # NEW.SIG: 0011558230 # TIME: 0.36s
2024-07-31 19:16:12,443 - INFO - ADAPTED STRATEGY # ALPHA: 0.0 # ADAPTED MOVES: 69 # PREV.SIG: 0000012321 # NEW.SIG: 0011647822 # TIME: 0.36s
2024-07-31 19:16:12,992 - INFO - ADAPTED STRATEGY # ALPHA: 0.0 # ADAPTED MOVES: 69 # PREV.SIG: 0000012321 # NEW.SIG: 0012269457 # TIME: 0.37s
2024-07-31 19:16:13,772 - INFO - ADAPTED STRATEGY # ALPHA: 0.0 # ADAPTED MOVES: 71 # PREV.SIG: 0000012321 # NEW.SIG: 0012217645 # TIME: 0.37s
2024-07-31 19:16:14,867 - INFO - ADAPTED STRATEGY # ALPHA: 0.0 # ADAPTED MOVES: 73 # PREV.SIG: 0000012321 # NEW.SIG: 0012501700 # TIME: 0.40s
2024-07-31 19:16:15,546 - INFO - ADAPTED STRATEGY # ALPHA: 0.0 # ADAPTED MOVES: 73 # PREV.SIG: 0000012321 # NEW.SIG: 0012557259 # TIME: 0.38s
2024-07-31 19:16:18,231 - INFO - ADAPTED STRATEGY # ALPHA: 0.0 # ADAPTED MOVES: 73 # PREV.SIG: 0000012321 # NEW.SIG: 0012880829 # TIME: 0.35s
2024-07-31 19:16:18,757 - INFO - ADAPTED STRATEGY # ALPHA: 0.0 # ADAPTED MOVES: 74 # PREV.SIG: 0000012321 # NEW.SIG: 0012394223 # TIME: 0.36s
2024-07-31 19:16:19,902 - INFO - ADAPTED STRATEGY # ALPHA: 0.0 # ADAPTED MOVES: 78 # PREV.SIG: 0000012321 # NEW.SIG: 0014685181 # TIME: 0.37s
2024-07-31 19:16:19,983 - INFO - [32mNRPA: COMPLETED LEVEL 1 // TOTAL MOVES: 78 // TIME: 9.63s // SIGNATURE: 0014685181 
[0m
2024-07-31 19:16:20,131 - INFO - ADAPTED STRATEGY # ALPHA: 0.0 # ADAPTED MOVES: 23 # PREV.SIG: 0000012321 # NEW.SIG: 0003549708 # TIME: 0.12s
2024-07-31 19:16:20,291 - INFO - ADAPTED STRATEGY # ALPHA: 0.0 # ADAPTED MOVES: 25 # PREV.SIG: 0000012321 # NEW.SIG: 0003948154 # TIME: 0.13s
2024-07-31 19:16:20,715 - INFO - ADAPTED STRATEGY # ALPHA: 0.0 # ADAPTED MOVES: 71 # PREV.SIG: 0000012321 # NEW.SIG: 0012607092 # TIME: 0.34s
2024-07-31 19:16:21,126 - INFO - ADAPTED STRATEGY # ALPHA: 0.0 # ADAPTED MOVES: 73 # PREV.SIG: 0000012321 # NEW.SIG: 0012873383 # TIME: 0.36s
2024-07-31 19:16:21,545 - INFO - ADAPTED STRATEGY # ALPHA: 0.0 # ADAPTED MOVES: 75 # PREV.SIG: 0000012321 # NEW.SIG: 0013864248 # TIME: 0.36s
2024-07-31 19:16:26,029 - INFO - ADAPTED STRATEGY # ALPHA: 0.0 # ADAPTED MOVES: 82 # PREV.SIG: 0000012321 # NEW.SIG: 0013793037 # TIME: 0.38s
2024-07-31 19:16:26,626 - INFO - [32mNRPA: COMPLETED LEVEL 1 // TOTAL MOVES: 82 // TIME: 6.64s // SIGNATURE: 0013793037 
[0m
2024-07-31 19:16:26,990 - INFO - ADAPTED STRATEGY # ALPHA: 0.0 # ADAPTED MOVES: 65 # PREV.SIG: 0000012321 # NEW.SIG: 0012034930 # TIME: 0.31s
2024-07-31 19:16:27,362 - INFO - ADAPTED STRATEGY # ALPHA: 0.0 # ADAPTED MOVES: 67 # PREV.SIG: 0000012321 # NEW.SIG: 0012029564 # TIME: 0.32s
2024-07-31 19:16:27,754 - INFO - ADAPTED STRATEGY # ALPHA: 0.0 # ADAPTED MOVES: 71 # PREV.SIG: 0000012321 # NEW.SIG: 0012575861 # TIME: 0.34s
2024-07-31 19:16:28,236 - INFO - ADAPTED STRATEGY # ALPHA: 0.0 # ADAPTED MOVES: 73 # PREV.SIG: 0000012321 # NEW.SIG: 0013361817 # TIME: 0.35s
2024-07-31 19:16:29,295 - INFO - ADAPTED STRATEGY # ALPHA: 0.0 # ADAPTED MOVES: 76 # PREV.SIG: 0000012321 # NEW.SIG: 0014248373 # TIME: 0.37s
2024-07-31 19:16:33,312 - INFO - [32mNRPA: COMPLETED LEVEL 1 // TOTAL MOVES: 76 // TIME: 6.69s // SIGNATURE: 0014248373 
[0m
2024-07-31 19:16:33,701 - INFO - ADAPTED STRATEGY # ALPHA: 0.0 # ADAPTED MOVES: 65 # PREV.SIG: 0000012321 # NEW.SIG: 0012060279 # TIME: 0.33s
2024-07-31 19:16:34,102 - INFO - ADAPTED STRATEGY # ALPHA: 0.0 # ADAPTED MOVES: 70 # PREV.SIG: 0000012321 # NEW.SIG: 0011987381 # TIME: 0.34s
2024-07-31 19:16:34,816 - INFO - ADAPTED STRATEGY # ALPHA: 0.0 # ADAPTED MOVES: 71 # PREV.SIG: 0000012321 # NEW.SIG: 0013138602 # TIME: 0.34s
2024-07-31 19:16:35,272 - INFO - ADAPTED STRATEGY # ALPHA: 0.0 # ADAPTED MOVES: 77 # PREV.SIG: 0000012321 # NEW.SIG: 0013612927 # TIME: 0.37s
2024-07-31 19:16:39,581 - INFO - [32mNRPA: COMPLETED LEVEL 1 // TOTAL MOVES: 77 // TIME: 6.27s // SIGNATURE: 0013612927 
[0m
2024-07-31 19:16:39,916 - INFO - ADAPTED STRATEGY # ALPHA: 0.0 # ADAPTED MOVES: 58 # PREV.SIG: 0000012321 # NEW.SIG: 0009607416 # TIME: 0.28s
2024-07-31 19:16:40,352 - INFO - ADAPTED STRATEGY # ALPHA: 0.0 # ADAPTED MOVES: 67 # PREV.SIG: 0000012321 # NEW.SIG: 0012421153 # TIME: 0.32s
2024-07-31 19:16:40,899 - INFO - ADAPTED STRATEGY # ALPHA: 0.0 # ADAPTED MOVES: 68 # PREV.SIG: 0000012321 # NEW.SIG: 0011158917 # TIME: 0.33s
2024-07-31 19:16:41,287 - INFO - ADAPTED STRATEGY # ALPHA: 0.0 # ADAPTED MOVES: 68 # PREV.SIG: 0000012321 # NEW.SIG: 0011378066 # TIME: 0.33s
2024-07-31 19:16:42,387 - INFO - ADAPTED STRATEGY # ALPHA: 0.0 # ADAPTED MOVES: 74 # PREV.SIG: 0000012321 # NEW.SIG: 0013005466 # TIME: 0.37s
2024-07-31 19:16:46,007 - INFO - [32mNRPA: COMPLETED LEVEL 1 // TOTAL MOVES: 74 // TIME: 6.42s // SIGNATURE: 0013005466 
[0m
2024-07-31 19:16:46,385 - INFO - ADAPTED STRATEGY # ALPHA: 0.0 # ADAPTED MOVES: 67 # PREV.SIG: 0000012321 # NEW.SIG: 0011465243 # TIME: 0.32s
2024-07-31 19:16:47,263 - INFO - ADAPTED STRATEGY # ALPHA: 0.0 # ADAPTED MOVES: 73 # PREV.SIG: 0000012321 # NEW.SIG: 0012918421 # TIME: 0.37s
2024-07-31 19:16:47,763 - INFO - ADAPTED STRATEGY # ALPHA: 0.0 # ADAPTED MOVES: 79 # PREV.SIG: 0000012321 # NEW.SIG: 0014048491 # TIME: 0.38s
2024-07-31 19:16:52,033 - INFO - [32mNRPA: COMPLETED LEVEL 1 // TOTAL MOVES: 79 // TIME: 6.02s // SIGNATURE: 0014048491 
[0m
2024-07-31 19:16:52,209 - INFO - ADAPTED STRATEGY # ALPHA: 0.0 # ADAPTED MOVES: 28 # PREV.SIG: 0000012321 # NEW.SIG: 0004381033 # TIME: 0.14s
2024-07-31 19:16:52,564 - INFO - ADAPTED STRATEGY # ALPHA: 0.0 # ADAPTED MOVES: 63 # PREV.SIG: 0000012321 # NEW.SIG: 0011251231 # TIME: 0.30s
2024-07-31 19:16:52,926 - INFO - ADAPTED STRATEGY # ALPHA: 0.0 # ADAPTED MOVES: 64 # PREV.SIG: 0000012321 # NEW.SIG: 0011347477 # TIME: 0.31s
2024-07-31 19:16:53,387 - INFO - ADAPTED STRATEGY # ALPHA: 0.0 # ADAPTED MOVES: 64 # PREV.SIG: 0000012321 # NEW.SIG: 0011485816 # TIME: 0.30s
2024-07-31 19:16:53,751 - INFO - ADAPTED STRATEGY # ALPHA: 0.0 # ADAPTED MOVES: 64 # PREV.SIG: 0000012321 # NEW.SIG: 0011344829 # TIME: 0.31s
2024-07-31 19:16:54,145 - INFO - ADAPTED STRATEGY # ALPHA: 0.0 # ADAPTED MOVES: 67 # PREV.SIG: 0000012321 # NEW.SIG: 0011894696 # TIME: 0.32s
2024-07-31 19:16:54,740 - INFO - ADAPTED STRATEGY # ALPHA: 0.0 # ADAPTED MOVES: 67 # PREV.SIG: 0000012321 # NEW.SIG: 0011380578 # TIME: 0.32s
2024-07-31 19:16:55,174 - INFO - ADAPTED STRATEGY # ALPHA: 0.0 # ADAPTED MOVES: 69 # PREV.SIG: 0000012321 # NEW.SIG: 0011238774 # TIME: 0.33s
2024-07-31 19:16:56,190 - INFO - ADAPTED STRATEGY # ALPHA: 0.0 # ADAPTED MOVES: 69 # PREV.SIG: 0000012321 # NEW.SIG: 0012199873 # TIME: 0.34s
2024-07-31 19:16:56,651 - INFO - ADAPTED STRATEGY # ALPHA: 0.0 # ADAPTED MOVES: 73 # PREV.SIG: 0000012321 # NEW.SIG: 0012287225 # TIME: 0.34s
2024-07-31 19:16:57,250 - INFO - ADAPTED STRATEGY # ALPHA: 0.0 # ADAPTED MOVES: 76 # PREV.SIG: 0000012321 # NEW.SIG: 0013528245 # TIME: 0.37s
2024-07-31 19:17:00,464 - INFO - [32mNRPA: COMPLETED LEVEL 1 // TOTAL MOVES: 76 // TIME: 8.43s // SIGNATURE: 0013528245 
[0m
2024-07-31 19:17:00,610 - INFO - ADAPTED STRATEGY # ALPHA: 0.0 # ADAPTED MOVES: 23 # PREV.SIG: 0000012321 # NEW.SIG: 0003619684 # TIME: 0.12s
2024-07-31 19:17:00,996 - INFO - ADAPTED STRATEGY # ALPHA: 0.0 # ADAPTED MOVES: 68 # PREV.SIG: 0000012321 # NEW.SIG: 0011808382 # TIME: 0.33s
2024-07-31 19:17:01,456 - INFO - ADAPTED STRATEGY # ALPHA: 0.0 # ADAPTED MOVES: 68 # PREV.SIG: 0000012321 # NEW.SIG: 0011676407 # TIME: 0.33s
2024-07-31 19:17:01,886 - INFO - ADAPTED STRATEGY # ALPHA: 0.0 # ADAPTED MOVES: 68 # PREV.SIG: 0000012321 # NEW.SIG: 0012627470 # TIME: 0.33s
2024-07-31 19:17:02,271 - INFO - ADAPTED STRATEGY # ALPHA: 0.0 # ADAPTED MOVES: 70 # PREV.SIG: 0000012321 # NEW.SIG: 0012056107 # TIME: 0.33s
2024-07-31 19:17:02,800 - INFO - ADAPTED STRATEGY # ALPHA: 0.0 # ADAPTED MOVES: 72 # PREV.SIG: 0000012321 # NEW.SIG: 0013263441 # TIME: 0.36s
2024-07-31 19:17:03,264 - INFO - ADAPTED STRATEGY # ALPHA: 0.0 # ADAPTED MOVES: 74 # PREV.SIG: 0000012321 # NEW.SIG: 0013094961 # TIME: 0.35s
2024-07-31 19:17:04,383 - INFO - ADAPTED STRATEGY # ALPHA: 0.0 # ADAPTED MOVES: 76 # PREV.SIG: 0000012321 # NEW.SIG: 0013586243 # TIME: 0.36s
2024-07-31 19:17:07,889 - INFO - [32mNRPA: COMPLETED LEVEL 1 // TOTAL MOVES: 76 // TIME: 7.42s // SIGNATURE: 0013586243 
[0m
2024-07-31 19:17:08,246 - INFO - ADAPTED STRATEGY # ALPHA: 0.0 # ADAPTED MOVES: 64 # PREV.SIG: 0000012321 # NEW.SIG: 0012006389 # TIME: 0.30s
2024-07-31 19:17:08,729 - INFO - ADAPTED STRATEGY # ALPHA: 0.0 # ADAPTED MOVES: 69 # PREV.SIG: 0000012321 # NEW.SIG: 0012858386 # TIME: 0.33s
2024-07-31 19:17:09,592 - INFO - ADAPTED STRATEGY # ALPHA: 0.0 # ADAPTED MOVES: 69 # PREV.SIG: 0000012321 # NEW.SIG: 0011485447 # TIME: 0.33s
2024-07-31 19:17:10,188 - INFO - ADAPTED STRATEGY # ALPHA: 0.0 # ADAPTED MOVES: 70 # PREV.SIG: 0000012321 # NEW.SIG: 0011942347 # TIME: 0.33s
2024-07-31 19:17:11,532 - INFO - ADAPTED STRATEGY # ALPHA: 0.0 # ADAPTED MOVES: 72 # PREV.SIG: 0000012321 # NEW.SIG: 0012715952 # TIME: 0.34s
2024-07-31 19:17:13,919 - INFO - ADAPTED STRATEGY # ALPHA: 0.0 # ADAPTED MOVES: 79 # PREV.SIG: 0000012321 # NEW.SIG: 0012953356 # TIME: 0.37s
2024-07-31 19:17:14,712 - INFO - [32mNRPA: COMPLETED LEVEL 1 // TOTAL MOVES: 79 // TIME: 6.82s // SIGNATURE: 0012953356 
[0m
2024-07-31 19:17:15,087 - INFO - ADAPTED STRATEGY # ALPHA: 0.0 # ADAPTED MOVES: 68 # PREV.SIG: 0000012321 # NEW.SIG: 0011574424 # TIME: 0.32s
2024-07-31 19:17:15,764 - INFO - ADAPTED STRATEGY # ALPHA: 0.0 # ADAPTED MOVES: 68 # PREV.SIG: 0000012321 # NEW.SIG: 0012390155 # TIME: 0.32s
2024-07-31 19:17:16,212 - INFO - ADAPTED STRATEGY # ALPHA: 0.0 # ADAPTED MOVES: 72 # PREV.SIG: 0000012321 # NEW.SIG: 0012447019 # TIME: 0.34s
2024-07-31 19:17:16,617 - INFO - ADAPTED STRATEGY # ALPHA: 0.0 # ADAPTED MOVES: 74 # PREV.SIG: 0000012321 # NEW.SIG: 0013603465 # TIME: 0.35s
2024-07-31 19:17:17,615 - INFO - ADAPTED STRATEGY # ALPHA: 0.0 # ADAPTED MOVES: 75 # PREV.SIG: 0000012321 # NEW.SIG: 0013883823 # TIME: 0.35s
2024-07-31 19:17:18,273 - INFO - ADAPTED STRATEGY # ALPHA: 0.0 # ADAPTED MOVES: 78 # PREV.SIG: 0000012321 # NEW.SIG: 0014147861 # TIME: 0.36s
2024-07-31 19:17:21,622 - INFO - [32mNRPA: COMPLETED LEVEL 1 // TOTAL MOVES: 78 // TIME: 6.91s // SIGNATURE: 0014147861 
[0m
2024-07-31 19:17:21,989 - INFO - ADAPTED STRATEGY # ALPHA: 0.0 # ADAPTED MOVES: 67 # PREV.SIG: 0000012321 # NEW.SIG: 0011734452 # TIME: 0.32s
2024-07-31 19:17:22,556 - INFO - ADAPTED STRATEGY # ALPHA: 0.0 # ADAPTED MOVES: 76 # PREV.SIG: 0000012321 # NEW.SIG: 0013288940 # TIME: 0.35s
2024-07-31 19:17:23,873 - INFO - ADAPTED STRATEGY # ALPHA: 0.0 # ADAPTED MOVES: 76 # PREV.SIG: 0000012321 # NEW.SIG: 0013081028 # TIME: 0.36s
2024-07-31 19:17:26,244 - INFO - ADAPTED STRATEGY # ALPHA: 0.0 # ADAPTED MOVES: 85 # PREV.SIG: 0000012321 # NEW.SIG: 0014894462 # TIME: 0.41s
2024-07-31 19:17:28,054 - INFO - [32mNRPA: COMPLETED LEVEL 1 // TOTAL MOVES: 85 // TIME: 6.43s // SIGNATURE: 0014894462 
[0m
2024-07-31 19:17:28,450 - INFO - ADAPTED STRATEGY # ALPHA: 0.0 # ADAPTED MOVES: 85 # PREV.SIG: 0000012321 # NEW.SIG: 0014894462 # TIME: 0.40s
2024-07-31 19:17:28,800 - INFO - ADAPTED STRATEGY # ALPHA: 0.0 # ADAPTED MOVES: 63 # PREV.SIG: 0000012321 # NEW.SIG: 0011022395 # TIME: 0.30s
2024-07-31 19:17:29,155 - INFO - ADAPTED STRATEGY # ALPHA: 0.0 # ADAPTED MOVES: 64 # PREV.SIG: 0000012321 # NEW.SIG: 0011222467 # TIME: 0.30s
2024-07-31 19:17:29,513 - INFO - ADAPTED STRATEGY # ALPHA: 0.0 # ADAPTED MOVES: 64 # PREV.SIG: 0000012321 # NEW.SIG: 0010409980 # TIME: 0.31s
2024-07-31 19:17:30,004 - INFO - ADAPTED STRATEGY # ALPHA: 0.0 # ADAPTED MOVES: 65 # PREV.SIG: 0000012321 # NEW.SIG: 0011550401 # TIME: 0.31s
2024-07-31 19:17:30,365 - INFO - ADAPTED STRATEGY # ALPHA: 0.0 # ADAPTED MOVES: 65 # PREV.SIG: 0000012321 # NEW.SIG: 0010706939 # TIME: 0.31s
2024-07-31 19:17:30,796 - INFO - ADAPTED STRATEGY # ALPHA: 0.0 # ADAPTED MOVES: 65 # PREV.SIG: 0000012321 # NEW.SIG: 0010791574 # TIME: 0.31s
2024-07-31 19:17:31,235 - INFO - ADAPTED STRATEGY # ALPHA: 0.0 # ADAPTED MOVES: 70 # PREV.SIG: 0000012321 # NEW.SIG: 0012203929 # TIME: 0.33s
2024-07-31 19:17:31,785 - INFO - ADAPTED STRATEGY # ALPHA: 0.0 # ADAPTED MOVES: 71 # PREV.SIG: 0000012321 # NEW.SIG: 0012085999 # TIME: 0.34s
2024-07-31 19:17:32,556 - INFO - ADAPTED STRATEGY # ALPHA: 0.0 # ADAPTED MOVES: 71 # PREV.SIG: 0000012321 # NEW.SIG: 0012690995 # TIME: 0.33s
2024-07-31 19:17:33,314 - INFO - ADAPTED STRATEGY # ALPHA: 0.0 # ADAPTED MOVES: 71 # PREV.SIG: 0000012321 # NEW.SIG: 0011736876 # TIME: 0.33s
2024-07-31 19:17:34,047 - INFO - ADAPTED STRATEGY # ALPHA: 0.0 # ADAPTED MOVES: 76 # PREV.SIG: 0000012321 # NEW.SIG: 0013843173 # TIME: 0.35s
2024-07-31 19:17:34,898 - INFO - ADAPTED STRATEGY # ALPHA: 0.0 # ADAPTED MOVES: 78 # PREV.SIG: 0000012321 # NEW.SIG: 0013581596 # TIME: 0.36s
2024-07-31 19:17:37,178 - INFO - [32mNRPA: COMPLETED LEVEL 1 // TOTAL MOVES: 78 // TIME: 8.73s // SIGNATURE: 0013581596 
[0m
2024-07-31 19:17:37,312 - INFO - ADAPTED STRATEGY # ALPHA: 0.0 # ADAPTED MOVES: 21 # PREV.SIG: 0000012321 # NEW.SIG: 0003504797 # TIME: 0.11s
2024-07-31 19:17:37,451 - INFO - ADAPTED STRATEGY # ALPHA: 0.0 # ADAPTED MOVES: 22 # PREV.SIG: 0000012321 # NEW.SIG: 0003716821 # TIME: 0.11s
2024-07-31 19:17:37,822 - INFO - ADAPTED STRATEGY # ALPHA: 0.0 # ADAPTED MOVES: 68 # PREV.SIG: 0000012321 # NEW.SIG: 0011465837 # TIME: 0.32s
2024-07-31 19:17:38,263 - INFO - ADAPTED STRATEGY # ALPHA: 0.0 # ADAPTED MOVES: 72 # PREV.SIG: 0000012321 # NEW.SIG: 0012810192 # TIME: 0.34s
2024-07-31 19:17:39,971 - INFO - ADAPTED STRATEGY # ALPHA: 0.0 # ADAPTED MOVES: 73 # PREV.SIG: 0000012321 # NEW.SIG: 0013058590 # TIME: 0.34s
2024-07-31 19:17:40,478 - INFO - ADAPTED STRATEGY # ALPHA: 0.0 # ADAPTED MOVES: 74 # PREV.SIG: 0000012321 # NEW.SIG: 0012692450 # TIME: 0.34s
2024-07-31 19:17:41,156 - INFO - ADAPTED STRATEGY # ALPHA: 0.0 # ADAPTED MOVES: 83 # PREV.SIG: 0000012321 # NEW.SIG: 0013950775 # TIME: 0.38s
2024-07-31 19:17:44,036 - INFO - [32mNRPA: COMPLETED LEVEL 1 // TOTAL MOVES: 83 // TIME: 6.86s // SIGNATURE: 0013950775 
[0m
2024-07-31 19:17:44,407 - INFO - ADAPTED STRATEGY # ALPHA: 0.0 # ADAPTED MOVES: 68 # PREV.SIG: 0000012321 # NEW.SIG: 0011188493 # TIME: 0.32s
2024-07-31 19:17:44,795 - INFO - ADAPTED STRATEGY # ALPHA: 0.0 # ADAPTED MOVES: 71 # PREV.SIG: 0000012321 # NEW.SIG: 0012067264 # TIME: 0.33s
2024-07-31 19:17:45,221 - INFO - ADAPTED STRATEGY # ALPHA: 0.0 # ADAPTED MOVES: 74 # PREV.SIG: 0000012321 # NEW.SIG: 0013471244 # TIME: 0.34s
2024-07-31 19:17:47,336 - INFO - ADAPTED STRATEGY # ALPHA: 0.0 # ADAPTED MOVES: 75 # PREV.SIG: 0000012321 # NEW.SIG: 0013155524 # TIME: 0.35s
2024-07-31 19:17:48,444 - INFO - ADAPTED STRATEGY # ALPHA: 0.0 # ADAPTED MOVES: 75 # PREV.SIG: 0000012321 # NEW.SIG: 0012695118 # TIME: 0.35s
2024-07-31 19:17:50,265 - INFO - ADAPTED STRATEGY # ALPHA: 0.0 # ADAPTED MOVES: 78 # PREV.SIG: 0000012321 # NEW.SIG: 0012839531 # TIME: 0.36s
2024-07-31 19:17:50,886 - INFO - [32mNRPA: COMPLETED LEVEL 1 // TOTAL MOVES: 78 // TIME: 6.85s // SIGNATURE: 0012839531 
[0m
2024-07-31 19:17:51,019 - INFO - ADAPTED STRATEGY # ALPHA: 0.0 # ADAPTED MOVES: 21 # PREV.SIG: 0000012321 # NEW.SIG: 0003494239 # TIME: 0.11s
2024-07-31 19:17:51,388 - INFO - ADAPTED STRATEGY # ALPHA: 0.0 # ADAPTED MOVES: 67 # PREV.SIG: 0000012321 # NEW.SIG: 0011838640 # TIME: 0.32s
2024-07-31 19:17:51,771 - INFO - ADAPTED STRATEGY # ALPHA: 0.0 # ADAPTED MOVES: 70 # PREV.SIG: 0000012321 # NEW.SIG: 0012203921 # TIME: 0.33s
2024-07-31 19:17:52,198 - INFO - ADAPTED STRATEGY # ALPHA: 0.0 # ADAPTED MOVES: 73 # PREV.SIG: 0000012321 # NEW.SIG: 0012184670 # TIME: 0.34s
2024-07-31 19:17:53,176 - INFO - ADAPTED STRATEGY # ALPHA: 0.0 # ADAPTED MOVES: 73 # PREV.SIG: 0000012321 # NEW.SIG: 0012318164 # TIME: 0.35s
2024-07-31 19:17:53,887 - INFO - ADAPTED STRATEGY # ALPHA: 0.0 # ADAPTED MOVES: 77 # PREV.SIG: 0000012321 # NEW.SIG: 0013816626 # TIME: 0.36s
2024-07-31 19:17:56,219 - INFO - ADAPTED STRATEGY # ALPHA: 0.0 # ADAPTED MOVES: 79 # PREV.SIG: 0000012321 # NEW.SIG: 0014196397 # TIME: 0.37s
2024-07-31 19:17:57,926 - INFO - [32mNRPA: COMPLETED LEVEL 1 // TOTAL MOVES: 79 // TIME: 7.04s // SIGNATURE: 0014196397 
[0m
2024-07-31 19:17:58,279 - INFO - ADAPTED STRATEGY # ALPHA: 0.0 # ADAPTED MOVES: 64 # PREV.SIG: 0000012321 # NEW.SIG: 0010470088 # TIME: 0.30s
2024-07-31 19:17:58,667 - INFO - ADAPTED STRATEGY # ALPHA: 0.0 # ADAPTED MOVES: 66 # PREV.SIG: 0000012321 # NEW.SIG: 0010874156 # TIME: 0.31s
2024-07-31 19:17:59,123 - INFO - ADAPTED STRATEGY # ALPHA: 0.0 # ADAPTED MOVES: 73 # PREV.SIG: 0000012321 # NEW.SIG: 0012557940 # TIME: 0.35s
2024-07-31 19:18:00,828 - INFO - ADAPTED STRATEGY # ALPHA: 0.0 # ADAPTED MOVES: 76 # PREV.SIG: 0000012321 # NEW.SIG: 0014220186 # TIME: 0.38s
2024-07-31 19:18:04,128 - INFO - [32mNRPA: COMPLETED LEVEL 1 // TOTAL MOVES: 76 // TIME: 6.20s // SIGNATURE: 0014220186 
[0m
2024-07-31 19:18:04,502 - INFO - ADAPTED STRATEGY # ALPHA: 0.0 # ADAPTED MOVES: 68 # PREV.SIG: 0000012321 # NEW.SIG: 0011266435 # TIME: 0.32s
2024-07-31 19:18:05,246 - INFO - ADAPTED STRATEGY # ALPHA: 0.0 # ADAPTED MOVES: 68 # PREV.SIG: 0000012321 # NEW.SIG: 0011844433 # TIME: 0.32s
2024-07-31 19:18:05,702 - INFO - ADAPTED STRATEGY # ALPHA: 0.0 # ADAPTED MOVES: 68 # PREV.SIG: 0000012321 # NEW.SIG: 0011936004 # TIME: 0.32s
2024-07-31 19:18:06,183 - INFO - ADAPTED STRATEGY # ALPHA: 0.0 # ADAPTED MOVES: 68 # PREV.SIG: 0000012321 # NEW.SIG: 0012126177 # TIME: 0.32s
2024-07-31 19:18:06,632 - INFO - ADAPTED STRATEGY # ALPHA: 0.0 # ADAPTED MOVES: 73 # PREV.SIG: 0000012321 # NEW.SIG: 0013203967 # TIME: 0.35s
2024-07-31 19:18:08,417 - INFO - ADAPTED STRATEGY # ALPHA: 0.0 # ADAPTED MOVES: 74 # PREV.SIG: 0000012321 # NEW.SIG: 0013543148 # TIME: 0.35s
2024-07-31 19:18:09,534 - INFO - ADAPTED STRATEGY # ALPHA: 0.0 # ADAPTED MOVES: 79 # PREV.SIG: 0000012321 # NEW.SIG: 0013645627 # TIME: 0.38s
2024-07-31 19:18:11,261 - INFO - [32mNRPA: COMPLETED LEVEL 1 // TOTAL MOVES: 79 // TIME: 7.13s // SIGNATURE: 0013645627 
[0m
2024-07-31 19:18:11,618 - INFO - ADAPTED STRATEGY # ALPHA: 0.0 # ADAPTED MOVES: 64 # PREV.SIG: 0000012321 # NEW.SIG: 0011363413 # TIME: 0.30s
2024-07-31 19:18:12,008 - INFO - ADAPTED STRATEGY # ALPHA: 0.0 # ADAPTED MOVES: 72 # PREV.SIG: 0000012321 # NEW.SIG: 0013544861 # TIME: 0.34s
2024-07-31 19:18:12,514 - INFO - ADAPTED STRATEGY # ALPHA: 0.0 # ADAPTED MOVES: 75 # PREV.SIG: 0000012321 # NEW.SIG: 0013499858 # TIME: 0.35s
2024-07-31 19:18:13,084 - INFO - ADAPTED STRATEGY # ALPHA: 0.0 # ADAPTED MOVES: 76 # PREV.SIG: 0000012321 # NEW.SIG: 0012590863 # TIME: 0.35s
2024-07-31 19:18:16,517 - INFO - ADAPTED STRATEGY # ALPHA: 0.0 # ADAPTED MOVES: 77 # PREV.SIG: 0000012321 # NEW.SIG: 0011973620 # TIME: 0.36s
2024-07-31 19:18:17,847 - INFO - [32mNRPA: COMPLETED LEVEL 1 // TOTAL MOVES: 77 // TIME: 6.58s // SIGNATURE: 0011973620 
[0m
2024-07-31 19:18:18,213 - INFO - ADAPTED STRATEGY # ALPHA: 0.0 # ADAPTED MOVES: 66 # PREV.SIG: 0000012321 # NEW.SIG: 0010913704 # TIME: 0.31s
2024-07-31 19:18:18,648 - INFO - ADAPTED STRATEGY # ALPHA: 0.0 # ADAPTED MOVES: 69 # PREV.SIG: 0000012321 # NEW.SIG: 0011524228 # TIME: 0.33s
2024-07-31 19:18:19,036 - INFO - ADAPTED STRATEGY # ALPHA: 0.0 # ADAPTED MOVES: 71 # PREV.SIG: 0000012321 # NEW.SIG: 0012890244 # TIME: 0.33s
2024-07-31 19:18:19,705 - INFO - ADAPTED STRATEGY # ALPHA: 0.0 # ADAPTED MOVES: 73 # PREV.SIG: 0000012321 # NEW.SIG: 0012970492 # TIME: 0.34s
2024-07-31 19:18:24,067 - INFO - [32mNRPA: COMPLETED LEVEL 1 // TOTAL MOVES: 73 // TIME: 6.22s // SIGNATURE: 0012970492 
[0m
2024-07-31 19:18:24,430 - INFO - ADAPTED STRATEGY # ALPHA: 0.0 # ADAPTED MOVES: 66 # PREV.SIG: 0000012321 # NEW.SIG: 0011285549 # TIME: 0.31s
2024-07-31 19:18:24,887 - INFO - ADAPTED STRATEGY # ALPHA: 0.0 # ADAPTED MOVES: 69 # PREV.SIG: 0000012321 # NEW.SIG: 0011557574 # TIME: 0.32s
2024-07-31 19:18:25,291 - INFO - ADAPTED STRATEGY # ALPHA: 0.0 # ADAPTED MOVES: 69 # PREV.SIG: 0000012321 # NEW.SIG: 0012284839 # TIME: 0.33s
2024-07-31 19:18:25,741 - INFO - ADAPTED STRATEGY # ALPHA: 0.0 # ADAPTED MOVES: 73 # PREV.SIG: 0000012321 # NEW.SIG: 0013043841 # TIME: 0.34s
2024-07-31 19:18:26,410 - INFO - ADAPTED STRATEGY # ALPHA: 0.0 # ADAPTED MOVES: 73 # PREV.SIG: 0000012321 # NEW.SIG: 0012241932 # TIME: 0.34s
2024-07-31 19:18:27,364 - INFO - ADAPTED STRATEGY # ALPHA: 0.0 # ADAPTED MOVES: 76 # PREV.SIG: 0000012321 # NEW.SIG: 0013265096 # TIME: 0.36s
2024-07-31 19:18:28,995 - INFO - ADAPTED STRATEGY # ALPHA: 0.0 # ADAPTED MOVES: 82 # PREV.SIG: 0000012321 # NEW.SIG: 0014537813 # TIME: 0.38s
2024-07-31 19:18:31,225 - INFO - [32mNRPA: COMPLETED LEVEL 1 // TOTAL MOVES: 82 // TIME: 7.16s // SIGNATURE: 0014537813 
[0m
2024-07-31 19:18:31,592 - INFO - ADAPTED STRATEGY # ALPHA: 0.0 # ADAPTED MOVES: 67 # PREV.SIG: 0000012321 # NEW.SIG: 0011411432 # TIME: 0.32s
2024-07-31 19:18:32,041 - INFO - ADAPTED STRATEGY # ALPHA: 0.0 # ADAPTED MOVES: 67 # PREV.SIG: 0000012321 # NEW.SIG: 0012531517 # TIME: 0.32s
2024-07-31 19:18:32,859 - INFO - ADAPTED STRATEGY # ALPHA: 0.0 # ADAPTED MOVES: 68 # PREV.SIG: 0000012321 # NEW.SIG: 0011616931 # TIME: 0.32s
2024-07-31 19:18:33,762 - INFO - ADAPTED STRATEGY # ALPHA: 0.0 # ADAPTED MOVES: 68 # PREV.SIG: 0000012321 # NEW.SIG: 0011975983 # TIME: 0.32s
2024-07-31 19:18:34,508 - INFO - ADAPTED STRATEGY # ALPHA: 0.0 # ADAPTED MOVES: 75 # PREV.SIG: 0000012321 # NEW.SIG: 0013717156 # TIME: 0.35s
2024-07-31 19:18:35,379 - INFO - ADAPTED STRATEGY # ALPHA: 0.0 # ADAPTED MOVES: 75 # PREV.SIG: 0000012321 # NEW.SIG: 0013757464 # TIME: 0.35s
2024-07-31 19:18:37,039 - INFO - ADAPTED STRATEGY # ALPHA: 0.0 # ADAPTED MOVES: 80 # PREV.SIG: 0000012321 # NEW.SIG: 0014147571 # TIME: 0.38s
2024-07-31 19:18:38,370 - INFO - [32mNRPA: COMPLETED LEVEL 1 // TOTAL MOVES: 80 // TIME: 7.14s // SIGNATURE: 0014147571 
[0m
2024-07-31 19:18:38,705 - INFO - ADAPTED STRATEGY # ALPHA: 0.0 # ADAPTED MOVES: 60 # PREV.SIG: 0000012321 # NEW.SIG: 0010296175 # TIME: 0.29s
2024-07-31 19:18:39,081 - INFO - ADAPTED STRATEGY # ALPHA: 0.0 # ADAPTED MOVES: 64 # PREV.SIG: 0000012321 # NEW.SIG: 0011118877 # TIME: 0.30s
2024-07-31 19:18:39,454 - INFO - ADAPTED STRATEGY # ALPHA: 0.0 # ADAPTED MOVES: 68 # PREV.SIG: 0000012321 # NEW.SIG: 0011802182 # TIME: 0.32s
2024-07-31 19:18:39,850 - INFO - ADAPTED STRATEGY # ALPHA: 0.0 # ADAPTED MOVES: 68 # PREV.SIG: 0000012321 # NEW.SIG: 0011796746 # TIME: 0.32s
2024-07-31 19:18:40,285 - INFO - ADAPTED STRATEGY # ALPHA: 0.0 # ADAPTED MOVES: 69 # PREV.SIG: 0000012321 # NEW.SIG: 0012304706 # TIME: 0.33s
2024-07-31 19:18:41,052 - INFO - ADAPTED STRATEGY # ALPHA: 0.0 # ADAPTED MOVES: 69 # PREV.SIG: 0000012321 # NEW.SIG: 0013534816 # TIME: 0.32s
2024-07-31 19:18:41,653 - INFO - ADAPTED STRATEGY # ALPHA: 0.0 # ADAPTED MOVES: 70 # PREV.SIG: 0000012321 # NEW.SIG: 0011942332 # TIME: 0.33s
2024-07-31 19:18:42,092 - INFO - ADAPTED STRATEGY # ALPHA: 0.0 # ADAPTED MOVES: 70 # PREV.SIG: 0000012321 # NEW.SIG: 0012336565 # TIME: 0.33s
2024-07-31 19:18:42,514 - INFO - ADAPTED STRATEGY # ALPHA: 0.0 # ADAPTED MOVES: 75 # PREV.SIG: 0000012321 # NEW.SIG: 0013603073 # TIME: 0.36s
2024-07-31 19:18:46,186 - INFO - [32mNRPA: COMPLETED LEVEL 1 // TOTAL MOVES: 75 // TIME: 7.81s // SIGNATURE: 0013603073 
[0m
2024-07-31 19:18:46,559 - INFO - ADAPTED STRATEGY # ALPHA: 0.0 # ADAPTED MOVES: 67 # PREV.SIG: 0000012321 # NEW.SIG: 0011762054 # TIME: 0.32s
2024-07-31 19:18:46,932 - INFO - ADAPTED STRATEGY # ALPHA: 0.0 # ADAPTED MOVES: 67 # PREV.SIG: 0000012321 # NEW.SIG: 0011552876 # TIME: 0.32s
2024-07-31 19:18:47,403 - INFO - ADAPTED STRATEGY # ALPHA: 0.0 # ADAPTED MOVES: 70 # PREV.SIG: 0000012321 # NEW.SIG: 0012751863 # TIME: 0.34s
2024-07-31 19:18:47,790 - INFO - ADAPTED STRATEGY # ALPHA: 0.0 # ADAPTED MOVES: 71 # PREV.SIG: 0000012321 # NEW.SIG: 0011992673 # TIME: 0.33s
2024-07-31 19:18:48,298 - INFO - ADAPTED STRATEGY # ALPHA: 0.0 # ADAPTED MOVES: 73 # PREV.SIG: 0000012321 # NEW.SIG: 0012112679 # TIME: 0.34s
2024-07-31 19:18:50,179 - INFO - ADAPTED STRATEGY # ALPHA: 0.0 # ADAPTED MOVES: 73 # PREV.SIG: 0000012321 # NEW.SIG: 0011600441 # TIME: 0.34s
2024-07-31 19:18:50,578 - INFO - ADAPTED STRATEGY # ALPHA: 0.0 # ADAPTED MOVES: 74 # PREV.SIG: 0000012321 # NEW.SIG: 0013738156 # TIME: 0.34s
2024-07-31 19:18:51,628 - INFO - ADAPTED STRATEGY # ALPHA: 0.0 # ADAPTED MOVES: 75 # PREV.SIG: 0000012321 # NEW.SIG: 0012551906 # TIME: 0.35s
2024-07-31 19:18:53,534 - INFO - [32mNRPA: COMPLETED LEVEL 1 // TOTAL MOVES: 75 // TIME: 7.35s // SIGNATURE: 0012551906 
[0m
2024-07-31 19:18:53,908 - INFO - ADAPTED STRATEGY # ALPHA: 0.0 # ADAPTED MOVES: 68 # PREV.SIG: 0000012321 # NEW.SIG: 0010896918 # TIME: 0.32s
2024-07-31 19:18:54,419 - INFO - ADAPTED STRATEGY # ALPHA: 0.0 # ADAPTED MOVES: 72 # PREV.SIG: 0000012321 # NEW.SIG: 0012778317 # TIME: 0.34s
2024-07-31 19:18:55,387 - INFO - ADAPTED STRATEGY # ALPHA: 0.0 # ADAPTED MOVES: 75 # PREV.SIG: 0000012321 # NEW.SIG: 0012016782 # TIME: 0.35s
2024-07-31 19:18:56,131 - INFO - ADAPTED STRATEGY # ALPHA: 0.0 # ADAPTED MOVES: 76 # PREV.SIG: 0000012321 # NEW.SIG: 0013396695 # TIME: 0.36s
2024-07-31 19:18:56,603 - INFO - ADAPTED STRATEGY # ALPHA: 0.0 # ADAPTED MOVES: 83 # PREV.SIG: 0000012321 # NEW.SIG: 0013467713 # TIME: 0.39s
2024-07-31 19:19:00,094 - INFO - [32mNRPA: COMPLETED LEVEL 1 // TOTAL MOVES: 83 // TIME: 6.56s // SIGNATURE: 0013467713 
[0m
2024-07-31 19:19:00,415 - INFO - ADAPTED STRATEGY # ALPHA: 0.0 # ADAPTED MOVES: 57 # PREV.SIG: 0000012321 # NEW.SIG: 0009739489 # TIME: 0.27s
2024-07-31 19:19:00,836 - INFO - ADAPTED STRATEGY # ALPHA: 0.0 # ADAPTED MOVES: 68 # PREV.SIG: 0000012321 # NEW.SIG: 0010889083 # TIME: 0.32s
2024-07-31 19:19:01,276 - INFO - ADAPTED STRATEGY # ALPHA: 0.0 # ADAPTED MOVES: 82 # PREV.SIG: 0000012321 # NEW.SIG: 0015248792 # TIME: 0.38s
2024-07-31 19:19:05,898 - INFO - [32mNRPA: COMPLETED LEVEL 1 // TOTAL MOVES: 82 // TIME: 5.80s // SIGNATURE: 0015248792 
[0m
2024-07-31 19:19:06,037 - INFO - ADAPTED STRATEGY # ALPHA: 0.0 # ADAPTED MOVES: 22 # PREV.SIG: 0000012321 # NEW.SIG: 0003853225 # TIME: 0.11s
2024-07-31 19:19:06,359 - INFO - ADAPTED STRATEGY # ALPHA: 0.0 # ADAPTED MOVES: 58 # PREV.SIG: 0000012321 # NEW.SIG: 0009645319 # TIME: 0.27s
2024-07-31 19:19:06,744 - INFO - ADAPTED STRATEGY # ALPHA: 0.0 # ADAPTED MOVES: 65 # PREV.SIG: 0000012321 # NEW.SIG: 0011574645 # TIME: 0.31s
2024-07-31 19:19:07,238 - INFO - ADAPTED STRATEGY # ALPHA: 0.0 # ADAPTED MOVES: 73 # PREV.SIG: 0000012321 # NEW.SIG: 0013038448 # TIME: 0.34s
2024-07-31 19:19:08,137 - INFO - ADAPTED STRATEGY # ALPHA: 0.0 # ADAPTED MOVES: 75 # PREV.SIG: 0000012321 # NEW.SIG: 0014002234 # TIME: 0.35s
2024-07-31 19:19:09,984 - INFO - ADAPTED STRATEGY # ALPHA: 0.0 # ADAPTED MOVES: 79 # PREV.SIG: 0000012321 # NEW.SIG: 0014218011 # TIME: 0.37s
2024-07-31 19:19:11,396 - INFO - ADAPTED STRATEGY # ALPHA: 0.0 # ADAPTED MOVES: 80 # PREV.SIG: 0000012321 # NEW.SIG: 0013143353 # TIME: 0.38s
2024-07-31 19:19:12,684 - INFO - [32mNRPA: COMPLETED LEVEL 1 // TOTAL MOVES: 80 // TIME: 6.79s // SIGNATURE: 0013143353 
[0m
2024-07-31 19:19:13,025 - INFO - ADAPTED STRATEGY # ALPHA: 0.0 # ADAPTED MOVES: 61 # PREV.SIG: 0000012321 # NEW.SIG: 0010933041 # TIME: 0.29s
2024-07-31 19:19:13,393 - INFO - ADAPTED STRATEGY # ALPHA: 0.0 # ADAPTED MOVES: 66 # PREV.SIG: 0000012321 # NEW.SIG: 0011584942 # TIME: 0.32s
2024-07-31 19:19:13,779 - INFO - ADAPTED STRATEGY # ALPHA: 0.0 # ADAPTED MOVES: 70 # PREV.SIG: 0000012321 # NEW.SIG: 0012328477 # TIME: 0.33s
2024-07-31 19:19:14,902 - INFO - ADAPTED STRATEGY # ALPHA: 0.0 # ADAPTED MOVES: 70 # PREV.SIG: 0000012321 # NEW.SIG: 0011666411 # TIME: 0.33s
2024-07-31 19:19:16,738 - INFO - ADAPTED STRATEGY # ALPHA: 0.0 # ADAPTED MOVES: 72 # PREV.SIG: 0000012321 # NEW.SIG: 0012041615 # TIME: 0.35s
2024-07-31 19:19:17,404 - INFO - ADAPTED STRATEGY # ALPHA: 0.0 # ADAPTED MOVES: 75 # PREV.SIG: 0000012321 # NEW.SIG: 0014328754 # TIME: 0.36s
2024-07-31 19:19:18,474 - INFO - ADAPTED STRATEGY # ALPHA: 0.0 # ADAPTED MOVES: 75 # PREV.SIG: 0000012321 # NEW.SIG: 0012872636 # TIME: 0.36s
2024-07-31 19:19:20,000 - INFO - [32mNRPA: COMPLETED LEVEL 1 // TOTAL MOVES: 75 // TIME: 7.32s // SIGNATURE: 0012872636 
[0m
2024-07-31 19:19:20,336 - INFO - ADAPTED STRATEGY # ALPHA: 0.0 # ADAPTED MOVES: 60 # PREV.SIG: 0000012321 # NEW.SIG: 0010742794 # TIME: 0.29s
2024-07-31 19:19:20,687 - INFO - ADAPTED STRATEGY # ALPHA: 0.0 # ADAPTED MOVES: 62 # PREV.SIG: 0000012321 # NEW.SIG: 0011651216 # TIME: 0.30s
2024-07-31 19:19:21,035 - INFO - ADAPTED STRATEGY # ALPHA: 0.0 # ADAPTED MOVES: 63 # PREV.SIG: 0000012321 # NEW.SIG: 0010801261 # TIME: 0.30s
2024-07-31 19:19:21,497 - INFO - ADAPTED STRATEGY # ALPHA: 0.0 # ADAPTED MOVES: 63 # PREV.SIG: 0000012321 # NEW.SIG: 0010695903 # TIME: 0.30s
2024-07-31 19:19:21,871 - INFO - ADAPTED STRATEGY # ALPHA: 0.0 # ADAPTED MOVES: 67 # PREV.SIG: 0000012321 # NEW.SIG: 0010919046 # TIME: 0.32s
2024-07-31 19:19:22,281 - INFO - ADAPTED STRATEGY # ALPHA: 0.0 # ADAPTED MOVES: 75 # PREV.SIG: 0000012321 # NEW.SIG: 0014525137 # TIME: 0.35s
2024-07-31 19:19:22,744 - INFO - ADAPTED STRATEGY # ALPHA: 0.0 # ADAPTED MOVES: 75 # PREV.SIG: 0000012321 # NEW.SIG: 0013096498 # TIME: 0.35s
2024-07-31 19:19:26,888 - INFO - [32mNRPA: COMPLETED LEVEL 1 // TOTAL MOVES: 75 // TIME: 6.89s // SIGNATURE: 0013096498 
[0m
2024-07-31 19:19:27,211 - INFO - ADAPTED STRATEGY # ALPHA: 0.0 # ADAPTED MOVES: 58 # PREV.SIG: 0000012321 # NEW.SIG: 0009931696 # TIME: 0.28s
2024-07-31 19:19:27,591 - INFO - ADAPTED STRATEGY # ALPHA: 0.0 # ADAPTED MOVES: 69 # PREV.SIG: 0000012321 # NEW.SIG: 0012127449 # TIME: 0.32s
2024-07-31 19:19:28,245 - INFO - ADAPTED STRATEGY # ALPHA: 0.0 # ADAPTED MOVES: 76 # PREV.SIG: 0000012321 # NEW.SIG: 0013539428 # TIME: 0.35s
2024-07-31 19:19:29,937 - INFO - ADAPTED STRATEGY # ALPHA: 0.0 # ADAPTED MOVES: 76 # PREV.SIG: 0000012321 # NEW.SIG: 0013061991 # TIME: 0.36s
2024-07-31 19:19:33,416 - INFO - ADAPTED STRATEGY # ALPHA: 0.0 # ADAPTED MOVES: 77 # PREV.SIG: 0000012321 # NEW.SIG: 0013607896 # TIME: 0.36s
2024-07-31 19:19:33,522 - INFO - [32mNRPA: COMPLETED LEVEL 1 // TOTAL MOVES: 77 // TIME: 6.63s // SIGNATURE: 0013607896 
[0m
2024-07-31 19:19:33,902 - INFO - ADAPTED STRATEGY # ALPHA: 0.0 # ADAPTED MOVES: 69 # PREV.SIG: 0000012321 # NEW.SIG: 0011650796 # TIME: 0.33s
2024-07-31 19:19:34,328 - INFO - ADAPTED STRATEGY # ALPHA: 0.0 # ADAPTED MOVES: 69 # PREV.SIG: 0000012321 # NEW.SIG: 0011603600 # TIME: 0.32s
2024-07-31 19:19:34,904 - INFO - ADAPTED STRATEGY # ALPHA: 0.0 # ADAPTED MOVES: 71 # PREV.SIG: 0000012321 # NEW.SIG: 0012074534 # TIME: 0.34s
2024-07-31 19:19:36,673 - INFO - ADAPTED STRATEGY # ALPHA: 0.0 # ADAPTED MOVES: 73 # PREV.SIG: 0000012321 # NEW.SIG: 0014127472 # TIME: 0.35s
2024-07-31 19:19:39,088 - INFO - ADAPTED STRATEGY # ALPHA: 0.0 # ADAPTED MOVES: 73 # PREV.SIG: 0000012321 # NEW.SIG: 0013690699 # TIME: 0.36s
2024-07-31 19:19:39,904 - INFO - [32mNRPA: COMPLETED LEVEL 1 // TOTAL MOVES: 73 // TIME: 6.38s // SIGNATURE: 0013690699 
[0m
2024-07-31 19:19:40,264 - INFO - ADAPTED STRATEGY # ALPHA: 0.0 # ADAPTED MOVES: 66 # PREV.SIG: 0000012321 # NEW.SIG: 0010804963 # TIME: 0.31s
2024-07-31 19:19:40,654 - INFO - ADAPTED STRATEGY # ALPHA: 0.0 # ADAPTED MOVES: 72 # PREV.SIG: 0000012321 # NEW.SIG: 0012178346 # TIME: 0.34s
2024-07-31 19:19:41,434 - INFO - ADAPTED STRATEGY # ALPHA: 0.0 # ADAPTED MOVES: 72 # PREV.SIG: 0000012321 # NEW.SIG: 0012299594 # TIME: 0.33s
2024-07-31 19:19:41,991 - INFO - ADAPTED STRATEGY # ALPHA: 0.0 # ADAPTED MOVES: 78 # PREV.SIG: 0000012321 # NEW.SIG: 0013746542 # TIME: 0.36s
2024-07-31 19:19:46,050 - INFO - [32mNRPA: COMPLETED LEVEL 1 // TOTAL MOVES: 78 // TIME: 6.15s // SIGNATURE: 0013746542 
[0m
2024-07-31 19:19:46,423 - INFO - ADAPTED STRATEGY # ALPHA: 0.0 # ADAPTED MOVES: 67 # PREV.SIG: 0000012321 # NEW.SIG: 0011750300 # TIME: 0.32s
2024-07-31 19:19:46,885 - INFO - ADAPTED STRATEGY # ALPHA: 0.0 # ADAPTED MOVES: 69 # PREV.SIG: 0000012321 # NEW.SIG: 0012647745 # TIME: 0.33s
2024-07-31 19:19:47,391 - INFO - ADAPTED STRATEGY # ALPHA: 0.0 # ADAPTED MOVES: 69 # PREV.SIG: 0000012321 # NEW.SIG: 0012649721 # TIME: 0.35s
2024-07-31 19:19:47,774 - INFO - ADAPTED STRATEGY # ALPHA: 0.0 # ADAPTED MOVES: 69 # PREV.SIG: 0000012321 # NEW.SIG: 0012166533 # TIME: 0.33s
2024-07-31 19:19:48,157 - INFO - ADAPTED STRATEGY # ALPHA: 0.0 # ADAPTED MOVES: 69 # PREV.SIG: 0000012321 # NEW.SIG: 0011947241 # TIME: 0.33s
2024-07-31 19:19:48,668 - INFO - ADAPTED STRATEGY # ALPHA: 0.0 # ADAPTED MOVES: 73 # PREV.SIG: 0000012321 # NEW.SIG: 0012929957 # TIME: 0.35s
2024-07-31 19:19:50,548 - INFO - ADAPTED STRATEGY # ALPHA: 0.0 # ADAPTED MOVES: 75 # PREV.SIG: 0000012321 # NEW.SIG: 0013297766 # TIME: 0.35s
2024-07-31 19:19:51,384 - INFO - ADAPTED STRATEGY # ALPHA: 0.0 # ADAPTED MOVES: 75 # PREV.SIG: 0000012321 # NEW.SIG: 0013312620 # TIME: 0.35s
2024-07-31 19:19:53,190 - INFO - ADAPTED STRATEGY # ALPHA: 0.0 # ADAPTED MOVES: 75 # PREV.SIG: 0000012321 # NEW.SIG: 0012890060 # TIME: 0.35s
2024-07-31 19:19:53,937 - INFO - [32mNRPA: COMPLETED LEVEL 1 // TOTAL MOVES: 75 // TIME: 7.89s // SIGNATURE: 0012890060 
[0m
2024-07-31 19:19:54,263 - INFO - ADAPTED STRATEGY # ALPHA: 0.0 # ADAPTED MOVES: 59 # PREV.SIG: 0000012321 # NEW.SIG: 0010225676 # TIME: 0.27s
2024-07-31 19:19:54,633 - INFO - ADAPTED STRATEGY # ALPHA: 0.0 # ADAPTED MOVES: 68 # PREV.SIG: 0000012321 # NEW.SIG: 0011336770 # TIME: 0.32s
2024-07-31 19:19:55,076 - INFO - ADAPTED STRATEGY # ALPHA: 0.0 # ADAPTED MOVES: 70 # PREV.SIG: 0000012321 # NEW.SIG: 0011735961 # TIME: 0.33s
2024-07-31 19:19:55,935 - INFO - ADAPTED STRATEGY # ALPHA: 0.0 # ADAPTED MOVES: 70 # PREV.SIG: 0000012321 # NEW.SIG: 0012854107 # TIME: 0.33s
2024-07-31 19:19:56,347 - INFO - ADAPTED STRATEGY # ALPHA: 0.0 # ADAPTED MOVES: 71 # PREV.SIG: 0000012321 # NEW.SIG: 0011850798 # TIME: 0.36s
2024-07-31 19:19:57,167 - INFO - ADAPTED STRATEGY # ALPHA: 0.0 # ADAPTED MOVES: 73 # PREV.SIG: 0000012321 # NEW.SIG: 0013381175 # TIME: 0.37s
2024-07-31 19:19:57,605 - INFO - ADAPTED STRATEGY # ALPHA: 0.0 # ADAPTED MOVES: 77 # PREV.SIG: 0000012321 # NEW.SIG: 0013425982 # TIME: 0.37s
2024-07-31 19:20:00,567 - INFO - ADAPTED STRATEGY # ALPHA: 0.0 # ADAPTED MOVES: 78 # PREV.SIG: 0000012321 # NEW.SIG: 0013049883 # TIME: 0.38s
2024-07-31 19:20:01,449 - INFO - [32mNRPA: COMPLETED LEVEL 1 // TOTAL MOVES: 78 // TIME: 7.51s // SIGNATURE: 0013049883 
[0m
2024-07-31 19:20:01,826 - INFO - ADAPTED STRATEGY # ALPHA: 0.0 # ADAPTED MOVES: 68 # PREV.SIG: 0000012321 # NEW.SIG: 0012073603 # TIME: 0.32s
2024-07-31 19:20:02,312 - INFO - ADAPTED STRATEGY # ALPHA: 0.0 # ADAPTED MOVES: 69 # PREV.SIG: 0000012321 # NEW.SIG: 0011935141 # TIME: 0.32s
2024-07-31 19:20:02,753 - INFO - ADAPTED STRATEGY # ALPHA: 0.0 # ADAPTED MOVES: 70 # PREV.SIG: 0000012321 # NEW.SIG: 0011863434 # TIME: 0.34s
2024-07-31 19:20:03,618 - INFO - ADAPTED STRATEGY # ALPHA: 0.0 # ADAPTED MOVES: 71 # PREV.SIG: 0000012321 # NEW.SIG: 0011046808 # TIME: 0.34s
2024-07-31 19:20:04,322 - INFO - ADAPTED STRATEGY # ALPHA: 0.0 # ADAPTED MOVES: 72 # PREV.SIG: 0000012321 # NEW.SIG: 0012640511 # TIME: 0.34s
2024-07-31 19:20:05,666 - INFO - ADAPTED STRATEGY # ALPHA: 0.0 # ADAPTED MOVES: 75 # PREV.SIG: 0000012321 # NEW.SIG: 0014125705 # TIME: 0.36s
2024-07-31 19:20:06,145 - INFO - ADAPTED STRATEGY # ALPHA: 0.0 # ADAPTED MOVES: 75 # PREV.SIG: 0000012321 # NEW.SIG: 0013212439 # TIME: 0.36s
2024-07-31 19:20:08,359 - INFO - ADAPTED STRATEGY # ALPHA: 0.0 # ADAPTED MOVES: 78 # PREV.SIG: 0000012321 # NEW.SIG: 0013956453 # TIME: 0.37s
2024-07-31 19:20:09,331 - INFO - [32mNRPA: COMPLETED LEVEL 1 // TOTAL MOVES: 78 // TIME: 7.88s // SIGNATURE: 0013956453 
[0m
2024-07-31 19:20:09,715 - INFO - ADAPTED STRATEGY # ALPHA: 0.0 # ADAPTED MOVES: 68 # PREV.SIG: 0000012321 # NEW.SIG: 0012120787 # TIME: 0.33s
2024-07-31 19:20:10,315 - INFO - ADAPTED STRATEGY # ALPHA: 0.0 # ADAPTED MOVES: 71 # PREV.SIG: 0000012321 # NEW.SIG: 0012349662 # TIME: 0.34s
2024-07-31 19:20:11,037 - INFO - ADAPTED STRATEGY # ALPHA: 0.0 # ADAPTED MOVES: 73 # PREV.SIG: 0000012321 # NEW.SIG: 0012845203 # TIME: 0.35s
2024-07-31 19:20:11,803 - INFO - ADAPTED STRATEGY # ALPHA: 0.0 # ADAPTED MOVES: 73 # PREV.SIG: 0000012321 # NEW.SIG: 0011795581 # TIME: 0.35s
2024-07-31 19:20:13,625 - INFO - ADAPTED STRATEGY # ALPHA: 0.0 # ADAPTED MOVES: 73 # PREV.SIG: 0000012321 # NEW.SIG: 0013558568 # TIME: 0.35s
2024-07-31 19:20:14,639 - INFO - ADAPTED STRATEGY # ALPHA: 0.0 # ADAPTED MOVES: 77 # PREV.SIG: 0000012321 # NEW.SIG: 0013073537 # TIME: 0.37s
2024-07-31 19:20:15,693 - INFO - ADAPTED STRATEGY # ALPHA: 0.0 # ADAPTED MOVES: 80 # PREV.SIG: 0000012321 # NEW.SIG: 0013214684 # TIME: 0.38s
2024-07-31 19:20:16,695 - INFO - [32mNRPA: COMPLETED LEVEL 1 // TOTAL MOVES: 80 // TIME: 7.36s // SIGNATURE: 0013214684 
[0m
2024-07-31 19:20:16,918 - INFO - ADAPTED STRATEGY # ALPHA: 0.0 # ADAPTED MOVES: 37 # PREV.SIG: 0000012321 # NEW.SIG: 0005992660 # TIME: 0.19s
2024-07-31 19:20:17,269 - INFO - ADAPTED STRATEGY # ALPHA: 0.0 # ADAPTED MOVES: 63 # PREV.SIG: 0000012321 # NEW.SIG: 0011527230 # TIME: 0.30s
2024-07-31 19:20:17,633 - INFO - ADAPTED STRATEGY # ALPHA: 0.0 # ADAPTED MOVES: 65 # PREV.SIG: 0000012321 # NEW.SIG: 0011770034 # TIME: 0.31s
2024-07-31 19:20:18,070 - INFO - ADAPTED STRATEGY # ALPHA: 0.0 # ADAPTED MOVES: 69 # PREV.SIG: 0000012321 # NEW.SIG: 0012003353 # TIME: 0.32s
2024-07-31 19:20:19,044 - INFO - ADAPTED STRATEGY # ALPHA: 0.0 # ADAPTED MOVES: 69 # PREV.SIG: 0000012321 # NEW.SIG: 0011749446 # TIME: 0.33s
2024-07-31 19:20:19,622 - INFO - ADAPTED STRATEGY # ALPHA: 0.0 # ADAPTED MOVES: 69 # PREV.SIG: 0000012321 # NEW.SIG: 0011534824 # TIME: 0.33s
2024-07-31 19:20:20,128 - INFO - ADAPTED STRATEGY # ALPHA: 0.0 # ADAPTED MOVES: 74 # PREV.SIG: 0000012321 # NEW.SIG: 0013039245 # TIME: 0.35s
2024-07-31 19:20:21,108 - INFO - ADAPTED STRATEGY # ALPHA: 0.0 # ADAPTED MOVES: 83 # PREV.SIG: 0000012321 # NEW.SIG: 0014565991 # TIME: 0.39s
2024-07-31 19:20:24,023 - INFO - [32mNRPA: COMPLETED LEVEL 1 // TOTAL MOVES: 83 // TIME: 7.33s // SIGNATURE: 0014565991 
[0m
2024-07-31 19:20:24,381 - INFO - ADAPTED STRATEGY # ALPHA: 0.0 # ADAPTED MOVES: 63 # PREV.SIG: 0000012321 # NEW.SIG: 0010430361 # TIME: 0.30s
2024-07-31 19:20:24,835 - INFO - ADAPTED STRATEGY # ALPHA: 0.0 # ADAPTED MOVES: 72 # PREV.SIG: 0000012321 # NEW.SIG: 0011644744 # TIME: 0.34s
2024-07-31 19:20:25,723 - INFO - ADAPTED STRATEGY # ALPHA: 0.0 # ADAPTED MOVES: 76 # PREV.SIG: 0000012321 # NEW.SIG: 0013042118 # TIME: 0.36s
2024-07-31 19:20:28,761 - INFO - ADAPTED STRATEGY # ALPHA: 0.0 # ADAPTED MOVES: 79 # PREV.SIG: 0000012321 # NEW.SIG: 0013880869 # TIME: 0.37s
2024-07-31 19:20:30,469 - INFO - [32mNRPA: COMPLETED LEVEL 1 // TOTAL MOVES: 79 // TIME: 6.44s // SIGNATURE: 0013880869 
[0m
2024-07-31 19:20:30,857 - INFO - ADAPTED STRATEGY # ALPHA: 0.0 # ADAPTED MOVES: 70 # PREV.SIG: 0000012321 # NEW.SIG: 0012248712 # TIME: 0.33s
2024-07-31 19:20:32,669 - INFO - ADAPTED STRATEGY # ALPHA: 0.0 # ADAPTED MOVES: 72 # PREV.SIG: 0000012321 # NEW.SIG: 0013032435 # TIME: 0.34s
2024-07-31 19:20:33,458 - INFO - ADAPTED STRATEGY # ALPHA: 0.0 # ADAPTED MOVES: 72 # PREV.SIG: 0000012321 # NEW.SIG: 0012551994 # TIME: 0.34s
2024-07-31 19:20:35,029 - INFO - ADAPTED STRATEGY # ALPHA: 0.0 # ADAPTED MOVES: 72 # PREV.SIG: 0000012321 # NEW.SIG: 0012361356 # TIME: 0.34s
2024-07-31 19:20:35,542 - INFO - ADAPTED STRATEGY # ALPHA: 0.0 # ADAPTED MOVES: 72 # PREV.SIG: 0000012321 # NEW.SIG: 0012959339 # TIME: 0.34s
2024-07-31 19:20:36,494 - INFO - ADAPTED STRATEGY # ALPHA: 0.0 # ADAPTED MOVES: 74 # PREV.SIG: 0000012321 # NEW.SIG: 0012311549 # TIME: 0.35s
2024-07-31 19:20:37,236 - INFO - [32mNRPA: COMPLETED LEVEL 1 // TOTAL MOVES: 74 // TIME: 6.77s // SIGNATURE: 0012311549 
[0m
2024-07-31 19:20:37,610 - INFO - ADAPTED STRATEGY # ALPHA: 0.0 # ADAPTED MOVES: 68 # PREV.SIG: 0000012321 # NEW.SIG: 0012365872 # TIME: 0.32s
2024-07-31 19:20:38,065 - INFO - ADAPTED STRATEGY # ALPHA: 0.0 # ADAPTED MOVES: 84 # PREV.SIG: 0000012321 # NEW.SIG: 0015129042 # TIME: 0.39s
2024-07-31 19:20:42,877 - INFO - [32mNRPA: COMPLETED LEVEL 1 // TOTAL MOVES: 84 // TIME: 5.64s // SIGNATURE: 0015129042 
[0m
2024-07-31 19:20:43,252 - INFO - ADAPTED STRATEGY # ALPHA: 0.0 # ADAPTED MOVES: 68 # PREV.SIG: 0000012321 # NEW.SIG: 0011494044 # TIME: 0.32s
2024-07-31 19:20:44,142 - INFO - ADAPTED STRATEGY # ALPHA: 0.0 # ADAPTED MOVES: 74 # PREV.SIG: 0000012321 # NEW.SIG: 0012796880 # TIME: 0.35s
2024-07-31 19:20:44,932 - INFO - ADAPTED STRATEGY # ALPHA: 0.0 # ADAPTED MOVES: 76 # PREV.SIG: 0000012321 # NEW.SIG: 0013474085 # TIME: 0.37s
2024-07-31 19:20:48,849 - INFO - [32mNRPA: COMPLETED LEVEL 1 // TOTAL MOVES: 76 // TIME: 5.97s // SIGNATURE: 0013474085 
[0m
2024-07-31 19:20:49,211 - INFO - ADAPTED STRATEGY # ALPHA: 0.0 # ADAPTED MOVES: 66 # PREV.SIG: 0000012321 # NEW.SIG: 0011247141 # TIME: 0.31s
2024-07-31 19:20:49,891 - INFO - ADAPTED STRATEGY # ALPHA: 0.0 # ADAPTED MOVES: 66 # PREV.SIG: 0000012321 # NEW.SIG: 0011319550 # TIME: 0.31s
2024-07-31 19:20:50,265 - INFO - ADAPTED STRATEGY # ALPHA: 0.0 # ADAPTED MOVES: 68 # PREV.SIG: 0000012321 # NEW.SIG: 0011826706 # TIME: 0.32s
2024-07-31 19:20:51,360 - INFO - ADAPTED STRATEGY # ALPHA: 0.0 # ADAPTED MOVES: 75 # PREV.SIG: 0000012321 # NEW.SIG: 0012366437 # TIME: 0.35s
2024-07-31 19:20:54,595 - INFO - ADAPTED STRATEGY # ALPHA: 0.0 # ADAPTED MOVES: 76 # PREV.SIG: 0000012321 # NEW.SIG: 0013598046 # TIME: 0.35s
2024-07-31 19:20:55,338 - INFO - [32mNRPA: COMPLETED LEVEL 1 // TOTAL MOVES: 76 // TIME: 6.49s // SIGNATURE: 0013598046 
[0m
2024-07-31 19:20:55,688 - INFO - ADAPTED STRATEGY # ALPHA: 0.0 # ADAPTED MOVES: 64 # PREV.SIG: 0000012321 # NEW.SIG: 0010700149 # TIME: 0.30s
2024-07-31 19:20:56,081 - INFO - ADAPTED STRATEGY # ALPHA: 0.0 # ADAPTED MOVES: 72 # PREV.SIG: 0000012321 # NEW.SIG: 0013006076 # TIME: 0.34s
2024-07-31 19:20:56,732 - INFO - ADAPTED STRATEGY # ALPHA: 0.0 # ADAPTED MOVES: 72 # PREV.SIG: 0000012321 # NEW.SIG: 0013146235 # TIME: 0.34s
2024-07-31 19:20:57,210 - INFO - ADAPTED STRATEGY # ALPHA: 0.0 # ADAPTED MOVES: 74 # PREV.SIG: 0000012321 # NEW.SIG: 0012601089 # TIME: 0.34s
2024-07-31 19:20:59,627 - INFO - ADAPTED STRATEGY # ALPHA: 0.0 # ADAPTED MOVES: 74 # PREV.SIG: 0000012321 # NEW.SIG: 0012480633 # TIME: 0.35s
2024-07-31 19:21:01,764 - INFO - ADAPTED STRATEGY # ALPHA: 0.0 # ADAPTED MOVES: 75 # PREV.SIG: 0000012321 # NEW.SIG: 0013380076 # TIME: 0.35s
2024-07-31 19:21:02,296 - INFO - [32mNRPA: COMPLETED LEVEL 1 // TOTAL MOVES: 75 // TIME: 6.96s // SIGNATURE: 0013380076 
[0m
2024-07-31 19:21:02,652 - INFO - ADAPTED STRATEGY # ALPHA: 0.0 # ADAPTED MOVES: 65 # PREV.SIG: 0000012321 # NEW.SIG: 0011300330 # TIME: 0.30s
2024-07-31 19:21:03,016 - INFO - ADAPTED STRATEGY # ALPHA: 0.0 # ADAPTED MOVES: 66 # PREV.SIG: 0000012321 # NEW.SIG: 0011847708 # TIME: 0.31s
2024-07-31 19:21:03,389 - INFO - ADAPTED STRATEGY # ALPHA: 0.0 # ADAPTED MOVES: 68 # PREV.SIG: 0000012321 # NEW.SIG: 0011711268 # TIME: 0.32s
2024-07-31 19:21:04,038 - INFO - ADAPTED STRATEGY # ALPHA: 0.0 # ADAPTED MOVES: 82 # PREV.SIG: 0000012321 # NEW.SIG: 0015081049 # TIME: 0.38s
2024-07-31 19:21:08,935 - INFO - [32mNRPA: COMPLETED LEVEL 1 // TOTAL MOVES: 82 // TIME: 6.64s // SIGNATURE: 0015081049 
[0m
2024-07-31 19:21:09,140 - INFO - ADAPTED STRATEGY # ALPHA: 0.0 # ADAPTED MOVES: 34 # PREV.SIG: 0000012321 # NEW.SIG: 0006107400 # TIME: 0.17s
2024-07-31 19:21:09,590 - INFO - ADAPTED STRATEGY # ALPHA: 0.0 # ADAPTED MOVES: 78 # PREV.SIG: 0000012321 # NEW.SIG: 0013484152 # TIME: 0.39s
2024-07-31 19:21:12,204 - INFO - ADAPTED STRATEGY # ALPHA: 0.0 # ADAPTED MOVES: 78 # PREV.SIG: 0000012321 # NEW.SIG: 0013763754 # TIME: 0.37s
2024-07-31 19:21:14,369 - INFO - ADAPTED STRATEGY # ALPHA: 0.0 # ADAPTED MOVES: 78 # PREV.SIG: 0000012321 # NEW.SIG: 0013304731 # TIME: 0.38s
2024-07-31 19:21:15,243 - INFO - [32mNRPA: COMPLETED LEVEL 1 // TOTAL MOVES: 78 // TIME: 6.31s // SIGNATURE: 0013304731 
[0m
2024-07-31 19:21:15,661 - INFO - ADAPTED STRATEGY # ALPHA: 0.0 # ADAPTED MOVES: 75 # PREV.SIG: 0000012321 # NEW.SIG: 0012275703 # TIME: 0.36s
2024-07-31 19:21:20,291 - INFO - ADAPTED STRATEGY # ALPHA: 0.0 # ADAPTED MOVES: 79 # PREV.SIG: 0000012321 # NEW.SIG: 0013572123 # TIME: 0.38s
2024-07-31 19:21:20,807 - INFO - [32mNRPA: COMPLETED LEVEL 1 // TOTAL MOVES: 79 // TIME: 5.56s // SIGNATURE: 0013572123 
[0m
2024-07-31 19:21:21,188 - INFO - ADAPTED STRATEGY # ALPHA: 0.0 # ADAPTED MOVES: 69 # PREV.SIG: 0000012321 # NEW.SIG: 0011765716 # TIME: 0.32s
2024-07-31 19:21:21,808 - INFO - ADAPTED STRATEGY # ALPHA: 0.0 # ADAPTED MOVES: 74 # PREV.SIG: 0000012321 # NEW.SIG: 0011842205 # TIME: 0.35s
2024-07-31 19:21:22,438 - INFO - ADAPTED STRATEGY # ALPHA: 0.0 # ADAPTED MOVES: 74 # PREV.SIG: 0000012321 # NEW.SIG: 0013429241 # TIME: 0.35s
2024-07-31 19:21:23,094 - INFO - ADAPTED STRATEGY # ALPHA: 0.0 # ADAPTED MOVES: 82 # PREV.SIG: 0000012321 # NEW.SIG: 0015585013 # TIME: 0.39s
2024-07-31 19:21:27,132 - INFO - [32mNRPA: COMPLETED LEVEL 1 // TOTAL MOVES: 82 // TIME: 6.32s // SIGNATURE: 0015585013 
[0m
2024-07-31 19:21:27,466 - INFO - ADAPTED STRATEGY # ALPHA: 0.0 # ADAPTED MOVES: 59 # PREV.SIG: 0000012321 # NEW.SIG: 0010402979 # TIME: 0.29s
2024-07-31 19:21:27,840 - INFO - ADAPTED STRATEGY # ALPHA: 0.0 # ADAPTED MOVES: 62 # PREV.SIG: 0000012321 # NEW.SIG: 0011167952 # TIME: 0.29s
2024-07-31 19:21:28,215 - INFO - ADAPTED STRATEGY # ALPHA: 0.0 # ADAPTED MOVES: 69 # PREV.SIG: 0000012321 # NEW.SIG: 0012171118 # TIME: 0.32s
2024-07-31 19:21:28,604 - INFO - ADAPTED STRATEGY # ALPHA: 0.0 # ADAPTED MOVES: 70 # PREV.SIG: 0000012321 # NEW.SIG: 0012920400 # TIME: 0.33s
2024-07-31 19:21:29,318 - INFO - ADAPTED STRATEGY # ALPHA: 0.0 # ADAPTED MOVES: 70 # PREV.SIG: 0000012321 # NEW.SIG: 0011755802 # TIME: 0.33s
2024-07-31 19:21:29,776 - INFO - ADAPTED STRATEGY # ALPHA: 0.0 # ADAPTED MOVES: 74 # PREV.SIG: 0000012321 # NEW.SIG: 0012538258 # TIME: 0.35s
2024-07-31 19:21:31,240 - INFO - ADAPTED STRATEGY # ALPHA: 0.0 # ADAPTED MOVES: 76 # PREV.SIG: 0000012321 # NEW.SIG: 0012964330 # TIME: 0.36s
2024-07-31 19:21:34,085 - INFO - [32mNRPA: COMPLETED LEVEL 1 // TOTAL MOVES: 76 // TIME: 6.95s // SIGNATURE: 0012964330 
[0m
2024-07-31 19:21:34,245 - INFO - ADAPTED STRATEGY # ALPHA: 0.0 # ADAPTED MOVES: 26 # PREV.SIG: 0000012321 # NEW.SIG: 0004603365 # TIME: 0.13s
2024-07-31 19:21:34,589 - INFO - ADAPTED STRATEGY # ALPHA: 0.0 # ADAPTED MOVES: 62 # PREV.SIG: 0000012321 # NEW.SIG: 0010784446 # TIME: 0.29s
2024-07-31 19:21:34,979 - INFO - ADAPTED STRATEGY # ALPHA: 0.0 # ADAPTED MOVES: 62 # PREV.SIG: 0000012321 # NEW.SIG: 0010549605 # TIME: 0.29s
2024-07-31 19:21:35,356 - INFO - ADAPTED STRATEGY # ALPHA: 0.0 # ADAPTED MOVES: 68 # PREV.SIG: 0000012321 # NEW.SIG: 0011960098 # TIME: 0.32s
2024-07-31 19:21:35,735 - INFO - ADAPTED STRATEGY # ALPHA: 0.0 # ADAPTED MOVES: 69 # PREV.SIG: 0000012321 # NEW.SIG: 0012624736 # TIME: 0.32s
2024-07-31 19:21:36,496 - INFO - ADAPTED STRATEGY # ALPHA: 0.0 # ADAPTED MOVES: 69 # PREV.SIG: 0000012321 # NEW.SIG: 0011780985 # TIME: 0.33s
2024-07-31 19:21:37,073 - INFO - ADAPTED STRATEGY # ALPHA: 0.0 # ADAPTED MOVES: 72 # PREV.SIG: 0000012321 # NEW.SIG: 0012862056 # TIME: 0.34s
2024-07-31 19:21:37,606 - INFO - ADAPTED STRATEGY # ALPHA: 0.0 # ADAPTED MOVES: 73 # PREV.SIG: 0000012321 # NEW.SIG: 0012558986 # TIME: 0.34s
2024-07-31 19:21:41,304 - INFO - ADAPTED STRATEGY # ALPHA: 0.0 # ADAPTED MOVES: 79 # PREV.SIG: 0000012321 # NEW.SIG: 0013569397 # TIME: 0.37s
2024-07-31 19:21:41,575 - INFO - [32mNRPA: COMPLETED LEVEL 1 // TOTAL MOVES: 79 // TIME: 7.49s // SIGNATURE: 0013569397 
[0m
2024-07-31 19:21:41,945 - INFO - ADAPTED STRATEGY # ALPHA: 0.0 # ADAPTED MOVES: 67 # PREV.SIG: 0000012321 # NEW.SIG: 0011187012 # TIME: 0.32s
2024-07-31 19:21:42,398 - INFO - ADAPTED STRATEGY # ALPHA: 0.0 # ADAPTED MOVES: 67 # PREV.SIG: 0000012321 # NEW.SIG: 0011652623 # TIME: 0.31s
2024-07-31 19:21:43,112 - INFO - ADAPTED STRATEGY # ALPHA: 0.0 # ADAPTED MOVES: 68 # PREV.SIG: 0000012321 # NEW.SIG: 0012728349 # TIME: 0.32s
2024-07-31 19:21:43,638 - INFO - ADAPTED STRATEGY # ALPHA: 0.0 # ADAPTED MOVES: 68 # PREV.SIG: 0000012321 # NEW.SIG: 0011701559 # TIME: 0.32s
2024-07-31 19:21:44,089 - INFO - ADAPTED STRATEGY # ALPHA: 0.0 # ADAPTED MOVES: 73 # PREV.SIG: 0000012321 # NEW.SIG: 0012487247 # TIME: 0.34s
2024-07-31 19:21:46,927 - INFO - ADAPTED STRATEGY # ALPHA: 0.0 # ADAPTED MOVES: 75 # PREV.SIG: 0000012321 # NEW.SIG: 0012943200 # TIME: 0.36s
2024-07-31 19:21:47,980 - INFO - ADAPTED STRATEGY # ALPHA: 0.0 # ADAPTED MOVES: 76 # PREV.SIG: 0000012321 # NEW.SIG: 0013535376 # TIME: 0.35s
2024-07-31 19:21:48,868 - INFO - [32mNRPA: COMPLETED LEVEL 1 // TOTAL MOVES: 76 // TIME: 7.29s // SIGNATURE: 0013535376 
[0m
2024-07-31 19:21:49,232 - INFO - ADAPTED STRATEGY # ALPHA: 0.0 # ADAPTED MOVES: 66 # PREV.SIG: 0000012321 # NEW.SIG: 0012032441 # TIME: 0.31s
2024-07-31 19:21:49,702 - INFO - ADAPTED STRATEGY # ALPHA: 0.0 # ADAPTED MOVES: 67 # PREV.SIG: 0000012321 # NEW.SIG: 0011604511 # TIME: 0.31s
2024-07-31 19:21:50,077 - INFO - ADAPTED STRATEGY # ALPHA: 0.0 # ADAPTED MOVES: 68 # PREV.SIG: 0000012321 # NEW.SIG: 0012787515 # TIME: 0.32s
2024-07-31 19:21:50,454 - INFO - ADAPTED STRATEGY # ALPHA: 0.0 # ADAPTED MOVES: 69 # PREV.SIG: 0000012321 # NEW.SIG: 0012425226 # TIME: 0.32s
2024-07-31 19:21:50,996 - INFO - ADAPTED STRATEGY # ALPHA: 0.0 # ADAPTED MOVES: 75 # PREV.SIG: 0000012321 # NEW.SIG: 0013042754 # TIME: 0.36s
2024-07-31 19:21:53,751 - INFO - ADAPTED STRATEGY # ALPHA: 0.0 # ADAPTED MOVES: 75 # PREV.SIG: 0000012321 # NEW.SIG: 0014079218 # TIME: 0.36s
2024-07-31 19:21:55,536 - INFO - [32mNRPA: COMPLETED LEVEL 1 // TOTAL MOVES: 75 // TIME: 6.67s // SIGNATURE: 0014079218 
[0m
2024-07-31 19:21:55,702 - INFO - ADAPTED STRATEGY # ALPHA: 0.0 # ADAPTED MOVES: 27 # PREV.SIG: 0000012321 # NEW.SIG: 0004484258 # TIME: 0.14s
2024-07-31 19:21:56,058 - INFO - ADAPTED STRATEGY # ALPHA: 0.0 # ADAPTED MOVES: 60 # PREV.SIG: 0000012321 # NEW.SIG: 0010642583 # TIME: 0.28s
2024-07-31 19:21:56,478 - INFO - ADAPTED STRATEGY # ALPHA: 0.0 # ADAPTED MOVES: 77 # PREV.SIG: 0000012321 # NEW.SIG: 0013545946 # TIME: 0.36s
2024-07-31 19:21:57,508 - INFO - ADAPTED STRATEGY # ALPHA: 0.0 # ADAPTED MOVES: 80 # PREV.SIG: 0000012321 # NEW.SIG: 0013535587 # TIME: 0.38s
2024-07-31 19:22:01,327 - INFO - [32mNRPA: COMPLETED LEVEL 1 // TOTAL MOVES: 80 // TIME: 5.79s // SIGNATURE: 0013535587 
[0m
2024-07-31 19:22:01,700 - INFO - ADAPTED STRATEGY # ALPHA: 0.0 # ADAPTED MOVES: 68 # PREV.SIG: 0000012321 # NEW.SIG: 0012075620 # TIME: 0.32s
2024-07-31 19:22:02,163 - INFO - ADAPTED STRATEGY # ALPHA: 0.0 # ADAPTED MOVES: 70 # PREV.SIG: 0000012321 # NEW.SIG: 0011398963 # TIME: 0.33s
2024-07-31 19:22:02,683 - INFO - ADAPTED STRATEGY # ALPHA: 0.0 # ADAPTED MOVES: 76 # PREV.SIG: 0000012321 # NEW.SIG: 0014055129 # TIME: 0.35s
2024-07-31 19:22:07,256 - INFO - [32mNRPA: COMPLETED LEVEL 1 // TOTAL MOVES: 76 // TIME: 5.93s // SIGNATURE: 0014055129 
[0m
2024-07-31 19:22:07,608 - INFO - ADAPTED STRATEGY # ALPHA: 0.0 # ADAPTED MOVES: 64 # PREV.SIG: 0000012321 # NEW.SIG: 0011647478 # TIME: 0.30s
2024-07-31 19:22:08,080 - INFO - ADAPTED STRATEGY # ALPHA: 0.0 # ADAPTED MOVES: 65 # PREV.SIG: 0000012321 # NEW.SIG: 0011139240 # TIME: 0.31s
2024-07-31 19:22:08,472 - INFO - ADAPTED STRATEGY # ALPHA: 0.0 # ADAPTED MOVES: 72 # PREV.SIG: 0000012321 # NEW.SIG: 0011672119 # TIME: 0.34s
2024-07-31 19:22:09,113 - INFO - ADAPTED STRATEGY # ALPHA: 0.0 # ADAPTED MOVES: 74 # PREV.SIG: 0000012321 # NEW.SIG: 0012520172 # TIME: 0.35s
2024-07-31 19:22:10,033 - INFO - ADAPTED STRATEGY # ALPHA: 0.0 # ADAPTED MOVES: 82 # PREV.SIG: 0000012321 # NEW.SIG: 0014754275 # TIME: 0.39s
2024-07-31 19:22:13,653 - INFO - [32mNRPA: COMPLETED LEVEL 1 // TOTAL MOVES: 82 // TIME: 6.40s // SIGNATURE: 0014754275 
[0m
2024-07-31 19:22:14,034 - INFO - ADAPTED STRATEGY # ALPHA: 0.0 # ADAPTED MOVES: 68 # PREV.SIG: 0000012321 # NEW.SIG: 0011821635 # TIME: 0.33s
2024-07-31 19:22:14,735 - INFO - ADAPTED STRATEGY # ALPHA: 0.0 # ADAPTED MOVES: 69 # PREV.SIG: 0000012321 # NEW.SIG: 0011841727 # TIME: 0.33s
2024-07-31 19:22:15,126 - INFO - ADAPTED STRATEGY # ALPHA: 0.0 # ADAPTED MOVES: 72 # PREV.SIG: 0000012321 # NEW.SIG: 0011998837 # TIME: 0.33s
2024-07-31 19:22:17,047 - INFO - ADAPTED STRATEGY # ALPHA: 0.0 # ADAPTED MOVES: 73 # PREV.SIG: 0000012321 # NEW.SIG: 0012212815 # TIME: 0.34s
2024-07-31 19:22:17,977 - INFO - ADAPTED STRATEGY # ALPHA: 0.0 # ADAPTED MOVES: 83 # PREV.SIG: 0000012321 # NEW.SIG: 0014774849 # TIME: 0.39s
2024-07-31 19:22:20,232 - INFO - [32mNRPA: COMPLETED LEVEL 1 // TOTAL MOVES: 83 // TIME: 6.58s // SIGNATURE: 0014774849 
[0m
2024-07-31 19:22:20,576 - INFO - ADAPTED STRATEGY # ALPHA: 0.0 # ADAPTED MOVES: 62 # PREV.SIG: 0000012321 # NEW.SIG: 0011426487 # TIME: 0.29s
2024-07-31 19:22:20,926 - INFO - ADAPTED STRATEGY # ALPHA: 0.0 # ADAPTED MOVES: 63 # PREV.SIG: 0000012321 # NEW.SIG: 0011269050 # TIME: 0.30s
2024-07-31 19:22:21,344 - INFO - ADAPTED STRATEGY # ALPHA: 0.0 # ADAPTED MOVES: 65 # PREV.SIG: 0000012321 # NEW.SIG: 0011576970 # TIME: 0.31s
2024-07-31 19:22:21,717 - INFO - ADAPTED STRATEGY # ALPHA: 0.0 # ADAPTED MOVES: 66 # PREV.SIG: 0000012321 # NEW.SIG: 0011591096 # TIME: 0.32s
2024-07-31 19:22:22,336 - INFO - ADAPTED STRATEGY # ALPHA: 0.0 # ADAPTED MOVES: 71 # PREV.SIG: 0000012321 # NEW.SIG: 0011629271 # TIME: 0.34s
2024-07-31 19:22:23,212 - INFO - ADAPTED STRATEGY # ALPHA: 0.0 # ADAPTED MOVES: 71 # PREV.SIG: 0000012321 # NEW.SIG: 0012929194 # TIME: 0.33s
2024-07-31 19:22:24,439 - INFO - ADAPTED STRATEGY # ALPHA: 0.0 # ADAPTED MOVES: 71 # PREV.SIG: 0000012321 # NEW.SIG: 0012148919 # TIME: 0.33s
2024-07-31 19:22:25,386 - INFO - ADAPTED STRATEGY # ALPHA: 0.0 # ADAPTED MOVES: 71 # PREV.SIG: 0000012321 # NEW.SIG: 0011601775 # TIME: 0.33s
2024-07-31 19:22:26,082 - INFO - ADAPTED STRATEGY # ALPHA: 0.0 # ADAPTED MOVES: 73 # PREV.SIG: 0000012321 # NEW.SIG: 0012916718 # TIME: 0.34s
2024-07-31 19:22:26,537 - INFO - ADAPTED STRATEGY # ALPHA: 0.0 # ADAPTED MOVES: 74 # PREV.SIG: 0000012321 # NEW.SIG: 0013175310 # TIME: 0.35s
2024-07-31 19:22:27,821 - INFO - ADAPTED STRATEGY # ALPHA: 0.0 # ADAPTED MOVES: 76 # PREV.SIG: 0000012321 # NEW.SIG: 0013076081 # TIME: 0.36s
2024-07-31 19:22:28,687 - INFO - [32mNRPA: COMPLETED LEVEL 1 // TOTAL MOVES: 76 // TIME: 8.45s // SIGNATURE: 0013076081 
[0m
2024-07-31 19:22:29,077 - INFO - ADAPTED STRATEGY # ALPHA: 0.0 # ADAPTED MOVES: 70 # PREV.SIG: 0000012321 # NEW.SIG: 0012233829 # TIME: 0.33s
2024-07-31 19:22:29,933 - INFO - ADAPTED STRATEGY # ALPHA: 0.0 # ADAPTED MOVES: 71 # PREV.SIG: 0000012321 # NEW.SIG: 0012968616 # TIME: 0.33s
2024-07-31 19:22:30,781 - INFO - ADAPTED STRATEGY # ALPHA: 0.0 # ADAPTED MOVES: 71 # PREV.SIG: 0000012321 # NEW.SIG: 0011880636 # TIME: 0.34s
2024-07-31 19:22:31,292 - INFO - ADAPTED STRATEGY # ALPHA: 0.0 # ADAPTED MOVES: 73 # PREV.SIG: 0000012321 # NEW.SIG: 0012266048 # TIME: 0.34s
2024-07-31 19:22:33,703 - INFO - ADAPTED STRATEGY # ALPHA: 0.0 # ADAPTED MOVES: 74 # PREV.SIG: 0000012321 # NEW.SIG: 0012227227 # TIME: 0.34s
2024-07-31 19:22:35,085 - INFO - [32mNRPA: COMPLETED LEVEL 1 // TOTAL MOVES: 74 // TIME: 6.40s // SIGNATURE: 0012227227 
[0m
2024-07-31 19:22:35,436 - INFO - ADAPTED STRATEGY # ALPHA: 0.0 # ADAPTED MOVES: 63 # PREV.SIG: 0000012321 # NEW.SIG: 0010899287 # TIME: 0.30s
2024-07-31 19:22:35,830 - INFO - ADAPTED STRATEGY # ALPHA: 0.0 # ADAPTED MOVES: 67 # PREV.SIG: 0000012321 # NEW.SIG: 0011730920 # TIME: 0.32s
2024-07-31 19:22:36,382 - INFO - ADAPTED STRATEGY # ALPHA: 0.0 # ADAPTED MOVES: 69 # PREV.SIG: 0000012321 # NEW.SIG: 0011848756 # TIME: 0.32s
2024-07-31 19:22:36,871 - INFO - ADAPTED STRATEGY # ALPHA: 0.0 # ADAPTED MOVES: 71 # PREV.SIG: 0000012321 # NEW.SIG: 0011911172 # TIME: 0.33s
2024-07-31 19:22:37,666 - INFO - ADAPTED STRATEGY # ALPHA: 0.0 # ADAPTED MOVES: 79 # PREV.SIG: 0000012321 # NEW.SIG: 0013603663 # TIME: 0.37s
2024-07-31 19:22:40,762 - INFO - ADAPTED STRATEGY # ALPHA: 0.0 # ADAPTED MOVES: 80 # PREV.SIG: 0000012321 # NEW.SIG: 0014048538 # TIME: 0.38s
2024-07-31 19:22:41,882 - INFO - [32mNRPA: COMPLETED LEVEL 1 // TOTAL MOVES: 80 // TIME: 6.80s // SIGNATURE: 0014048538 
[0m
2024-07-31 19:22:42,227 - INFO - ADAPTED STRATEGY # ALPHA: 0.0 # ADAPTED MOVES: 61 # PREV.SIG: 0000012321 # NEW.SIG: 0010337417 # TIME: 0.29s
2024-07-31 19:22:42,672 - INFO - ADAPTED STRATEGY # ALPHA: 0.0 # ADAPTED MOVES: 81 # PREV.SIG: 0000012321 # NEW.SIG: 0014687403 # TIME: 0.39s
2024-07-31 19:22:47,297 - INFO - [32mNRPA: COMPLETED LEVEL 1 // TOTAL MOVES: 81 // TIME: 5.41s // SIGNATURE: 0014687403 
[0m
2024-07-31 19:22:47,637 - INFO - ADAPTED STRATEGY # ALPHA: 0.0 # ADAPTED MOVES: 61 # PREV.SIG: 0000012321 # NEW.SIG: 0010360208 # TIME: 0.29s
2024-07-31 19:22:47,994 - INFO - ADAPTED STRATEGY # ALPHA: 0.0 # ADAPTED MOVES: 64 # PREV.SIG: 0000012321 # NEW.SIG: 0011561338 # TIME: 0.30s
2024-07-31 19:22:48,383 - INFO - ADAPTED STRATEGY # ALPHA: 0.0 # ADAPTED MOVES: 71 # PREV.SIG: 0000012321 # NEW.SIG: 0012627716 # TIME: 0.33s
2024-07-31 19:22:49,752 - INFO - ADAPTED STRATEGY # ALPHA: 0.0 # ADAPTED MOVES: 72 # PREV.SIG: 0000012321 # NEW.SIG: 0012559319 # TIME: 0.34s
2024-07-31 19:22:52,098 - INFO - ADAPTED STRATEGY # ALPHA: 0.0 # ADAPTED MOVES: 72 # PREV.SIG: 0000012321 # NEW.SIG: 0012499666 # TIME: 0.34s
2024-07-31 19:22:52,669 - INFO - ADAPTED STRATEGY # ALPHA: 0.0 # ADAPTED MOVES: 75 # PREV.SIG: 0000012321 # NEW.SIG: 0012577778 # TIME: 0.36s
2024-07-31 19:22:54,661 - INFO - ADAPTED STRATEGY # ALPHA: 0.0 # ADAPTED MOVES: 79 # PREV.SIG: 0000012321 # NEW.SIG: 0014520002 # TIME: 0.39s
2024-07-31 19:22:54,806 - INFO - [32mNRPA: COMPLETED LEVEL 1 // TOTAL MOVES: 79 // TIME: 7.51s // SIGNATURE: 0014520002 
[0m
2024-07-31 19:22:55,198 - INFO - ADAPTED STRATEGY # ALPHA: 0.0 # ADAPTED MOVES: 69 # PREV.SIG: 0000012321 # NEW.SIG: 0012108333 # TIME: 0.34s
2024-07-31 19:22:55,644 - INFO - ADAPTED STRATEGY # ALPHA: 0.0 # ADAPTED MOVES: 70 # PREV.SIG: 0000012321 # NEW.SIG: 0012173464 # TIME: 0.33s
2024-07-31 19:22:56,057 - INFO - ADAPTED STRATEGY # ALPHA: 0.0 # ADAPTED MOVES: 70 # PREV.SIG: 0000012321 # NEW.SIG: 0012484597 # TIME: 0.34s
2024-07-31 19:22:56,550 - INFO - ADAPTED STRATEGY # ALPHA: 0.0 # ADAPTED MOVES: 78 # PREV.SIG: 0000012321 # NEW.SIG: 0013581432 # TIME: 0.38s
2024-07-31 19:23:01,149 - INFO - [32mNRPA: COMPLETED LEVEL 1 // TOTAL MOVES: 78 // TIME: 6.34s // SIGNATURE: 0013581432 
[0m
2024-07-31 19:23:01,500 - INFO - ADAPTED STRATEGY # ALPHA: 0.0 # ADAPTED MOVES: 62 # PREV.SIG: 0000012321 # NEW.SIG: 0010640116 # TIME: 0.30s
2024-07-31 19:23:01,986 - INFO - ADAPTED STRATEGY # ALPHA: 0.0 # ADAPTED MOVES: 70 # PREV.SIG: 0000012321 # NEW.SIG: 0011501616 # TIME: 0.33s
2024-07-31 19:23:02,375 - INFO - ADAPTED STRATEGY # ALPHA: 0.0 # ADAPTED MOVES: 70 # PREV.SIG: 0000012321 # NEW.SIG: 0012629442 # TIME: 0.33s
2024-07-31 19:23:03,294 - INFO - ADAPTED STRATEGY # ALPHA: 0.0 # ADAPTED MOVES: 72 # PREV.SIG: 0000012321 # NEW.SIG: 0012608221 # TIME: 0.34s
2024-07-31 19:23:03,715 - INFO - ADAPTED STRATEGY # ALPHA: 0.0 # ADAPTED MOVES: 72 # PREV.SIG: 0000012321 # NEW.SIG: 0013007477 # TIME: 0.34s
2024-07-31 19:23:06,198 - INFO - ADAPTED STRATEGY # ALPHA: 0.0 # ADAPTED MOVES: 75 # PREV.SIG: 0000012321 # NEW.SIG: 0013326231 # TIME: 0.36s
2024-07-31 19:23:08,082 - INFO - [32mNRPA: COMPLETED LEVEL 1 // TOTAL MOVES: 75 // TIME: 6.93s // SIGNATURE: 0013315351 
[0m
2024-07-31 19:23:08,469 - INFO - ADAPTED STRATEGY # ALPHA: 0.0 # ADAPTED MOVES: 69 # PREV.SIG: 0000012321 # NEW.SIG: 0011886823 # TIME: 0.33s
2024-07-31 19:23:08,868 - INFO - ADAPTED STRATEGY # ALPHA: 0.0 # ADAPTED MOVES: 71 # PREV.SIG: 0000012321 # NEW.SIG: 0011960802 # TIME: 0.34s
2024-07-31 19:23:09,612 - INFO - ADAPTED STRATEGY # ALPHA: 0.0 # ADAPTED MOVES: 74 # PREV.SIG: 0000012321 # NEW.SIG: 0013311253 # TIME: 0.35s
2024-07-31 19:23:13,920 - INFO - [32mNRPA: COMPLETED LEVEL 1 // TOTAL MOVES: 74 // TIME: 5.84s // SIGNATURE: 0013311253 
[0m
2024-07-31 19:23:14,265 - INFO - ADAPTED STRATEGY # ALPHA: 0.0 # ADAPTED MOVES: 61 # PREV.SIG: 0000012321 # NEW.SIG: 0010396611 # TIME: 0.29s
2024-07-31 19:23:14,645 - INFO - ADAPTED STRATEGY # ALPHA: 0.0 # ADAPTED MOVES: 66 # PREV.SIG: 0000012321 # NEW.SIG: 0011747016 # TIME: 0.32s
2024-07-31 19:23:15,062 - INFO - ADAPTED STRATEGY # ALPHA: 0.0 # ADAPTED MOVES: 75 # PREV.SIG: 0000012321 # NEW.SIG: 0013956677 # TIME: 0.36s
2024-07-31 19:23:19,778 - INFO - ADAPTED STRATEGY # ALPHA: 0.0 # ADAPTED MOVES: 78 # PREV.SIG: 0000012321 # NEW.SIG: 0013219876 # TIME: 0.37s
2024-07-31 19:23:20,130 - INFO - [32mNRPA: COMPLETED LEVEL 1 // TOTAL MOVES: 78 // TIME: 6.21s // SIGNATURE: 0013219876 
[0m
2024-07-31 19:23:20,476 - INFO - ADAPTED STRATEGY # ALPHA: 0.0 # ADAPTED MOVES: 61 # PREV.SIG: 0000012321 # NEW.SIG: 0010588483 # TIME: 0.29s
2024-07-31 19:23:20,956 - INFO - ADAPTED STRATEGY # ALPHA: 0.0 # ADAPTED MOVES: 68 # PREV.SIG: 0000012321 # NEW.SIG: 0012204113 # TIME: 0.32s
2024-07-31 19:23:21,398 - INFO - ADAPTED STRATEGY # ALPHA: 0.0 # ADAPTED MOVES: 68 # PREV.SIG: 0000012321 # NEW.SIG: 0011580644 # TIME: 0.33s
2024-07-31 19:23:21,839 - INFO - ADAPTED STRATEGY # ALPHA: 0.0 # ADAPTED MOVES: 69 # PREV.SIG: 0000012321 # NEW.SIG: 0011898842 # TIME: 0.34s
2024-07-31 19:23:22,235 - INFO - ADAPTED STRATEGY # ALPHA: 0.0 # ADAPTED MOVES: 72 # PREV.SIG: 0000012321 # NEW.SIG: 0012766632 # TIME: 0.34s
2024-07-31 19:23:23,129 - INFO - ADAPTED STRATEGY # ALPHA: 0.0 # ADAPTED MOVES: 74 # PREV.SIG: 0000012321 # NEW.SIG: 0013578235 # TIME: 0.35s
2024-07-31 19:23:24,329 - INFO - ADAPTED STRATEGY # ALPHA: 0.0 # ADAPTED MOVES: 79 # PREV.SIG: 0000012321 # NEW.SIG: 0014443394 # TIME: 0.37s
2024-07-31 19:23:27,420 - INFO - [32mNRPA: COMPLETED LEVEL 1 // TOTAL MOVES: 79 // TIME: 7.29s // SIGNATURE: 0014443394 
[0m
2024-07-31 19:23:27,766 - INFO - ADAPTED STRATEGY # ALPHA: 0.0 # ADAPTED MOVES: 61 # PREV.SIG: 0000012321 # NEW.SIG: 0010977912 # TIME: 0.29s
2024-07-31 19:23:28,137 - INFO - ADAPTED STRATEGY # ALPHA: 0.0 # ADAPTED MOVES: 65 # PREV.SIG: 0000012321 # NEW.SIG: 0011017325 # TIME: 0.32s
2024-07-31 19:23:28,555 - INFO - ADAPTED STRATEGY # ALPHA: 0.0 # ADAPTED MOVES: 75 # PREV.SIG: 0000012321 # NEW.SIG: 0013128921 # TIME: 0.36s
2024-07-31 19:23:29,889 - INFO - ADAPTED STRATEGY # ALPHA: 0.0 # ADAPTED MOVES: 75 # PREV.SIG: 0000012321 # NEW.SIG: 0012824021 # TIME: 0.36s
2024-07-31 19:23:30,485 - INFO - ADAPTED STRATEGY # ALPHA: 0.0 # ADAPTED MOVES: 79 # PREV.SIG: 0000012321 # NEW.SIG: 0013914632 # TIME: 0.38s
2024-07-31 19:23:31,882 - INFO - ADAPTED STRATEGY # ALPHA: 0.0 # ADAPTED MOVES: 83 # PREV.SIG: 0000012321 # NEW.SIG: 0013771199 # TIME: 0.39s
2024-07-31 19:23:34,437 - INFO - [32mNRPA: COMPLETED LEVEL 1 // TOTAL MOVES: 83 // TIME: 7.02s // SIGNATURE: 0013771199 
[0m
2024-07-31 19:23:34,777 - INFO - ADAPTED STRATEGY # ALPHA: 0.0 # ADAPTED MOVES: 59 # PREV.SIG: 0000012321 # NEW.SIG: 0009922039 # TIME: 0.29s
2024-07-31 19:23:35,132 - INFO - ADAPTED STRATEGY # ALPHA: 0.0 # ADAPTED MOVES: 61 # PREV.SIG: 0000012321 # NEW.SIG: 0011087161 # TIME: 0.30s
2024-07-31 19:23:35,505 - INFO - ADAPTED STRATEGY # ALPHA: 0.0 # ADAPTED MOVES: 66 # PREV.SIG: 0000012321 # NEW.SIG: 0010844904 # TIME: 0.32s
2024-07-31 19:23:35,877 - INFO - ADAPTED STRATEGY # ALPHA: 0.0 # ADAPTED MOVES: 66 # PREV.SIG: 0000012321 # NEW.SIG: 0011285532 # TIME: 0.32s
2024-07-31 19:23:36,334 - INFO - ADAPTED STRATEGY # ALPHA: 0.0 # ADAPTED MOVES: 73 # PREV.SIG: 0000012321 # NEW.SIG: 0013077287 # TIME: 0.35s
2024-07-31 19:23:36,947 - INFO - ADAPTED STRATEGY # ALPHA: 0.0 # ADAPTED MOVES: 73 # PREV.SIG: 0000012321 # NEW.SIG: 0012813107 # TIME: 0.34s
2024-07-31 19:23:40,878 - INFO - ADAPTED STRATEGY # ALPHA: 0.0 # ADAPTED MOVES: 76 # PREV.SIG: 0000012321 # NEW.SIG: 0012435881 # TIME: 0.37s
2024-07-31 19:23:41,629 - INFO - [32mNRPA: COMPLETED LEVEL 1 // TOTAL MOVES: 76 // TIME: 7.19s // SIGNATURE: 0012435881 
[0m
2024-07-31 19:23:41,981 - INFO - ADAPTED STRATEGY # ALPHA: 0.0 # ADAPTED MOVES: 62 # PREV.SIG: 0000012321 # NEW.SIG: 0010859075 # TIME: 0.30s
2024-07-31 19:23:42,366 - INFO - ADAPTED STRATEGY # ALPHA: 0.0 # ADAPTED MOVES: 68 # PREV.SIG: 0000012321 # NEW.SIG: 0012469520 # TIME: 0.33s
2024-07-31 19:23:42,908 - INFO - ADAPTED STRATEGY # ALPHA: 0.0 # ADAPTED MOVES: 68 # PREV.SIG: 0000012321 # NEW.SIG: 0011491241 # TIME: 0.33s
2024-07-31 19:23:43,305 - INFO - ADAPTED STRATEGY # ALPHA: 0.0 # ADAPTED MOVES: 71 # PREV.SIG: 0000012321 # NEW.SIG: 0012691013 # TIME: 0.34s
2024-07-31 19:23:43,937 - INFO - ADAPTED STRATEGY # ALPHA: 0.0 # ADAPTED MOVES: 74 # PREV.SIG: 0000012321 # NEW.SIG: 0011868260 # TIME: 0.35s
2024-07-31 19:23:44,562 - INFO - ADAPTED STRATEGY # ALPHA: 0.0 # ADAPTED MOVES: 77 # PREV.SIG: 0000012321 # NEW.SIG: 0013726557 # TIME: 0.36s
2024-07-31 19:23:48,530 - INFO - ADAPTED STRATEGY # ALPHA: 0.0 # ADAPTED MOVES: 78 # PREV.SIG: 0000012321 # NEW.SIG: 0013519460 # TIME: 0.38s
2024-07-31 19:23:49,063 - INFO - [32mNRPA: COMPLETED LEVEL 1 // TOTAL MOVES: 78 // TIME: 7.43s // SIGNATURE: 0013519460 
[0m
2024-07-31 19:23:49,424 - INFO - ADAPTED STRATEGY # ALPHA: 0.0 # ADAPTED MOVES: 64 # PREV.SIG: 0000012321 # NEW.SIG: 0011863480 # TIME: 0.31s
2024-07-31 19:23:49,808 - INFO - ADAPTED STRATEGY # ALPHA: 0.0 # ADAPTED MOVES: 64 # PREV.SIG: 0000012321 # NEW.SIG: 0011443405 # TIME: 0.30s
2024-07-31 19:23:50,230 - INFO - ADAPTED STRATEGY # ALPHA: 0.0 # ADAPTED MOVES: 66 # PREV.SIG: 0000012321 # NEW.SIG: 0011580900 # TIME: 0.32s
2024-07-31 19:23:50,622 - INFO - ADAPTED STRATEGY # ALPHA: 0.0 # ADAPTED MOVES: 69 # PREV.SIG: 0000012321 # NEW.SIG: 0012604357 # TIME: 0.33s
2024-07-31 19:23:51,091 - INFO - ADAPTED STRATEGY # ALPHA: 0.0 # ADAPTED MOVES: 86 # PREV.SIG: 0000012321 # NEW.SIG: 0014672479 # TIME: 0.41s
2024-07-31 19:23:55,475 - INFO - [32mNRPA: COMPLETED LEVEL 1 // TOTAL MOVES: 86 // TIME: 6.41s // SIGNATURE: 0014672479 
[0m
2024-07-31 19:23:55,879 - INFO - ADAPTED STRATEGY # ALPHA: 0.0 # ADAPTED MOVES: 86 # PREV.SIG: 0000012321 # NEW.SIG: 0014672479 # TIME: 0.40s
2024-07-31 19:23:56,237 - INFO - ADAPTED STRATEGY # ALPHA: 0.0 # ADAPTED MOVES: 64 # PREV.SIG: 0000012321 # NEW.SIG: 0010722436 # TIME: 0.31s
2024-07-31 19:23:56,609 - INFO - ADAPTED STRATEGY # ALPHA: 0.0 # ADAPTED MOVES: 67 # PREV.SIG: 0000012321 # NEW.SIG: 0011556334 # TIME: 0.32s
2024-07-31 19:23:57,030 - INFO - ADAPTED STRATEGY # ALPHA: 0.0 # ADAPTED MOVES: 72 # PREV.SIG: 0000012321 # NEW.SIG: 0012345414 # TIME: 0.34s
2024-07-31 19:23:58,122 - INFO - ADAPTED STRATEGY # ALPHA: 0.0 # ADAPTED MOVES: 79 # PREV.SIG: 0000012321 # NEW.SIG: 0014534183 # TIME: 0.37s
2024-07-31 19:24:01,965 - INFO - [32mNRPA: COMPLETED LEVEL 1 // TOTAL MOVES: 79 // TIME: 6.09s // SIGNATURE: 0014534183 
[0m
2024-07-31 19:24:02,356 - INFO - ADAPTED STRATEGY # ALPHA: 0.0 # ADAPTED MOVES: 69 # PREV.SIG: 0000012321 # NEW.SIG: 0012384077 # TIME: 0.33s
2024-07-31 19:24:02,811 - INFO - ADAPTED STRATEGY # ALPHA: 0.0 # ADAPTED MOVES: 69 # PREV.SIG: 0000012321 # NEW.SIG: 0011673950 # TIME: 0.33s
2024-07-31 19:24:03,257 - INFO - ADAPTED STRATEGY # ALPHA: 0.0 # ADAPTED MOVES: 70 # PREV.SIG: 0000012321 # NEW.SIG: 0011495951 # TIME: 0.33s
2024-07-31 19:24:04,484 - INFO - ADAPTED STRATEGY # ALPHA: 0.0 # ADAPTED MOVES: 71 # PREV.SIG: 0000012321 # NEW.SIG: 0012457926 # TIME: 0.36s
2024-07-31 19:24:04,889 - INFO - ADAPTED STRATEGY # ALPHA: 0.0 # ADAPTED MOVES: 72 # PREV.SIG: 0000012321 # NEW.SIG: 0012357103 # TIME: 0.35s
2024-07-31 19:24:05,345 - INFO - ADAPTED STRATEGY # ALPHA: 0.0 # ADAPTED MOVES: 79 # PREV.SIG: 0000012321 # NEW.SIG: 0014207634 # TIME: 0.39s
2024-07-31 19:24:07,858 - INFO - ADAPTED STRATEGY # ALPHA: 0.0 # ADAPTED MOVES: 79 # PREV.SIG: 0000012321 # NEW.SIG: 0013878032 # TIME: 0.37s
2024-07-31 19:24:09,465 - INFO - [32mNRPA: COMPLETED LEVEL 1 // TOTAL MOVES: 79 // TIME: 7.50s // SIGNATURE: 0013878032 
[0m
2024-07-31 19:24:09,812 - INFO - ADAPTED STRATEGY # ALPHA: 0.0 # ADAPTED MOVES: 62 # PREV.SIG: 0000012321 # NEW.SIG: 0011014308 # TIME: 0.29s
2024-07-31 19:24:10,183 - INFO - ADAPTED STRATEGY # ALPHA: 0.0 # ADAPTED MOVES: 68 # PREV.SIG: 0000012321 # NEW.SIG: 0011445994 # TIME: 0.32s
2024-07-31 19:24:10,893 - INFO - ADAPTED STRATEGY # ALPHA: 0.0 # ADAPTED MOVES: 72 # PREV.SIG: 0000012321 # NEW.SIG: 0012441501 # TIME: 0.34s
2024-07-31 19:24:11,528 - INFO - ADAPTED STRATEGY # ALPHA: 0.0 # ADAPTED MOVES: 73 # PREV.SIG: 0000012321 # NEW.SIG: 0012784097 # TIME: 0.35s
2024-07-31 19:24:13,070 - INFO - ADAPTED STRATEGY # ALPHA: 0.0 # ADAPTED MOVES: 74 # PREV.SIG: 0000012321 # NEW.SIG: 0013323581 # TIME: 0.35s
2024-07-31 19:24:14,088 - INFO - ADAPTED STRATEGY # ALPHA: 0.0 # ADAPTED MOVES: 76 # PREV.SIG: 0000012321 # NEW.SIG: 0012216590 # TIME: 0.36s
2024-07-31 19:24:16,297 - INFO - [32mNRPA: COMPLETED LEVEL 1 // TOTAL MOVES: 76 // TIME: 6.83s // SIGNATURE: 0012216590 
[0m
2024-07-31 19:24:16,659 - INFO - ADAPTED STRATEGY # ALPHA: 0.0 # ADAPTED MOVES: 65 # PREV.SIG: 0000012321 # NEW.SIG: 0011547054 # TIME: 0.31s
2024-07-31 19:24:17,046 - INFO - ADAPTED STRATEGY # ALPHA: 0.0 # ADAPTED MOVES: 65 # PREV.SIG: 0000012321 # NEW.SIG: 0010687807 # TIME: 0.31s
2024-07-31 19:24:17,509 - INFO - ADAPTED STRATEGY # ALPHA: 0.0 # ADAPTED MOVES: 68 # PREV.SIG: 0000012321 # NEW.SIG: 0011581102 # TIME: 0.32s
2024-07-31 19:24:18,205 - INFO - ADAPTED STRATEGY # ALPHA: 0.0 # ADAPTED MOVES: 75 # PREV.SIG: 0000012321 # NEW.SIG: 0012345589 # TIME: 0.35s
2024-07-31 19:24:20,133 - INFO - ADAPTED STRATEGY # ALPHA: 0.0 # ADAPTED MOVES: 75 # PREV.SIG: 0000012321 # NEW.SIG: 0013095355 # TIME: 0.36s
2024-07-31 19:24:21,150 - INFO - ADAPTED STRATEGY # ALPHA: 0.0 # ADAPTED MOVES: 81 # PREV.SIG: 0000012321 # NEW.SIG: 0015202756 # TIME: 0.38s
2024-07-31 19:24:22,940 - INFO - [32mNRPA: COMPLETED LEVEL 1 // TOTAL MOVES: 81 // TIME: 6.64s // SIGNATURE: 0015202756 
[0m
2024-07-31 19:24:23,290 - INFO - ADAPTED STRATEGY # ALPHA: 0.0 # ADAPTED MOVES: 63 # PREV.SIG: 0000012321 # NEW.SIG: 0011048561 # TIME: 0.30s
2024-07-31 19:24:23,706 - INFO - ADAPTED STRATEGY # ALPHA: 0.0 # ADAPTED MOVES: 66 # PREV.SIG: 0000012321 # NEW.SIG: 0011223081 # TIME: 0.31s
2024-07-31 19:24:24,103 - INFO - ADAPTED STRATEGY # ALPHA: 0.0 # ADAPTED MOVES: 68 # PREV.SIG: 0000012321 # NEW.SIG: 0011699864 # TIME: 0.32s
2024-07-31 19:24:24,565 - INFO - ADAPTED STRATEGY # ALPHA: 0.0 # ADAPTED MOVES: 76 # PREV.SIG: 0000012321 # NEW.SIG: 0014155386 # TIME: 0.35s
2024-07-31 19:24:29,034 - INFO - [32mNRPA: COMPLETED LEVEL 1 // TOTAL MOVES: 76 // TIME: 6.09s // SIGNATURE: 0014155386 
[0m
2024-07-31 19:24:29,035 - INFO - [32mNRPA: COMPLETED LEVEL 2 // TOTAL MOVES: 86 // TIME: 682.89s // SIGNATURE: 0014672479 
[0m
2024-07-31 19:24:29,428 - INFO - Move 1 completed ## Total moves: 86 ## Time elapsed: 683.28s
2024-07-31 19:24:29,428 - INFO - Displaying game
2024-07-31 19:24:29,431 - INFO - Game displayed
2024-07-31 19:24:29,432 - INFO - Displaying game
2024-07-31 19:24:29,434 - INFO - Game displayed
2024-07-31 19:24:29,437 - INFO - Results saved to ./logs/nrpa_100_2_0.csv
2024-07-31 19:24:29,442 - INFO - 
+------+-------+-------+-----------+------------------+------------------------+-------------------+
| Seed | Level | Moves | Signature |     Time (s)     | Time per iteration (s) | Time per move (s) |
+------+-------+-------+-----------+------------------+------------------------+-------------------+
|  1   |   2   |   86  |  14672479 | 683.285062789917 |    6.83285062789917    | 7.945175148719965 |
+------+-------+-------+-----------+------------------+------------------------+-------------------+
