2024-07-29 09:55:36,602 - INFO - Seed: 1
2024-07-29 09:55:36,602 - INFO - Initializing game
2024-07-29 09:55:36,603 - INFO - Game initialized
2024-07-29 09:55:36,608 - INFO - [93mStarting NRPA with level=2, iterations=100, alpha=1.0[0m
2024-07-29 09:55:36,795 - INFO - ADAPTED STRATEGY # ALPHA: 1.0 # ADAPTED MOVES: 28 # PREV.SIG: 0000012321 # NEW.SIG: 0005118626 # TIME: 0.15s
2024-07-29 09:55:37,189 - INFO - ADAPTED STRATEGY # ALPHA: 1.0 # ADAPTED MOVES: 69 # PREV.SIG: 0000012321 # NEW.SIG: 0012249897 # TIME: 0.34s
2024-07-29 09:55:38,330 - INFO - ADAPTED STRATEGY # ALPHA: 1.0 # ADAPTED MOVES: 69 # PREV.SIG: 0000012321 # NEW.SIG: 0012107735 # TIME: 0.34s
2024-07-29 09:55:38,897 - INFO - ADAPTED STRATEGY # ALPHA: 1.0 # ADAPTED MOVES: 74 # PREV.SIG: 0000012321 # NEW.SIG: 0013993422 # TIME: 0.36s
2024-07-29 09:55:39,896 - INFO - ADAPTED STRATEGY # ALPHA: 1.0 # ADAPTED MOVES: 74 # PREV.SIG: 0000012321 # NEW.SIG: 0012980114 # TIME: 0.36s
2024-07-29 09:55:41,700 - INFO - ADAPTED STRATEGY # ALPHA: 1.0 # ADAPTED MOVES: 75 # PREV.SIG: 0000012321 # NEW.SIG: 0013225870 # TIME: 0.36s
2024-07-29 09:55:43,171 - INFO - ADAPTED STRATEGY # ALPHA: 1.0 # ADAPTED MOVES: 76 # PREV.SIG: 0000012321 # NEW.SIG: 0012715451 # TIME: 0.37s
2024-07-29 09:55:43,866 - INFO - [32mCOMPLETED LEVEL 1 // TOTAL MOVES: 76 // TIME: 7.26s // SIGNATURE: 0012715451 
[0m
2024-07-29 09:55:44,233 - INFO - ADAPTED STRATEGY # ALPHA: 1.0 # ADAPTED MOVES: 76 # PREV.SIG: 0000012321 # NEW.SIG: 0012715451 # TIME: 0.37s
2024-07-29 09:55:44,605 - INFO - ADAPTED STRATEGY # ALPHA: 1.0 # ADAPTED MOVES: 65 # PREV.SIG: 0000012321 # NEW.SIG: 0011842599 # TIME: 0.32s
2024-07-29 09:55:45,016 - INFO - ADAPTED STRATEGY # ALPHA: 1.0 # ADAPTED MOVES: 72 # PREV.SIG: 0000012321 # NEW.SIG: 0012296329 # TIME: 0.35s
2024-07-29 09:55:46,448 - INFO - ADAPTED STRATEGY # ALPHA: 1.0 # ADAPTED MOVES: 72 # PREV.SIG: 0000012321 # NEW.SIG: 0013036774 # TIME: 0.35s
2024-07-29 09:55:47,010 - INFO - ADAPTED STRATEGY # ALPHA: 1.0 # ADAPTED MOVES: 74 # PREV.SIG: 0000012321 # NEW.SIG: 0013287452 # TIME: 0.36s
2024-07-29 09:55:48,097 - INFO - ADAPTED STRATEGY # ALPHA: 1.0 # ADAPTED MOVES: 74 # PREV.SIG: 0000012321 # NEW.SIG: 0013544124 # TIME: 0.35s
2024-07-29 09:55:48,607 - INFO - ADAPTED STRATEGY # ALPHA: 1.0 # ADAPTED MOVES: 76 # PREV.SIG: 0000012321 # NEW.SIG: 0014846422 # TIME: 0.35s
2024-07-29 09:55:49,237 - INFO - ADAPTED STRATEGY # ALPHA: 1.0 # ADAPTED MOVES: 76 # PREV.SIG: 0000012321 # NEW.SIG: 0013415423 # TIME: 0.36s
2024-07-29 09:55:50,166 - INFO - ADAPTED STRATEGY # ALPHA: 1.0 # ADAPTED MOVES: 78 # PREV.SIG: 0000012321 # NEW.SIG: 0014612686 # TIME: 0.37s
2024-07-29 09:55:52,192 - INFO - [32mCOMPLETED LEVEL 1 // TOTAL MOVES: 78 // TIME: 7.96s // SIGNATURE: 0014612686 
[0m
2024-07-29 09:55:52,558 - INFO - ADAPTED STRATEGY # ALPHA: 1.0 # ADAPTED MOVES: 78 # PREV.SIG: 0000012321 # NEW.SIG: 0014612686 # TIME: 0.37s
2024-07-29 09:55:52,904 - INFO - ADAPTED STRATEGY # ALPHA: 1.0 # ADAPTED MOVES: 63 # PREV.SIG: 0000012321 # NEW.SIG: 0010929094 # TIME: 0.30s
2024-07-29 09:55:53,260 - INFO - ADAPTED STRATEGY # ALPHA: 1.0 # ADAPTED MOVES: 64 # PREV.SIG: 0000012321 # NEW.SIG: 0010865092 # TIME: 0.31s
2024-07-29 09:55:53,621 - INFO - ADAPTED STRATEGY # ALPHA: 1.0 # ADAPTED MOVES: 66 # PREV.SIG: 0000012321 # NEW.SIG: 0011439914 # TIME: 0.31s
2024-07-29 09:55:54,038 - INFO - ADAPTED STRATEGY # ALPHA: 1.0 # ADAPTED MOVES: 67 # PREV.SIG: 0000012321 # NEW.SIG: 0011691281 # TIME: 0.32s
2024-07-29 09:55:54,435 - INFO - ADAPTED STRATEGY # ALPHA: 1.0 # ADAPTED MOVES: 73 # PREV.SIG: 0000012321 # NEW.SIG: 0012488880 # TIME: 0.34s
2024-07-29 09:55:55,123 - INFO - ADAPTED STRATEGY # ALPHA: 1.0 # ADAPTED MOVES: 77 # PREV.SIG: 0000012321 # NEW.SIG: 0013188696 # TIME: 0.35s
2024-07-29 09:55:59,404 - INFO - [32mCOMPLETED LEVEL 1 // TOTAL MOVES: 77 // TIME: 6.85s // SIGNATURE: 0013188696 
[0m
2024-07-29 09:55:59,767 - INFO - ADAPTED STRATEGY # ALPHA: 1.0 # ADAPTED MOVES: 66 # PREV.SIG: 0000012321 # NEW.SIG: 0011725389 # TIME: 0.31s
2024-07-29 09:56:00,178 - INFO - ADAPTED STRATEGY # ALPHA: 1.0 # ADAPTED MOVES: 66 # PREV.SIG: 0000012321 # NEW.SIG: 0011581243 # TIME: 0.31s
2024-07-29 09:56:00,719 - INFO - ADAPTED STRATEGY # ALPHA: 1.0 # ADAPTED MOVES: 75 # PREV.SIG: 0000012321 # NEW.SIG: 0013801737 # TIME: 0.35s
2024-07-29 09:56:01,911 - INFO - ADAPTED STRATEGY # ALPHA: 1.0 # ADAPTED MOVES: 83 # PREV.SIG: 0000012321 # NEW.SIG: 0012946943 # TIME: 0.39s
2024-07-29 09:56:05,716 - INFO - [32mCOMPLETED LEVEL 1 // TOTAL MOVES: 83 // TIME: 6.31s // SIGNATURE: 0012946943 
[0m
2024-07-29 09:56:06,106 - INFO - ADAPTED STRATEGY # ALPHA: 1.0 # ADAPTED MOVES: 83 # PREV.SIG: 0000012321 # NEW.SIG: 0012946943 # TIME: 0.39s
2024-07-29 09:56:06,500 - INFO - ADAPTED STRATEGY # ALPHA: 1.0 # ADAPTED MOVES: 67 # PREV.SIG: 0000012321 # NEW.SIG: 0011991872 # TIME: 0.34s
2024-07-29 09:56:07,129 - INFO - ADAPTED STRATEGY # ALPHA: 1.0 # ADAPTED MOVES: 69 # PREV.SIG: 0000012321 # NEW.SIG: 0012139317 # TIME: 0.32s
2024-07-29 09:56:07,762 - INFO - ADAPTED STRATEGY # ALPHA: 1.0 # ADAPTED MOVES: 74 # PREV.SIG: 0000012321 # NEW.SIG: 0013466598 # TIME: 0.35s
2024-07-29 09:56:10,942 - INFO - ADAPTED STRATEGY # ALPHA: 1.0 # ADAPTED MOVES: 75 # PREV.SIG: 0000012321 # NEW.SIG: 0013114366 # TIME: 0.35s
2024-07-29 09:56:11,366 - INFO - ADAPTED STRATEGY # ALPHA: 1.0 # ADAPTED MOVES: 79 # PREV.SIG: 0000012321 # NEW.SIG: 0014392477 # TIME: 0.37s
2024-07-29 09:56:12,786 - INFO - [32mCOMPLETED LEVEL 1 // TOTAL MOVES: 79 // TIME: 6.68s // SIGNATURE: 0014392477 
[0m
2024-07-29 09:56:13,160 - INFO - ADAPTED STRATEGY # ALPHA: 1.0 # ADAPTED MOVES: 67 # PREV.SIG: 0000012321 # NEW.SIG: 0011750985 # TIME: 0.32s
2024-07-29 09:56:13,542 - INFO - ADAPTED STRATEGY # ALPHA: 1.0 # ADAPTED MOVES: 69 # PREV.SIG: 0000012321 # NEW.SIG: 0012042534 # TIME: 0.33s
2024-07-29 09:56:14,576 - INFO - ADAPTED STRATEGY # ALPHA: 1.0 # ADAPTED MOVES: 69 # PREV.SIG: 0000012321 # NEW.SIG: 0012654353 # TIME: 0.33s
2024-07-29 09:56:15,008 - INFO - ADAPTED STRATEGY # ALPHA: 1.0 # ADAPTED MOVES: 69 # PREV.SIG: 0000012321 # NEW.SIG: 0012759234 # TIME: 0.32s
2024-07-29 09:56:15,389 - INFO - ADAPTED STRATEGY # ALPHA: 1.0 # ADAPTED MOVES: 69 # PREV.SIG: 0000012321 # NEW.SIG: 0012764837 # TIME: 0.33s
2024-07-29 09:56:15,782 - INFO - ADAPTED STRATEGY # ALPHA: 1.0 # ADAPTED MOVES: 72 # PREV.SIG: 0000012321 # NEW.SIG: 0012880800 # TIME: 0.34s
2024-07-29 09:56:16,183 - INFO - ADAPTED STRATEGY # ALPHA: 1.0 # ADAPTED MOVES: 73 # PREV.SIG: 0000012321 # NEW.SIG: 0013049234 # TIME: 0.34s
2024-07-29 09:56:17,039 - INFO - ADAPTED STRATEGY # ALPHA: 1.0 # ADAPTED MOVES: 83 # PREV.SIG: 0000012321 # NEW.SIG: 0014478465 # TIME: 0.39s
2024-07-29 09:56:18,807 - INFO - ADAPTED STRATEGY # ALPHA: 1.0 # ADAPTED MOVES: 85 # PREV.SIG: 0000012321 # NEW.SIG: 0015035819 # TIME: 0.40s
2024-07-29 09:56:20,351 - INFO - [32mCOMPLETED LEVEL 1 // TOTAL MOVES: 85 // TIME: 7.56s // SIGNATURE: 0015035819 
[0m
2024-07-29 09:56:20,747 - INFO - ADAPTED STRATEGY # ALPHA: 1.0 # ADAPTED MOVES: 85 # PREV.SIG: 0000012321 # NEW.SIG: 0015035819 # TIME: 0.40s
2024-07-29 09:56:21,111 - INFO - ADAPTED STRATEGY # ALPHA: 1.0 # ADAPTED MOVES: 66 # PREV.SIG: 0000012321 # NEW.SIG: 0011862190 # TIME: 0.31s
2024-07-29 09:56:21,685 - INFO - ADAPTED STRATEGY # ALPHA: 1.0 # ADAPTED MOVES: 77 # PREV.SIG: 0000012321 # NEW.SIG: 0013260303 # TIME: 0.36s
2024-07-29 09:56:23,991 - INFO - ADAPTED STRATEGY # ALPHA: 1.0 # ADAPTED MOVES: 78 # PREV.SIG: 0000012321 # NEW.SIG: 0014141885 # TIME: 0.36s
2024-07-29 09:56:26,749 - INFO - [32mCOMPLETED LEVEL 1 // TOTAL MOVES: 78 // TIME: 6.00s // SIGNATURE: 0014141885 
[0m
2024-07-29 09:56:27,087 - INFO - ADAPTED STRATEGY # ALPHA: 1.0 # ADAPTED MOVES: 61 # PREV.SIG: 0000012321 # NEW.SIG: 0010728643 # TIME: 0.29s
2024-07-29 09:56:27,495 - INFO - ADAPTED STRATEGY # ALPHA: 1.0 # ADAPTED MOVES: 65 # PREV.SIG: 0000012321 # NEW.SIG: 0010987336 # TIME: 0.31s
2024-07-29 09:56:27,957 - INFO - ADAPTED STRATEGY # ALPHA: 1.0 # ADAPTED MOVES: 67 # PREV.SIG: 0000012321 # NEW.SIG: 0012478300 # TIME: 0.32s
2024-07-29 09:56:28,373 - INFO - ADAPTED STRATEGY # ALPHA: 1.0 # ADAPTED MOVES: 72 # PREV.SIG: 0000012321 # NEW.SIG: 0012566347 # TIME: 0.33s
2024-07-29 09:56:29,113 - INFO - ADAPTED STRATEGY # ALPHA: 1.0 # ADAPTED MOVES: 72 # PREV.SIG: 0000012321 # NEW.SIG: 0011853448 # TIME: 0.34s
2024-07-29 09:56:29,510 - INFO - ADAPTED STRATEGY # ALPHA: 1.0 # ADAPTED MOVES: 73 # PREV.SIG: 0000012321 # NEW.SIG: 0012532345 # TIME: 0.34s
2024-07-29 09:56:30,010 - INFO - ADAPTED STRATEGY # ALPHA: 1.0 # ADAPTED MOVES: 73 # PREV.SIG: 0000012321 # NEW.SIG: 0012606113 # TIME: 0.34s
2024-07-29 09:56:31,060 - INFO - ADAPTED STRATEGY # ALPHA: 1.0 # ADAPTED MOVES: 76 # PREV.SIG: 0000012321 # NEW.SIG: 0013551368 # TIME: 0.35s
2024-07-29 09:56:31,696 - INFO - ADAPTED STRATEGY # ALPHA: 1.0 # ADAPTED MOVES: 76 # PREV.SIG: 0000012321 # NEW.SIG: 0013749849 # TIME: 0.36s
2024-07-29 09:56:32,225 - INFO - ADAPTED STRATEGY # ALPHA: 1.0 # ADAPTED MOVES: 76 # PREV.SIG: 0000012321 # NEW.SIG: 0013256615 # TIME: 0.37s
2024-07-29 09:56:32,800 - INFO - ADAPTED STRATEGY # ALPHA: 1.0 # ADAPTED MOVES: 76 # PREV.SIG: 0000012321 # NEW.SIG: 0013351038 # TIME: 0.37s
2024-07-29 09:56:33,487 - INFO - ADAPTED STRATEGY # ALPHA: 1.0 # ADAPTED MOVES: 80 # PREV.SIG: 0000012321 # NEW.SIG: 0014460625 # TIME: 0.38s
2024-07-29 09:56:35,895 - INFO - [32mCOMPLETED LEVEL 1 // TOTAL MOVES: 80 // TIME: 9.15s // SIGNATURE: 0014460625 
[0m
2024-07-29 09:56:36,036 - INFO - ADAPTED STRATEGY # ALPHA: 1.0 # ADAPTED MOVES: 22 # PREV.SIG: 0000012321 # NEW.SIG: 0003417273 # TIME: 0.11s
2024-07-29 09:56:36,410 - INFO - ADAPTED STRATEGY # ALPHA: 1.0 # ADAPTED MOVES: 66 # PREV.SIG: 0000012321 # NEW.SIG: 0011306077 # TIME: 0.32s
2024-07-29 09:56:36,832 - INFO - ADAPTED STRATEGY # ALPHA: 1.0 # ADAPTED MOVES: 67 # PREV.SIG: 0000012321 # NEW.SIG: 0011723557 # TIME: 0.37s
2024-07-29 09:56:37,239 - INFO - ADAPTED STRATEGY # ALPHA: 1.0 # ADAPTED MOVES: 67 # PREV.SIG: 0000012321 # NEW.SIG: 0011483561 # TIME: 0.32s
2024-07-29 09:56:37,656 - INFO - ADAPTED STRATEGY # ALPHA: 1.0 # ADAPTED MOVES: 69 # PREV.SIG: 0000012321 # NEW.SIG: 0011866632 # TIME: 0.33s
2024-07-29 09:56:38,096 - INFO - ADAPTED STRATEGY # ALPHA: 1.0 # ADAPTED MOVES: 70 # PREV.SIG: 0000012321 # NEW.SIG: 0012723632 # TIME: 0.34s
2024-07-29 09:56:38,535 - INFO - ADAPTED STRATEGY # ALPHA: 1.0 # ADAPTED MOVES: 70 # PREV.SIG: 0000012321 # NEW.SIG: 0012278223 # TIME: 0.33s
2024-07-29 09:56:39,346 - INFO - ADAPTED STRATEGY # ALPHA: 1.0 # ADAPTED MOVES: 70 # PREV.SIG: 0000012321 # NEW.SIG: 0011634742 # TIME: 0.34s
2024-07-29 09:56:39,797 - INFO - ADAPTED STRATEGY # ALPHA: 1.0 # ADAPTED MOVES: 72 # PREV.SIG: 0000012321 # NEW.SIG: 0012637865 # TIME: 0.34s
2024-07-29 09:56:40,428 - INFO - ADAPTED STRATEGY # ALPHA: 1.0 # ADAPTED MOVES: 80 # PREV.SIG: 0000012321 # NEW.SIG: 0014457658 # TIME: 0.38s
2024-07-29 09:56:44,199 - INFO - [32mCOMPLETED LEVEL 1 // TOTAL MOVES: 80 // TIME: 8.30s // SIGNATURE: 0014457658 
[0m
2024-07-29 09:56:44,556 - INFO - ADAPTED STRATEGY # ALPHA: 1.0 # ADAPTED MOVES: 63 # PREV.SIG: 0000012321 # NEW.SIG: 0010944371 # TIME: 0.31s
2024-07-29 09:56:44,960 - INFO - ADAPTED STRATEGY # ALPHA: 1.0 # ADAPTED MOVES: 73 # PREV.SIG: 0000012321 # NEW.SIG: 0013077370 # TIME: 0.35s
2024-07-29 09:56:45,970 - INFO - ADAPTED STRATEGY # ALPHA: 1.0 # ADAPTED MOVES: 81 # PREV.SIG: 0000012321 # NEW.SIG: 0013646180 # TIME: 0.39s
2024-07-29 09:56:47,694 - INFO - ADAPTED STRATEGY # ALPHA: 1.0 # ADAPTED MOVES: 81 # PREV.SIG: 0000012321 # NEW.SIG: 0014343772 # TIME: 0.39s
2024-07-29 09:56:50,505 - INFO - [32mCOMPLETED LEVEL 1 // TOTAL MOVES: 81 // TIME: 6.31s // SIGNATURE: 0014343772 
[0m
2024-07-29 09:56:50,689 - INFO - ADAPTED STRATEGY # ALPHA: 1.0 # ADAPTED MOVES: 30 # PREV.SIG: 0000012321 # NEW.SIG: 0005312411 # TIME: 0.15s
2024-07-29 09:56:51,096 - INFO - ADAPTED STRATEGY # ALPHA: 1.0 # ADAPTED MOVES: 72 # PREV.SIG: 0000012321 # NEW.SIG: 0012167241 # TIME: 0.35s
2024-07-29 09:56:51,605 - INFO - ADAPTED STRATEGY # ALPHA: 1.0 # ADAPTED MOVES: 81 # PREV.SIG: 0000012321 # NEW.SIG: 0013558379 # TIME: 0.40s
2024-07-29 09:56:56,579 - INFO - [32mCOMPLETED LEVEL 1 // TOTAL MOVES: 81 // TIME: 6.07s // SIGNATURE: 0013558379 
[0m
2024-07-29 09:56:56,924 - INFO - ADAPTED STRATEGY # ALPHA: 1.0 # ADAPTED MOVES: 60 # PREV.SIG: 0000012321 # NEW.SIG: 0010801774 # TIME: 0.29s
2024-07-29 09:56:57,321 - INFO - ADAPTED STRATEGY # ALPHA: 1.0 # ADAPTED MOVES: 71 # PREV.SIG: 0000012321 # NEW.SIG: 0012358755 # TIME: 0.34s
2024-07-29 09:56:58,048 - INFO - ADAPTED STRATEGY # ALPHA: 1.0 # ADAPTED MOVES: 77 # PREV.SIG: 0000012321 # NEW.SIG: 0014029539 # TIME: 0.36s
2024-07-29 09:56:58,806 - INFO - ADAPTED STRATEGY # ALPHA: 1.0 # ADAPTED MOVES: 78 # PREV.SIG: 0000012321 # NEW.SIG: 0013052455 # TIME: 0.37s
2024-07-29 09:57:01,290 - INFO - ADAPTED STRATEGY # ALPHA: 1.0 # ADAPTED MOVES: 87 # PREV.SIG: 0000012321 # NEW.SIG: 0014072041 # TIME: 0.42s
2024-07-29 09:57:03,375 - INFO - [32mCOMPLETED LEVEL 1 // TOTAL MOVES: 87 // TIME: 6.80s // SIGNATURE: 0014072041 
[0m
2024-07-29 09:57:03,790 - INFO - ADAPTED STRATEGY # ALPHA: 1.0 # ADAPTED MOVES: 87 # PREV.SIG: 0000012321 # NEW.SIG: 0014072041 # TIME: 0.42s
2024-07-29 09:57:04,159 - INFO - ADAPTED STRATEGY # ALPHA: 1.0 # ADAPTED MOVES: 66 # PREV.SIG: 0000012321 # NEW.SIG: 0011786442 # TIME: 0.32s
2024-07-29 09:57:04,610 - INFO - ADAPTED STRATEGY # ALPHA: 1.0 # ADAPTED MOVES: 71 # PREV.SIG: 0000012321 # NEW.SIG: 0012070731 # TIME: 0.34s
2024-07-29 09:57:05,158 - INFO - ADAPTED STRATEGY # ALPHA: 1.0 # ADAPTED MOVES: 71 # PREV.SIG: 0000012321 # NEW.SIG: 0012513283 # TIME: 0.34s
2024-07-29 09:57:05,853 - INFO - ADAPTED STRATEGY # ALPHA: 1.0 # ADAPTED MOVES: 75 # PREV.SIG: 0000012321 # NEW.SIG: 0012455197 # TIME: 0.36s
2024-07-29 09:57:06,549 - INFO - ADAPTED STRATEGY # ALPHA: 1.0 # ADAPTED MOVES: 77 # PREV.SIG: 0000012321 # NEW.SIG: 0013837063 # TIME: 0.37s
2024-07-29 09:57:07,562 - INFO - ADAPTED STRATEGY # ALPHA: 1.0 # ADAPTED MOVES: 79 # PREV.SIG: 0000012321 # NEW.SIG: 0013271268 # TIME: 0.38s
2024-07-29 09:57:09,486 - INFO - ADAPTED STRATEGY # ALPHA: 1.0 # ADAPTED MOVES: 79 # PREV.SIG: 0000012321 # NEW.SIG: 0014223232 # TIME: 0.38s
2024-07-29 09:57:11,815 - INFO - ADAPTED STRATEGY # ALPHA: 1.0 # ADAPTED MOVES: 79 # PREV.SIG: 0000012321 # NEW.SIG: 0014763121 # TIME: 0.38s
2024-07-29 09:57:11,868 - INFO - [32mCOMPLETED LEVEL 1 // TOTAL MOVES: 79 // TIME: 8.08s // SIGNATURE: 0014763121 
[0m
2024-07-29 09:57:12,195 - INFO - ADAPTED STRATEGY # ALPHA: 1.0 # ADAPTED MOVES: 57 # PREV.SIG: 0000012321 # NEW.SIG: 0009801106 # TIME: 0.28s
2024-07-29 09:57:12,595 - INFO - ADAPTED STRATEGY # ALPHA: 1.0 # ADAPTED MOVES: 67 # PREV.SIG: 0000012321 # NEW.SIG: 0012160048 # TIME: 0.32s
2024-07-29 09:57:13,318 - INFO - ADAPTED STRATEGY # ALPHA: 1.0 # ADAPTED MOVES: 76 # PREV.SIG: 0000012321 # NEW.SIG: 0013113204 # TIME: 0.37s
2024-07-29 09:57:15,145 - INFO - ADAPTED STRATEGY # ALPHA: 1.0 # ADAPTED MOVES: 77 # PREV.SIG: 0000012321 # NEW.SIG: 0012900894 # TIME: 0.37s
2024-07-29 09:57:15,880 - INFO - ADAPTED STRATEGY # ALPHA: 1.0 # ADAPTED MOVES: 86 # PREV.SIG: 0000012321 # NEW.SIG: 0014584334 # TIME: 0.41s
2024-07-29 09:57:18,783 - INFO - [32mCOMPLETED LEVEL 1 // TOTAL MOVES: 86 // TIME: 6.91s // SIGNATURE: 0014584334 
[0m
2024-07-29 09:57:18,955 - INFO - ADAPTED STRATEGY # ALPHA: 1.0 # ADAPTED MOVES: 28 # PREV.SIG: 0000012321 # NEW.SIG: 0004743523 # TIME: 0.14s
2024-07-29 09:57:19,416 - INFO - ADAPTED STRATEGY # ALPHA: 1.0 # ADAPTED MOVES: 84 # PREV.SIG: 0000012321 # NEW.SIG: 0014657559 # TIME: 0.40s
2024-07-29 09:57:24,385 - INFO - [32mCOMPLETED LEVEL 1 // TOTAL MOVES: 84 // TIME: 5.60s // SIGNATURE: 0014657559 
[0m
2024-07-29 09:57:24,792 - INFO - ADAPTED STRATEGY # ALPHA: 1.0 # ADAPTED MOVES: 73 # PREV.SIG: 0000012321 # NEW.SIG: 0013084560 # TIME: 0.35s
2024-07-29 09:57:25,414 - INFO - ADAPTED STRATEGY # ALPHA: 1.0 # ADAPTED MOVES: 73 # PREV.SIG: 0000012321 # NEW.SIG: 0012387432 # TIME: 0.35s
2024-07-29 09:57:25,993 - INFO - ADAPTED STRATEGY # ALPHA: 1.0 # ADAPTED MOVES: 75 # PREV.SIG: 0000012321 # NEW.SIG: 0011587121 # TIME: 0.36s
2024-07-29 09:57:26,528 - INFO - ADAPTED STRATEGY # ALPHA: 1.0 # ADAPTED MOVES: 78 # PREV.SIG: 0000012321 # NEW.SIG: 0013087744 # TIME: 0.37s
2024-07-29 09:57:28,266 - INFO - ADAPTED STRATEGY # ALPHA: 1.0 # ADAPTED MOVES: 81 # PREV.SIG: 0000012321 # NEW.SIG: 0014410408 # TIME: 0.39s
2024-07-29 09:57:30,793 - INFO - [32mCOMPLETED LEVEL 1 // TOTAL MOVES: 81 // TIME: 6.41s // SIGNATURE: 0014410408 
[0m
2024-07-29 09:57:31,187 - INFO - ADAPTED STRATEGY # ALPHA: 1.0 # ADAPTED MOVES: 70 # PREV.SIG: 0000012321 # NEW.SIG: 0012982362 # TIME: 0.34s
2024-07-29 09:57:31,631 - INFO - ADAPTED STRATEGY # ALPHA: 1.0 # ADAPTED MOVES: 74 # PREV.SIG: 0000012321 # NEW.SIG: 0012822904 # TIME: 0.36s
2024-07-29 09:57:32,468 - INFO - ADAPTED STRATEGY # ALPHA: 1.0 # ADAPTED MOVES: 75 # PREV.SIG: 0000012321 # NEW.SIG: 0013605602 # TIME: 0.36s
2024-07-29 09:57:33,353 - INFO - ADAPTED STRATEGY # ALPHA: 1.0 # ADAPTED MOVES: 77 # PREV.SIG: 0000012321 # NEW.SIG: 0013961067 # TIME: 0.37s
2024-07-29 09:57:34,336 - INFO - ADAPTED STRATEGY # ALPHA: 1.0 # ADAPTED MOVES: 87 # PREV.SIG: 0000012321 # NEW.SIG: 0015560912 # TIME: 0.41s
2024-07-29 09:57:37,821 - INFO - [32mCOMPLETED LEVEL 1 // TOTAL MOVES: 87 // TIME: 7.03s // SIGNATURE: 0015560912 
[0m
2024-07-29 09:57:38,231 - INFO - ADAPTED STRATEGY # ALPHA: 1.0 # ADAPTED MOVES: 87 # PREV.SIG: 0000012321 # NEW.SIG: 0015560912 # TIME: 0.41s
2024-07-29 09:57:38,601 - INFO - ADAPTED STRATEGY # ALPHA: 1.0 # ADAPTED MOVES: 65 # PREV.SIG: 0000012321 # NEW.SIG: 0011872283 # TIME: 0.32s
2024-07-29 09:57:39,039 - INFO - ADAPTED STRATEGY # ALPHA: 1.0 # ADAPTED MOVES: 80 # PREV.SIG: 0000012321 # NEW.SIG: 0014407899 # TIME: 0.38s
2024-07-29 09:57:39,703 - INFO - ADAPTED STRATEGY # ALPHA: 1.0 # ADAPTED MOVES: 83 # PREV.SIG: 0000012321 # NEW.SIG: 0015098353 # TIME: 0.39s
2024-07-29 09:57:41,883 - INFO - ADAPTED STRATEGY # ALPHA: 1.0 # ADAPTED MOVES: 87 # PREV.SIG: 0000012321 # NEW.SIG: 0014657809 # TIME: 0.41s
2024-07-29 09:57:44,989 - INFO - [32mCOMPLETED LEVEL 1 // TOTAL MOVES: 87 // TIME: 6.76s // SIGNATURE: 0014657809 
[0m
2024-07-29 09:57:45,403 - INFO - ADAPTED STRATEGY # ALPHA: 1.0 # ADAPTED MOVES: 87 # PREV.SIG: 0000012321 # NEW.SIG: 0014657809 # TIME: 0.41s
2024-07-29 09:57:45,822 - INFO - ADAPTED STRATEGY # ALPHA: 1.0 # ADAPTED MOVES: 76 # PREV.SIG: 0000012321 # NEW.SIG: 0013284991 # TIME: 0.36s
2024-07-29 09:57:46,421 - INFO - ADAPTED STRATEGY # ALPHA: 1.0 # ADAPTED MOVES: 80 # PREV.SIG: 0000012321 # NEW.SIG: 0013698800 # TIME: 0.38s
2024-07-29 09:57:48,936 - INFO - ADAPTED STRATEGY # ALPHA: 1.0 # ADAPTED MOVES: 80 # PREV.SIG: 0000012321 # NEW.SIG: 0014016813 # TIME: 0.38s
2024-07-29 09:57:49,638 - INFO - ADAPTED STRATEGY # ALPHA: 1.0 # ADAPTED MOVES: 80 # PREV.SIG: 0000012321 # NEW.SIG: 0013659431 # TIME: 0.38s
2024-07-29 09:57:50,088 - INFO - ADAPTED STRATEGY # ALPHA: 1.0 # ADAPTED MOVES: 82 # PREV.SIG: 0000012321 # NEW.SIG: 0014072231 # TIME: 0.39s
2024-07-29 09:57:52,936 - INFO - ADAPTED STRATEGY # ALPHA: 1.0 # ADAPTED MOVES: 82 # PREV.SIG: 0000012321 # NEW.SIG: 0014425290 # TIME: 0.39s
2024-07-29 09:57:52,989 - INFO - [32mCOMPLETED LEVEL 1 // TOTAL MOVES: 82 // TIME: 7.59s // SIGNATURE: 0014425290 
[0m
2024-07-29 09:57:53,351 - INFO - ADAPTED STRATEGY # ALPHA: 1.0 # ADAPTED MOVES: 64 # PREV.SIG: 0000012321 # NEW.SIG: 0010334487 # TIME: 0.31s
2024-07-29 09:57:53,727 - INFO - ADAPTED STRATEGY # ALPHA: 1.0 # ADAPTED MOVES: 68 # PREV.SIG: 0000012321 # NEW.SIG: 0012581436 # TIME: 0.32s
2024-07-29 09:57:54,151 - INFO - ADAPTED STRATEGY # ALPHA: 1.0 # ADAPTED MOVES: 77 # PREV.SIG: 0000012321 # NEW.SIG: 0013621733 # TIME: 0.36s
2024-07-29 09:57:55,556 - INFO - ADAPTED STRATEGY # ALPHA: 1.0 # ADAPTED MOVES: 81 # PREV.SIG: 0000012321 # NEW.SIG: 0014045761 # TIME: 0.39s
2024-07-29 09:57:57,312 - INFO - ADAPTED STRATEGY # ALPHA: 1.0 # ADAPTED MOVES: 83 # PREV.SIG: 0000012321 # NEW.SIG: 0014745925 # TIME: 0.39s
2024-07-29 09:58:00,069 - INFO - [32mCOMPLETED LEVEL 1 // TOTAL MOVES: 83 // TIME: 7.08s // SIGNATURE: 0014745925 
[0m
2024-07-29 09:58:00,444 - INFO - ADAPTED STRATEGY # ALPHA: 1.0 # ADAPTED MOVES: 66 # PREV.SIG: 0000012321 # NEW.SIG: 0012053560 # TIME: 0.32s
2024-07-29 09:58:00,993 - INFO - ADAPTED STRATEGY # ALPHA: 1.0 # ADAPTED MOVES: 80 # PREV.SIG: 0000012321 # NEW.SIG: 0014107791 # TIME: 0.38s
2024-07-29 09:58:06,075 - INFO - [32mCOMPLETED LEVEL 1 // TOTAL MOVES: 80 // TIME: 6.01s // SIGNATURE: 0014107791 
[0m
2024-07-29 09:58:06,479 - INFO - ADAPTED STRATEGY # ALPHA: 1.0 # ADAPTED MOVES: 72 # PREV.SIG: 0000012321 # NEW.SIG: 0013339736 # TIME: 0.35s
2024-07-29 09:58:07,374 - INFO - ADAPTED STRATEGY # ALPHA: 1.0 # ADAPTED MOVES: 77 # PREV.SIG: 0000012321 # NEW.SIG: 0013911279 # TIME: 0.37s
2024-07-29 09:58:08,319 - INFO - ADAPTED STRATEGY # ALPHA: 1.0 # ADAPTED MOVES: 82 # PREV.SIG: 0000012321 # NEW.SIG: 0014638478 # TIME: 0.39s
2024-07-29 09:58:12,270 - INFO - [32mCOMPLETED LEVEL 1 // TOTAL MOVES: 82 // TIME: 6.19s // SIGNATURE: 0014638478 
[0m
2024-07-29 09:58:12,605 - INFO - ADAPTED STRATEGY # ALPHA: 1.0 # ADAPTED MOVES: 58 # PREV.SIG: 0000012321 # NEW.SIG: 0010579617 # TIME: 0.28s
2024-07-29 09:58:12,950 - INFO - ADAPTED STRATEGY # ALPHA: 1.0 # ADAPTED MOVES: 61 # PREV.SIG: 0000012321 # NEW.SIG: 0009887456 # TIME: 0.30s
2024-07-29 09:58:13,351 - INFO - ADAPTED STRATEGY # ALPHA: 1.0 # ADAPTED MOVES: 73 # PREV.SIG: 0000012321 # NEW.SIG: 0013166750 # TIME: 0.35s
2024-07-29 09:58:13,910 - INFO - ADAPTED STRATEGY # ALPHA: 1.0 # ADAPTED MOVES: 73 # PREV.SIG: 0000012321 # NEW.SIG: 0012133505 # TIME: 0.35s
2024-07-29 09:58:16,171 - INFO - ADAPTED STRATEGY # ALPHA: 1.0 # ADAPTED MOVES: 74 # PREV.SIG: 0000012321 # NEW.SIG: 0013033649 # TIME: 0.36s
2024-07-29 09:58:18,675 - INFO - ADAPTED STRATEGY # ALPHA: 1.0 # ADAPTED MOVES: 74 # PREV.SIG: 0000012321 # NEW.SIG: 0013040957 # TIME: 0.36s
2024-07-29 09:58:19,550 - INFO - ADAPTED STRATEGY # ALPHA: 1.0 # ADAPTED MOVES: 74 # PREV.SIG: 0000012321 # NEW.SIG: 0012944867 # TIME: 0.36s
2024-07-29 09:58:19,833 - INFO - [32mCOMPLETED LEVEL 1 // TOTAL MOVES: 74 // TIME: 7.56s // SIGNATURE: 0012944867 
[0m
2024-07-29 09:58:20,140 - INFO - ADAPTED STRATEGY # ALPHA: 1.0 # ADAPTED MOVES: 53 # PREV.SIG: 0000012321 # NEW.SIG: 0009662326 # TIME: 0.26s
2024-07-29 09:58:20,533 - INFO - ADAPTED STRATEGY # ALPHA: 1.0 # ADAPTED MOVES: 71 # PREV.SIG: 0000012321 # NEW.SIG: 0012090954 # TIME: 0.34s
2024-07-29 09:58:21,075 - INFO - ADAPTED STRATEGY # ALPHA: 1.0 # ADAPTED MOVES: 80 # PREV.SIG: 0000012321 # NEW.SIG: 0013824953 # TIME: 0.38s
2024-07-29 09:58:23,015 - INFO - ADAPTED STRATEGY # ALPHA: 1.0 # ADAPTED MOVES: 80 # PREV.SIG: 0000012321 # NEW.SIG: 0014416737 # TIME: 0.37s
2024-07-29 09:58:25,838 - INFO - ADAPTED STRATEGY # ALPHA: 1.0 # ADAPTED MOVES: 82 # PREV.SIG: 0000012321 # NEW.SIG: 0014505678 # TIME: 0.39s
2024-07-29 09:58:27,042 - INFO - [32mCOMPLETED LEVEL 1 // TOTAL MOVES: 82 // TIME: 7.21s // SIGNATURE: 0014505678 
[0m
2024-07-29 09:58:27,424 - INFO - ADAPTED STRATEGY # ALPHA: 1.0 # ADAPTED MOVES: 68 # PREV.SIG: 0000012321 # NEW.SIG: 0012461727 # TIME: 0.33s
2024-07-29 09:58:28,075 - INFO - ADAPTED STRATEGY # ALPHA: 1.0 # ADAPTED MOVES: 72 # PREV.SIG: 0000012321 # NEW.SIG: 0012807986 # TIME: 0.34s
2024-07-29 09:58:28,855 - INFO - ADAPTED STRATEGY # ALPHA: 1.0 # ADAPTED MOVES: 73 # PREV.SIG: 0000012321 # NEW.SIG: 0012047873 # TIME: 0.35s
2024-07-29 09:58:30,425 - INFO - ADAPTED STRATEGY # ALPHA: 1.0 # ADAPTED MOVES: 73 # PREV.SIG: 0000012321 # NEW.SIG: 0012732037 # TIME: 0.35s
2024-07-29 09:58:31,697 - INFO - ADAPTED STRATEGY # ALPHA: 1.0 # ADAPTED MOVES: 76 # PREV.SIG: 0000012321 # NEW.SIG: 0011848666 # TIME: 0.36s
2024-07-29 09:58:32,186 - INFO - ADAPTED STRATEGY # ALPHA: 1.0 # ADAPTED MOVES: 83 # PREV.SIG: 0000012321 # NEW.SIG: 0014477595 # TIME: 0.39s
2024-07-29 09:58:34,358 - INFO - [32mCOMPLETED LEVEL 1 // TOTAL MOVES: 83 // TIME: 7.32s // SIGNATURE: 0014477595 
[0m
2024-07-29 09:58:34,784 - INFO - ADAPTED STRATEGY # ALPHA: 1.0 # ADAPTED MOVES: 77 # PREV.SIG: 0000012321 # NEW.SIG: 0013992524 # TIME: 0.37s
2024-07-29 09:58:37,290 - INFO - ADAPTED STRATEGY # ALPHA: 1.0 # ADAPTED MOVES: 79 # PREV.SIG: 0000012321 # NEW.SIG: 0014276786 # TIME: 0.38s
2024-07-29 09:58:38,420 - INFO - ADAPTED STRATEGY # ALPHA: 1.0 # ADAPTED MOVES: 80 # PREV.SIG: 0000012321 # NEW.SIG: 0014741084 # TIME: 0.38s
2024-07-29 09:58:40,655 - INFO - ADAPTED STRATEGY # ALPHA: 1.0 # ADAPTED MOVES: 84 # PREV.SIG: 0000012321 # NEW.SIG: 0014802519 # TIME: 0.40s
2024-07-29 09:58:41,175 - INFO - [32mCOMPLETED LEVEL 1 // TOTAL MOVES: 84 // TIME: 6.82s // SIGNATURE: 0014802519 
[0m
2024-07-29 09:58:41,495 - INFO - ADAPTED STRATEGY # ALPHA: 1.0 # ADAPTED MOVES: 56 # PREV.SIG: 0000012321 # NEW.SIG: 0009895280 # TIME: 0.27s
2024-07-29 09:58:41,849 - INFO - ADAPTED STRATEGY # ALPHA: 1.0 # ADAPTED MOVES: 62 # PREV.SIG: 0000012321 # NEW.SIG: 0010903844 # TIME: 0.30s
2024-07-29 09:58:42,218 - INFO - ADAPTED STRATEGY # ALPHA: 1.0 # ADAPTED MOVES: 66 # PREV.SIG: 0000012321 # NEW.SIG: 0011552072 # TIME: 0.32s
2024-07-29 09:58:42,816 - INFO - ADAPTED STRATEGY # ALPHA: 1.0 # ADAPTED MOVES: 72 # PREV.SIG: 0000012321 # NEW.SIG: 0012596573 # TIME: 0.35s
2024-07-29 09:58:43,585 - INFO - ADAPTED STRATEGY # ALPHA: 1.0 # ADAPTED MOVES: 82 # PREV.SIG: 0000012321 # NEW.SIG: 0013952598 # TIME: 0.40s
2024-07-29 09:58:48,034 - INFO - [32mCOMPLETED LEVEL 1 // TOTAL MOVES: 82 // TIME: 6.86s // SIGNATURE: 0013952598 
[0m
2024-07-29 09:58:48,401 - INFO - ADAPTED STRATEGY # ALPHA: 1.0 # ADAPTED MOVES: 65 # PREV.SIG: 0000012321 # NEW.SIG: 0011518019 # TIME: 0.31s
2024-07-29 09:58:48,814 - INFO - ADAPTED STRATEGY # ALPHA: 1.0 # ADAPTED MOVES: 74 # PREV.SIG: 0000012321 # NEW.SIG: 0014022857 # TIME: 0.36s
2024-07-29 09:58:50,164 - INFO - ADAPTED STRATEGY # ALPHA: 1.0 # ADAPTED MOVES: 75 # PREV.SIG: 0000012321 # NEW.SIG: 0013491852 # TIME: 0.37s
2024-07-29 09:58:51,057 - INFO - ADAPTED STRATEGY # ALPHA: 1.0 # ADAPTED MOVES: 76 # PREV.SIG: 0000012321 # NEW.SIG: 0012942574 # TIME: 0.36s
2024-07-29 09:58:54,336 - INFO - [32mCOMPLETED LEVEL 1 // TOTAL MOVES: 76 // TIME: 6.30s // SIGNATURE: 0012942574 
[0m
2024-07-29 09:58:54,738 - INFO - ADAPTED STRATEGY # ALPHA: 1.0 # ADAPTED MOVES: 72 # PREV.SIG: 0000012321 # NEW.SIG: 0013142805 # TIME: 0.35s
2024-07-29 09:58:55,136 - INFO - ADAPTED STRATEGY # ALPHA: 1.0 # ADAPTED MOVES: 72 # PREV.SIG: 0000012321 # NEW.SIG: 0012574965 # TIME: 0.34s
2024-07-29 09:58:55,565 - INFO - ADAPTED STRATEGY # ALPHA: 1.0 # ADAPTED MOVES: 77 # PREV.SIG: 0000012321 # NEW.SIG: 0013855068 # TIME: 0.37s
2024-07-29 09:58:57,629 - INFO - ADAPTED STRATEGY # ALPHA: 1.0 # ADAPTED MOVES: 82 # PREV.SIG: 0000012321 # NEW.SIG: 0014597397 # TIME: 0.39s
2024-07-29 09:58:59,288 - INFO - ADAPTED STRATEGY # ALPHA: 1.0 # ADAPTED MOVES: 87 # PREV.SIG: 0000012321 # NEW.SIG: 0014903168 # TIME: 0.42s
2024-07-29 09:59:01,505 - INFO - [32mCOMPLETED LEVEL 1 // TOTAL MOVES: 87 // TIME: 7.17s // SIGNATURE: 0014903168 
[0m
2024-07-29 09:59:01,916 - INFO - ADAPTED STRATEGY # ALPHA: 1.0 # ADAPTED MOVES: 87 # PREV.SIG: 0000012321 # NEW.SIG: 0014903168 # TIME: 0.41s
2024-07-29 09:59:02,351 - INFO - ADAPTED STRATEGY # ALPHA: 1.0 # ADAPTED MOVES: 79 # PREV.SIG: 0000012321 # NEW.SIG: 0013942727 # TIME: 0.38s
2024-07-29 09:59:04,300 - INFO - ADAPTED STRATEGY # ALPHA: 1.0 # ADAPTED MOVES: 83 # PREV.SIG: 0000012321 # NEW.SIG: 0015205025 # TIME: 0.40s
2024-07-29 09:59:06,969 - INFO - ADAPTED STRATEGY # ALPHA: 1.0 # ADAPTED MOVES: 84 # PREV.SIG: 0000012321 # NEW.SIG: 0014752201 # TIME: 0.40s
2024-07-29 09:59:08,588 - INFO - ADAPTED STRATEGY # ALPHA: 1.0 # ADAPTED MOVES: 84 # PREV.SIG: 0000012321 # NEW.SIG: 0014825980 # TIME: 0.40s
2024-07-29 09:59:08,857 - INFO - [32mCOMPLETED LEVEL 1 // TOTAL MOVES: 84 // TIME: 6.94s // SIGNATURE: 0014825980 
[0m
2024-07-29 09:59:09,292 - INFO - ADAPTED STRATEGY # ALPHA: 1.0 # ADAPTED MOVES: 79 # PREV.SIG: 0000012321 # NEW.SIG: 0013625191 # TIME: 0.38s
2024-07-29 09:59:10,171 - INFO - ADAPTED STRATEGY # ALPHA: 1.0 # ADAPTED MOVES: 79 # PREV.SIG: 0000012321 # NEW.SIG: 0013775976 # TIME: 0.38s
2024-07-29 09:59:11,879 - INFO - ADAPTED STRATEGY # ALPHA: 1.0 # ADAPTED MOVES: 79 # PREV.SIG: 0000012321 # NEW.SIG: 0013280350 # TIME: 0.37s
2024-07-29 09:59:14,001 - INFO - ADAPTED STRATEGY # ALPHA: 1.0 # ADAPTED MOVES: 80 # PREV.SIG: 0000012321 # NEW.SIG: 0014221672 # TIME: 0.38s
2024-07-29 09:59:15,464 - INFO - ADAPTED STRATEGY # ALPHA: 1.0 # ADAPTED MOVES: 80 # PREV.SIG: 0000012321 # NEW.SIG: 0014264263 # TIME: 0.39s
2024-07-29 09:59:15,973 - INFO - ADAPTED STRATEGY # ALPHA: 1.0 # ADAPTED MOVES: 83 # PREV.SIG: 0000012321 # NEW.SIG: 0013387413 # TIME: 0.40s
2024-07-29 09:59:16,402 - INFO - [32mCOMPLETED LEVEL 1 // TOTAL MOVES: 83 // TIME: 7.55s // SIGNATURE: 0013387413 
[0m
2024-07-29 09:59:16,775 - INFO - ADAPTED STRATEGY # ALPHA: 1.0 # ADAPTED MOVES: 66 # PREV.SIG: 0000012321 # NEW.SIG: 0011306657 # TIME: 0.32s
2024-07-29 09:59:17,154 - INFO - ADAPTED STRATEGY # ALPHA: 1.0 # ADAPTED MOVES: 67 # PREV.SIG: 0000012321 # NEW.SIG: 0012149343 # TIME: 0.33s
2024-07-29 09:59:17,554 - INFO - ADAPTED STRATEGY # ALPHA: 1.0 # ADAPTED MOVES: 71 # PREV.SIG: 0000012321 # NEW.SIG: 0012422868 # TIME: 0.34s
2024-07-29 09:59:18,618 - INFO - ADAPTED STRATEGY # ALPHA: 1.0 # ADAPTED MOVES: 75 # PREV.SIG: 0000012321 # NEW.SIG: 0013840859 # TIME: 0.36s
2024-07-29 09:59:19,863 - INFO - ADAPTED STRATEGY # ALPHA: 1.0 # ADAPTED MOVES: 86 # PREV.SIG: 0000012321 # NEW.SIG: 0015553939 # TIME: 0.41s
2024-07-29 09:59:23,187 - INFO - [32mCOMPLETED LEVEL 1 // TOTAL MOVES: 86 // TIME: 6.78s // SIGNATURE: 0015553939 
[0m
2024-07-29 09:59:23,606 - INFO - ADAPTED STRATEGY # ALPHA: 1.0 # ADAPTED MOVES: 76 # PREV.SIG: 0000012321 # NEW.SIG: 0012897538 # TIME: 0.36s
2024-07-29 09:59:24,215 - INFO - ADAPTED STRATEGY # ALPHA: 1.0 # ADAPTED MOVES: 80 # PREV.SIG: 0000012321 # NEW.SIG: 0013874972 # TIME: 0.38s
2024-07-29 09:59:25,413 - INFO - ADAPTED STRATEGY # ALPHA: 1.0 # ADAPTED MOVES: 80 # PREV.SIG: 0000012321 # NEW.SIG: 0014008047 # TIME: 0.38s
2024-07-29 09:59:26,735 - INFO - ADAPTED STRATEGY # ALPHA: 1.0 # ADAPTED MOVES: 81 # PREV.SIG: 0000012321 # NEW.SIG: 0014906137 # TIME: 0.39s
2024-07-29 09:59:29,127 - INFO - ADAPTED STRATEGY # ALPHA: 1.0 # ADAPTED MOVES: 81 # PREV.SIG: 0000012321 # NEW.SIG: 0014784604 # TIME: 0.39s
2024-07-29 09:59:30,489 - INFO - [32mCOMPLETED LEVEL 1 // TOTAL MOVES: 81 // TIME: 7.30s // SIGNATURE: 0014784604 
[0m
2024-07-29 09:59:30,880 - INFO - ADAPTED STRATEGY # ALPHA: 1.0 # ADAPTED MOVES: 70 # PREV.SIG: 0000012321 # NEW.SIG: 0011869497 # TIME: 0.33s
2024-07-29 09:59:31,274 - INFO - ADAPTED STRATEGY # ALPHA: 1.0 # ADAPTED MOVES: 70 # PREV.SIG: 0000012321 # NEW.SIG: 0012613933 # TIME: 0.34s
2024-07-29 09:59:31,700 - INFO - ADAPTED STRATEGY # ALPHA: 1.0 # ADAPTED MOVES: 77 # PREV.SIG: 0000012321 # NEW.SIG: 0013295094 # TIME: 0.37s
2024-07-29 09:59:33,732 - INFO - ADAPTED STRATEGY # ALPHA: 1.0 # ADAPTED MOVES: 78 # PREV.SIG: 0000012321 # NEW.SIG: 0013888370 # TIME: 0.37s
2024-07-29 09:59:35,855 - INFO - ADAPTED STRATEGY # ALPHA: 1.0 # ADAPTED MOVES: 80 # PREV.SIG: 0000012321 # NEW.SIG: 0013880422 # TIME: 0.38s
2024-07-29 09:59:37,393 - INFO - ADAPTED STRATEGY # ALPHA: 1.0 # ADAPTED MOVES: 81 # PREV.SIG: 0000012321 # NEW.SIG: 0013671902 # TIME: 0.39s
2024-07-29 09:59:37,887 - INFO - [32mCOMPLETED LEVEL 1 // TOTAL MOVES: 81 // TIME: 7.40s // SIGNATURE: 0013671902 
[0m
2024-07-29 09:59:38,267 - INFO - ADAPTED STRATEGY # ALPHA: 1.0 # ADAPTED MOVES: 67 # PREV.SIG: 0000012321 # NEW.SIG: 0011660536 # TIME: 0.32s
2024-07-29 09:59:38,708 - INFO - ADAPTED STRATEGY # ALPHA: 1.0 # ADAPTED MOVES: 70 # PREV.SIG: 0000012321 # NEW.SIG: 0011746503 # TIME: 0.34s
2024-07-29 09:59:39,190 - INFO - ADAPTED STRATEGY # ALPHA: 1.0 # ADAPTED MOVES: 78 # PREV.SIG: 0000012321 # NEW.SIG: 0014008086 # TIME: 0.37s
2024-07-29 09:59:39,792 - INFO - ADAPTED STRATEGY # ALPHA: 1.0 # ADAPTED MOVES: 79 # PREV.SIG: 0000012321 # NEW.SIG: 0013986166 # TIME: 0.38s
2024-07-29 09:59:41,687 - INFO - ADAPTED STRATEGY # ALPHA: 1.0 # ADAPTED MOVES: 80 # PREV.SIG: 0000012321 # NEW.SIG: 0014279845 # TIME: 0.38s
2024-07-29 09:59:45,067 - INFO - ADAPTED STRATEGY # ALPHA: 1.0 # ADAPTED MOVES: 86 # PREV.SIG: 0000012321 # NEW.SIG: 0014968535 # TIME: 0.41s
2024-07-29 09:59:45,423 - INFO - [32mCOMPLETED LEVEL 1 // TOTAL MOVES: 86 // TIME: 7.54s // SIGNATURE: 0014968535 
[0m
2024-07-29 09:59:45,804 - INFO - ADAPTED STRATEGY # ALPHA: 1.0 # ADAPTED MOVES: 68 # PREV.SIG: 0000012321 # NEW.SIG: 0011668063 # TIME: 0.33s
2024-07-29 09:59:46,409 - INFO - ADAPTED STRATEGY # ALPHA: 1.0 # ADAPTED MOVES: 72 # PREV.SIG: 0000012321 # NEW.SIG: 0013288118 # TIME: 0.35s
2024-07-29 09:59:47,982 - INFO - ADAPTED STRATEGY # ALPHA: 1.0 # ADAPTED MOVES: 77 # PREV.SIG: 0000012321 # NEW.SIG: 0013587356 # TIME: 0.37s
2024-07-29 09:59:48,628 - INFO - ADAPTED STRATEGY # ALPHA: 1.0 # ADAPTED MOVES: 80 # PREV.SIG: 0000012321 # NEW.SIG: 0013758770 # TIME: 0.38s
2024-07-29 09:59:49,095 - INFO - ADAPTED STRATEGY # ALPHA: 1.0 # ADAPTED MOVES: 86 # PREV.SIG: 0000012321 # NEW.SIG: 0014911072 # TIME: 0.41s
2024-07-29 09:59:52,338 - INFO - [32mCOMPLETED LEVEL 1 // TOTAL MOVES: 86 // TIME: 6.91s // SIGNATURE: 0014911072 
[0m
2024-07-29 09:59:52,688 - INFO - ADAPTED STRATEGY # ALPHA: 1.0 # ADAPTED MOVES: 62 # PREV.SIG: 0000012321 # NEW.SIG: 0011286751 # TIME: 0.30s
2024-07-29 09:59:53,039 - INFO - ADAPTED STRATEGY # ALPHA: 1.0 # ADAPTED MOVES: 62 # PREV.SIG: 0000012321 # NEW.SIG: 0010528591 # TIME: 0.30s
2024-07-29 09:59:53,405 - INFO - ADAPTED STRATEGY # ALPHA: 1.0 # ADAPTED MOVES: 65 # PREV.SIG: 0000012321 # NEW.SIG: 0011358461 # TIME: 0.31s
2024-07-29 09:59:53,867 - INFO - ADAPTED STRATEGY # ALPHA: 1.0 # ADAPTED MOVES: 85 # PREV.SIG: 0000012321 # NEW.SIG: 0015297737 # TIME: 0.40s
2024-07-29 09:59:58,871 - INFO - [32mCOMPLETED LEVEL 1 // TOTAL MOVES: 85 // TIME: 6.53s // SIGNATURE: 0015297737 
[0m
2024-07-29 09:59:59,240 - INFO - ADAPTED STRATEGY # ALPHA: 1.0 # ADAPTED MOVES: 65 # PREV.SIG: 0000012321 # NEW.SIG: 0011251378 # TIME: 0.31s
2024-07-29 09:59:59,664 - INFO - ADAPTED STRATEGY # ALPHA: 1.0 # ADAPTED MOVES: 67 # PREV.SIG: 0000012321 # NEW.SIG: 0011813571 # TIME: 0.32s
2024-07-29 10:00:00,189 - INFO - ADAPTED STRATEGY # ALPHA: 1.0 # ADAPTED MOVES: 74 # PREV.SIG: 0000012321 # NEW.SIG: 0012035708 # TIME: 0.35s
2024-07-29 10:00:01,172 - INFO - ADAPTED STRATEGY # ALPHA: 1.0 # ADAPTED MOVES: 75 # PREV.SIG: 0000012321 # NEW.SIG: 0013551601 # TIME: 0.36s
2024-07-29 10:00:01,900 - INFO - ADAPTED STRATEGY # ALPHA: 1.0 # ADAPTED MOVES: 77 # PREV.SIG: 0000012321 # NEW.SIG: 0012823991 # TIME: 0.37s
2024-07-29 10:00:05,721 - INFO - [32mCOMPLETED LEVEL 1 // TOTAL MOVES: 77 // TIME: 6.85s // SIGNATURE: 0012823991 
[0m
2024-07-29 10:00:06,128 - INFO - ADAPTED STRATEGY # ALPHA: 1.0 # ADAPTED MOVES: 72 # PREV.SIG: 0000012321 # NEW.SIG: 0012719002 # TIME: 0.35s
2024-07-29 10:00:06,579 - INFO - ADAPTED STRATEGY # ALPHA: 1.0 # ADAPTED MOVES: 72 # PREV.SIG: 0000012321 # NEW.SIG: 0013357500 # TIME: 0.35s
2024-07-29 10:00:07,037 - INFO - ADAPTED STRATEGY # ALPHA: 1.0 # ADAPTED MOVES: 83 # PREV.SIG: 0000012321 # NEW.SIG: 0014603985 # TIME: 0.40s
2024-07-29 10:00:08,834 - INFO - ADAPTED STRATEGY # ALPHA: 1.0 # ADAPTED MOVES: 86 # PREV.SIG: 0000012321 # NEW.SIG: 0014504246 # TIME: 0.41s
2024-07-29 10:00:09,371 - INFO - ADAPTED STRATEGY # ALPHA: 1.0 # ADAPTED MOVES: 88 # PREV.SIG: 0000012321 # NEW.SIG: 0014605398 # TIME: 0.42s
2024-07-29 10:00:10,732 - INFO - ADAPTED STRATEGY # ALPHA: 1.0 # ADAPTED MOVES: 91 # PREV.SIG: 0000012321 # NEW.SIG: 0015149863 # TIME: 0.43s
2024-07-29 10:00:13,459 - INFO - [32mCOMPLETED LEVEL 1 // TOTAL MOVES: 91 // TIME: 7.74s // SIGNATURE: 0015149863 
[0m
2024-07-29 10:00:13,889 - INFO - ADAPTED STRATEGY # ALPHA: 1.0 # ADAPTED MOVES: 91 # PREV.SIG: 0000012321 # NEW.SIG: 0015149863 # TIME: 0.43s
2024-07-29 10:00:14,298 - INFO - ADAPTED STRATEGY # ALPHA: 1.0 # ADAPTED MOVES: 74 # PREV.SIG: 0000012321 # NEW.SIG: 0012777059 # TIME: 0.35s
2024-07-29 10:00:14,844 - INFO - ADAPTED STRATEGY # ALPHA: 1.0 # ADAPTED MOVES: 80 # PREV.SIG: 0000012321 # NEW.SIG: 0014257306 # TIME: 0.38s
2024-07-29 10:00:16,102 - INFO - ADAPTED STRATEGY # ALPHA: 1.0 # ADAPTED MOVES: 89 # PREV.SIG: 0000012321 # NEW.SIG: 0015270762 # TIME: 0.42s
2024-07-29 10:00:20,382 - INFO - [32mCOMPLETED LEVEL 1 // TOTAL MOVES: 89 // TIME: 6.49s // SIGNATURE: 0015270762 
[0m
2024-07-29 10:00:20,707 - INFO - ADAPTED STRATEGY # ALPHA: 1.0 # ADAPTED MOVES: 57 # PREV.SIG: 0000012321 # NEW.SIG: 0010446013 # TIME: 0.28s
2024-07-29 10:00:21,108 - INFO - ADAPTED STRATEGY # ALPHA: 1.0 # ADAPTED MOVES: 72 # PREV.SIG: 0000012321 # NEW.SIG: 0012977053 # TIME: 0.34s
2024-07-29 10:00:21,584 - INFO - ADAPTED STRATEGY # ALPHA: 1.0 # ADAPTED MOVES: 81 # PREV.SIG: 0000012321 # NEW.SIG: 0014446085 # TIME: 0.39s
2024-07-29 10:00:22,861 - INFO - ADAPTED STRATEGY # ALPHA: 1.0 # ADAPTED MOVES: 83 # PREV.SIG: 0000012321 # NEW.SIG: 0015060894 # TIME: 0.40s
2024-07-29 10:00:26,607 - INFO - [32mCOMPLETED LEVEL 1 // TOTAL MOVES: 83 // TIME: 6.22s // SIGNATURE: 0015060894 
[0m
2024-07-29 10:00:27,006 - INFO - ADAPTED STRATEGY # ALPHA: 1.0 # ADAPTED MOVES: 71 # PREV.SIG: 0000012321 # NEW.SIG: 0012562622 # TIME: 0.34s
2024-07-29 10:00:27,929 - INFO - ADAPTED STRATEGY # ALPHA: 1.0 # ADAPTED MOVES: 75 # PREV.SIG: 0000012321 # NEW.SIG: 0013218208 # TIME: 0.36s
2024-07-29 10:00:28,850 - INFO - ADAPTED STRATEGY # ALPHA: 1.0 # ADAPTED MOVES: 83 # PREV.SIG: 0000012321 # NEW.SIG: 0014250445 # TIME: 0.40s
2024-07-29 10:00:33,018 - INFO - [32mCOMPLETED LEVEL 1 // TOTAL MOVES: 83 // TIME: 6.41s // SIGNATURE: 0014250445 
[0m
2024-07-29 10:00:33,358 - INFO - ADAPTED STRATEGY # ALPHA: 1.0 # ADAPTED MOVES: 60 # PREV.SIG: 0000012321 # NEW.SIG: 0010337754 # TIME: 0.29s
2024-07-29 10:00:33,747 - INFO - ADAPTED STRATEGY # ALPHA: 1.0 # ADAPTED MOVES: 70 # PREV.SIG: 0000012321 # NEW.SIG: 0012263722 # TIME: 0.33s
2024-07-29 10:00:34,185 - INFO - ADAPTED STRATEGY # ALPHA: 1.0 # ADAPTED MOVES: 71 # PREV.SIG: 0000012321 # NEW.SIG: 0012371609 # TIME: 0.34s
2024-07-29 10:00:34,646 - INFO - ADAPTED STRATEGY # ALPHA: 1.0 # ADAPTED MOVES: 74 # PREV.SIG: 0000012321 # NEW.SIG: 0013146535 # TIME: 0.35s
2024-07-29 10:00:35,319 - INFO - ADAPTED STRATEGY # ALPHA: 1.0 # ADAPTED MOVES: 78 # PREV.SIG: 0000012321 # NEW.SIG: 0013929271 # TIME: 0.37s
2024-07-29 10:00:36,694 - INFO - ADAPTED STRATEGY # ALPHA: 1.0 # ADAPTED MOVES: 85 # PREV.SIG: 0000012321 # NEW.SIG: 0015084970 # TIME: 0.40s
2024-07-29 10:00:40,441 - INFO - [32mCOMPLETED LEVEL 1 // TOTAL MOVES: 85 // TIME: 7.42s // SIGNATURE: 0015084970 
[0m
2024-07-29 10:00:40,823 - INFO - ADAPTED STRATEGY # ALPHA: 1.0 # ADAPTED MOVES: 69 # PREV.SIG: 0000012321 # NEW.SIG: 0012761392 # TIME: 0.33s
2024-07-29 10:00:41,235 - INFO - ADAPTED STRATEGY # ALPHA: 1.0 # ADAPTED MOVES: 75 # PREV.SIG: 0000012321 # NEW.SIG: 0013316011 # TIME: 0.36s
2024-07-29 10:00:42,002 - INFO - ADAPTED STRATEGY # ALPHA: 1.0 # ADAPTED MOVES: 75 # PREV.SIG: 0000012321 # NEW.SIG: 0013435659 # TIME: 0.36s
2024-07-29 10:00:42,544 - INFO - ADAPTED STRATEGY # ALPHA: 1.0 # ADAPTED MOVES: 80 # PREV.SIG: 0000012321 # NEW.SIG: 0014318683 # TIME: 0.38s
2024-07-29 10:00:43,537 - INFO - ADAPTED STRATEGY # ALPHA: 1.0 # ADAPTED MOVES: 83 # PREV.SIG: 0000012321 # NEW.SIG: 0014370789 # TIME: 0.39s
2024-07-29 10:00:47,072 - INFO - [32mCOMPLETED LEVEL 1 // TOTAL MOVES: 83 // TIME: 6.63s // SIGNATURE: 0014370789 
[0m
2024-07-29 10:00:47,499 - INFO - ADAPTED STRATEGY # ALPHA: 1.0 # ADAPTED MOVES: 78 # PREV.SIG: 0000012321 # NEW.SIG: 0014079718 # TIME: 0.37s
2024-07-29 10:00:49,171 - INFO - ADAPTED STRATEGY # ALPHA: 1.0 # ADAPTED MOVES: 82 # PREV.SIG: 0000012321 # NEW.SIG: 0015227058 # TIME: 0.39s
2024-07-29 10:00:52,687 - INFO - ADAPTED STRATEGY # ALPHA: 1.0 # ADAPTED MOVES: 82 # PREV.SIG: 0000012321 # NEW.SIG: 0013947285 # TIME: 0.39s
2024-07-29 10:00:53,773 - INFO - ADAPTED STRATEGY # ALPHA: 1.0 # ADAPTED MOVES: 84 # PREV.SIG: 0000012321 # NEW.SIG: 0014704336 # TIME: 0.40s
2024-07-29 10:00:53,955 - INFO - [32mCOMPLETED LEVEL 1 // TOTAL MOVES: 84 // TIME: 6.88s // SIGNATURE: 0014704336 
[0m
2024-07-29 10:00:54,275 - INFO - ADAPTED STRATEGY # ALPHA: 1.0 # ADAPTED MOVES: 56 # PREV.SIG: 0000012321 # NEW.SIG: 0009783111 # TIME: 0.27s
2024-07-29 10:00:54,645 - INFO - ADAPTED STRATEGY # ALPHA: 1.0 # ADAPTED MOVES: 65 # PREV.SIG: 0000012321 # NEW.SIG: 0011636764 # TIME: 0.32s
2024-07-29 10:00:55,087 - INFO - ADAPTED STRATEGY # ALPHA: 1.0 # ADAPTED MOVES: 80 # PREV.SIG: 0000012321 # NEW.SIG: 0014513388 # TIME: 0.38s
2024-07-29 10:00:56,656 - INFO - ADAPTED STRATEGY # ALPHA: 1.0 # ADAPTED MOVES: 80 # PREV.SIG: 0000012321 # NEW.SIG: 0014050201 # TIME: 0.38s
2024-07-29 10:00:59,593 - INFO - ADAPTED STRATEGY # ALPHA: 1.0 # ADAPTED MOVES: 81 # PREV.SIG: 0000012321 # NEW.SIG: 0015003301 # TIME: 0.39s
2024-07-29 10:01:01,008 - INFO - [32mCOMPLETED LEVEL 1 // TOTAL MOVES: 81 // TIME: 7.05s // SIGNATURE: 0015003301 
[0m
2024-07-29 10:01:01,376 - INFO - ADAPTED STRATEGY # ALPHA: 1.0 # ADAPTED MOVES: 65 # PREV.SIG: 0000012321 # NEW.SIG: 0011429261 # TIME: 0.32s
2024-07-29 10:01:01,814 - INFO - ADAPTED STRATEGY # ALPHA: 1.0 # ADAPTED MOVES: 69 # PREV.SIG: 0000012321 # NEW.SIG: 0011780029 # TIME: 0.33s
2024-07-29 10:01:02,255 - INFO - ADAPTED STRATEGY # ALPHA: 1.0 # ADAPTED MOVES: 70 # PREV.SIG: 0000012321 # NEW.SIG: 0012248151 # TIME: 0.33s
2024-07-29 10:01:02,656 - INFO - ADAPTED STRATEGY # ALPHA: 1.0 # ADAPTED MOVES: 71 # PREV.SIG: 0000012321 # NEW.SIG: 0012383304 # TIME: 0.34s
2024-07-29 10:01:03,324 - INFO - ADAPTED STRATEGY # ALPHA: 1.0 # ADAPTED MOVES: 72 # PREV.SIG: 0000012321 # NEW.SIG: 0012997231 # TIME: 0.35s
2024-07-29 10:01:03,762 - INFO - ADAPTED STRATEGY # ALPHA: 1.0 # ADAPTED MOVES: 80 # PREV.SIG: 0000012321 # NEW.SIG: 0014257571 # TIME: 0.38s
2024-07-29 10:01:08,567 - INFO - [32mCOMPLETED LEVEL 1 // TOTAL MOVES: 80 // TIME: 7.56s // SIGNATURE: 0014257571 
[0m
2024-07-29 10:01:08,849 - INFO - ADAPTED STRATEGY # ALPHA: 1.0 # ADAPTED MOVES: 48 # PREV.SIG: 0000012321 # NEW.SIG: 0008915824 # TIME: 0.24s
2024-07-29 10:01:09,321 - INFO - ADAPTED STRATEGY # ALPHA: 1.0 # ADAPTED MOVES: 75 # PREV.SIG: 0000012321 # NEW.SIG: 0013426385 # TIME: 0.36s
2024-07-29 10:01:09,798 - INFO - ADAPTED STRATEGY # ALPHA: 1.0 # ADAPTED MOVES: 76 # PREV.SIG: 0000012321 # NEW.SIG: 0013483322 # TIME: 0.37s
2024-07-29 10:01:10,643 - INFO - ADAPTED STRATEGY # ALPHA: 1.0 # ADAPTED MOVES: 76 # PREV.SIG: 0000012321 # NEW.SIG: 0013529714 # TIME: 0.36s
2024-07-29 10:01:12,049 - INFO - ADAPTED STRATEGY # ALPHA: 1.0 # ADAPTED MOVES: 78 # PREV.SIG: 0000012321 # NEW.SIG: 0014122687 # TIME: 0.37s
2024-07-29 10:01:13,035 - INFO - ADAPTED STRATEGY # ALPHA: 1.0 # ADAPTED MOVES: 79 # PREV.SIG: 0000012321 # NEW.SIG: 0015108420 # TIME: 0.38s
2024-07-29 10:01:14,088 - INFO - ADAPTED STRATEGY # ALPHA: 1.0 # ADAPTED MOVES: 85 # PREV.SIG: 0000012321 # NEW.SIG: 0015141773 # TIME: 0.40s
2024-07-29 10:01:16,268 - INFO - [32mCOMPLETED LEVEL 1 // TOTAL MOVES: 85 // TIME: 7.70s // SIGNATURE: 0015141773 
[0m
2024-07-29 10:01:16,630 - INFO - ADAPTED STRATEGY # ALPHA: 1.0 # ADAPTED MOVES: 64 # PREV.SIG: 0000012321 # NEW.SIG: 0011885073 # TIME: 0.31s
2024-07-29 10:01:17,013 - INFO - ADAPTED STRATEGY # ALPHA: 1.0 # ADAPTED MOVES: 69 # PREV.SIG: 0000012321 # NEW.SIG: 0012549653 # TIME: 0.33s
2024-07-29 10:01:17,569 - INFO - ADAPTED STRATEGY # ALPHA: 1.0 # ADAPTED MOVES: 70 # PREV.SIG: 0000012321 # NEW.SIG: 0012074077 # TIME: 0.34s
2024-07-29 10:01:18,053 - INFO - ADAPTED STRATEGY # ALPHA: 1.0 # ADAPTED MOVES: 80 # PREV.SIG: 0000012321 # NEW.SIG: 0015100193 # TIME: 0.38s
2024-07-29 10:01:21,611 - INFO - ADAPTED STRATEGY # ALPHA: 1.0 # ADAPTED MOVES: 84 # PREV.SIG: 0000012321 # NEW.SIG: 0015178501 # TIME: 0.40s
2024-07-29 10:01:22,355 - INFO - ADAPTED STRATEGY # ALPHA: 1.0 # ADAPTED MOVES: 84 # PREV.SIG: 0000012321 # NEW.SIG: 0015619533 # TIME: 0.40s
2024-07-29 10:01:22,812 - INFO - ADAPTED STRATEGY # ALPHA: 1.0 # ADAPTED MOVES: 84 # PREV.SIG: 0000012321 # NEW.SIG: 0015195056 # TIME: 0.40s
2024-07-29 10:01:24,182 - INFO - [32mCOMPLETED LEVEL 1 // TOTAL MOVES: 84 // TIME: 7.91s // SIGNATURE: 0015195056 
[0m
2024-07-29 10:01:24,617 - INFO - ADAPTED STRATEGY # ALPHA: 1.0 # ADAPTED MOVES: 78 # PREV.SIG: 0000012321 # NEW.SIG: 0014125611 # TIME: 0.38s
2024-07-29 10:01:25,062 - INFO - ADAPTED STRATEGY # ALPHA: 1.0 # ADAPTED MOVES: 81 # PREV.SIG: 0000012321 # NEW.SIG: 0014305614 # TIME: 0.39s
2024-07-29 10:01:28,755 - INFO - ADAPTED STRATEGY # ALPHA: 1.0 # ADAPTED MOVES: 82 # PREV.SIG: 0000012321 # NEW.SIG: 0014734038 # TIME: 0.39s
2024-07-29 10:01:29,304 - INFO - ADAPTED STRATEGY # ALPHA: 1.0 # ADAPTED MOVES: 82 # PREV.SIG: 0000012321 # NEW.SIG: 0014238911 # TIME: 0.39s
2024-07-29 10:01:30,282 - INFO - ADAPTED STRATEGY # ALPHA: 1.0 # ADAPTED MOVES: 83 # PREV.SIG: 0000012321 # NEW.SIG: 0014676193 # TIME: 0.40s
2024-07-29 10:01:31,323 - INFO - [32mCOMPLETED LEVEL 1 // TOTAL MOVES: 83 // TIME: 7.14s // SIGNATURE: 0014676193 
[0m
2024-07-29 10:01:31,689 - INFO - ADAPTED STRATEGY # ALPHA: 1.0 # ADAPTED MOVES: 65 # PREV.SIG: 0000012321 # NEW.SIG: 0011319966 # TIME: 0.31s
2024-07-29 10:01:32,086 - INFO - ADAPTED STRATEGY # ALPHA: 1.0 # ADAPTED MOVES: 72 # PREV.SIG: 0000012321 # NEW.SIG: 0012738656 # TIME: 0.34s
2024-07-29 10:01:32,538 - INFO - ADAPTED STRATEGY # ALPHA: 1.0 # ADAPTED MOVES: 72 # PREV.SIG: 0000012321 # NEW.SIG: 0013013917 # TIME: 0.34s
2024-07-29 10:01:32,950 - INFO - ADAPTED STRATEGY # ALPHA: 1.0 # ADAPTED MOVES: 74 # PREV.SIG: 0000012321 # NEW.SIG: 0013329244 # TIME: 0.35s
2024-07-29 10:01:33,662 - INFO - ADAPTED STRATEGY # ALPHA: 1.0 # ADAPTED MOVES: 78 # PREV.SIG: 0000012321 # NEW.SIG: 0013929439 # TIME: 0.38s
2024-07-29 10:01:34,262 - INFO - ADAPTED STRATEGY # ALPHA: 1.0 # ADAPTED MOVES: 90 # PREV.SIG: 0000012321 # NEW.SIG: 0016158328 # TIME: 0.43s
2024-07-29 10:01:38,883 - INFO - [32mCOMPLETED LEVEL 1 // TOTAL MOVES: 90 // TIME: 7.56s // SIGNATURE: 0016158328 
[0m
2024-07-29 10:01:39,299 - INFO - ADAPTED STRATEGY # ALPHA: 1.0 # ADAPTED MOVES: 75 # PREV.SIG: 0000012321 # NEW.SIG: 0013826226 # TIME: 0.36s
2024-07-29 10:01:40,256 - INFO - ADAPTED STRATEGY # ALPHA: 1.0 # ADAPTED MOVES: 75 # PREV.SIG: 0000012321 # NEW.SIG: 0013216126 # TIME: 0.36s
2024-07-29 10:01:41,109 - INFO - ADAPTED STRATEGY # ALPHA: 1.0 # ADAPTED MOVES: 77 # PREV.SIG: 0000012321 # NEW.SIG: 0013665070 # TIME: 0.37s
2024-07-29 10:01:41,550 - INFO - ADAPTED STRATEGY # ALPHA: 1.0 # ADAPTED MOVES: 80 # PREV.SIG: 0000012321 # NEW.SIG: 0014542467 # TIME: 0.38s
2024-07-29 10:01:42,427 - INFO - ADAPTED STRATEGY # ALPHA: 1.0 # ADAPTED MOVES: 83 # PREV.SIG: 0000012321 # NEW.SIG: 0015086926 # TIME: 0.39s
2024-07-29 10:01:43,059 - INFO - ADAPTED STRATEGY # ALPHA: 1.0 # ADAPTED MOVES: 85 # PREV.SIG: 0000012321 # NEW.SIG: 0015624258 # TIME: 0.40s
2024-07-29 10:01:46,646 - INFO - [32mCOMPLETED LEVEL 1 // TOTAL MOVES: 85 // TIME: 7.76s // SIGNATURE: 0015624258 
[0m
2024-07-29 10:01:47,017 - INFO - ADAPTED STRATEGY # ALPHA: 1.0 # ADAPTED MOVES: 66 # PREV.SIG: 0000012321 # NEW.SIG: 0011551874 # TIME: 0.31s
2024-07-29 10:01:47,477 - INFO - ADAPTED STRATEGY # ALPHA: 1.0 # ADAPTED MOVES: 73 # PREV.SIG: 0000012321 # NEW.SIG: 0013074693 # TIME: 0.35s
2024-07-29 10:01:47,907 - INFO - ADAPTED STRATEGY # ALPHA: 1.0 # ADAPTED MOVES: 78 # PREV.SIG: 0000012321 # NEW.SIG: 0013796289 # TIME: 0.37s
2024-07-29 10:01:48,359 - INFO - ADAPTED STRATEGY # ALPHA: 1.0 # ADAPTED MOVES: 81 # PREV.SIG: 0000012321 # NEW.SIG: 0014548495 # TIME: 0.39s
2024-07-29 10:01:51,844 - INFO - ADAPTED STRATEGY # ALPHA: 1.0 # ADAPTED MOVES: 85 # PREV.SIG: 0000012321 # NEW.SIG: 0015293817 # TIME: 0.41s
2024-07-29 10:01:53,734 - INFO - [32mCOMPLETED LEVEL 1 // TOTAL MOVES: 85 // TIME: 7.09s // SIGNATURE: 0015293817 
[0m
2024-07-29 10:01:54,104 - INFO - ADAPTED STRATEGY # ALPHA: 1.0 # ADAPTED MOVES: 66 # PREV.SIG: 0000012321 # NEW.SIG: 0012478765 # TIME: 0.32s
2024-07-29 10:01:54,477 - INFO - ADAPTED STRATEGY # ALPHA: 1.0 # ADAPTED MOVES: 67 # PREV.SIG: 0000012321 # NEW.SIG: 0012470582 # TIME: 0.32s
2024-07-29 10:01:54,865 - INFO - ADAPTED STRATEGY # ALPHA: 1.0 # ADAPTED MOVES: 69 # PREV.SIG: 0000012321 # NEW.SIG: 0012319012 # TIME: 0.33s
2024-07-29 10:01:55,268 - INFO - ADAPTED STRATEGY # ALPHA: 1.0 # ADAPTED MOVES: 73 # PREV.SIG: 0000012321 # NEW.SIG: 0013447978 # TIME: 0.35s
2024-07-29 10:01:55,852 - INFO - ADAPTED STRATEGY # ALPHA: 1.0 # ADAPTED MOVES: 87 # PREV.SIG: 0000012321 # NEW.SIG: 0015963296 # TIME: 0.42s
2024-07-29 10:02:00,900 - INFO - [32mCOMPLETED LEVEL 1 // TOTAL MOVES: 87 // TIME: 7.17s // SIGNATURE: 0015963296 
[0m
2024-07-29 10:02:01,264 - INFO - ADAPTED STRATEGY # ALPHA: 1.0 # ADAPTED MOVES: 65 # PREV.SIG: 0000012321 # NEW.SIG: 0012044846 # TIME: 0.31s
2024-07-29 10:02:01,713 - INFO - ADAPTED STRATEGY # ALPHA: 1.0 # ADAPTED MOVES: 71 # PREV.SIG: 0000012321 # NEW.SIG: 0011930386 # TIME: 0.34s
2024-07-29 10:02:02,162 - INFO - ADAPTED STRATEGY # ALPHA: 1.0 # ADAPTED MOVES: 71 # PREV.SIG: 0000012321 # NEW.SIG: 0012354770 # TIME: 0.34s
2024-07-29 10:02:02,837 - INFO - ADAPTED STRATEGY # ALPHA: 1.0 # ADAPTED MOVES: 73 # PREV.SIG: 0000012321 # NEW.SIG: 0012830845 # TIME: 0.35s
2024-07-29 10:02:03,330 - INFO - ADAPTED STRATEGY # ALPHA: 1.0 # ADAPTED MOVES: 74 # PREV.SIG: 0000012321 # NEW.SIG: 0012817897 # TIME: 0.35s
2024-07-29 10:02:03,790 - INFO - ADAPTED STRATEGY # ALPHA: 1.0 # ADAPTED MOVES: 74 # PREV.SIG: 0000012321 # NEW.SIG: 0012125593 # TIME: 0.36s
2024-07-29 10:02:06,289 - INFO - ADAPTED STRATEGY # ALPHA: 1.0 # ADAPTED MOVES: 77 # PREV.SIG: 0000012321 # NEW.SIG: 0013466860 # TIME: 0.37s
2024-07-29 10:02:07,132 - INFO - ADAPTED STRATEGY # ALPHA: 1.0 # ADAPTED MOVES: 81 # PREV.SIG: 0000012321 # NEW.SIG: 0014465238 # TIME: 0.39s
2024-07-29 10:02:08,764 - INFO - [32mCOMPLETED LEVEL 1 // TOTAL MOVES: 81 // TIME: 7.86s // SIGNATURE: 0014465238 
[0m
2024-07-29 10:02:09,167 - INFO - ADAPTED STRATEGY # ALPHA: 1.0 # ADAPTED MOVES: 72 # PREV.SIG: 0000012321 # NEW.SIG: 0012747209 # TIME: 0.35s
2024-07-29 10:02:09,584 - INFO - ADAPTED STRATEGY # ALPHA: 1.0 # ADAPTED MOVES: 75 # PREV.SIG: 0000012321 # NEW.SIG: 0012876508 # TIME: 0.36s
2024-07-29 10:02:10,151 - INFO - ADAPTED STRATEGY # ALPHA: 1.0 # ADAPTED MOVES: 75 # PREV.SIG: 0000012321 # NEW.SIG: 0013411005 # TIME: 0.36s
2024-07-29 10:02:11,372 - INFO - ADAPTED STRATEGY # ALPHA: 1.0 # ADAPTED MOVES: 76 # PREV.SIG: 0000012321 # NEW.SIG: 0014079767 # TIME: 0.36s
2024-07-29 10:02:12,124 - INFO - ADAPTED STRATEGY # ALPHA: 1.0 # ADAPTED MOVES: 80 # PREV.SIG: 0000012321 # NEW.SIG: 0013810040 # TIME: 0.38s
2024-07-29 10:02:15,896 - INFO - [32mCOMPLETED LEVEL 1 // TOTAL MOVES: 80 // TIME: 7.13s // SIGNATURE: 0013810040 
[0m
2024-07-29 10:02:16,285 - INFO - ADAPTED STRATEGY # ALPHA: 1.0 # ADAPTED MOVES: 70 # PREV.SIG: 0000012321 # NEW.SIG: 0012615790 # TIME: 0.34s
2024-07-29 10:02:16,968 - INFO - ADAPTED STRATEGY # ALPHA: 1.0 # ADAPTED MOVES: 71 # PREV.SIG: 0000012321 # NEW.SIG: 0013137104 # TIME: 0.34s
2024-07-29 10:02:17,466 - INFO - ADAPTED STRATEGY # ALPHA: 1.0 # ADAPTED MOVES: 81 # PREV.SIG: 0000012321 # NEW.SIG: 0014883855 # TIME: 0.39s
2024-07-29 10:02:20,461 - INFO - ADAPTED STRATEGY # ALPHA: 1.0 # ADAPTED MOVES: 84 # PREV.SIG: 0000012321 # NEW.SIG: 0014583674 # TIME: 0.40s
2024-07-29 10:02:22,552 - INFO - ADAPTED STRATEGY # ALPHA: 1.0 # ADAPTED MOVES: 84 # PREV.SIG: 0000012321 # NEW.SIG: 0015262074 # TIME: 0.40s
2024-07-29 10:02:22,979 - INFO - [32mCOMPLETED LEVEL 1 // TOTAL MOVES: 84 // TIME: 7.08s // SIGNATURE: 0015262074 
[0m
2024-07-29 10:02:23,395 - INFO - ADAPTED STRATEGY # ALPHA: 1.0 # ADAPTED MOVES: 75 # PREV.SIG: 0000012321 # NEW.SIG: 0013356197 # TIME: 0.36s
2024-07-29 10:02:23,875 - INFO - ADAPTED STRATEGY # ALPHA: 1.0 # ADAPTED MOVES: 77 # PREV.SIG: 0000012321 # NEW.SIG: 0013907222 # TIME: 0.37s
2024-07-29 10:02:25,378 - INFO - ADAPTED STRATEGY # ALPHA: 1.0 # ADAPTED MOVES: 81 # PREV.SIG: 0000012321 # NEW.SIG: 0014570886 # TIME: 0.39s
2024-07-29 10:02:27,161 - INFO - ADAPTED STRATEGY # ALPHA: 1.0 # ADAPTED MOVES: 85 # PREV.SIG: 0000012321 # NEW.SIG: 0014398260 # TIME: 0.41s
2024-07-29 10:02:29,413 - INFO - ADAPTED STRATEGY # ALPHA: 1.0 # ADAPTED MOVES: 85 # PREV.SIG: 0000012321 # NEW.SIG: 0014517443 # TIME: 0.41s
2024-07-29 10:02:30,721 - INFO - ADAPTED STRATEGY # ALPHA: 1.0 # ADAPTED MOVES: 89 # PREV.SIG: 0000012321 # NEW.SIG: 0014728905 # TIME: 0.42s
2024-07-29 10:02:30,722 - INFO - [32mCOMPLETED LEVEL 1 // TOTAL MOVES: 89 // TIME: 7.74s // SIGNATURE: 0014728905 
[0m
2024-07-29 10:02:31,076 - INFO - ADAPTED STRATEGY # ALPHA: 1.0 # ADAPTED MOVES: 62 # PREV.SIG: 0000012321 # NEW.SIG: 0010927729 # TIME: 0.30s
2024-07-29 10:02:31,488 - INFO - ADAPTED STRATEGY # ALPHA: 1.0 # ADAPTED MOVES: 74 # PREV.SIG: 0000012321 # NEW.SIG: 0013403402 # TIME: 0.35s
2024-07-29 10:02:31,919 - INFO - ADAPTED STRATEGY # ALPHA: 1.0 # ADAPTED MOVES: 77 # PREV.SIG: 0000012321 # NEW.SIG: 0013845868 # TIME: 0.37s
2024-07-29 10:02:32,765 - INFO - ADAPTED STRATEGY # ALPHA: 1.0 # ADAPTED MOVES: 78 # PREV.SIG: 0000012321 # NEW.SIG: 0013533604 # TIME: 0.37s
2024-07-29 10:02:33,810 - INFO - ADAPTED STRATEGY # ALPHA: 1.0 # ADAPTED MOVES: 81 # PREV.SIG: 0000012321 # NEW.SIG: 0014431305 # TIME: 0.39s
2024-07-29 10:02:35,646 - INFO - ADAPTED STRATEGY # ALPHA: 1.0 # ADAPTED MOVES: 84 # PREV.SIG: 0000012321 # NEW.SIG: 0014399813 # TIME: 0.40s
2024-07-29 10:02:36,746 - INFO - ADAPTED STRATEGY # ALPHA: 1.0 # ADAPTED MOVES: 84 # PREV.SIG: 0000012321 # NEW.SIG: 0014571062 # TIME: 0.40s
2024-07-29 10:02:38,674 - INFO - [32mCOMPLETED LEVEL 1 // TOTAL MOVES: 84 // TIME: 7.95s // SIGNATURE: 0014571062 
[0m
2024-07-29 10:02:39,046 - INFO - ADAPTED STRATEGY # ALPHA: 1.0 # ADAPTED MOVES: 65 # PREV.SIG: 0000012321 # NEW.SIG: 0011414570 # TIME: 0.32s
2024-07-29 10:02:39,494 - INFO - ADAPTED STRATEGY # ALPHA: 1.0 # ADAPTED MOVES: 71 # PREV.SIG: 0000012321 # NEW.SIG: 0013126774 # TIME: 0.34s
2024-07-29 10:02:40,028 - INFO - ADAPTED STRATEGY # ALPHA: 1.0 # ADAPTED MOVES: 77 # PREV.SIG: 0000012321 # NEW.SIG: 0013570736 # TIME: 0.37s
2024-07-29 10:02:41,952 - INFO - ADAPTED STRATEGY # ALPHA: 1.0 # ADAPTED MOVES: 82 # PREV.SIG: 0000012321 # NEW.SIG: 0014510917 # TIME: 0.39s
2024-07-29 10:02:44,440 - INFO - ADAPTED STRATEGY # ALPHA: 1.0 # ADAPTED MOVES: 84 # PREV.SIG: 0000012321 # NEW.SIG: 0014974606 # TIME: 0.40s
2024-07-29 10:02:44,967 - INFO - ADAPTED STRATEGY # ALPHA: 1.0 # ADAPTED MOVES: 85 # PREV.SIG: 0000012321 # NEW.SIG: 0014513742 # TIME: 0.41s
2024-07-29 10:02:46,270 - INFO - [32mCOMPLETED LEVEL 1 // TOTAL MOVES: 85 // TIME: 7.59s // SIGNATURE: 0014513742 
[0m
2024-07-29 10:02:46,607 - INFO - ADAPTED STRATEGY # ALPHA: 1.0 # ADAPTED MOVES: 59 # PREV.SIG: 0000012321 # NEW.SIG: 0010700183 # TIME: 0.29s
2024-07-29 10:02:47,007 - INFO - ADAPTED STRATEGY # ALPHA: 1.0 # ADAPTED MOVES: 72 # PREV.SIG: 0000012321 # NEW.SIG: 0012796484 # TIME: 0.35s
2024-07-29 10:02:47,428 - INFO - ADAPTED STRATEGY # ALPHA: 1.0 # ADAPTED MOVES: 76 # PREV.SIG: 0000012321 # NEW.SIG: 0013610318 # TIME: 0.36s
2024-07-29 10:02:48,119 - INFO - ADAPTED STRATEGY # ALPHA: 1.0 # ADAPTED MOVES: 81 # PREV.SIG: 0000012321 # NEW.SIG: 0014663352 # TIME: 0.39s
2024-07-29 10:02:50,794 - INFO - ADAPTED STRATEGY # ALPHA: 1.0 # ADAPTED MOVES: 82 # PREV.SIG: 0000012321 # NEW.SIG: 0015074934 # TIME: 0.39s
2024-07-29 10:02:51,311 - INFO - ADAPTED STRATEGY # ALPHA: 1.0 # ADAPTED MOVES: 84 # PREV.SIG: 0000012321 # NEW.SIG: 0015468922 # TIME: 0.40s
2024-07-29 10:02:53,766 - INFO - [32mCOMPLETED LEVEL 1 // TOTAL MOVES: 84 // TIME: 7.50s // SIGNATURE: 0015468922 
[0m
2024-07-29 10:02:54,104 - INFO - ADAPTED STRATEGY # ALPHA: 1.0 # ADAPTED MOVES: 59 # PREV.SIG: 0000012321 # NEW.SIG: 0010070540 # TIME: 0.29s
2024-07-29 10:02:54,469 - INFO - ADAPTED STRATEGY # ALPHA: 1.0 # ADAPTED MOVES: 64 # PREV.SIG: 0000012321 # NEW.SIG: 0011456958 # TIME: 0.31s
2024-07-29 10:02:54,896 - INFO - ADAPTED STRATEGY # ALPHA: 1.0 # ADAPTED MOVES: 68 # PREV.SIG: 0000012321 # NEW.SIG: 0012440644 # TIME: 0.32s
2024-07-29 10:02:55,510 - INFO - ADAPTED STRATEGY # ALPHA: 1.0 # ADAPTED MOVES: 72 # PREV.SIG: 0000012321 # NEW.SIG: 0013023867 # TIME: 0.35s
2024-07-29 10:02:56,025 - INFO - ADAPTED STRATEGY # ALPHA: 1.0 # ADAPTED MOVES: 74 # PREV.SIG: 0000012321 # NEW.SIG: 0013421395 # TIME: 0.35s
2024-07-29 10:02:56,466 - INFO - ADAPTED STRATEGY # ALPHA: 1.0 # ADAPTED MOVES: 80 # PREV.SIG: 0000012321 # NEW.SIG: 0014729898 # TIME: 0.38s
2024-07-29 10:02:57,258 - INFO - ADAPTED STRATEGY # ALPHA: 1.0 # ADAPTED MOVES: 80 # PREV.SIG: 0000012321 # NEW.SIG: 0014052862 # TIME: 0.38s
2024-07-29 10:02:57,716 - INFO - ADAPTED STRATEGY # ALPHA: 1.0 # ADAPTED MOVES: 83 # PREV.SIG: 0000012321 # NEW.SIG: 0014917853 # TIME: 0.40s
2024-07-29 10:02:58,618 - INFO - ADAPTED STRATEGY # ALPHA: 1.0 # ADAPTED MOVES: 84 # PREV.SIG: 0000012321 # NEW.SIG: 0014999151 # TIME: 0.40s
2024-07-29 10:03:01,751 - INFO - ADAPTED STRATEGY # ALPHA: 1.0 # ADAPTED MOVES: 84 # PREV.SIG: 0000012321 # NEW.SIG: 0014939276 # TIME: 0.40s
2024-07-29 10:03:02,593 - INFO - ADAPTED STRATEGY # ALPHA: 1.0 # ADAPTED MOVES: 84 # PREV.SIG: 0000012321 # NEW.SIG: 0014800363 # TIME: 0.40s
2024-07-29 10:03:03,261 - INFO - [32mCOMPLETED LEVEL 1 // TOTAL MOVES: 84 // TIME: 9.49s // SIGNATURE: 0014800363 
[0m
2024-07-29 10:03:03,621 - INFO - ADAPTED STRATEGY # ALPHA: 1.0 # ADAPTED MOVES: 65 # PREV.SIG: 0000012321 # NEW.SIG: 0012053584 # TIME: 0.31s
2024-07-29 10:03:04,004 - INFO - ADAPTED STRATEGY # ALPHA: 1.0 # ADAPTED MOVES: 68 # PREV.SIG: 0000012321 # NEW.SIG: 0011555187 # TIME: 0.33s
2024-07-29 10:03:04,463 - INFO - ADAPTED STRATEGY # ALPHA: 1.0 # ADAPTED MOVES: 72 # PREV.SIG: 0000012321 # NEW.SIG: 0012768546 # TIME: 0.35s
2024-07-29 10:03:05,115 - INFO - ADAPTED STRATEGY # ALPHA: 1.0 # ADAPTED MOVES: 75 # PREV.SIG: 0000012321 # NEW.SIG: 0013222070 # TIME: 0.36s
2024-07-29 10:03:05,903 - INFO - ADAPTED STRATEGY # ALPHA: 1.0 # ADAPTED MOVES: 75 # PREV.SIG: 0000012321 # NEW.SIG: 0013386921 # TIME: 0.36s
2024-07-29 10:03:06,666 - INFO - ADAPTED STRATEGY # ALPHA: 1.0 # ADAPTED MOVES: 80 # PREV.SIG: 0000012321 # NEW.SIG: 0014479157 # TIME: 0.38s
2024-07-29 10:03:10,142 - INFO - ADAPTED STRATEGY # ALPHA: 1.0 # ADAPTED MOVES: 83 # PREV.SIG: 0000012321 # NEW.SIG: 0014080593 # TIME: 0.40s
2024-07-29 10:03:10,836 - INFO - [32mCOMPLETED LEVEL 1 // TOTAL MOVES: 83 // TIME: 7.57s // SIGNATURE: 0014080593 
[0m
2024-07-29 10:03:11,217 - INFO - ADAPTED STRATEGY # ALPHA: 1.0 # ADAPTED MOVES: 68 # PREV.SIG: 0000012321 # NEW.SIG: 0012162870 # TIME: 0.33s
2024-07-29 10:03:11,651 - INFO - ADAPTED STRATEGY # ALPHA: 1.0 # ADAPTED MOVES: 78 # PREV.SIG: 0000012321 # NEW.SIG: 0013974261 # TIME: 0.38s
2024-07-29 10:03:12,364 - INFO - ADAPTED STRATEGY # ALPHA: 1.0 # ADAPTED MOVES: 79 # PREV.SIG: 0000012321 # NEW.SIG: 0014067278 # TIME: 0.38s
2024-07-29 10:03:12,856 - INFO - ADAPTED STRATEGY # ALPHA: 1.0 # ADAPTED MOVES: 80 # PREV.SIG: 0000012321 # NEW.SIG: 0014529980 # TIME: 0.38s
2024-07-29 10:03:14,216 - INFO - ADAPTED STRATEGY # ALPHA: 1.0 # ADAPTED MOVES: 80 # PREV.SIG: 0000012321 # NEW.SIG: 0013995693 # TIME: 0.38s
2024-07-29 10:03:16,629 - INFO - ADAPTED STRATEGY # ALPHA: 1.0 # ADAPTED MOVES: 82 # PREV.SIG: 0000012321 # NEW.SIG: 0015186606 # TIME: 0.39s
2024-07-29 10:03:18,456 - INFO - [32mCOMPLETED LEVEL 1 // TOTAL MOVES: 82 // TIME: 7.62s // SIGNATURE: 0015186606 
[0m
2024-07-29 10:03:18,789 - INFO - ADAPTED STRATEGY # ALPHA: 1.0 # ADAPTED MOVES: 59 # PREV.SIG: 0000012321 # NEW.SIG: 0010141387 # TIME: 0.28s
2024-07-29 10:03:19,140 - INFO - ADAPTED STRATEGY # ALPHA: 1.0 # ADAPTED MOVES: 62 # PREV.SIG: 0000012321 # NEW.SIG: 0011089790 # TIME: 0.30s
2024-07-29 10:03:19,543 - INFO - ADAPTED STRATEGY # ALPHA: 1.0 # ADAPTED MOVES: 72 # PREV.SIG: 0000012321 # NEW.SIG: 0012509809 # TIME: 0.35s
2024-07-29 10:03:20,053 - INFO - ADAPTED STRATEGY # ALPHA: 1.0 # ADAPTED MOVES: 73 # PREV.SIG: 0000012321 # NEW.SIG: 0012893782 # TIME: 0.35s
2024-07-29 10:03:20,846 - INFO - ADAPTED STRATEGY # ALPHA: 1.0 # ADAPTED MOVES: 78 # PREV.SIG: 0000012321 # NEW.SIG: 0014052398 # TIME: 0.37s
2024-07-29 10:03:22,811 - INFO - ADAPTED STRATEGY # ALPHA: 1.0 # ADAPTED MOVES: 84 # PREV.SIG: 0000012321 # NEW.SIG: 0014671452 # TIME: 0.40s
2024-07-29 10:03:25,810 - INFO - [32mCOMPLETED LEVEL 1 // TOTAL MOVES: 84 // TIME: 7.35s // SIGNATURE: 0014671452 
[0m
2024-07-29 10:03:26,166 - INFO - ADAPTED STRATEGY # ALPHA: 1.0 # ADAPTED MOVES: 63 # PREV.SIG: 0000012321 # NEW.SIG: 0010615833 # TIME: 0.30s
2024-07-29 10:03:26,573 - INFO - ADAPTED STRATEGY # ALPHA: 1.0 # ADAPTED MOVES: 67 # PREV.SIG: 0000012321 # NEW.SIG: 0012615763 # TIME: 0.32s
2024-07-29 10:03:27,140 - INFO - ADAPTED STRATEGY # ALPHA: 1.0 # ADAPTED MOVES: 75 # PREV.SIG: 0000012321 # NEW.SIG: 0012972454 # TIME: 0.36s
2024-07-29 10:03:27,575 - INFO - ADAPTED STRATEGY # ALPHA: 1.0 # ADAPTED MOVES: 78 # PREV.SIG: 0000012321 # NEW.SIG: 0013524379 # TIME: 0.38s
2024-07-29 10:03:28,757 - INFO - ADAPTED STRATEGY # ALPHA: 1.0 # ADAPTED MOVES: 81 # PREV.SIG: 0000012321 # NEW.SIG: 0014061706 # TIME: 0.38s
2024-07-29 10:03:29,440 - INFO - ADAPTED STRATEGY # ALPHA: 1.0 # ADAPTED MOVES: 87 # PREV.SIG: 0000012321 # NEW.SIG: 0015953047 # TIME: 0.41s
2024-07-29 10:03:33,251 - INFO - [32mCOMPLETED LEVEL 1 // TOTAL MOVES: 87 // TIME: 7.44s // SIGNATURE: 0015953047 
[0m
2024-07-29 10:03:33,633 - INFO - ADAPTED STRATEGY # ALPHA: 1.0 # ADAPTED MOVES: 68 # PREV.SIG: 0000012321 # NEW.SIG: 0012543447 # TIME: 0.33s
2024-07-29 10:03:34,012 - INFO - ADAPTED STRATEGY # ALPHA: 1.0 # ADAPTED MOVES: 68 # PREV.SIG: 0000012321 # NEW.SIG: 0012069043 # TIME: 0.33s
2024-07-29 10:03:34,574 - INFO - ADAPTED STRATEGY # ALPHA: 1.0 # ADAPTED MOVES: 73 # PREV.SIG: 0000012321 # NEW.SIG: 0012659771 # TIME: 0.35s
2024-07-29 10:03:35,409 - INFO - ADAPTED STRATEGY # ALPHA: 1.0 # ADAPTED MOVES: 76 # PREV.SIG: 0000012321 # NEW.SIG: 0013141638 # TIME: 0.37s
2024-07-29 10:03:35,882 - INFO - ADAPTED STRATEGY # ALPHA: 1.0 # ADAPTED MOVES: 76 # PREV.SIG: 0000012321 # NEW.SIG: 0012980978 # TIME: 0.36s
2024-07-29 10:03:36,506 - INFO - ADAPTED STRATEGY # ALPHA: 1.0 # ADAPTED MOVES: 76 # PREV.SIG: 0000012321 # NEW.SIG: 0013374454 # TIME: 0.36s
2024-07-29 10:03:37,465 - INFO - ADAPTED STRATEGY # ALPHA: 1.0 # ADAPTED MOVES: 79 # PREV.SIG: 0000012321 # NEW.SIG: 0014055896 # TIME: 0.38s
2024-07-29 10:03:41,016 - INFO - ADAPTED STRATEGY # ALPHA: 1.0 # ADAPTED MOVES: 86 # PREV.SIG: 0000012321 # NEW.SIG: 0015205373 # TIME: 0.41s
2024-07-29 10:03:41,407 - INFO - [32mCOMPLETED LEVEL 1 // TOTAL MOVES: 86 // TIME: 8.15s // SIGNATURE: 0015205373 
[0m
2024-07-29 10:03:41,798 - INFO - ADAPTED STRATEGY # ALPHA: 1.0 # ADAPTED MOVES: 71 # PREV.SIG: 0000012321 # NEW.SIG: 0012637929 # TIME: 0.34s
2024-07-29 10:03:42,530 - INFO - ADAPTED STRATEGY # ALPHA: 1.0 # ADAPTED MOVES: 74 # PREV.SIG: 0000012321 # NEW.SIG: 0013351900 # TIME: 0.36s
2024-07-29 10:03:43,261 - INFO - ADAPTED STRATEGY # ALPHA: 1.0 # ADAPTED MOVES: 75 # PREV.SIG: 0000012321 # NEW.SIG: 0013533998 # TIME: 0.35s
2024-07-29 10:03:44,329 - INFO - ADAPTED STRATEGY # ALPHA: 1.0 # ADAPTED MOVES: 77 # PREV.SIG: 0000012321 # NEW.SIG: 0013645106 # TIME: 0.37s
2024-07-29 10:03:44,878 - INFO - ADAPTED STRATEGY # ALPHA: 1.0 # ADAPTED MOVES: 80 # PREV.SIG: 0000012321 # NEW.SIG: 0014088419 # TIME: 0.38s
2024-07-29 10:03:48,823 - INFO - ADAPTED STRATEGY # ALPHA: 1.0 # ADAPTED MOVES: 81 # PREV.SIG: 0000012321 # NEW.SIG: 0014365250 # TIME: 0.39s
2024-07-29 10:03:48,938 - INFO - [32mCOMPLETED LEVEL 1 // TOTAL MOVES: 81 // TIME: 7.53s // SIGNATURE: 0014365250 
[0m
2024-07-29 10:03:49,333 - INFO - ADAPTED STRATEGY # ALPHA: 1.0 # ADAPTED MOVES: 71 # PREV.SIG: 0000012321 # NEW.SIG: 0012607073 # TIME: 0.34s
2024-07-29 10:03:49,733 - INFO - ADAPTED STRATEGY # ALPHA: 1.0 # ADAPTED MOVES: 72 # PREV.SIG: 0000012321 # NEW.SIG: 0013348354 # TIME: 0.34s
2024-07-29 10:03:50,197 - INFO - ADAPTED STRATEGY # ALPHA: 1.0 # ADAPTED MOVES: 75 # PREV.SIG: 0000012321 # NEW.SIG: 0013433270 # TIME: 0.36s
2024-07-29 10:03:50,680 - INFO - ADAPTED STRATEGY # ALPHA: 1.0 # ADAPTED MOVES: 79 # PREV.SIG: 0000012321 # NEW.SIG: 0014007900 # TIME: 0.38s
2024-07-29 10:03:51,852 - INFO - ADAPTED STRATEGY # ALPHA: 1.0 # ADAPTED MOVES: 79 # PREV.SIG: 0000012321 # NEW.SIG: 0014111092 # TIME: 0.38s
2024-07-29 10:03:56,135 - INFO - [32mCOMPLETED LEVEL 1 // TOTAL MOVES: 79 // TIME: 7.20s // SIGNATURE: 0014111092 
[0m
2024-07-29 10:03:56,520 - INFO - ADAPTED STRATEGY # ALPHA: 1.0 # ADAPTED MOVES: 69 # PREV.SIG: 0000012321 # NEW.SIG: 0011313407 # TIME: 0.33s
2024-07-29 10:03:56,988 - INFO - ADAPTED STRATEGY # ALPHA: 1.0 # ADAPTED MOVES: 76 # PREV.SIG: 0000012321 # NEW.SIG: 0013135591 # TIME: 0.36s
2024-07-29 10:03:57,882 - INFO - ADAPTED STRATEGY # ALPHA: 1.0 # ADAPTED MOVES: 76 # PREV.SIG: 0000012321 # NEW.SIG: 0013106558 # TIME: 0.36s
2024-07-29 10:03:58,945 - INFO - ADAPTED STRATEGY # ALPHA: 1.0 # ADAPTED MOVES: 76 # PREV.SIG: 0000012321 # NEW.SIG: 0013018365 # TIME: 0.37s
2024-07-29 10:03:59,575 - INFO - ADAPTED STRATEGY # ALPHA: 1.0 # ADAPTED MOVES: 76 # PREV.SIG: 0000012321 # NEW.SIG: 0013228580 # TIME: 0.37s
2024-07-29 10:04:00,271 - INFO - ADAPTED STRATEGY # ALPHA: 1.0 # ADAPTED MOVES: 77 # PREV.SIG: 0000012321 # NEW.SIG: 0013646434 # TIME: 0.37s
2024-07-29 10:04:00,760 - INFO - ADAPTED STRATEGY # ALPHA: 1.0 # ADAPTED MOVES: 79 # PREV.SIG: 0000012321 # NEW.SIG: 0013958484 # TIME: 0.38s
2024-07-29 10:04:01,196 - INFO - ADAPTED STRATEGY # ALPHA: 1.0 # ADAPTED MOVES: 79 # PREV.SIG: 0000012321 # NEW.SIG: 0013874543 # TIME: 0.38s
2024-07-29 10:04:04,269 - INFO - [32mCOMPLETED LEVEL 1 // TOTAL MOVES: 79 // TIME: 8.13s // SIGNATURE: 0013874543 
[0m
2024-07-29 10:04:04,443 - INFO - ADAPTED STRATEGY # ALPHA: 1.0 # ADAPTED MOVES: 28 # PREV.SIG: 0000012321 # NEW.SIG: 0004402535 # TIME: 0.14s
2024-07-29 10:04:04,824 - INFO - ADAPTED STRATEGY # ALPHA: 1.0 # ADAPTED MOVES: 68 # PREV.SIG: 0000012321 # NEW.SIG: 0011580869 # TIME: 0.33s
2024-07-29 10:04:05,286 - INFO - ADAPTED STRATEGY # ALPHA: 1.0 # ADAPTED MOVES: 73 # PREV.SIG: 0000012321 # NEW.SIG: 0012962121 # TIME: 0.35s
2024-07-29 10:04:05,906 - INFO - ADAPTED STRATEGY # ALPHA: 1.0 # ADAPTED MOVES: 74 # PREV.SIG: 0000012321 # NEW.SIG: 0013369597 # TIME: 0.36s
2024-07-29 10:04:06,474 - INFO - ADAPTED STRATEGY # ALPHA: 1.0 # ADAPTED MOVES: 78 # PREV.SIG: 0000012321 # NEW.SIG: 0013875537 # TIME: 0.37s
2024-07-29 10:04:09,653 - INFO - ADAPTED STRATEGY # ALPHA: 1.0 # ADAPTED MOVES: 79 # PREV.SIG: 0000012321 # NEW.SIG: 0013994617 # TIME: 0.38s
2024-07-29 10:04:11,502 - INFO - [32mCOMPLETED LEVEL 1 // TOTAL MOVES: 79 // TIME: 7.23s // SIGNATURE: 0013994617 
[0m
2024-07-29 10:04:11,890 - INFO - ADAPTED STRATEGY # ALPHA: 1.0 # ADAPTED MOVES: 69 # PREV.SIG: 0000012321 # NEW.SIG: 0012045248 # TIME: 0.33s
2024-07-29 10:04:12,320 - INFO - ADAPTED STRATEGY # ALPHA: 1.0 # ADAPTED MOVES: 78 # PREV.SIG: 0000012321 # NEW.SIG: 0014177417 # TIME: 0.37s
2024-07-29 10:04:13,526 - INFO - ADAPTED STRATEGY # ALPHA: 1.0 # ADAPTED MOVES: 83 # PREV.SIG: 0000012321 # NEW.SIG: 0014795228 # TIME: 0.40s
2024-07-29 10:04:15,480 - INFO - ADAPTED STRATEGY # ALPHA: 1.0 # ADAPTED MOVES: 83 # PREV.SIG: 0000012321 # NEW.SIG: 0015113892 # TIME: 0.40s
2024-07-29 10:04:16,537 - INFO - ADAPTED STRATEGY # ALPHA: 1.0 # ADAPTED MOVES: 92 # PREV.SIG: 0000012321 # NEW.SIG: 0016280143 # TIME: 0.44s
2024-07-29 10:04:18,919 - INFO - [32mCOMPLETED LEVEL 1 // TOTAL MOVES: 92 // TIME: 7.42s // SIGNATURE: 0016280143 
[0m
2024-07-29 10:04:19,356 - INFO - ADAPTED STRATEGY # ALPHA: 1.0 # ADAPTED MOVES: 92 # PREV.SIG: 0000012321 # NEW.SIG: 0016280143 # TIME: 0.44s
2024-07-29 10:04:19,731 - INFO - ADAPTED STRATEGY # ALPHA: 1.0 # ADAPTED MOVES: 67 # PREV.SIG: 0000012321 # NEW.SIG: 0012073700 # TIME: 0.32s
2024-07-29 10:04:20,159 - INFO - ADAPTED STRATEGY # ALPHA: 1.0 # ADAPTED MOVES: 67 # PREV.SIG: 0000012321 # NEW.SIG: 0012038117 # TIME: 0.32s
2024-07-29 10:04:20,550 - INFO - ADAPTED STRATEGY # ALPHA: 1.0 # ADAPTED MOVES: 70 # PREV.SIG: 0000012321 # NEW.SIG: 0012537928 # TIME: 0.34s
2024-07-29 10:04:21,255 - INFO - ADAPTED STRATEGY # ALPHA: 1.0 # ADAPTED MOVES: 70 # PREV.SIG: 0000012321 # NEW.SIG: 0013141786 # TIME: 0.34s
2024-07-29 10:04:21,708 - INFO - ADAPTED STRATEGY # ALPHA: 1.0 # ADAPTED MOVES: 76 # PREV.SIG: 0000012321 # NEW.SIG: 0013616754 # TIME: 0.36s
2024-07-29 10:04:24,374 - INFO - ADAPTED STRATEGY # ALPHA: 1.0 # ADAPTED MOVES: 76 # PREV.SIG: 0000012321 # NEW.SIG: 0013535375 # TIME: 0.36s
2024-07-29 10:04:25,493 - INFO - ADAPTED STRATEGY # ALPHA: 1.0 # ADAPTED MOVES: 76 # PREV.SIG: 0000012321 # NEW.SIG: 0013421977 # TIME: 0.36s
2024-07-29 10:04:25,968 - INFO - ADAPTED STRATEGY # ALPHA: 1.0 # ADAPTED MOVES: 76 # PREV.SIG: 0000012321 # NEW.SIG: 0013273424 # TIME: 0.36s
2024-07-29 10:04:26,451 - INFO - ADAPTED STRATEGY # ALPHA: 1.0 # ADAPTED MOVES: 78 # PREV.SIG: 0000012321 # NEW.SIG: 0013597183 # TIME: 0.37s
2024-07-29 10:04:27,583 - INFO - [32mCOMPLETED LEVEL 1 // TOTAL MOVES: 78 // TIME: 8.23s // SIGNATURE: 0013597183 
[0m
2024-07-29 10:04:27,919 - INFO - ADAPTED STRATEGY # ALPHA: 1.0 # ADAPTED MOVES: 59 # PREV.SIG: 0000012321 # NEW.SIG: 0010190314 # TIME: 0.29s
2024-07-29 10:04:28,390 - INFO - ADAPTED STRATEGY # ALPHA: 1.0 # ADAPTED MOVES: 78 # PREV.SIG: 0000012321 # NEW.SIG: 0014040839 # TIME: 0.38s
2024-07-29 10:04:30,135 - INFO - ADAPTED STRATEGY # ALPHA: 1.0 # ADAPTED MOVES: 79 # PREV.SIG: 0000012321 # NEW.SIG: 0014435978 # TIME: 0.38s
2024-07-29 10:04:33,837 - INFO - ADAPTED STRATEGY # ALPHA: 1.0 # ADAPTED MOVES: 83 # PREV.SIG: 0000012321 # NEW.SIG: 0015425284 # TIME: 0.40s
2024-07-29 10:04:34,397 - INFO - ADAPTED STRATEGY # ALPHA: 1.0 # ADAPTED MOVES: 83 # PREV.SIG: 0000012321 # NEW.SIG: 0014976639 # TIME: 0.40s
2024-07-29 10:04:34,603 - INFO - [32mCOMPLETED LEVEL 1 // TOTAL MOVES: 83 // TIME: 7.02s // SIGNATURE: 0014976639 
[0m
2024-07-29 10:04:35,053 - INFO - ADAPTED STRATEGY # ALPHA: 1.0 # ADAPTED MOVES: 81 # PREV.SIG: 0000012321 # NEW.SIG: 0014347955 # TIME: 0.39s
2024-07-29 10:04:36,103 - INFO - ADAPTED STRATEGY # ALPHA: 1.0 # ADAPTED MOVES: 81 # PREV.SIG: 0000012321 # NEW.SIG: 0014441732 # TIME: 0.39s
2024-07-29 10:04:37,382 - INFO - ADAPTED STRATEGY # ALPHA: 1.0 # ADAPTED MOVES: 84 # PREV.SIG: 0000012321 # NEW.SIG: 0013215104 # TIME: 0.40s
2024-07-29 10:04:41,101 - INFO - [32mCOMPLETED LEVEL 1 // TOTAL MOVES: 84 // TIME: 6.50s // SIGNATURE: 0013215104 
[0m
2024-07-29 10:04:41,461 - INFO - ADAPTED STRATEGY # ALPHA: 1.0 # ADAPTED MOVES: 63 # PREV.SIG: 0000012321 # NEW.SIG: 0011027113 # TIME: 0.31s
2024-07-29 10:04:41,852 - INFO - ADAPTED STRATEGY # ALPHA: 1.0 # ADAPTED MOVES: 70 # PREV.SIG: 0000012321 # NEW.SIG: 0012571443 # TIME: 0.34s
2024-07-29 10:04:42,331 - INFO - ADAPTED STRATEGY # ALPHA: 1.0 # ADAPTED MOVES: 71 # PREV.SIG: 0000012321 # NEW.SIG: 0012480697 # TIME: 0.34s
2024-07-29 10:04:42,805 - INFO - ADAPTED STRATEGY # ALPHA: 1.0 # ADAPTED MOVES: 77 # PREV.SIG: 0000012321 # NEW.SIG: 0013922970 # TIME: 0.37s
2024-07-29 10:04:43,491 - INFO - ADAPTED STRATEGY # ALPHA: 1.0 # ADAPTED MOVES: 85 # PREV.SIG: 0000012321 # NEW.SIG: 0015242395 # TIME: 0.40s
2024-07-29 10:04:45,259 - INFO - ADAPTED STRATEGY # ALPHA: 1.0 # ADAPTED MOVES: 87 # PREV.SIG: 0000012321 # NEW.SIG: 0015737839 # TIME: 0.42s
2024-07-29 10:04:48,465 - INFO - [32mCOMPLETED LEVEL 1 // TOTAL MOVES: 87 // TIME: 7.36s // SIGNATURE: 0015737839 
[0m
2024-07-29 10:04:48,852 - INFO - ADAPTED STRATEGY # ALPHA: 1.0 # ADAPTED MOVES: 69 # PREV.SIG: 0000012321 # NEW.SIG: 0012522151 # TIME: 0.33s
2024-07-29 10:04:49,310 - INFO - ADAPTED STRATEGY # ALPHA: 1.0 # ADAPTED MOVES: 74 # PREV.SIG: 0000012321 # NEW.SIG: 0013614326 # TIME: 0.36s
2024-07-29 10:04:49,937 - INFO - ADAPTED STRATEGY # ALPHA: 1.0 # ADAPTED MOVES: 77 # PREV.SIG: 0000012321 # NEW.SIG: 0014061174 # TIME: 0.37s
2024-07-29 10:04:50,475 - INFO - ADAPTED STRATEGY # ALPHA: 1.0 # ADAPTED MOVES: 77 # PREV.SIG: 0000012321 # NEW.SIG: 0013594956 # TIME: 0.37s
2024-07-29 10:04:50,910 - INFO - ADAPTED STRATEGY # ALPHA: 1.0 # ADAPTED MOVES: 79 # PREV.SIG: 0000012321 # NEW.SIG: 0014416936 # TIME: 0.37s
2024-07-29 10:04:51,525 - INFO - ADAPTED STRATEGY # ALPHA: 1.0 # ADAPTED MOVES: 81 # PREV.SIG: 0000012321 # NEW.SIG: 0015027589 # TIME: 0.39s
2024-07-29 10:04:53,356 - INFO - ADAPTED STRATEGY # ALPHA: 1.0 # ADAPTED MOVES: 82 # PREV.SIG: 0000012321 # NEW.SIG: 0014757138 # TIME: 0.39s
2024-07-29 10:04:54,961 - INFO - ADAPTED STRATEGY # ALPHA: 1.0 # ADAPTED MOVES: 87 # PREV.SIG: 0000012321 # NEW.SIG: 0015790051 # TIME: 0.41s
2024-07-29 10:04:56,336 - INFO - ADAPTED STRATEGY # ALPHA: 1.0 # ADAPTED MOVES: 87 # PREV.SIG: 0000012321 # NEW.SIG: 0015697996 # TIME: 0.41s
2024-07-29 10:04:57,288 - INFO - [32mCOMPLETED LEVEL 1 // TOTAL MOVES: 87 // TIME: 8.82s // SIGNATURE: 0015697996 
[0m
2024-07-29 10:04:57,616 - INFO - ADAPTED STRATEGY # ALPHA: 1.0 # ADAPTED MOVES: 57 # PREV.SIG: 0000012321 # NEW.SIG: 0010135625 # TIME: 0.28s
2024-07-29 10:04:57,976 - INFO - ADAPTED STRATEGY # ALPHA: 1.0 # ADAPTED MOVES: 59 # PREV.SIG: 0000012321 # NEW.SIG: 0010886492 # TIME: 0.29s
2024-07-29 10:04:58,381 - INFO - ADAPTED STRATEGY # ALPHA: 1.0 # ADAPTED MOVES: 73 # PREV.SIG: 0000012321 # NEW.SIG: 0013811922 # TIME: 0.35s
2024-07-29 10:04:58,839 - INFO - ADAPTED STRATEGY # ALPHA: 1.0 # ADAPTED MOVES: 73 # PREV.SIG: 0000012321 # NEW.SIG: 0014030801 # TIME: 0.35s
2024-07-29 10:04:59,558 - INFO - ADAPTED STRATEGY # ALPHA: 1.0 # ADAPTED MOVES: 77 # PREV.SIG: 0000012321 # NEW.SIG: 0014010411 # TIME: 0.37s
2024-07-29 10:05:00,044 - INFO - ADAPTED STRATEGY # ALPHA: 1.0 # ADAPTED MOVES: 78 # PREV.SIG: 0000012321 # NEW.SIG: 0014182833 # TIME: 0.37s
2024-07-29 10:05:00,940 - INFO - ADAPTED STRATEGY # ALPHA: 1.0 # ADAPTED MOVES: 80 # PREV.SIG: 0000012321 # NEW.SIG: 0015054975 # TIME: 0.38s
2024-07-29 10:05:01,583 - INFO - ADAPTED STRATEGY # ALPHA: 1.0 # ADAPTED MOVES: 84 # PREV.SIG: 0000012321 # NEW.SIG: 0015541528 # TIME: 0.40s
2024-07-29 10:05:04,301 - INFO - ADAPTED STRATEGY # ALPHA: 1.0 # ADAPTED MOVES: 88 # PREV.SIG: 0000012321 # NEW.SIG: 0014915348 # TIME: 0.42s
2024-07-29 10:05:05,783 - INFO - [32mCOMPLETED LEVEL 1 // TOTAL MOVES: 88 // TIME: 8.49s // SIGNATURE: 0014915348 
[0m
2024-07-29 10:05:06,133 - INFO - ADAPTED STRATEGY # ALPHA: 1.0 # ADAPTED MOVES: 61 # PREV.SIG: 0000012321 # NEW.SIG: 0010648567 # TIME: 0.30s
2024-07-29 10:05:06,555 - INFO - ADAPTED STRATEGY # ALPHA: 1.0 # ADAPTED MOVES: 76 # PREV.SIG: 0000012321 # NEW.SIG: 0013975050 # TIME: 0.36s
2024-07-29 10:05:07,033 - INFO - ADAPTED STRATEGY # ALPHA: 1.0 # ADAPTED MOVES: 76 # PREV.SIG: 0000012321 # NEW.SIG: 0013553893 # TIME: 0.36s
2024-07-29 10:05:07,508 - INFO - ADAPTED STRATEGY # ALPHA: 1.0 # ADAPTED MOVES: 76 # PREV.SIG: 0000012321 # NEW.SIG: 0013819342 # TIME: 0.36s
2024-07-29 10:05:08,053 - INFO - ADAPTED STRATEGY # ALPHA: 1.0 # ADAPTED MOVES: 79 # PREV.SIG: 0000012321 # NEW.SIG: 0014409345 # TIME: 0.38s
2024-07-29 10:05:08,497 - INFO - ADAPTED STRATEGY # ALPHA: 1.0 # ADAPTED MOVES: 81 # PREV.SIG: 0000012321 # NEW.SIG: 0014448947 # TIME: 0.39s
2024-07-29 10:05:11,232 - INFO - ADAPTED STRATEGY # ALPHA: 1.0 # ADAPTED MOVES: 82 # PREV.SIG: 0000012321 # NEW.SIG: 0015262717 # TIME: 0.39s
2024-07-29 10:05:13,127 - INFO - ADAPTED STRATEGY # ALPHA: 1.0 # ADAPTED MOVES: 83 # PREV.SIG: 0000012321 # NEW.SIG: 0014750149 # TIME: 0.40s
2024-07-29 10:05:13,920 - INFO - [32mCOMPLETED LEVEL 1 // TOTAL MOVES: 83 // TIME: 8.14s // SIGNATURE: 0014750149 
[0m
2024-07-29 10:05:14,339 - INFO - ADAPTED STRATEGY # ALPHA: 1.0 # ADAPTED MOVES: 76 # PREV.SIG: 0000012321 # NEW.SIG: 0013439581 # TIME: 0.36s
2024-07-29 10:05:14,775 - INFO - ADAPTED STRATEGY # ALPHA: 1.0 # ADAPTED MOVES: 79 # PREV.SIG: 0000012321 # NEW.SIG: 0013899590 # TIME: 0.38s
2024-07-29 10:05:16,012 - INFO - ADAPTED STRATEGY # ALPHA: 1.0 # ADAPTED MOVES: 79 # PREV.SIG: 0000012321 # NEW.SIG: 0013695953 # TIME: 0.38s
2024-07-29 10:05:16,518 - INFO - ADAPTED STRATEGY # ALPHA: 1.0 # ADAPTED MOVES: 82 # PREV.SIG: 0000012321 # NEW.SIG: 0014228716 # TIME: 0.39s
2024-07-29 10:05:21,141 - INFO - ADAPTED STRATEGY # ALPHA: 1.0 # ADAPTED MOVES: 83 # PREV.SIG: 0000012321 # NEW.SIG: 0015153299 # TIME: 0.39s
2024-07-29 10:05:21,312 - INFO - [32mCOMPLETED LEVEL 1 // TOTAL MOVES: 83 // TIME: 7.39s // SIGNATURE: 0015153299 
[0m
2024-07-29 10:05:21,768 - INFO - ADAPTED STRATEGY # ALPHA: 1.0 # ADAPTED MOVES: 82 # PREV.SIG: 0000012321 # NEW.SIG: 0014880504 # TIME: 0.39s
2024-07-29 10:05:22,722 - INFO - ADAPTED STRATEGY # ALPHA: 1.0 # ADAPTED MOVES: 85 # PREV.SIG: 0000012321 # NEW.SIG: 0015446141 # TIME: 0.41s
2024-07-29 10:05:27,620 - INFO - [32mCOMPLETED LEVEL 1 // TOTAL MOVES: 85 // TIME: 6.31s // SIGNATURE: 0015446141 
[0m
2024-07-29 10:05:27,992 - INFO - ADAPTED STRATEGY # ALPHA: 1.0 # ADAPTED MOVES: 66 # PREV.SIG: 0000012321 # NEW.SIG: 0011987664 # TIME: 0.32s
2024-07-29 10:05:28,365 - INFO - ADAPTED STRATEGY # ALPHA: 1.0 # ADAPTED MOVES: 66 # PREV.SIG: 0000012321 # NEW.SIG: 0011138486 # TIME: 0.32s
2024-07-29 10:05:28,903 - INFO - ADAPTED STRATEGY # ALPHA: 1.0 # ADAPTED MOVES: 68 # PREV.SIG: 0000012321 # NEW.SIG: 0011273029 # TIME: 0.33s
2024-07-29 10:05:29,284 - INFO - ADAPTED STRATEGY # ALPHA: 1.0 # ADAPTED MOVES: 68 # PREV.SIG: 0000012321 # NEW.SIG: 0012329922 # TIME: 0.33s
2024-07-29 10:05:29,834 - INFO - ADAPTED STRATEGY # ALPHA: 1.0 # ADAPTED MOVES: 81 # PREV.SIG: 0000012321 # NEW.SIG: 0014501312 # TIME: 0.39s
2024-07-29 10:05:34,412 - INFO - ADAPTED STRATEGY # ALPHA: 1.0 # ADAPTED MOVES: 83 # PREV.SIG: 0000012321 # NEW.SIG: 0014369666 # TIME: 0.40s
2024-07-29 10:05:34,711 - INFO - [32mCOMPLETED LEVEL 1 // TOTAL MOVES: 83 // TIME: 7.09s // SIGNATURE: 0014369666 
[0m
2024-07-29 10:05:35,090 - INFO - ADAPTED STRATEGY # ALPHA: 1.0 # ADAPTED MOVES: 68 # PREV.SIG: 0000012321 # NEW.SIG: 0012369669 # TIME: 0.33s
2024-07-29 10:05:35,612 - INFO - ADAPTED STRATEGY # ALPHA: 1.0 # ADAPTED MOVES: 69 # PREV.SIG: 0000012321 # NEW.SIG: 0012667004 # TIME: 0.33s
2024-07-29 10:05:36,086 - INFO - ADAPTED STRATEGY # ALPHA: 1.0 # ADAPTED MOVES: 79 # PREV.SIG: 0000012321 # NEW.SIG: 0014590621 # TIME: 0.37s
2024-07-29 10:05:41,143 - INFO - ADAPTED STRATEGY # ALPHA: 1.0 # ADAPTED MOVES: 82 # PREV.SIG: 0000012321 # NEW.SIG: 0015194553 # TIME: 0.39s
2024-07-29 10:05:41,190 - INFO - [32mCOMPLETED LEVEL 1 // TOTAL MOVES: 82 // TIME: 6.48s // SIGNATURE: 0015194553 
[0m
2024-07-29 10:05:41,525 - INFO - ADAPTED STRATEGY # ALPHA: 1.0 # ADAPTED MOVES: 59 # PREV.SIG: 0000012321 # NEW.SIG: 0009972710 # TIME: 0.29s
2024-07-29 10:05:41,857 - INFO - ADAPTED STRATEGY # ALPHA: 1.0 # ADAPTED MOVES: 59 # PREV.SIG: 0000012321 # NEW.SIG: 0010552993 # TIME: 0.29s
2024-07-29 10:05:42,198 - INFO - ADAPTED STRATEGY # ALPHA: 1.0 # ADAPTED MOVES: 60 # PREV.SIG: 0000012321 # NEW.SIG: 0010921945 # TIME: 0.29s
2024-07-29 10:05:42,577 - INFO - ADAPTED STRATEGY # ALPHA: 1.0 # ADAPTED MOVES: 62 # PREV.SIG: 0000012321 # NEW.SIG: 0010686236 # TIME: 0.30s
2024-07-29 10:05:42,935 - INFO - ADAPTED STRATEGY # ALPHA: 1.0 # ADAPTED MOVES: 64 # PREV.SIG: 0000012321 # NEW.SIG: 0011289616 # TIME: 0.31s
2024-07-29 10:05:43,379 - INFO - ADAPTED STRATEGY # ALPHA: 1.0 # ADAPTED MOVES: 70 # PREV.SIG: 0000012321 # NEW.SIG: 0012495173 # TIME: 0.34s
2024-07-29 10:05:43,860 - INFO - ADAPTED STRATEGY # ALPHA: 1.0 # ADAPTED MOVES: 78 # PREV.SIG: 0000012321 # NEW.SIG: 0013424978 # TIME: 0.37s
2024-07-29 10:05:44,294 - INFO - ADAPTED STRATEGY # ALPHA: 1.0 # ADAPTED MOVES: 78 # PREV.SIG: 0000012321 # NEW.SIG: 0013573902 # TIME: 0.38s
2024-07-29 10:05:44,998 - INFO - ADAPTED STRATEGY # ALPHA: 1.0 # ADAPTED MOVES: 78 # PREV.SIG: 0000012321 # NEW.SIG: 0013876777 # TIME: 0.37s
2024-07-29 10:05:45,442 - INFO - ADAPTED STRATEGY # ALPHA: 1.0 # ADAPTED MOVES: 80 # PREV.SIG: 0000012321 # NEW.SIG: 0014639953 # TIME: 0.38s
2024-07-29 10:05:46,054 - INFO - ADAPTED STRATEGY # ALPHA: 1.0 # ADAPTED MOVES: 81 # PREV.SIG: 0000012321 # NEW.SIG: 0014675562 # TIME: 0.39s
2024-07-29 10:05:46,971 - INFO - ADAPTED STRATEGY # ALPHA: 1.0 # ADAPTED MOVES: 88 # PREV.SIG: 0000012321 # NEW.SIG: 0015552979 # TIME: 0.42s
2024-07-29 10:05:50,718 - INFO - [32mCOMPLETED LEVEL 1 // TOTAL MOVES: 88 // TIME: 9.53s // SIGNATURE: 0015552979 
[0m
2024-07-29 10:05:51,094 - INFO - ADAPTED STRATEGY # ALPHA: 1.0 # ADAPTED MOVES: 67 # PREV.SIG: 0000012321 # NEW.SIG: 0012333294 # TIME: 0.32s
2024-07-29 10:05:51,563 - INFO - ADAPTED STRATEGY # ALPHA: 1.0 # ADAPTED MOVES: 86 # PREV.SIG: 0000012321 # NEW.SIG: 0015506211 # TIME: 0.41s
2024-07-29 10:05:52,467 - INFO - ADAPTED STRATEGY # ALPHA: 1.0 # ADAPTED MOVES: 87 # PREV.SIG: 0000012321 # NEW.SIG: 0015652088 # TIME: 0.41s
2024-07-29 10:05:57,089 - INFO - [32mCOMPLETED LEVEL 1 // TOTAL MOVES: 87 // TIME: 6.37s // SIGNATURE: 0015652088 
[0m
2024-07-29 10:05:57,450 - INFO - ADAPTED STRATEGY # ALPHA: 1.0 # ADAPTED MOVES: 63 # PREV.SIG: 0000012321 # NEW.SIG: 0011059712 # TIME: 0.31s
2024-07-29 10:05:57,852 - INFO - ADAPTED STRATEGY # ALPHA: 1.0 # ADAPTED MOVES: 72 # PREV.SIG: 0000012321 # NEW.SIG: 0012853573 # TIME: 0.35s
2024-07-29 10:05:58,334 - INFO - ADAPTED STRATEGY # ALPHA: 1.0 # ADAPTED MOVES: 78 # PREV.SIG: 0000012321 # NEW.SIG: 0014367999 # TIME: 0.37s
2024-07-29 10:06:03,165 - INFO - [32mCOMPLETED LEVEL 1 // TOTAL MOVES: 78 // TIME: 6.08s // SIGNATURE: 0014367999 
[0m
2024-07-29 10:06:03,482 - INFO - ADAPTED STRATEGY # ALPHA: 1.0 # ADAPTED MOVES: 55 # PREV.SIG: 0000012321 # NEW.SIG: 0010183493 # TIME: 0.27s
2024-07-29 10:06:03,851 - INFO - ADAPTED STRATEGY # ALPHA: 1.0 # ADAPTED MOVES: 65 # PREV.SIG: 0000012321 # NEW.SIG: 0010997514 # TIME: 0.32s
2024-07-29 10:06:04,260 - INFO - ADAPTED STRATEGY # ALPHA: 1.0 # ADAPTED MOVES: 73 # PREV.SIG: 0000012321 # NEW.SIG: 0012605407 # TIME: 0.35s
2024-07-29 10:06:04,747 - INFO - ADAPTED STRATEGY # ALPHA: 1.0 # ADAPTED MOVES: 78 # PREV.SIG: 0000012321 # NEW.SIG: 0013823397 # TIME: 0.38s
2024-07-29 10:06:06,126 - INFO - ADAPTED STRATEGY # ALPHA: 1.0 # ADAPTED MOVES: 80 # PREV.SIG: 0000012321 # NEW.SIG: 0014285199 # TIME: 0.38s
2024-07-29 10:06:07,533 - INFO - ADAPTED STRATEGY # ALPHA: 1.0 # ADAPTED MOVES: 80 # PREV.SIG: 0000012321 # NEW.SIG: 0014093708 # TIME: 0.38s
2024-07-29 10:06:09,953 - INFO - ADAPTED STRATEGY # ALPHA: 1.0 # ADAPTED MOVES: 80 # PREV.SIG: 0000012321 # NEW.SIG: 0014104973 # TIME: 0.38s
2024-07-29 10:06:10,786 - INFO - ADAPTED STRATEGY # ALPHA: 1.0 # ADAPTED MOVES: 81 # PREV.SIG: 0000012321 # NEW.SIG: 0014684561 # TIME: 0.39s
2024-07-29 10:06:11,234 - INFO - ADAPTED STRATEGY # ALPHA: 1.0 # ADAPTED MOVES: 81 # PREV.SIG: 0000012321 # NEW.SIG: 0013941605 # TIME: 0.39s
2024-07-29 10:06:11,709 - INFO - [32mCOMPLETED LEVEL 1 // TOTAL MOVES: 81 // TIME: 8.54s // SIGNATURE: 0013941605 
[0m
2024-07-29 10:06:12,078 - INFO - ADAPTED STRATEGY # ALPHA: 1.0 # ADAPTED MOVES: 66 # PREV.SIG: 0000012321 # NEW.SIG: 0011109739 # TIME: 0.32s
2024-07-29 10:06:12,515 - INFO - ADAPTED STRATEGY # ALPHA: 1.0 # ADAPTED MOVES: 68 # PREV.SIG: 0000012321 # NEW.SIG: 0012125765 # TIME: 0.33s
2024-07-29 10:06:13,011 - INFO - ADAPTED STRATEGY # ALPHA: 1.0 # ADAPTED MOVES: 81 # PREV.SIG: 0000012321 # NEW.SIG: 0013767959 # TIME: 0.39s
2024-07-29 10:06:15,068 - INFO - ADAPTED STRATEGY # ALPHA: 1.0 # ADAPTED MOVES: 89 # PREV.SIG: 0000012321 # NEW.SIG: 0015295943 # TIME: 0.42s
2024-07-29 10:06:18,453 - INFO - [32mCOMPLETED LEVEL 1 // TOTAL MOVES: 89 // TIME: 6.74s // SIGNATURE: 0015295943 
[0m
2024-07-29 10:06:18,832 - INFO - ADAPTED STRATEGY # ALPHA: 1.0 # ADAPTED MOVES: 68 # PREV.SIG: 0000012321 # NEW.SIG: 0012106859 # TIME: 0.32s
2024-07-29 10:06:19,333 - INFO - ADAPTED STRATEGY # ALPHA: 1.0 # ADAPTED MOVES: 70 # PREV.SIG: 0000012321 # NEW.SIG: 0012515179 # TIME: 0.34s
2024-07-29 10:06:19,780 - INFO - ADAPTED STRATEGY # ALPHA: 1.0 # ADAPTED MOVES: 70 # PREV.SIG: 0000012321 # NEW.SIG: 0012644802 # TIME: 0.34s
2024-07-29 10:06:20,236 - INFO - ADAPTED STRATEGY # ALPHA: 1.0 # ADAPTED MOVES: 71 # PREV.SIG: 0000012321 # NEW.SIG: 0012292596 # TIME: 0.34s
2024-07-29 10:06:20,900 - INFO - ADAPTED STRATEGY # ALPHA: 1.0 # ADAPTED MOVES: 75 # PREV.SIG: 0000012321 # NEW.SIG: 0012974377 # TIME: 0.36s
2024-07-29 10:06:21,622 - INFO - ADAPTED STRATEGY # ALPHA: 1.0 # ADAPTED MOVES: 75 # PREV.SIG: 0000012321 # NEW.SIG: 0013533652 # TIME: 0.36s
2024-07-29 10:06:22,573 - INFO - ADAPTED STRATEGY # ALPHA: 1.0 # ADAPTED MOVES: 77 # PREV.SIG: 0000012321 # NEW.SIG: 0013813968 # TIME: 0.37s
2024-07-29 10:06:23,071 - INFO - ADAPTED STRATEGY # ALPHA: 1.0 # ADAPTED MOVES: 81 # PREV.SIG: 0000012321 # NEW.SIG: 0014031188 # TIME: 0.38s
2024-07-29 10:06:25,289 - INFO - ADAPTED STRATEGY # ALPHA: 1.0 # ADAPTED MOVES: 81 # PREV.SIG: 0000012321 # NEW.SIG: 0014308469 # TIME: 0.38s
2024-07-29 10:06:26,780 - INFO - [32mCOMPLETED LEVEL 1 // TOTAL MOVES: 81 // TIME: 8.33s // SIGNATURE: 0014308469 
[0m
2024-07-29 10:06:27,164 - INFO - ADAPTED STRATEGY # ALPHA: 1.0 # ADAPTED MOVES: 68 # PREV.SIG: 0000012321 # NEW.SIG: 0011771860 # TIME: 0.33s
2024-07-29 10:06:27,551 - INFO - ADAPTED STRATEGY # ALPHA: 1.0 # ADAPTED MOVES: 68 # PREV.SIG: 0000012321 # NEW.SIG: 0011618584 # TIME: 0.33s
2024-07-29 10:06:28,062 - INFO - ADAPTED STRATEGY # ALPHA: 1.0 # ADAPTED MOVES: 83 # PREV.SIG: 0000012321 # NEW.SIG: 0014876309 # TIME: 0.40s
2024-07-29 10:06:29,277 - INFO - ADAPTED STRATEGY # ALPHA: 1.0 # ADAPTED MOVES: 87 # PREV.SIG: 0000012321 # NEW.SIG: 0015344254 # TIME: 0.42s
2024-07-29 10:06:33,775 - INFO - ADAPTED STRATEGY # ALPHA: 1.0 # ADAPTED MOVES: 87 # PREV.SIG: 0000012321 # NEW.SIG: 0016036418 # TIME: 0.41s
2024-07-29 10:06:34,107 - INFO - [32mCOMPLETED LEVEL 1 // TOTAL MOVES: 87 // TIME: 7.33s // SIGNATURE: 0016036418 
[0m
2024-07-29 10:06:34,395 - INFO - ADAPTED STRATEGY # ALPHA: 1.0 # ADAPTED MOVES: 49 # PREV.SIG: 0000012321 # NEW.SIG: 0008548320 # TIME: 0.24s
2024-07-29 10:06:34,798 - INFO - ADAPTED STRATEGY # ALPHA: 1.0 # ADAPTED MOVES: 73 # PREV.SIG: 0000012321 # NEW.SIG: 0012902669 # TIME: 0.35s
2024-07-29 10:06:35,209 - INFO - ADAPTED STRATEGY # ALPHA: 1.0 # ADAPTED MOVES: 74 # PREV.SIG: 0000012321 # NEW.SIG: 0013158236 # TIME: 0.35s
2024-07-29 10:06:35,884 - INFO - ADAPTED STRATEGY # ALPHA: 1.0 # ADAPTED MOVES: 83 # PREV.SIG: 0000012321 # NEW.SIG: 0014504361 # TIME: 0.39s
2024-07-29 10:06:36,869 - INFO - ADAPTED STRATEGY # ALPHA: 1.0 # ADAPTED MOVES: 83 # PREV.SIG: 0000012321 # NEW.SIG: 0014892071 # TIME: 0.39s
2024-07-29 10:06:41,275 - INFO - [32mCOMPLETED LEVEL 1 // TOTAL MOVES: 83 // TIME: 7.17s // SIGNATURE: 0014892071 
[0m
2024-07-29 10:06:41,640 - INFO - ADAPTED STRATEGY # ALPHA: 1.0 # ADAPTED MOVES: 65 # PREV.SIG: 0000012321 # NEW.SIG: 0011507414 # TIME: 0.31s
2024-07-29 10:06:42,078 - INFO - ADAPTED STRATEGY # ALPHA: 1.0 # ADAPTED MOVES: 79 # PREV.SIG: 0000012321 # NEW.SIG: 0013618251 # TIME: 0.38s
2024-07-29 10:06:42,873 - INFO - ADAPTED STRATEGY # ALPHA: 1.0 # ADAPTED MOVES: 79 # PREV.SIG: 0000012321 # NEW.SIG: 0014383951 # TIME: 0.37s
2024-07-29 10:06:45,113 - INFO - ADAPTED STRATEGY # ALPHA: 1.0 # ADAPTED MOVES: 86 # PREV.SIG: 0000012321 # NEW.SIG: 0015102705 # TIME: 0.41s
2024-07-29 10:06:48,207 - INFO - [32mCOMPLETED LEVEL 1 // TOTAL MOVES: 86 // TIME: 6.93s // SIGNATURE: 0015102705 
[0m
2024-07-29 10:06:48,662 - INFO - ADAPTED STRATEGY # ALPHA: 1.0 # ADAPTED MOVES: 82 # PREV.SIG: 0000012321 # NEW.SIG: 0014493747 # TIME: 0.39s
2024-07-29 10:06:49,193 - INFO - ADAPTED STRATEGY # ALPHA: 1.0 # ADAPTED MOVES: 87 # PREV.SIG: 0000012321 # NEW.SIG: 0014642839 # TIME: 0.41s
2024-07-29 10:06:53,084 - INFO - ADAPTED STRATEGY # ALPHA: 1.0 # ADAPTED MOVES: 91 # PREV.SIG: 0000012321 # NEW.SIG: 0015784448 # TIME: 0.43s
2024-07-29 10:06:54,889 - INFO - [32mCOMPLETED LEVEL 1 // TOTAL MOVES: 91 // TIME: 6.68s // SIGNATURE: 0015784448 
[0m
2024-07-29 10:06:55,271 - INFO - ADAPTED STRATEGY # ALPHA: 1.0 # ADAPTED MOVES: 68 # PREV.SIG: 0000012321 # NEW.SIG: 0011583528 # TIME: 0.33s
2024-07-29 10:06:55,678 - INFO - ADAPTED STRATEGY # ALPHA: 1.0 # ADAPTED MOVES: 72 # PREV.SIG: 0000012321 # NEW.SIG: 0013540228 # TIME: 0.35s
2024-07-29 10:06:56,171 - INFO - ADAPTED STRATEGY # ALPHA: 1.0 # ADAPTED MOVES: 80 # PREV.SIG: 0000012321 # NEW.SIG: 0014339513 # TIME: 0.38s
2024-07-29 10:06:56,794 - INFO - ADAPTED STRATEGY # ALPHA: 1.0 # ADAPTED MOVES: 81 # PREV.SIG: 0000012321 # NEW.SIG: 0014389089 # TIME: 0.39s
2024-07-29 10:06:57,318 - INFO - ADAPTED STRATEGY # ALPHA: 1.0 # ADAPTED MOVES: 86 # PREV.SIG: 0000012321 # NEW.SIG: 0015011899 # TIME: 0.41s
2024-07-29 10:07:01,962 - INFO - [32mCOMPLETED LEVEL 1 // TOTAL MOVES: 86 // TIME: 7.07s // SIGNATURE: 0015011899 
[0m
2024-07-29 10:07:02,287 - INFO - ADAPTED STRATEGY # ALPHA: 1.0 # ADAPTED MOVES: 57 # PREV.SIG: 0000012321 # NEW.SIG: 0010777308 # TIME: 0.28s
2024-07-29 10:07:02,730 - INFO - ADAPTED STRATEGY # ALPHA: 1.0 # ADAPTED MOVES: 81 # PREV.SIG: 0000012321 # NEW.SIG: 0014577110 # TIME: 0.38s
2024-07-29 10:07:04,056 - INFO - ADAPTED STRATEGY # ALPHA: 1.0 # ADAPTED MOVES: 84 # PREV.SIG: 0000012321 # NEW.SIG: 0014561305 # TIME: 0.40s
2024-07-29 10:07:04,652 - INFO - ADAPTED STRATEGY # ALPHA: 1.0 # ADAPTED MOVES: 89 # PREV.SIG: 0000012321 # NEW.SIG: 0015912416 # TIME: 0.42s
2024-07-29 10:07:08,772 - INFO - [32mCOMPLETED LEVEL 1 // TOTAL MOVES: 89 // TIME: 6.81s // SIGNATURE: 0015912416 
[0m
2024-07-29 10:07:09,165 - INFO - ADAPTED STRATEGY # ALPHA: 1.0 # ADAPTED MOVES: 70 # PREV.SIG: 0000012321 # NEW.SIG: 0012031084 # TIME: 0.34s
2024-07-29 10:07:09,643 - INFO - ADAPTED STRATEGY # ALPHA: 1.0 # ADAPTED MOVES: 76 # PREV.SIG: 0000012321 # NEW.SIG: 0014612467 # TIME: 0.37s
2024-07-29 10:07:10,330 - INFO - ADAPTED STRATEGY # ALPHA: 1.0 # ADAPTED MOVES: 78 # PREV.SIG: 0000012321 # NEW.SIG: 0013462376 # TIME: 0.37s
2024-07-29 10:07:11,297 - INFO - ADAPTED STRATEGY # ALPHA: 1.0 # ADAPTED MOVES: 83 # PREV.SIG: 0000012321 # NEW.SIG: 0015034550 # TIME: 0.40s
2024-07-29 10:07:12,217 - INFO - ADAPTED STRATEGY # ALPHA: 1.0 # ADAPTED MOVES: 83 # PREV.SIG: 0000012321 # NEW.SIG: 0014849250 # TIME: 0.39s
2024-07-29 10:07:13,070 - INFO - ADAPTED STRATEGY # ALPHA: 1.0 # ADAPTED MOVES: 84 # PREV.SIG: 0000012321 # NEW.SIG: 0014463695 # TIME: 0.40s
2024-07-29 10:07:13,653 - INFO - ADAPTED STRATEGY # ALPHA: 1.0 # ADAPTED MOVES: 87 # PREV.SIG: 0000012321 # NEW.SIG: 0014907484 # TIME: 0.41s
2024-07-29 10:07:16,107 - INFO - ADAPTED STRATEGY # ALPHA: 1.0 # ADAPTED MOVES: 87 # PREV.SIG: 0000012321 # NEW.SIG: 0015384374 # TIME: 0.41s
2024-07-29 10:07:17,111 - INFO - [32mCOMPLETED LEVEL 1 // TOTAL MOVES: 87 // TIME: 8.34s // SIGNATURE: 0015384374 
[0m
2024-07-29 10:07:17,474 - INFO - ADAPTED STRATEGY # ALPHA: 1.0 # ADAPTED MOVES: 64 # PREV.SIG: 0000012321 # NEW.SIG: 0011522163 # TIME: 0.31s
2024-07-29 10:07:17,883 - INFO - ADAPTED STRATEGY # ALPHA: 1.0 # ADAPTED MOVES: 66 # PREV.SIG: 0000012321 # NEW.SIG: 0011578903 # TIME: 0.31s
2024-07-29 10:07:18,297 - INFO - ADAPTED STRATEGY # ALPHA: 1.0 # ADAPTED MOVES: 74 # PREV.SIG: 0000012321 # NEW.SIG: 0013755095 # TIME: 0.36s
2024-07-29 10:07:19,212 - INFO - ADAPTED STRATEGY # ALPHA: 1.0 # ADAPTED MOVES: 74 # PREV.SIG: 0000012321 # NEW.SIG: 0013851611 # TIME: 0.35s
2024-07-29 10:07:19,641 - INFO - ADAPTED STRATEGY # ALPHA: 1.0 # ADAPTED MOVES: 78 # PREV.SIG: 0000012321 # NEW.SIG: 0013823682 # TIME: 0.37s
2024-07-29 10:07:20,073 - INFO - ADAPTED STRATEGY # ALPHA: 1.0 # ADAPTED MOVES: 78 # PREV.SIG: 0000012321 # NEW.SIG: 0013293994 # TIME: 0.37s
2024-07-29 10:07:21,786 - INFO - ADAPTED STRATEGY # ALPHA: 1.0 # ADAPTED MOVES: 80 # PREV.SIG: 0000012321 # NEW.SIG: 0014761757 # TIME: 0.38s
2024-07-29 10:07:24,901 - INFO - [32mCOMPLETED LEVEL 1 // TOTAL MOVES: 80 // TIME: 7.79s // SIGNATURE: 0014761757 
[0m
2024-07-29 10:07:25,303 - INFO - ADAPTED STRATEGY # ALPHA: 1.0 # ADAPTED MOVES: 72 # PREV.SIG: 0000012321 # NEW.SIG: 0012927199 # TIME: 0.35s
2024-07-29 10:07:25,745 - INFO - ADAPTED STRATEGY # ALPHA: 1.0 # ADAPTED MOVES: 80 # PREV.SIG: 0000012321 # NEW.SIG: 0014606901 # TIME: 0.38s
2024-07-29 10:07:26,293 - INFO - ADAPTED STRATEGY # ALPHA: 1.0 # ADAPTED MOVES: 80 # PREV.SIG: 0000012321 # NEW.SIG: 0014052904 # TIME: 0.38s
2024-07-29 10:07:26,962 - INFO - ADAPTED STRATEGY # ALPHA: 1.0 # ADAPTED MOVES: 80 # PREV.SIG: 0000012321 # NEW.SIG: 0013439400 # TIME: 0.38s
2024-07-29 10:07:31,697 - INFO - ADAPTED STRATEGY # ALPHA: 1.0 # ADAPTED MOVES: 82 # PREV.SIG: 0000012321 # NEW.SIG: 0013737311 # TIME: 0.39s
2024-07-29 10:07:32,310 - INFO - [32mCOMPLETED LEVEL 1 // TOTAL MOVES: 82 // TIME: 7.41s // SIGNATURE: 0013737311 
[0m
2024-07-29 10:07:32,715 - INFO - ADAPTED STRATEGY # ALPHA: 1.0 # ADAPTED MOVES: 73 # PREV.SIG: 0000012321 # NEW.SIG: 0012827211 # TIME: 0.35s
2024-07-29 10:07:33,405 - INFO - ADAPTED STRATEGY # ALPHA: 1.0 # ADAPTED MOVES: 76 # PREV.SIG: 0000012321 # NEW.SIG: 0013985470 # TIME: 0.36s
2024-07-29 10:07:34,066 - INFO - ADAPTED STRATEGY # ALPHA: 1.0 # ADAPTED MOVES: 80 # PREV.SIG: 0000012321 # NEW.SIG: 0014726820 # TIME: 0.38s
2024-07-29 10:07:35,113 - INFO - ADAPTED STRATEGY # ALPHA: 1.0 # ADAPTED MOVES: 84 # PREV.SIG: 0000012321 # NEW.SIG: 0015465394 # TIME: 0.40s
2024-07-29 10:07:35,863 - INFO - ADAPTED STRATEGY # ALPHA: 1.0 # ADAPTED MOVES: 87 # PREV.SIG: 0000012321 # NEW.SIG: 0015105254 # TIME: 0.41s
2024-07-29 10:07:36,725 - INFO - ADAPTED STRATEGY # ALPHA: 1.0 # ADAPTED MOVES: 88 # PREV.SIG: 0000012321 # NEW.SIG: 0016055692 # TIME: 0.42s
2024-07-29 10:07:40,053 - INFO - [32mCOMPLETED LEVEL 1 // TOTAL MOVES: 88 // TIME: 7.74s // SIGNATURE: 0016055692 
[0m
2024-07-29 10:07:40,392 - INFO - ADAPTED STRATEGY # ALPHA: 1.0 # ADAPTED MOVES: 60 # PREV.SIG: 0000012321 # NEW.SIG: 0011511236 # TIME: 0.29s
2024-07-29 10:07:40,738 - INFO - ADAPTED STRATEGY # ALPHA: 1.0 # ADAPTED MOVES: 61 # PREV.SIG: 0000012321 # NEW.SIG: 0010700092 # TIME: 0.29s
2024-07-29 10:07:41,128 - INFO - ADAPTED STRATEGY # ALPHA: 1.0 # ADAPTED MOVES: 69 # PREV.SIG: 0000012321 # NEW.SIG: 0012110639 # TIME: 0.34s
2024-07-29 10:07:41,789 - INFO - ADAPTED STRATEGY # ALPHA: 1.0 # ADAPTED MOVES: 73 # PREV.SIG: 0000012321 # NEW.SIG: 0012723646 # TIME: 0.35s
2024-07-29 10:07:42,266 - INFO - ADAPTED STRATEGY # ALPHA: 1.0 # ADAPTED MOVES: 76 # PREV.SIG: 0000012321 # NEW.SIG: 0012573468 # TIME: 0.36s
2024-07-29 10:07:42,692 - INFO - ADAPTED STRATEGY # ALPHA: 1.0 # ADAPTED MOVES: 78 # PREV.SIG: 0000012321 # NEW.SIG: 0014194513 # TIME: 0.37s
2024-07-29 10:07:44,169 - INFO - ADAPTED STRATEGY # ALPHA: 1.0 # ADAPTED MOVES: 79 # PREV.SIG: 0000012321 # NEW.SIG: 0014418966 # TIME: 0.37s
2024-07-29 10:07:44,619 - INFO - ADAPTED STRATEGY # ALPHA: 1.0 # ADAPTED MOVES: 82 # PREV.SIG: 0000012321 # NEW.SIG: 0014545661 # TIME: 0.39s
2024-07-29 10:07:46,079 - INFO - ADAPTED STRATEGY # ALPHA: 1.0 # ADAPTED MOVES: 82 # PREV.SIG: 0000012321 # NEW.SIG: 0014404674 # TIME: 0.39s
2024-07-29 10:07:46,654 - INFO - ADAPTED STRATEGY # ALPHA: 1.0 # ADAPTED MOVES: 85 # PREV.SIG: 0000012321 # NEW.SIG: 0015256488 # TIME: 0.40s
2024-07-29 10:07:47,746 - INFO - ADAPTED STRATEGY # ALPHA: 1.0 # ADAPTED MOVES: 88 # PREV.SIG: 0000012321 # NEW.SIG: 0015406761 # TIME: 0.42s
2024-07-29 10:07:49,516 - INFO - [32mCOMPLETED LEVEL 1 // TOTAL MOVES: 88 // TIME: 9.46s // SIGNATURE: 0015406761 
[0m
2024-07-29 10:07:49,517 - INFO - [32mCOMPLETED LEVEL 2 // TOTAL MOVES: 92 // TIME: 732.91s // SIGNATURE: 0016280143 
[0m
2024-07-29 10:07:49,948 - INFO - Move 1 completed ## Total moves: 92 ## Time elapsed: 733.34s
2024-07-29 10:07:49,948 - INFO - Displaying game
2024-07-29 10:07:49,951 - INFO - Game displayed
2024-07-29 10:07:49,952 - INFO - Displaying game
2024-07-29 10:07:49,955 - INFO - Game displayed
2024-07-29 10:07:49,958 - INFO - Results saved to ./logs/nrpa_100_2_1.csv
2024-07-29 10:07:49,964 - INFO - 
+------+-------+-------+-----------+-------------------+------------------------+-------------------+
| Seed | Level | Moves | Signature |      Time (s)     | Time per iteration (s) | Time per move (s) |
+------+-------+-------+-----------+-------------------+------------------------+-------------------+
|  1   |   2   |   92  |  16280143 | 733.3443331718445 |   7.333443331718445    | 7.971134056215701 |
+------+-------+-------+-----------+-------------------+------------------------+-------------------+
